#
# A fatal error has been detected by the Java Runtime Environment:
#
#  SIGBUS (0xa) at pc=0x00000001300014f0, pid=63654, tid=31503
#
# JRE version: Java(TM) SE Runtime Environment (18.0.1.1+2) (build 18.0.1.1+2-6)
# Java VM: Java HotSpot(TM) 64-Bit Server VM (18.0.1.1+2-6, mixed mode, sharing, tiered, compressed oops, compressed class ptrs, g1 gc, bsd-aarch64)
# Problematic frame:
# v  ~StubRoutines::SafeFetchN
#
# No core dump will be written. Core dumps have been disabled. To enable core dumping, try "ulimit -c unlimited" before starting Java again
#
# If you would like to submit a bug report, please visit:
#   https://bugreport.java.com/bugreport/crash.jsp
# The crash happened outside the Java Virtual Machine in native code.
# See problematic frame for where to report the bug.
#

---------------  S U M M A R Y ------------

Command Line: -Djava.library.path=/Users/niambashambu/Documents/Documents - nbash Macbook Air/Java/javafx-sdk-17.0.1/lib -javaagent:/Applications/IntelliJ IDEA CE.app/Contents/lib/idea_rt.jar=64413:/Applications/IntelliJ IDEA CE.app/Contents/bin -Dfile.encoding=UTF-8 --module-path=/Users/niambashambu/Documents/Documents - nbash Macbook Air/Java/javafx-sdk-17.0.1/lib/javafx.media.jar:/Users/niambashambu/IdeaProjects/niamb2023_augustusb2023_Design_Project_1/out/production/src:/Users/niambashambu/Documents/Documents - nbash Macbook Air/Java/javafx-sdk-17.0.1/lib/javafx.fxml.jar:/Users/niambashambu/Documents/Documents - nbash Macbook Air/Java/javafx-sdk-17.0.1/lib/javafx.base.jar:/Users/niambashambu/Documents/Documents - nbash Macbook Air/Java/javafx-sdk-17.0.1/lib/javafx.controls.jar:/Users/niambashambu/Documents/Documents - nbash Macbook Air/Java/javafx-sdk-17.0.1/lib/javafx.graphics.jar -Djdk.module.main=niamb2023.augustusb2023.Design.Project niamb2023.augustusb2023.Design.Project/org.headroyce.dp1.Launcher

Host: "MacBookAir10,1" arm64, 8 cores, 8G, Darwin 21.3.0, macOS 12.2 (21D49)
Time: Wed May 18 10:54:47 2022 PDT elapsed time: 7.596935 seconds (0d 0h 0m 7s)

---------------  T H R E A D  ---------------

Current thread (0x0000000126019800):  JavaThread "InvokeLaterDispatcher" daemon [_thread_in_native, id=31503, stack(0x0000000280628000,0x000000028082b000)]

Stack: [0x0000000280628000,0x000000028082b000],  sp=0x000000028082a7f0,  free space=2057k
Native frames: (J=compiled Java code, j=interpreted, Vv=VM code, C=native code)
v  ~StubRoutines::SafeFetchN
V  [libjvm.dylib+0x7cb69c]  _ZN10OopStorage7releaseEPKP7oopDesc+0x20
V  [libjvm.dylib+0x4f3fd8]  jni_DeleteGlobalRef+0xc0
C  [libglass.dylib+0xab08]  -[GlassRunnable dealloc]+0x34
C  [Foundation+0x84c7c]  -[_NSThreadPerformInfo dealloc]+0x30
C  [Foundation+0x51578]  -[NSObject(NSThreadPerformAdditions) performSelectorOnMainThread:withObject:waitUntilDone:]+0x88
C  0x2872800137c8224c
J 2945 c1 com.sun.glass.ui.mac.MacApplication.submitForLaterInvocation(Ljava/lang/Runnable;)V javafx.graphics (6 bytes) @ 0x0000000130b490d8 [0x0000000130b49040+0x0000000000000098]
C  0x00000007852136d0

Java frames: (J=compiled Java code, j=interpreted, Vv=VM code)
J 3240  com.sun.glass.ui.mac.MacApplication._submitForLaterInvocation(Ljava/lang/Runnable;)V javafx.graphics (0 bytes) @ 0x0000000137c8224c [0x0000000137c821c0+0x000000000000008c]
J 2945 c1 com.sun.glass.ui.mac.MacApplication.submitForLaterInvocation(Ljava/lang/Runnable;)V javafx.graphics (6 bytes) @ 0x0000000130b490d8 [0x0000000130b49040+0x0000000000000098]
j  com.sun.glass.ui.InvokeLaterDispatcher.run()V+82 javafx.graphics
v  ~StubRoutines::call_stub

siginfo: si_signo: 10 (SIGBUS), si_code: 1 (BUS_ADRALN), si_addr: 0x00000001300014f0

Register to memory mapping:

 x0=0x0000000125a08608 is a global jni handle
 x1=0x0 is NULL
 x2=0x0000000787f7c160 is an oop: com.sun.glass.ui.InvokeLaterDispatcher$Future 
{0x0000000787f7c160} - klass: 'com/sun/glass/ui/InvokeLaterDispatcher$Future'
 - ---- fields (total size 3 words):
 - private 'done' 'Z' @12  true
 - private final 'runnable' 'Ljava/lang/Runnable;' @16  a 'com/sun/javafx/application/PlatformImpl$$Lambda$89+0x0000000800c83748'{0x0000000787ffcf80} (f0fff9f0)
 - final synthetic 'this$0' 'Lcom/sun/glass/ui/InvokeLaterDispatcher;' @20  a 'com/sun/glass/ui/InvokeLaterDispatcher'{0x00000007852136d0} (f0a426da)
 x3=0x0 is NULL
 x4=0x00000000000130a8 is an unknown value
 x5=0x0 is NULL
 x6=0x0 is NULL
 x7=0x0 is NULL
 x8=0x00000001300014ec is at begin+0 in a stub
StubRoutines::SafeFetchN [0x00000001300014ec, 0x00000001300014f8] (12 bytes)
 x9=0x0 is NULL
x10=0x2010000030300000 is an unknown value
x11=0x0000000000000007 is an unknown value
x12=0x0000000000000007 is an unknown value
x13=0x00006000030707e0 points into unknown readable memory: 0x8d2080019e4cd738 | 38 d7 4c 9e 01 80 20 8d
x14=0x0000000000000001 is an unknown value
x15=0x0000000113e6df98: OBJC_CLASS_$_GlassRunnable+0 in /Users/niambashambu/Documents/Documents - nbash Macbook Air/Java/javafx-sdk-17.0.1/lib/libglass.dylib at 0x0000000113e28000
x16=0x000000019d53c094: pthread_getspecific+0 in /usr/lib/system/libsystem_pthread.dylib at 0x000000019d53a000
x17=0x0000600003568380 points into unknown readable memory: 0xfffffffffffffffe | fe ff ff ff ff ff ff ff
x18=0x0 is NULL
x19=0x0000600003575030 points into unknown readable memory: 0x0000600001c70090 | 90 00 c7 01 00 60 00 00
x20=0x0000000125a08400 points into unknown readable memory: 0x00006000010510b0 | b0 10 05 01 00 60 00 00
x21=0x0000000125a08608 is a global jni handle
x22=0x0000000126019800 is a thread
x23=0x0000000000000001 is an unknown value
x24=0x0000000125a085c0 is a global jni handle
x25=0x00000001043b2ca8: _ZN12StubRoutines17_safefetchN_entryE+0 in /Library/Java/JavaVirtualMachines/jdk-18.0.1.1.jdk/Contents/Home/lib/server/libjvm.dylib at 0x00000001037ec000
x26=0x00000001605221c0 is pointing into metadata
x27=0x0 is NULL
x28=0x0000000126019800 is a thread


Registers:
 x0=0x0000000125a08608  x1=0x0000000000000000  x2=0x0000000787f7c160  x3=0x0000000000000000
 x4=0x00000000000130a8  x5=0x0000000000000000  x6=0x0000000000000000  x7=0x0000000000000000
 x8=0x00000001300014ec  x9=0x0000000000000000 x10=0x2010000030300000 x11=0x0000000000000007
x12=0x0000000000000007 x13=0x00006000030707e0 x14=0x0000000000000001 x15=0x0000000113e6df98
x16=0x000000019d53c094 x17=0x0000600003568380 x18=0x0000000000000000 x19=0x0000600003575030
x20=0x0000000125a08400 x21=0x0000000125a08608 x22=0x0000000126019800 x23=0x0000000000000001
x24=0x0000000125a085c0 x25=0x00000001043b2ca8 x26=0x00000001605221c0 x27=0x0000000000000000
x28=0x0000000126019800  fp=0x000000028082a830  lr=0x0000000103fb6490  sp=0x000000028082a7f0
pc=0x00000001300014f0 cpsr=0x0000000060001000
Top of Stack: (sp=0x000000028082a7f0)
0x000000028082a7f0:   00000001605221c0 0000000000000001
0x000000028082a800:   0000000800c2b5d0 0000600001c15580
0x000000028082a810:   0000000000000000 0000000125a085f8
0x000000028082a820:   0000000125a085f8 0000600003575030
0x000000028082a830:   000000028082a870 0000000103fb769c
0x000000028082a840:   0000000000000001 0000000125a085f8
0x000000028082a850:   0000000000000000 0000000125a085f8
0x000000028082a860:   0000000000000001 000000012500b400
0x000000028082a870:   000000028082a8a0 0000000103cdffd8
0x000000028082a880:   0000600001c15590 00000001e7ab69e3
0x000000028082a890:   0000000000000000 0000600001c15590
0x000000028082a8a0:   000000028082a8d0 0000000113e32b08
0x000000028082a8b0:   3ac7460bb895008d 0000000000000000
0x000000028082a8c0:   0000000000000000 0000600000bf5200
0x000000028082a8d0:   000000028082a910 000000019e500c7c
0x000000028082a8e0:   0000000800c2b5d0 0000600001c15580
0x000000028082a8f0:   0000600001c15590 3ac7460bb895008d
0x000000028082a900:   0000000000000000 0000000000000000
0x000000028082a910:   000000028082a950 ee4900019e4cd578
0x000000028082a920:   0000000800c2b5d0 00000001300087c0
0x000000028082a930:   000000016051fe02 00000001043ba760
0x000000028082a940:   000000028082aa30 00000000000000b9
0x000000028082a950:   000000028082a9b0 2872800137c8224c
0x000000028082a960:   000000078525e788 0000000787f7c160
0x000000028082a970:   000000028082aad8 000000019d548530
0x000000028082a980:   0000000126019800 0000000104396ae8
0x000000028082a990:   000000028082aa40 0000000000000001
0x000000028082a9a0:   000000028082a9e0 0000000784f99dc8
0x000000028082a9b0:   000000028082aaa0 0000000130b490d8
0x000000028082a9c0:   0000000787f7c160 0000000787ffcf80
0x000000028082a9d0:   000000028082aa38 00000000000000b6
0x000000028082a9e0:   000000028082aaa0 8b218001300172a0 

Instructions: (pc=0x00000001300014f0)
0x00000001300013f0:   f2a086e9 f2c00029 6d425935 1e640886
0x0000000130001400:   0c402d31 1e6408c7 1f5654d0 1e6c1017
0x0000000130001410:   1f5050d0 1f504cd0 1f5048d0 1e650af6
0x0000000130001420:   1f50d8f6 1f5694d6 1f5158f6 1e762880
0x0000000130001430:   36000501 1e614000 14000026 2e251ca5
0x0000000130001440:   d29e3009 f2a086e9 f2c00029 6d425d36
0x0000000130001450:   1e600806 0c402d32 1f5758c7 1e6c101a
0x0000000130001460:   1f4754c7 1e650805 1f4750c7 d2866668
0x0000000130001470:   f2a7fa68 1f474cc7 1e6608c0 1f4748c7
0x0000000130001480:   1e6e1019 eb08007f 540000ac 1f479400
0x0000000130001490:   1f460340 1e603b20 1400000e d2a7fd29
0x00000001300014a0:   eb09007f 540000ac 51480069 d3607d29
0x00000001300014b0:   9e670121 14000002 1e6a5001 1f679417
0x00000001300014c0:   1f668742 1e613b23 1e773857 1e773860
0x00000001300014d0:   a8c17ff3 910003bf a8c17bfd d65f03c0
0x00000001300014e0:   b9400001 aa0103e0 d65f03c0 f9400001
0x00000001300014f0:   aa0103e0 d65f03c0 00000000 00000000
0x0000000130001500:   00000000 00000000 00000000 00000000
0x0000000130001510:   00000000 00000000 00000000 00000000
0x0000000130001520:   00000000 00000000 00000000 00000000
0x0000000130001530:   00000000 00000000 00000000 00000000
0x0000000130001540:   00000000 00000000 00000000 00000000
0x0000000130001550:   00000000 00000000 00000000 00000000
0x0000000130001560:   00000000 00000000 00000000 00000000
0x0000000130001570:   00000000 00000000 00000000 00000000
0x0000000130001580:   00000000 00000000 00000000 00000000
0x0000000130001590:   00000000 00000000 00000000 00000000
0x00000001300015a0:   00000000 00000000 00000000 00000000
0x00000001300015b0:   00000000 00000000 00000000 00000000
0x00000001300015c0:   00000000 00000000 00000000 00000000
0x00000001300015d0:   00000000 00000000 00000000 00000000
0x00000001300015e0:   00000000 00000000 00000000 00000000 


Stack slot to memory mapping:
stack at sp + 0 slots: 0x00000001605221c0 is pointing into metadata
stack at sp + 1 slots: 0x0000000000000001 is an unknown value
stack at sp + 2 slots: 0x0000000800c2b5d0 is a pointer to class: 
com.sun.glass.ui.mac.MacApplication {0x0000000800c2b5d0}
 - instance size:     5
 - klass size:        133
 - access:            final synchronized 
 - state:             fully_initialized
 - name:              'com/sun/glass/ui/mac/MacApplication'
 - super:             'com/sun/glass/ui/Application'
 - sub:               
 - arrays:            NULL
 - methods:           Array<T>(0x00000001604f96f8)
 - method ordering:   Array<T>(0x0000000800a849e8)
 - default_methods:   Array<T>(0x0000000000000000)
 - local interfaces:  Array<T>(0x00000001604f4fc8)
 - trans. interfaces: Array<T>(0x00000001604f4fc8)
 - constants:         constant pool [548]/operands[69] {0x00000001604f8230} for 'com/sun/glass/ui/mac/MacApplication' cache=0x0000000160520000
 - class loader data:  loader data: 0x0000600002f74aa0 for instance a 'jdk/internal/loader/ClassLoaders$AppClassLoader'{0x0000000785200540}
 - source file:       'MacApplication.java'
 - class annotations:       Array<T>(0x0000000000000000)
 - class type annotations:  Array<T>(0x0000000000000000)
 - field annotations:       Array<T>(0x0000000000000000)
 - field type annotations:  Array<T>(0x0000000000000000)
 - inner classes:     Array<T>(0x00000001604fc5e0)
 - nest members:     Array<T>(0x00000001604fc638)
 - permitted subclasses:     Array<T>(0x00000008005c8e08)
 - java mirror:       a 'java/lang/Class'{0x0000000785226c50} = 'com/sun/glass/ui/mac/MacApplication'
 - vtable length      72  (start addr: 0x0000000800c2b788)
 - itable length      5 (start addr: 0x0000000800c2b9c8)
 - ---- static fields (1 words):
 - static final 'BROWSER_PARENT_ID' 'J' @112 
 - ---- non-static fields (7 words):
 - private 'initialActiveEventReceived' 'Z' @12 
 - private 'terminateWhenLastWindowClosed' 'Z' @13 
 - protected 'name' 'Ljava/lang/String;' @16 
 - private 'eventHandler' 'Lcom/sun/glass/ui/Application$EventHandler;' @20 
 - private 'initialOpenedFiles' '[Ljava/lang/String;' @24 
 - private 'isTaskbarApplication' 'Z' @14 
 - private 'firstDidResignActive' 'Z' @15 
 - private final 'invokeLaterDispatcher' 'Lcom/sun/glass/ui/InvokeLaterDispatcher;' @28 
 - private 'appleMenu' 'Lcom/sun/glass/ui/Menu;' @32 
 - private final 'reactivationLatch' 'Ljava/util/concurrent/CountDownLatch;' @36 
 - non-static oop maps: 16-36 
stack at sp + 3 slots: 0x0000600001c15580 points into unknown readable memory: 0x01000001f664a0a1 | a1 a0 64 f6 01 00 00 01
stack at sp + 4 slots: 0x0 is NULL
stack at sp + 5 slots: 0x0000000125a085f8 is a global jni handle
stack at sp + 6 slots: 0x0000000125a085f8 is a global jni handle
stack at sp + 7 slots: 0x0000600003575030 points into unknown readable memory: 0x0000600001c70090 | 90 00 c7 01 00 60 00 00

StubRoutines::SafeFetchN [0x00000001300014ec, 0x00000001300014f8] (12 bytes)
[MachCode]
  0x00000001300014ec: 0100 40f9 | e003 01aa | c003 5fd6 
[/MachCode]

Compiled method (c1)    7607 2945       3       com.sun.glass.ui.mac.MacApplication::submitForLaterInvocation (6 bytes)
 total in heap  [0x0000000130b48e90,0x0000000130b49258] = 968
 relocation     [0x0000000130b48fe8,0x0000000130b49020] = 56
 main code      [0x0000000130b49040,0x0000000130b49180] = 320
 stub code      [0x0000000130b49180,0x0000000130b491d8] = 88
 oops           [0x0000000130b491d8,0x0000000130b491e0] = 8
 metadata       [0x0000000130b491e0,0x0000000130b491f8] = 24
 scopes data    [0x0000000130b491f8,0x0000000130b49210] = 24
 scopes pcs     [0x0000000130b49210,0x0000000130b49250] = 64
 dependencies   [0x0000000130b49250,0x0000000130b49258] = 8

[Constant Pool (empty)]

[MachCode]
[Entry Point]
  # {method} {0x00000001604fb790} 'submitForLaterInvocation' '(Ljava/lang/Runnable;)V' in 'com/sun/glass/ui/mac/MacApplication'
  # this:     c_rarg1:c_rarg1 
                        = 'com/sun/glass/ui/mac/MacApplication'
  # parm0:    c_rarg2:c_rarg2 
                        = 'java/lang/Runnable'
  #           [sp+0x40]  (sp of caller)
  0x0000000130b49040: 2808 40b9 | 3f01 086b | c001 0054 

  0x0000000130b4904c: ;   {runtime_call ic_miss_stub}
  0x0000000130b4904c: 68a7 fff0 | 0801 0091 | 0001 1fd6 | 1f20 03d5 | 1f20 03d5 | 1f20 03d5 | 1f20 03d5 | 1f20 03d5 
  0x0000000130b4906c: 1f20 03d5 | 1f20 03d5 | 1f20 03d5 | 1f20 03d5 | 1f20 03d5 
[Verified Entry Point]
  0x0000000130b49080: 1f20 03d5 | e953 40d1 | 3f01 00f9 | ff03 01d1 | fd7b 03a9 

  0x0000000130b49094: ;   {metadata(method data for {method} {0x00000001604fb790} 'submitForLaterInvocation' '(Ljava/lang/Runnable;)V' in 'com/sun/glass/ui/mac/MacApplication')}
  0x0000000130b49094: 0084 88d2 | 6017 acf2 | 2000 c0f2 | 03ac 40b9 | 6308 0011 | 03ac 00b9 | 6324 1f12 | 7f00 0071 
  0x0000000130b490b4: e001 0054 | e003 01aa 

  0x0000000130b490bc: ;   {metadata(method data for {method} {0x00000001604fb790} 'submitForLaterInvocation' '(Ljava/lang/Runnable;)V' in 'com/sun/glass/ui/mac/MacApplication')}
  0x0000000130b490bc: 0384 88d2 | 6317 acf2 | 2300 c0f2 | 6878 40f9 | 0805 0091 | 6878 00f9 

  0x0000000130b490d4: ; ImmutableOopMap {}
                      ;*invokevirtual _submitForLaterInvocation {reexecute=0 rethrow=0 return_oop=0}
                      ; - com.sun.glass.ui.mac.MacApplication::submitForLaterInvocation@2 (line 348)
                      ;   {optimized virtual_call}
  0x0000000130b490d4: 41e4 c495 | fd7b 43a9 | ff03 0191 

  0x0000000130b490e0: ;   {poll_return}
  0x0000000130b490e0: 889f 41f9 | ff63 28eb | 8801 0054 | c003 5fd6 

  0x0000000130b490f0: ;   {metadata({method} {0x00000001604fb790} 'submitForLaterInvocation' '(Ljava/lang/Runnable;)V' in 'com/sun/glass/ui/mac/MacApplication')}
  0x0000000130b490f0: 08f2 96d2 | e809 acf2 | 2800 c0f2 | e807 00f9 | 0800 8092 | e803 00f9 

  0x0000000130b49108: ;   {runtime_call counter_overflow Runtime1 stub}
  0x0000000130b49108: 48ad fff0 | 0801 1691 

  0x0000000130b49110: ; ImmutableOopMap {c_rarg1=Oop c_rarg2=Oop }
                      ;*synchronization entry
                      ; - com.sun.glass.ui.mac.MacApplication::submitForLaterInvocation@-1 (line 348)
  0x0000000130b49110: 0001 3fd6 | e9ff ff17 

  0x0000000130b49118: ;   {internal_word}
  0x0000000130b49118: 48fe ff10 | 88ab 01f9 

  0x0000000130b49120: ;   {runtime_call SafepointBlob}
  0x0000000130b49120: a8a7 ffb0 | 0801 1891 | 0001 1fd6 | 1f20 03d5 | 1f20 03d5 | 80e7 41f9 | 9fe7 01f9 | 9feb 01f9 
  0x0000000130b49140: fd7b 43a9 | ff03 0191 

  0x0000000130b49148: ;   {runtime_call unwind_exception Runtime1 stub}
  0x0000000130b49148: 28ad ffb0 | 0801 1091 | 0001 1fd6 | 0000 0000 | 0000 0000 | 0000 0000 | 0000 0000 | 0000 0000 
  0x0000000130b49168: 0000 0000 | 0000 0000 | 0000 0000 | 0000 0000 | 0000 0000 | 0000 0000 
[Stub Code]
  0x0000000130b49180: ;   {no_reloc}
  0x0000000130b49180: df3f 03d5 

  0x0000000130b49184: ;   {metadata({method} {0x00000001604fb6e8} '_submitForLaterInvocation' '(Ljava/lang/Runnable;)V' in 'com/sun/glass/ui/mac/MacApplication')}
  0x0000000130b49184: 0cdd 96d2 | ec09 acf2 | 2c00 c0f2 | 0859 9ad2 | 6800 a6f2 | 2800 c0f2 | 0001 1fd6 

  0x0000000130b491a0: ;   {trampoline_stub}
  0x0000000130b491a0: 4800 0058 | 0001 1fd6 | d821 c837 | 0100 0000 
[Exception Handler]
  0x0000000130b491b0: ;   {runtime_call handle_exception_from_callee Runtime1 stub}
  0x0000000130b491b0: 48ad ff90 | 0801 1691 | 0001 3fd6 | c1d5 bbd4 | f7e3 2004 | 0100 0000 
[Deopt Handler Code]
  0x0000000130b491c8: 1e00 0010 

  0x0000000130b491cc: ;   {runtime_call DeoptimizationBlob}
  0x0000000130b491cc: a8a7 ffb0 | 0801 2591 | 0001 1fd6 
[/MachCode]


Compiled method (n/a)    7609 3240     n 0       com.sun.glass.ui.mac.MacApplication::_submitForLaterInvocation (native)
 total in heap  [0x0000000137c82010,0x0000000137c82360] = 848
 relocation     [0x0000000137c82168,0x0000000137c82190] = 40
 main code      [0x0000000137c821c0,0x0000000137c82350] = 400
 oops           [0x0000000137c82350,0x0000000137c82358] = 8
 metadata       [0x0000000137c82358,0x0000000137c82360] = 8

[Constant Pool (empty)]

[MachCode]
[Entry Point]
  # {method} {0x00000001604fb6e8} '_submitForLaterInvocation' '(Ljava/lang/Runnable;)V' in 'com/sun/glass/ui/mac/MacApplication'
  # this:     c_rarg1:c_rarg1 
                        = 'com/sun/glass/ui/mac/MacApplication'
  # parm0:    c_rarg2:c_rarg2 
                        = 'java/lang/Runnable'
  #           [sp+0x60]  (sp of caller)
  0x0000000137c821c0: 2808 40b9 | 3f01 086b | 8000 0054 

  0x0000000137c821cc: ;   {runtime_call ic_miss_stub}
  0x0000000137c821cc: a81d fcd0 | 0801 0091 | 0001 1fd6 
[Verified Entry Point]
  0x0000000137c821d8: 1f20 03d5 | e953 40d1 | 3f01 00f9 | fd7b bfa9 | fd03 0091 | ff43 01d1 | e207 00f9 | 5f00 1feb 
  0x0000000137c821f8: e223 0091 | e203 829a | e103 00f9 | 3f00 1feb | e103 00d1 | e103 819a | e801 0010 | 883f 01f9 
  0x0000000137c82218: e803 0091 | 883b 01f9 

  0x0000000137c82220: ;   {external_word}
  0x0000000137c82220: 2839 e690 | 08c9 4d39 | 4806 0035 | 8043 0a91 | e803 7eb2 | 89c3 0c91 | 28fd 9f88 

  0x0000000137c8223c: ;   {runtime_call Java_com_sun_glass_ui_mac_MacApplication__1submitForLaterInvocation}
  0x0000000137c8223c: 0841 8bd2 | 687c a2f2 | 2800 c0f2 | 0001 3fd6 | a800 80d2 | 8833 03b9 | bf3b 03d5 | 88e3 0c91 
  0x0000000137c8225c: 08fd dfc8 | bf03 08eb | a803 0054 | 8823 43b9 | 6803 0035 | e803 7db2 | 89c3 0c91 | 28fd 9f88 
  0x0000000137c8227c: 8883 4e39 | 1f09 0071 | 0002 0054 

  0x0000000137c82288: ;   {external_word}
  0x0000000137c82288: 2839 e690 | 08c9 4d39 | a804 0035 | 9f3b 01f9 | 9f3f 01f9 | 8283 41f9 | 5f80 00f9 | bf03 0091 
  0x0000000137c822a8: fd7b c1a8 | 8807 40f9 | 4800 00b5 | c003 5fd6 

  0x0000000137c822b8: ;   {runtime_call StubRoutines (1)}
  0x0000000137c822b8: e81b fcd0 | 0801 0291 | 0001 1fd6 

  0x0000000137c822c4: ;   {runtime_call _ZN13SharedRuntime20reguard_yellow_pagesEv}
  0x0000000137c822c4: 0887 9dd2 | 8880 a0f2 | 2800 c0f2 | 0001 3fd6 | edff ff17 | e003 1caa 

  0x0000000137c822dc: ;   {runtime_call _ZN10JavaThread40check_special_condition_for_native_transEPS_}
  0x0000000137c822dc: 08b9 86d2 | 0882 a0f2 | 2800 c0f2 | 0001 3fd6 | e1ff ff17 | e10b bfa9 

  0x0000000137c822f4: ;   {metadata({method} {0x00000001604fb6e8} '_submitForLaterInvocation' '(Ljava/lang/Runnable;)V' in 'com/sun/glass/ui/mac/MacApplication')}
  0x0000000137c822f4: 01dd 96d2 | e109 acf2 | 2100 c0f2 | e003 1caa | e833 bfa9 | 085e 99d2 | 8880 a0f2 | 2800 c0f2 
  0x0000000137c82314: 0001 3fd6 | e833 c1a8 | e10b c1a8 | c3ff ff17 

  0x0000000137c82324: ;   {metadata({method} {0x00000001604fb6e8} '_submitForLaterInvocation' '(Ljava/lang/Runnable;)V' in 'com/sun/glass/ui/mac/MacApplication')}
  0x0000000137c82324: 01dd 96d2 | e109 acf2 | 2100 c0f2 | e003 1caa | e833 bfa9 | 086e 99d2 | 8880 a0f2 | 2800 c0f2 
  0x0000000137c82344: 0001 3fd6 | e833 c1a8 | d2ff ff17 
[/MachCode]


---------------  P R O C E S S  ---------------

Threads class SMR info:
_java_thread_list=0x0000600001f70a20, length=20, elements={
0x0000000126009000, 0x0000000127015800, 0x000000012481d000, 0x000000012683da00,
0x000000012683e000, 0x000000012680fa00, 0x0000000126810000, 0x0000000126810600,
0x0000000126810c00, 0x0000000127014000, 0x0000000124825800, 0x000000012480e000,
0x000000011404c400, 0x0000000126019800, 0x000000012500b400, 0x0000000124132e00,
0x000000012497c400, 0x00000001270dba00, 0x0000000124181400, 0x000000012410c400
}

Java Threads: ( => current thread )
  0x0000000126009000 JavaThread "main" [_thread_blocked, id=10499, stack(0x000000016da60000,0x000000016dc63000)]
  0x0000000127015800 JavaThread "Reference Handler" daemon [_thread_blocked, id=17411, stack(0x000000016e8b4000,0x000000016eab7000)]
  0x000000012481d000 JavaThread "Finalizer" daemon [_thread_blocked, id=16899, stack(0x000000016eac0000,0x000000016ecc3000)]
  0x000000012683da00 JavaThread "Signal Dispatcher" daemon [_thread_blocked, id=42243, stack(0x000000016ede4000,0x000000016efe7000)]
  0x000000012683e000 JavaThread "Service Thread" daemon [_thread_blocked, id=41987, stack(0x000000016eff0000,0x000000016f1f3000)]
  0x000000012680fa00 JavaThread "Monitor Deflation Thread" daemon [_thread_blocked, id=23043, stack(0x000000016f1fc000,0x000000016f3ff000)]
  0x0000000126810000 JavaThread "C2 CompilerThread0" daemon [_thread_blocked, id=41475, stack(0x000000016f408000,0x000000016f60b000)]
  0x0000000126810600 JavaThread "C1 CompilerThread0" daemon [_thread_blocked, id=23811, stack(0x000000016f614000,0x000000016f817000)]
  0x0000000126810c00 JavaThread "Sweeper thread" daemon [_thread_blocked, id=40963, stack(0x000000016f820000,0x000000016fa23000)]
  0x0000000127014000 JavaThread "Common-Cleaner" daemon [_thread_blocked, id=40707, stack(0x000000016fa2c000,0x000000016fc2f000)]
  0x0000000124825800 JavaThread "Monitor Ctrl-Break" daemon [_thread_in_native, id=24579, stack(0x000000016fc38000,0x000000016fe3b000)]
  0x000000012480e000 JavaThread "Notification Thread" daemon [_thread_blocked, id=24835, stack(0x0000000280004000,0x0000000280207000)]
  0x000000011404c400 JavaThread "QuantumRenderer-0" daemon [_thread_blocked, id=25603, stack(0x000000028041c000,0x000000028061f000)]
=>0x0000000126019800 JavaThread "InvokeLaterDispatcher" daemon [_thread_in_native, id=31503, stack(0x0000000280628000,0x000000028082b000)]
  0x000000012500b400 JavaThread "JavaFX Application Thread" [_thread_in_vm, id=259, stack(0x000000016d1d8000,0x000000016d9d4000)]
  0x0000000124132e00 JavaThread "JavaFX-Launcher" [_thread_blocked, id=54275, stack(0x0000000280834000,0x0000000280a37000)]
  0x000000012497c400 JavaThread "Prism Font Disposer" daemon [_thread_blocked, id=57995, stack(0x000000028147c000,0x000000028167f000)]
  0x00000001270dba00 JavaThread "Cleaner-0" daemon [_thread_blocked, id=67083, stack(0x000000028182c000,0x0000000281a2f000)]
  0x0000000124181400 JavaThread "Attach Listener" daemon [_thread_blocked, id=1315, stack(0x0000000281a38000,0x0000000281c3b000)]
  0x000000012410c400 JavaThread "PulseTimer-CVDisplayLink thread" daemon [_thread_in_native, id=61707, stack(0x000000016fed0000,0x000000016ff53000)]

Other Threads:
  0x0000000123e06bf0 VMThread "VM Thread" [stack: 0x000000016e6a8000,0x000000016e8ab000] [id=15619] _threads_hazard_ptr=0x0000600001f70a20
  0x0000000123e10f10 WatcherThread "VM Periodic Task Thread" [stack: 0x0000000280210000,0x0000000280413000] [id=25347]
  0x0000000125a06760 WorkerThread "GC Thread#0" [stack: 0x000000016dc6c000,0x000000016de6f000] [id=19971]
  0x0000000123e1f0e0 WorkerThread "GC Thread#1" [stack: 0x0000000280a40000,0x0000000280c43000] [id=75267]
  0x0000000123e1f560 WorkerThread "GC Thread#2" [stack: 0x0000000280c4c000,0x0000000280e4f000] [id=75011]
  0x00000001259078e0 WorkerThread "GC Thread#3" [stack: 0x0000000280e58000,0x000000028105b000] [id=74499]
  0x000000012580a3e0 WorkerThread "GC Thread#4" [stack: 0x0000000281064000,0x0000000281267000] [id=74243]
  0x0000000125c25780 WorkerThread "GC Thread#5" [stack: 0x0000000281270000,0x0000000281473000] [id=73987]
  0x0000000125c60310 WorkerThread "GC Thread#6" [stack: 0x0000000282398000,0x000000028259b000] [id=78915]
  0x0000000125a06e00 ConcurrentGCThread "G1 Main Marker" [stack: 0x000000016de78000,0x000000016e07b000] [id=12803]
  0x0000000125a07670 WorkerThread "G1 Conc#0" [stack: 0x000000016e084000,0x000000016e287000] [id=13827]
  0x0000000125b10cf0 ConcurrentGCThread "G1 Refine#0" [stack: 0x000000016e290000,0x000000016e493000] [id=14339]
  0x0000000123f04350 ConcurrentGCThread "G1 Service" [stack: 0x000000016e49c000,0x000000016e69f000] [id=14595]

Threads with active compile tasks:

VM state: not at safepoint (normal execution)

VM Mutex/Monitor currently owned by a thread: None

Heap address: 0x0000000780000000, size: 2048 MB, Compressed Oops mode: Zero based, Oop shift amount: 3

CDS archive(s) mapped at: [0x0000000800000000-0x0000000800ba8000-0x0000000800ba8000), size 12222464, SharedBaseAddress: 0x0000000800000000, ArchiveRelocationMode: 0.
Compressed class space mapped at: 0x0000000800c00000-0x0000000840c00000, reserved size: 1073741824
Narrow klass base: 0x0000000800000000, Narrow klass shift: 0, Narrow klass range: 0x100000000

GC Precious Log:
 CardTable entry size: 512
 Card Set container configuration: InlinePtr #cards 5 size 8 Array Of Cards #cards 12 size 40 Howl #buckets 4 coarsen threshold 1843 Howl Bitmap #cards 512 size 80 coarsen threshold 460 Card regions per heap region 1 cards per card region 2048
 CPUs: 8 total, 8 available
 Memory: 8192M
 Large Page Support: Disabled
 NUMA Support: Disabled
 Compressed Oops: Enabled (Zero based)
 Heap Region Size: 1M
 Heap Min Capacity: 8M
 Heap Initial Capacity: 128M
 Heap Max Capacity: 2G
 Pre-touch: Disabled
 Parallel Workers: 8
 Concurrent Workers: 2
 Concurrent Refinement Workers: 8
 Periodic GC: Disabled

Heap:
 garbage-first heap   total 133120K, used 12162K [0x0000000780000000, 0x0000000800000000)
  region size 1024K, 10 young (10240K), 6 survivors (6144K)
 Metaspace       used 13182K, committed 13440K, reserved 1114112K
  class space    used 1673K, committed 1792K, reserved 1048576K

Heap Regions: E=young(eden), S=young(survivor), O=old, HS=humongous(starts), HC=humongous(continues), CS=collection set, F=free, OA=open archive, CA=closed archive, TAMS=top-at-mark-start (previous, next)
|   0|0x0000000780000000, 0x0000000780100000, 0x0000000780100000|100%|HS|  |TAMS 0x0000000780000000, 0x0000000780000000| Complete 
|   1|0x0000000780100000, 0x0000000780200000, 0x0000000780200000|100%|HC|  |TAMS 0x0000000780100000, 0x0000000780100000| Complete 
|   2|0x0000000780200000, 0x0000000780200000, 0x0000000780300000|  0%| F|  |TAMS 0x0000000780200000, 0x0000000780200000| Untracked 
|   3|0x0000000780300000, 0x0000000780300000, 0x0000000780400000|  0%| F|  |TAMS 0x0000000780300000, 0x0000000780300000| Untracked 
|   4|0x0000000780400000, 0x0000000780400000, 0x0000000780500000|  0%| F|  |TAMS 0x0000000780400000, 0x0000000780400000| Untracked 
|   5|0x0000000780500000, 0x0000000780500000, 0x0000000780600000|  0%| F|  |TAMS 0x0000000780500000, 0x0000000780500000| Untracked 
|   6|0x0000000780600000, 0x0000000780600000, 0x0000000780700000|  0%| F|  |TAMS 0x0000000780600000, 0x0000000780600000| Untracked 
|   7|0x0000000780700000, 0x0000000780700000, 0x0000000780800000|  0%| F|  |TAMS 0x0000000780700000, 0x0000000780700000| Untracked 
|   8|0x0000000780800000, 0x0000000780800000, 0x0000000780900000|  0%| F|  |TAMS 0x0000000780800000, 0x0000000780800000| Untracked 
|   9|0x0000000780900000, 0x0000000780900000, 0x0000000780a00000|  0%| F|  |TAMS 0x0000000780900000, 0x0000000780900000| Untracked 
|  10|0x0000000780a00000, 0x0000000780a00000, 0x0000000780b00000|  0%| F|  |TAMS 0x0000000780a00000, 0x0000000780a00000| Untracked 
|  11|0x0000000780b00000, 0x0000000780b00000, 0x0000000780c00000|  0%| F|  |TAMS 0x0000000780b00000, 0x0000000780b00000| Untracked 
|  12|0x0000000780c00000, 0x0000000780c00000, 0x0000000780d00000|  0%| F|  |TAMS 0x0000000780c00000, 0x0000000780c00000| Untracked 
|  13|0x0000000780d00000, 0x0000000780d00000, 0x0000000780e00000|  0%| F|  |TAMS 0x0000000780d00000, 0x0000000780d00000| Untracked 
|  14|0x0000000780e00000, 0x0000000780e00000, 0x0000000780f00000|  0%| F|  |TAMS 0x0000000780e00000, 0x0000000780e00000| Untracked 
|  15|0x0000000780f00000, 0x0000000780f00000, 0x0000000781000000|  0%| F|  |TAMS 0x0000000780f00000, 0x0000000780f00000| Untracked 
|  16|0x0000000781000000, 0x0000000781000000, 0x0000000781100000|  0%| F|  |TAMS 0x0000000781000000, 0x0000000781000000| Untracked 
|  17|0x0000000781100000, 0x0000000781100000, 0x0000000781200000|  0%| F|  |TAMS 0x0000000781100000, 0x0000000781100000| Untracked 
|  18|0x0000000781200000, 0x0000000781200000, 0x0000000781300000|  0%| F|  |TAMS 0x0000000781200000, 0x0000000781200000| Untracked 
|  19|0x0000000781300000, 0x0000000781300000, 0x0000000781400000|  0%| F|  |TAMS 0x0000000781300000, 0x0000000781300000| Untracked 
|  20|0x0000000781400000, 0x0000000781400000, 0x0000000781500000|  0%| F|  |TAMS 0x0000000781400000, 0x0000000781400000| Untracked 
|  21|0x0000000781500000, 0x0000000781500000, 0x0000000781600000|  0%| F|  |TAMS 0x0000000781500000, 0x0000000781500000| Untracked 
|  22|0x0000000781600000, 0x0000000781600000, 0x0000000781700000|  0%| F|  |TAMS 0x0000000781600000, 0x0000000781600000| Untracked 
|  23|0x0000000781700000, 0x0000000781700000, 0x0000000781800000|  0%| F|  |TAMS 0x0000000781700000, 0x0000000781700000| Untracked 
|  24|0x0000000781800000, 0x0000000781800000, 0x0000000781900000|  0%| F|  |TAMS 0x0000000781800000, 0x0000000781800000| Untracked 
|  25|0x0000000781900000, 0x0000000781900000, 0x0000000781a00000|  0%| F|  |TAMS 0x0000000781900000, 0x0000000781900000| Untracked 
|  26|0x0000000781a00000, 0x0000000781a00000, 0x0000000781b00000|  0%| F|  |TAMS 0x0000000781a00000, 0x0000000781a00000| Untracked 
|  27|0x0000000781b00000, 0x0000000781b00000, 0x0000000781c00000|  0%| F|  |TAMS 0x0000000781b00000, 0x0000000781b00000| Untracked 
|  28|0x0000000781c00000, 0x0000000781c00000, 0x0000000781d00000|  0%| F|  |TAMS 0x0000000781c00000, 0x0000000781c00000| Untracked 
|  29|0x0000000781d00000, 0x0000000781d00000, 0x0000000781e00000|  0%| F|  |TAMS 0x0000000781d00000, 0x0000000781d00000| Untracked 
|  30|0x0000000781e00000, 0x0000000781e00000, 0x0000000781f00000|  0%| F|  |TAMS 0x0000000781e00000, 0x0000000781e00000| Untracked 
|  31|0x0000000781f00000, 0x0000000781f00000, 0x0000000782000000|  0%| F|  |TAMS 0x0000000781f00000, 0x0000000781f00000| Untracked 
|  32|0x0000000782000000, 0x0000000782000000, 0x0000000782100000|  0%| F|  |TAMS 0x0000000782000000, 0x0000000782000000| Untracked 
|  33|0x0000000782100000, 0x0000000782100000, 0x0000000782200000|  0%| F|  |TAMS 0x0000000782100000, 0x0000000782100000| Untracked 
|  34|0x0000000782200000, 0x0000000782200000, 0x0000000782300000|  0%| F|  |TAMS 0x0000000782200000, 0x0000000782200000| Untracked 
|  35|0x0000000782300000, 0x0000000782300000, 0x0000000782400000|  0%| F|  |TAMS 0x0000000782300000, 0x0000000782300000| Untracked 
|  36|0x0000000782400000, 0x0000000782400000, 0x0000000782500000|  0%| F|  |TAMS 0x0000000782400000, 0x0000000782400000| Untracked 
|  37|0x0000000782500000, 0x0000000782500000, 0x0000000782600000|  0%| F|  |TAMS 0x0000000782500000, 0x0000000782500000| Untracked 
|  38|0x0000000782600000, 0x0000000782600000, 0x0000000782700000|  0%| F|  |TAMS 0x0000000782600000, 0x0000000782600000| Untracked 
|  39|0x0000000782700000, 0x0000000782700000, 0x0000000782800000|  0%| F|  |TAMS 0x0000000782700000, 0x0000000782700000| Untracked 
|  40|0x0000000782800000, 0x0000000782800000, 0x0000000782900000|  0%| F|  |TAMS 0x0000000782800000, 0x0000000782800000| Untracked 
|  41|0x0000000782900000, 0x0000000782900000, 0x0000000782a00000|  0%| F|  |TAMS 0x0000000782900000, 0x0000000782900000| Untracked 
|  42|0x0000000782a00000, 0x0000000782a00000, 0x0000000782b00000|  0%| F|  |TAMS 0x0000000782a00000, 0x0000000782a00000| Untracked 
|  43|0x0000000782b00000, 0x0000000782b00000, 0x0000000782c00000|  0%| F|  |TAMS 0x0000000782b00000, 0x0000000782b00000| Untracked 
|  44|0x0000000782c00000, 0x0000000782c00000, 0x0000000782d00000|  0%| F|  |TAMS 0x0000000782c00000, 0x0000000782c00000| Untracked 
|  45|0x0000000782d00000, 0x0000000782d00000, 0x0000000782e00000|  0%| F|  |TAMS 0x0000000782d00000, 0x0000000782d00000| Untracked 
|  46|0x0000000782e00000, 0x0000000782e00000, 0x0000000782f00000|  0%| F|  |TAMS 0x0000000782e00000, 0x0000000782e00000| Untracked 
|  47|0x0000000782f00000, 0x0000000782f00000, 0x0000000783000000|  0%| F|  |TAMS 0x0000000782f00000, 0x0000000782f00000| Untracked 
|  48|0x0000000783000000, 0x0000000783000000, 0x0000000783100000|  0%| F|  |TAMS 0x0000000783000000, 0x0000000783000000| Untracked 
|  49|0x0000000783100000, 0x0000000783100000, 0x0000000783200000|  0%| F|  |TAMS 0x0000000783100000, 0x0000000783100000| Untracked 
|  50|0x0000000783200000, 0x0000000783200000, 0x0000000783300000|  0%| F|  |TAMS 0x0000000783200000, 0x0000000783200000| Untracked 
|  51|0x0000000783300000, 0x0000000783300000, 0x0000000783400000|  0%| F|  |TAMS 0x0000000783300000, 0x0000000783300000| Untracked 
|  52|0x0000000783400000, 0x0000000783400000, 0x0000000783500000|  0%| F|  |TAMS 0x0000000783400000, 0x0000000783400000| Untracked 
|  53|0x0000000783500000, 0x0000000783500000, 0x0000000783600000|  0%| F|  |TAMS 0x0000000783500000, 0x0000000783500000| Untracked 
|  54|0x0000000783600000, 0x0000000783600000, 0x0000000783700000|  0%| F|  |TAMS 0x0000000783600000, 0x0000000783600000| Untracked 
|  55|0x0000000783700000, 0x0000000783700000, 0x0000000783800000|  0%| F|  |TAMS 0x0000000783700000, 0x0000000783700000| Untracked 
|  56|0x0000000783800000, 0x0000000783800000, 0x0000000783900000|  0%| F|  |TAMS 0x0000000783800000, 0x0000000783800000| Untracked 
|  57|0x0000000783900000, 0x0000000783900000, 0x0000000783a00000|  0%| F|  |TAMS 0x0000000783900000, 0x0000000783900000| Untracked 
|  58|0x0000000783a00000, 0x0000000783a00000, 0x0000000783b00000|  0%| F|  |TAMS 0x0000000783a00000, 0x0000000783a00000| Untracked 
|  59|0x0000000783b00000, 0x0000000783b00000, 0x0000000783c00000|  0%| F|  |TAMS 0x0000000783b00000, 0x0000000783b00000| Untracked 
|  60|0x0000000783c00000, 0x0000000783c00000, 0x0000000783d00000|  0%| F|  |TAMS 0x0000000783c00000, 0x0000000783c00000| Untracked 
|  61|0x0000000783d00000, 0x0000000783d00000, 0x0000000783e00000|  0%| F|  |TAMS 0x0000000783d00000, 0x0000000783d00000| Untracked 
|  62|0x0000000783e00000, 0x0000000783e00000, 0x0000000783f00000|  0%| F|  |TAMS 0x0000000783e00000, 0x0000000783e00000| Untracked 
|  63|0x0000000783f00000, 0x0000000783f00000, 0x0000000784000000|  0%| F|  |TAMS 0x0000000783f00000, 0x0000000783f00000| Untracked 
|  64|0x0000000784000000, 0x0000000784000000, 0x0000000784100000|  0%| F|  |TAMS 0x0000000784000000, 0x0000000784000000| Untracked 
|  65|0x0000000784100000, 0x0000000784100000, 0x0000000784200000|  0%| F|  |TAMS 0x0000000784100000, 0x0000000784100000| Untracked 
|  66|0x0000000784200000, 0x0000000784200000, 0x0000000784300000|  0%| F|  |TAMS 0x0000000784200000, 0x0000000784200000| Untracked 
|  67|0x0000000784300000, 0x0000000784300000, 0x0000000784400000|  0%| F|  |TAMS 0x0000000784300000, 0x0000000784300000| Untracked 
|  68|0x0000000784400000, 0x0000000784400000, 0x0000000784500000|  0%| F|  |TAMS 0x0000000784400000, 0x0000000784400000| Untracked 
|  69|0x0000000784500000, 0x0000000784500000, 0x0000000784600000|  0%| F|  |TAMS 0x0000000784500000, 0x0000000784500000| Untracked 
|  70|0x0000000784600000, 0x0000000784600000, 0x0000000784700000|  0%| F|  |TAMS 0x0000000784600000, 0x0000000784600000| Untracked 
|  71|0x0000000784700000, 0x0000000784700000, 0x0000000784800000|  0%| F|  |TAMS 0x0000000784700000, 0x0000000784700000| Untracked 
|  72|0x0000000784800000, 0x0000000784800000, 0x0000000784900000|  0%| F|  |TAMS 0x0000000784800000, 0x0000000784800000| Untracked 
|  73|0x0000000784900000, 0x0000000784900000, 0x0000000784a00000|  0%| F|  |TAMS 0x0000000784900000, 0x0000000784900000| Untracked 
|  74|0x0000000784a00000, 0x0000000784a00000, 0x0000000784b00000|  0%| F|  |TAMS 0x0000000784a00000, 0x0000000784a00000| Untracked 
|  75|0x0000000784b00000, 0x0000000784b00000, 0x0000000784c00000|  0%| F|  |TAMS 0x0000000784b00000, 0x0000000784b00000| Untracked 
|  76|0x0000000784c00000, 0x0000000784c00000, 0x0000000784d00000|  0%| F|  |TAMS 0x0000000784c00000, 0x0000000784c00000| Untracked 
|  77|0x0000000784d00000, 0x0000000784df8ae8, 0x0000000784e00000| 97%| S|CS|TAMS 0x0000000784d00000, 0x0000000784d00000| Complete 
|  78|0x0000000784e00000, 0x0000000784f00000, 0x0000000784f00000|100%| S|CS|TAMS 0x0000000784e00000, 0x0000000784e00000| Complete 
|  79|0x0000000784f00000, 0x0000000785000000, 0x0000000785000000|100%| S|CS|TAMS 0x0000000784f00000, 0x0000000784f00000| Complete 
|  80|0x0000000785000000, 0x0000000785100000, 0x0000000785100000|100%| S|CS|TAMS 0x0000000785000000, 0x0000000785000000| Complete 
|  81|0x0000000785100000, 0x0000000785200000, 0x0000000785200000|100%| S|CS|TAMS 0x0000000785100000, 0x0000000785100000| Complete 
|  82|0x0000000785200000, 0x0000000785300000, 0x0000000785300000|100%| S|CS|TAMS 0x0000000785200000, 0x0000000785200000| Complete 
|  83|0x0000000785300000, 0x0000000785300000, 0x0000000785400000|  0%| F|  |TAMS 0x0000000785300000, 0x0000000785300000| Untracked 
|  84|0x0000000785400000, 0x0000000785400000, 0x0000000785500000|  0%| F|  |TAMS 0x0000000785400000, 0x0000000785400000| Untracked 
|  85|0x0000000785500000, 0x0000000785500000, 0x0000000785600000|  0%| F|  |TAMS 0x0000000785500000, 0x0000000785500000| Untracked 
|  86|0x0000000785600000, 0x0000000785600000, 0x0000000785700000|  0%| F|  |TAMS 0x0000000785600000, 0x0000000785600000| Untracked 
|  87|0x0000000785700000, 0x0000000785700000, 0x0000000785800000|  0%| F|  |TAMS 0x0000000785700000, 0x0000000785700000| Untracked 
|  88|0x0000000785800000, 0x0000000785800000, 0x0000000785900000|  0%| F|  |TAMS 0x0000000785800000, 0x0000000785800000| Untracked 
|  89|0x0000000785900000, 0x0000000785900000, 0x0000000785a00000|  0%| F|  |TAMS 0x0000000785900000, 0x0000000785900000| Untracked 
|  90|0x0000000785a00000, 0x0000000785a00000, 0x0000000785b00000|  0%| F|  |TAMS 0x0000000785a00000, 0x0000000785a00000| Untracked 
|  91|0x0000000785b00000, 0x0000000785b00000, 0x0000000785c00000|  0%| F|  |TAMS 0x0000000785b00000, 0x0000000785b00000| Untracked 
|  92|0x0000000785c00000, 0x0000000785c00000, 0x0000000785d00000|  0%| F|  |TAMS 0x0000000785c00000, 0x0000000785c00000| Untracked 
|  93|0x0000000785d00000, 0x0000000785d00000, 0x0000000785e00000|  0%| F|  |TAMS 0x0000000785d00000, 0x0000000785d00000| Untracked 
|  94|0x0000000785e00000, 0x0000000785e00000, 0x0000000785f00000|  0%| F|  |TAMS 0x0000000785e00000, 0x0000000785e00000| Untracked 
|  95|0x0000000785f00000, 0x0000000785f00000, 0x0000000786000000|  0%| F|  |TAMS 0x0000000785f00000, 0x0000000785f00000| Untracked 
|  96|0x0000000786000000, 0x0000000786000000, 0x0000000786100000|  0%| F|  |TAMS 0x0000000786000000, 0x0000000786000000| Untracked 
|  97|0x0000000786100000, 0x0000000786100000, 0x0000000786200000|  0%| F|  |TAMS 0x0000000786100000, 0x0000000786100000| Untracked 
|  98|0x0000000786200000, 0x0000000786200000, 0x0000000786300000|  0%| F|  |TAMS 0x0000000786200000, 0x0000000786200000| Untracked 
|  99|0x0000000786300000, 0x0000000786300000, 0x0000000786400000|  0%| F|  |TAMS 0x0000000786300000, 0x0000000786300000| Untracked 
| 100|0x0000000786400000, 0x0000000786400000, 0x0000000786500000|  0%| F|  |TAMS 0x0000000786400000, 0x0000000786400000| Untracked 
| 101|0x0000000786500000, 0x0000000786500000, 0x0000000786600000|  0%| F|  |TAMS 0x0000000786500000, 0x0000000786500000| Untracked 
| 102|0x0000000786600000, 0x0000000786600000, 0x0000000786700000|  0%| F|  |TAMS 0x0000000786600000, 0x0000000786600000| Untracked 
| 103|0x0000000786700000, 0x0000000786700000, 0x0000000786800000|  0%| F|  |TAMS 0x0000000786700000, 0x0000000786700000| Untracked 
| 104|0x0000000786800000, 0x0000000786800000, 0x0000000786900000|  0%| F|  |TAMS 0x0000000786800000, 0x0000000786800000| Untracked 
| 105|0x0000000786900000, 0x0000000786900000, 0x0000000786a00000|  0%| F|  |TAMS 0x0000000786900000, 0x0000000786900000| Untracked 
| 106|0x0000000786a00000, 0x0000000786a00000, 0x0000000786b00000|  0%| F|  |TAMS 0x0000000786a00000, 0x0000000786a00000| Untracked 
| 107|0x0000000786b00000, 0x0000000786b00000, 0x0000000786c00000|  0%| F|  |TAMS 0x0000000786b00000, 0x0000000786b00000| Untracked 
| 108|0x0000000786c00000, 0x0000000786c00000, 0x0000000786d00000|  0%| F|  |TAMS 0x0000000786c00000, 0x0000000786c00000| Untracked 
| 109|0x0000000786d00000, 0x0000000786d00000, 0x0000000786e00000|  0%| F|  |TAMS 0x0000000786d00000, 0x0000000786d00000| Untracked 
| 110|0x0000000786e00000, 0x0000000786e00000, 0x0000000786f00000|  0%| F|  |TAMS 0x0000000786e00000, 0x0000000786e00000| Untracked 
| 111|0x0000000786f00000, 0x0000000786f00000, 0x0000000787000000|  0%| F|  |TAMS 0x0000000786f00000, 0x0000000786f00000| Untracked 
| 112|0x0000000787000000, 0x0000000787000000, 0x0000000787100000|  0%| F|  |TAMS 0x0000000787000000, 0x0000000787000000| Untracked 
| 113|0x0000000787100000, 0x0000000787100000, 0x0000000787200000|  0%| F|  |TAMS 0x0000000787100000, 0x0000000787100000| Untracked 
| 114|0x0000000787200000, 0x0000000787200000, 0x0000000787300000|  0%| F|  |TAMS 0x0000000787200000, 0x0000000787200000| Untracked 
| 115|0x0000000787300000, 0x0000000787300000, 0x0000000787400000|  0%| F|  |TAMS 0x0000000787300000, 0x0000000787300000| Untracked 
| 116|0x0000000787400000, 0x0000000787400000, 0x0000000787500000|  0%| F|  |TAMS 0x0000000787400000, 0x0000000787400000| Untracked 
| 117|0x0000000787500000, 0x0000000787500000, 0x0000000787600000|  0%| F|  |TAMS 0x0000000787500000, 0x0000000787500000| Untracked 
| 118|0x0000000787600000, 0x0000000787600000, 0x0000000787700000|  0%| F|  |TAMS 0x0000000787600000, 0x0000000787600000| Untracked 
| 119|0x0000000787700000, 0x0000000787700000, 0x0000000787800000|  0%| F|  |TAMS 0x0000000787700000, 0x0000000787700000| Untracked 
| 120|0x0000000787800000, 0x0000000787800000, 0x0000000787900000|  0%| F|  |TAMS 0x0000000787800000, 0x0000000787800000| Untracked 
| 121|0x0000000787900000, 0x0000000787900000, 0x0000000787a00000|  0%| F|  |TAMS 0x0000000787900000, 0x0000000787900000| Untracked 
| 122|0x0000000787a00000, 0x0000000787a00000, 0x0000000787b00000|  0%| F|  |TAMS 0x0000000787a00000, 0x0000000787a00000| Untracked 
| 123|0x0000000787b00000, 0x0000000787b00000, 0x0000000787c00000|  0%| F|  |TAMS 0x0000000787b00000, 0x0000000787b00000| Untracked 
| 124|0x0000000787c00000, 0x0000000787d00000, 0x0000000787d00000|100%| E|  |TAMS 0x0000000787c00000, 0x0000000787c00000| Complete 
| 125|0x0000000787d00000, 0x0000000787e00000, 0x0000000787e00000|100%| E|CS|TAMS 0x0000000787d00000, 0x0000000787d00000| Complete 
| 126|0x0000000787e00000, 0x0000000787f00000, 0x0000000787f00000|100%| E|CS|TAMS 0x0000000787e00000, 0x0000000787e00000| Complete 
| 127|0x0000000787f00000, 0x0000000788000000, 0x0000000788000000|100%| E|CS|TAMS 0x0000000787f00000, 0x0000000787f00000| Complete 
|2046|0x00000007ffe00000, 0x00000007ffe74000, 0x00000007fff00000| 45%|OA|  |TAMS 0x00000007ffe00000, 0x00000007ffe00000| Untracked 
|2047|0x00000007fff00000, 0x00000007fff74000, 0x0000000800000000| 45%|CA|  |TAMS 0x00000007fff00000, 0x00000007fff00000| Untracked 

Card table byte_map: [0x0000000102d88000,0x0000000103188000] _byte_map_base: 0x00000000ff188000

Marking Bits (Prev, Next): (CMBitMap*) 0x000000012682ac10, (CMBitMap*) 0x000000012682ac50
 Prev Bits: [0x000000010c00c000, 0x000000010e00c000)
 Next Bits: [0x000000010e00c000, 0x000000011000c000)

Polling page: 0x00000001025b0000

Metaspace:

Usage:
  Non-class:     11.24 MB used.
      Class:      1.63 MB used.
       Both:     12.87 MB used.

Virtual space:
  Non-class space:       64.00 MB reserved,      11.38 MB ( 18%) committed,  1 nodes.
      Class space:        1.00 GB reserved,       1.75 MB ( <1%) committed,  1 nodes.
             Both:        1.06 GB reserved,      13.12 MB (  1%) committed. 

Chunk freelists:
   Non-Class:  3.62 MB
       Class:  2.06 MB
        Both:  5.69 MB

MaxMetaspaceSize: unlimited
CompressedClassSpaceSize: 1.00 GB
Initial GC threshold: 21.00 MB
Current GC threshold: 21.00 MB
CDS: on
MetaspaceReclaimPolicy: balanced
 - commit_granule_bytes: 65536.
 - commit_granule_words: 8192.
 - virtual_space_node_default_size: 8388608.
 - enlarge_chunks_in_place: 1.
 - new_chunks_are_fully_committed: 0.
 - uncommit_free_chunks: 1.
 - use_allocation_guard: 0.


Internal statistics:

num_allocs_failed_limit: 0.
num_arena_births: 238.
num_arena_deaths: 0.
num_vsnodes_births: 2.
num_vsnodes_deaths: 0.
num_space_committed: 210.
num_space_uncommitted: 0.
num_chunks_returned_to_freelist: 0.
num_chunks_taken_from_freelist: 669.
num_chunk_merges: 0.
num_chunk_splits: 474.
num_chunks_enlarged: 379.
num_inconsistent_stats: 0.

CodeHeap 'non-profiled nmethods': size=120032Kb used=1780Kb max_used=1780Kb free=118252Kb
 bounds [0x0000000137ac8000, 0x0000000137d38000, 0x000000013f000000]
CodeHeap 'profiled nmethods': size=120016Kb used=6302Kb max_used=6302Kb free=113713Kb
 bounds [0x0000000130594000, 0x0000000130bc4000, 0x0000000137ac8000]
CodeHeap 'non-nmethods': size=5712Kb used=1386Kb max_used=1506Kb free=4325Kb
 bounds [0x0000000130000000, 0x0000000130270000, 0x0000000130594000]
 total_blobs=3912 nmethods=3155 adapters=673
 compilation: enabled
              stopped_count=0, restarted_count=0
 full_count=0

Compilation events (20 events):
Event: 6.745 Thread 0x0000000126810600 3234       3       com.sun.marlin.Helpers$IndexStack::pullAll (62 bytes)
Event: 6.745 Thread 0x0000000126810600 nmethod 3234 0x0000000130bacf10 code [0x0000000130bad100, 0x0000000130bad518]
Event: 6.746 Thread 0x0000000126810000 nmethod 3233 0x0000000137c81510 code [0x0000000137c816c0, 0x0000000137c81860]
Event: 6.763 Thread 0x0000000126810600 3235       3       com.sun.prism.es2.ES2RTTexture::createGraphics (9 bytes)
Event: 6.763 Thread 0x0000000126810600 nmethod 3235 0x0000000130bad710 code [0x0000000130bad900, 0x0000000130badd58]
Event: 6.782 Thread 0x0000000126810000 3237   !   4       jdk.internal.icu.text.BidiBase::getMemory (92 bytes)
Event: 6.783 Thread 0x0000000126810000 nmethod 3237 0x0000000137c81990 code [0x0000000137c81b80, 0x0000000137c81e30]
Event: 6.795 Thread 0x0000000126810600 3238   !   3       com.sun.javafx.sg.prism.NGNode::accumulateGroupDirtyRegion (652 bytes)
Event: 6.797 Thread 0x0000000126810600 nmethod 3238 0x0000000130badf10 code [0x0000000130bae600, 0x0000000130bb1988]
Event: 6.812 Thread 0x0000000126810600 3239   !   3       java.util.concurrent.locks.AbstractQueuedSynchronizer$ConditionObject::await (183 bytes)
Event: 6.813 Thread 0x0000000126810600 nmethod 3239 0x0000000130bb3410 code [0x0000000130bb3880, 0x0000000130bb4f08]
Event: 6.828 Thread 0x0000000126810600 3241       3       java.lang.Object::wait (6 bytes)
Event: 6.828 Thread 0x0000000126810600 nmethod 3241 0x0000000130bb5810 code [0x0000000130bb59c0, 0x0000000130bb5b58]
Event: 6.828 Thread 0x0000000126810600 3242   !   3       com.sun.glass.ui.InvokeLaterDispatcher$Future::run (91 bytes)
Event: 6.829 Thread 0x0000000126810600 nmethod 3242 0x0000000130bb5c10 code [0x0000000130bb5e00, 0x0000000130bb63f8]
Event: 6.829 Thread 0x0000000126810600 3243       3       java.util.concurrent.ForkJoinPool::unmanagedBlock (31 bytes)
Event: 6.829 Thread 0x0000000126810600 nmethod 3243 0x0000000130bb6790 code [0x0000000130bb6a00, 0x0000000130bb7248]
Event: 7.595 Thread 0x0000000126810600 3244       3       javafx.scene.Node::processCSS (103 bytes)
Event: 7.596 Thread 0x0000000126810600 nmethod 3244 0x0000000130bb7510 code [0x0000000130bb77c0, 0x0000000130bb8348]
Event: 7.596 Thread 0x0000000126810600 3245       3       javafx.scene.layout.Region::snapSizeX (10 bytes)

GC Heap History (4 events):
Event: 0.447 GC heap before
{Heap before GC invocations=0 (full 0):
 garbage-first heap   total 133120K, used 23456K [0x0000000780000000, 0x0000000800000000)
  region size 1024K, 23 young (23552K), 0 survivors (0K)
 Metaspace       used 5651K, committed 5824K, reserved 1114112K
  class space    used 686K, committed 768K, reserved 1048576K
}
Event: 0.457 GC heap after
{Heap after GC invocations=1 (full 0):
 garbage-first heap   total 133120K, used 3781K [0x0000000780000000, 0x0000000800000000)
  region size 1024K, 3 young (3072K), 3 survivors (3072K)
 Metaspace       used 5651K, committed 5824K, reserved 1114112K
  class space    used 686K, committed 768K, reserved 1048576K
}
Event: 6.365 GC heap before
{Heap before GC invocations=1 (full 0):
 garbage-first heap   total 133120K, used 47813K [0x0000000780000000, 0x0000000800000000)
  region size 1024K, 45 young (46080K), 3 survivors (3072K)
 Metaspace       used 13150K, committed 13440K, reserved 1114112K
  class space    used 1673K, committed 1792K, reserved 1048576K
}
Event: 6.370 GC heap after
{Heap after GC invocations=2 (full 0):
 garbage-first heap   total 133120K, used 9090K [0x0000000780000000, 0x0000000800000000)
  region size 1024K, 6 young (6144K), 6 survivors (6144K)
 Metaspace       used 13150K, committed 13440K, reserved 1114112K
  class space    used 1673K, committed 1792K, reserved 1048576K
}

Deoptimization events (20 events):
Event: 6.747 Thread 0x000000011404c400 Uncommon trap: trap_request=0xffffffde fr.pc=0x0000000137c81150 relative=0x0000000000000150
Event: 6.747 Thread 0x000000011404c400 Uncommon trap: reason=class_check action=maybe_recompile pc=0x0000000137c81150 method=java.lang.reflect.Array.newInstance(Ljava/lang/Class;I)Ljava/lang/Object; @ 2 c2
Event: 6.747 Thread 0x000000011404c400 DEOPT PACKING pc=0x0000000137c81150 sp=0x000000028061cee0
Event: 6.747 Thread 0x000000011404c400 DEOPT UNPACKING pc=0x000000013003ed1c sp=0x000000028061cdf0 mode 2
Event: 6.747 Thread 0x000000011404c400 Uncommon trap: trap_request=0xffffffde fr.pc=0x0000000137c81150 relative=0x0000000000000150
Event: 6.747 Thread 0x000000011404c400 Uncommon trap: reason=class_check action=maybe_recompile pc=0x0000000137c81150 method=java.lang.reflect.Array.newInstance(Ljava/lang/Class;I)Ljava/lang/Object; @ 2 c2
Event: 6.747 Thread 0x000000011404c400 DEOPT PACKING pc=0x0000000137c81150 sp=0x000000028061cee0
Event: 6.747 Thread 0x000000011404c400 DEOPT UNPACKING pc=0x000000013003ed1c sp=0x000000028061cdf0 mode 2
Event: 6.747 Thread 0x000000011404c400 Uncommon trap: trap_request=0xffffffde fr.pc=0x0000000137c81150 relative=0x0000000000000150
Event: 6.747 Thread 0x000000011404c400 Uncommon trap: reason=class_check action=maybe_recompile pc=0x0000000137c81150 method=java.lang.reflect.Array.newInstance(Ljava/lang/Class;I)Ljava/lang/Object; @ 2 c2
Event: 6.747 Thread 0x000000011404c400 DEOPT PACKING pc=0x0000000137c81150 sp=0x000000028061cee0
Event: 6.747 Thread 0x000000011404c400 DEOPT UNPACKING pc=0x000000013003ed1c sp=0x000000028061cdf0 mode 2
Event: 7.596 Thread 0x000000012500b400 Uncommon trap: trap_request=0xffffff45 fr.pc=0x0000000137c3a9c4 relative=0x0000000000000084
Event: 7.596 Thread 0x000000012500b400 Uncommon trap: reason=unstable_if action=reinterpret pc=0x0000000137c3a9c4 method=java.lang.Math.min(FF)F @ 17 c2
Event: 7.596 Thread 0x000000012500b400 DEOPT PACKING pc=0x0000000137c3a9c4 sp=0x000000016d9ce950
Event: 7.596 Thread 0x000000012500b400 DEOPT UNPACKING pc=0x000000013003ed1c sp=0x000000016d9ce8e0 mode 2
Event: 7.596 Thread 0x000000012500b400 Uncommon trap: trap_request=0xffffffc6 fr.pc=0x0000000137c33048 relative=0x0000000000000108
Event: 7.596 Thread 0x000000012500b400 Uncommon trap: reason=bimorphic_or_optimized_type_check action=maybe_recompile pc=0x0000000137c33048 method=com.sun.javafx.sg.prism.NGNode.geometryChanged()V @ 9 c2
Event: 7.596 Thread 0x000000012500b400 DEOPT PACKING pc=0x0000000137c33048 sp=0x000000016d9cedd0
Event: 7.596 Thread 0x000000012500b400 DEOPT UNPACKING pc=0x000000013003ed1c sp=0x000000016d9ced80 mode 2

Classes loaded (20 events):
Event: 1.139 Loading class sun/util/cldr/CLDRTimeZoneNameProviderImpl
Event: 1.139 Loading class sun/util/locale/provider/TimeZoneNameProviderImpl
Event: 1.140 Loading class sun/util/locale/provider/TimeZoneNameProviderImpl done
Event: 1.140 Loading class sun/util/cldr/CLDRTimeZoneNameProviderImpl done
Event: 1.142 Loading class sun/util/locale/provider/BaseLocaleDataMetaInfo
Event: 1.142 Loading class sun/util/locale/provider/BaseLocaleDataMetaInfo done
Event: 1.143 Loading class sun/util/resources/cldr/TimeZoneNames
Event: 1.143 Loading class sun/util/resources/TimeZoneNamesBundle
Event: 1.143 Loading class sun/util/resources/OpenListResourceBundle
Event: 1.144 Loading class sun/util/resources/OpenListResourceBundle done
Event: 1.144 Loading class sun/util/resources/TimeZoneNamesBundle done
Event: 1.144 Loading class sun/util/resources/cldr/TimeZoneNames done
Event: 1.145 Loading class sun/util/resources/cldr/TimeZoneNames_en
Event: 1.146 Loading class sun/util/resources/cldr/TimeZoneNames_en done
Event: 1.147 Loading class sun/util/resources/cldr/TimeZoneNames_en_US
Event: 1.147 Loading class sun/util/resources/cldr/TimeZoneNames_en_US done
Event: 1.152 Loading class java/util/LinkedHashMap$LinkedKeySet
Event: 1.152 Loading class java/util/LinkedHashMap$LinkedKeySet done
Event: 5.628 Loading class jdk/internal/access/foreign/MemorySegmentProxy
Event: 5.628 Loading class jdk/internal/access/foreign/MemorySegmentProxy done

Classes unloaded (0 events):
No events

Classes redefined (0 events):
No events

Internal exceptions (20 events):
Event: 0.558 Thread 0x000000012500b400 Implicit null exception at 0x0000000137ae74f8 to 0x0000000137ae7588
Event: 0.577 Thread 0x000000012500b400 Implicit null exception at 0x0000000137b0bcd4 to 0x0000000137b0bed0
Event: 0.578 Thread 0x000000012500b400 Implicit null exception at 0x0000000137b0ab54 to 0x0000000137b0ad44
Event: 0.787 Thread 0x000000012500b400 Exception <a 'java/lang/NoSuchMethodError'{0x0000000787028658}: 'java.lang.Object java.lang.invoke.DirectMethodHandle$Holder.invokeInterface(java.lang.Object, java.lang.Object, java.lang.Object)'> (0x0000000787028658) 
thrown [open/src/hotspot/share/interpreter/linkResolver.cpp, line 766]
Event: 0.787 Thread 0x000000012500b400 Exception <a 'java/lang/IncompatibleClassChangeError'{0x000000078702bfd8}: Found class java.lang.Object, but interface was expected> (0x000000078702bfd8) 
thrown [open/src/hotspot/share/interpreter/linkResolver.cpp, line 833]
Event: 0.815 Thread 0x000000012500b400 Exception <a 'java/lang/NoSuchMethodError'{0x0000000786ec2828}: 'int java.lang.invoke.DirectMethodHandle$Holder.invokeSpecial(java.lang.Object, java.lang.Object, int)'> (0x0000000786ec2828) 
thrown [open/src/hotspot/share/interpreter/linkResolver.cpp, line 766]
Event: 0.815 Thread 0x000000012500b400 Exception <a 'java/lang/NoSuchMethodError'{0x0000000786ed0d98}: 'int java.lang.invoke.DirectMethodHandle$Holder.invokeSpecial(java.lang.Object, java.lang.Object, java.lang.Object, int)'> (0x0000000786ed0d98) 
thrown [open/src/hotspot/share/interpreter/linkResolver.cpp, line 766]
Event: 0.816 Thread 0x000000012500b400 Exception <a 'java/lang/NoSuchMethodError'{0x0000000786ee3568}: 'java.lang.Object java.lang.invoke.DirectMethodHandle$Holder.invokeStatic(java.lang.Object, java.lang.Object, java.lang.Object, java.lang.Object, int)'> (0x0000000786ee3568) 
thrown [open/src/hotspot/share/interpreter/linkResolver.cpp, line 766]
Event: 0.816 Thread 0x000000012500b400 Exception <a 'java/lang/NoSuchMethodError'{0x0000000786eebff0}: 'int java.lang.invoke.DirectMethodHandle$Holder.invokeSpecial(java.lang.Object, java.lang.Object, java.lang.Object)'> (0x0000000786eebff0) 
thrown [open/src/hotspot/share/interpreter/linkResolver.cpp, line 766]
Event: 0.829 Thread 0x000000012500b400 Exception <a 'java/lang/NoSuchMethodError'{0x0000000786d95468}: 'java.lang.Object java.lang.invoke.DirectMethodHandle$Holder.newInvokeSpecial(java.lang.Object, java.lang.Object, int)'> (0x0000000786d95468) 
thrown [open/src/hotspot/share/interpreter/linkResolver.cpp, line 766]
Event: 0.832 Thread 0x000000012500b400 Exception <a 'sun/nio/fs/UnixException'{0x0000000786da58b8}> (0x0000000786da58b8) 
thrown [open/src/hotspot/share/prims/jni.cpp, line 516]
Event: 0.881 Thread 0x000000011404c400 Exception <a 'java/lang/NoSuchMethodError'{0x0000000786caaef0}: 'int java.lang.invoke.DirectMethodHandle$Holder.invokeStaticInit(java.lang.Object, java.lang.Object)'> (0x0000000786caaef0) 
thrown [open/src/hotspot/share/interpreter/linkResolver.cpp, line 766]
Event: 1.446 Thread 0x000000012500b400 Exception <a 'java/lang/NoSuchMethodError'{0x00000007864fdeb8}: 'long java.lang.invoke.DirectMethodHandle$Holder.invokeStatic(java.lang.Object, java.lang.Object, java.lang.Object)'> (0x00000007864fdeb8) 
thrown [open/src/hotspot/share/interpreter/linkResolver.cpp, line 766]
Event: 1.446 Thread 0x000000012500b400 Exception <a 'java/lang/NoSuchMethodError'{0x0000000786301b90}: 'long java.lang.invoke.DirectMethodHandle$Holder.invokeStaticInit(java.lang.Object, java.lang.Object, java.lang.Object)'> (0x0000000786301b90) 
thrown [open/src/hotspot/share/interpreter/linkResolver.cpp, line 766]
Event: 1.447 Thread 0x000000012500b400 Exception <a 'java/lang/NoSuchMethodError'{0x000000078631a2d0}: 'java.lang.Object java.lang.invoke.DirectMethodHandle$Holder.newInvokeSpecial(java.lang.Object, java.lang.Object, long)'> (0x000000078631a2d0) 
thrown [open/src/hotspot/share/interpreter/linkResolver.cpp, line 766]
Event: 1.447 Thread 0x000000012500b400 Exception <a 'java/lang/NoSuchMethodError'{0x000000078631dba0}: 'java.lang.Object java.lang.invoke.Invokers$Holder.linkToTargetMethod(java.lang.Object, long, java.lang.Object)'> (0x000000078631dba0) 
thrown [open/src/hotspot/share/interpreter/linkResolver.cpp, line 766]
Event: 1.450 Thread 0x000000012500b400 Exception <a 'java/lang/NoSuchMethodError'{0x000000078634b7b8}: 'java.lang.Object java.lang.invoke.DirectMethodHandle$Holder.newInvokeSpecial(java.lang.Object, java.lang.Object, int, int, int, int, int, java.lang.Object)'> (0x000000078634b7b8) 
thrown [open/src/hotspot/share/interpreter/linkResolver.cpp, line 766]
Event: 1.450 Thread 0x000000012500b400 Exception <a 'java/lang/NoSuchMethodError'{0x000000078635e798}: 'java.lang.Object java.lang.invoke.DirectMethodHandle$Holder.newInvokeSpecial(java.lang.Object, java.lang.Object, java.lang.Object, int, int, int, int, int)'> (0x000000078635e798) 
thrown [open/src/hotspot/share/interpreter/linkResolver.cpp, line 766]
Event: 1.450 Thread 0x000000012500b400 Exception <a 'java/lang/NoSuchMethodError'{0x0000000786366000}: 'java.lang.Object java.lang.invoke.Invokers$Holder.linkToTargetMethod(java.lang.Object, java.lang.Object, int, int, int, int, int, java.lang.Object)'> (0x0000000786366000) 
thrown [open/src/hotspot/share/interpreter/linkResolver.cpp, line 766]
Event: 3.444 Thread 0x000000012500b400 Exception <a 'java/lang/NoSuchMethodError'{0x0000000786207118}: 'java.lang.Object java.lang.invoke.DirectMethodHandle$Holder.invokeSpecial(java.lang.Object, java.lang.Object, double, double)'> (0x0000000786207118) 
thrown [open/src/hotspot/share/interpreter/linkResolver.cpp, line 766]

VM Operations (20 events):
Event: 0.810 Executing VM operation: ICBufferFull
Event: 0.810 Executing VM operation: ICBufferFull done
Event: 1.364 Executing VM operation: ICBufferFull
Event: 1.364 Executing VM operation: ICBufferFull done
Event: 2.369 Executing VM operation: Cleanup
Event: 2.370 Executing VM operation: Cleanup done
Event: 3.373 Executing VM operation: Cleanup
Event: 3.373 Executing VM operation: Cleanup done
Event: 4.378 Executing VM operation: Cleanup
Event: 4.379 Executing VM operation: Cleanup done
Event: 4.612 Executing VM operation: ICBufferFull
Event: 4.612 Executing VM operation: ICBufferFull done
Event: 4.998 Executing VM operation: ICBufferFull
Event: 4.998 Executing VM operation: ICBufferFull done
Event: 5.996 Executing VM operation: ICBufferFull
Event: 5.996 Executing VM operation: ICBufferFull done
Event: 6.365 Executing VM operation: G1CollectForAllocation
Event: 6.370 Executing VM operation: G1CollectForAllocation done
Event: 7.375 Executing VM operation: Cleanup
Event: 7.375 Executing VM operation: Cleanup done

Events (20 events):
Event: 0.893 Thread 0x00000001270dba00 Thread added: 0x00000001270dba00
Event: 0.893 Protecting memory [0x000000028182c000,0x0000000281838000] with protection modes 0
Event: 1.034 Thread 0x0000000124181400 Thread added: 0x0000000124181400
Event: 1.034 Protecting memory [0x0000000281a38000,0x0000000281a44000] with protection modes 0
Event: 1.278 Protecting memory [0x000000016fed0000,0x000000016fedc000] with protection modes 3
Event: 1.278 Thread 0x000000012708a600 Thread exited: 0x000000012708a600
Event: 1.378 Protecting memory [0x000000016fed0000,0x000000016fedc000] with protection modes 0
Event: 1.378 Thread 0x0000000124183c00 Thread added: 0x0000000124183c00
Event: 3.195 Protecting memory [0x000000016fed0000,0x000000016fedc000] with protection modes 3
Event: 3.195 Thread 0x0000000124183c00 Thread exited: 0x0000000124183c00
Event: 3.461 Protecting memory [0x000000016fed0000,0x000000016fedc000] with protection modes 0
Event: 3.461 Thread 0x0000000126993600 Thread added: 0x0000000126993600
Event: 3.911 Protecting memory [0x000000016fed0000,0x000000016fedc000] with protection modes 3
Event: 3.911 Thread 0x0000000126993600 Thread exited: 0x0000000126993600
Event: 4.078 Protecting memory [0x000000016fed0000,0x000000016fedc000] with protection modes 0
Event: 4.078 Thread 0x0000000114052c00 Thread added: 0x0000000114052c00
Event: 7.095 Protecting memory [0x000000016fed0000,0x000000016fedc000] with protection modes 3
Event: 7.095 Thread 0x0000000114052c00 Thread exited: 0x0000000114052c00
Event: 7.594 Protecting memory [0x000000016fed0000,0x000000016fedc000] with protection modes 0
Event: 7.594 Thread 0x000000012410c400 Thread added: 0x000000012410c400


Dynamic libraries:
0x0000000102560000 	/Library/Java/JavaVirtualMachines/jdk-18.0.1.1.jdk/Contents/Home/lib/libjli.dylib
0x00000001a7ef1000 	/usr/lib/libz.1.dylib
0x00000001a7fa1000 	/usr/lib/libSystem.B.dylib
0x00000001a7f9b000 	/usr/lib/system/libcache.dylib
0x00000001a7f59000 	/usr/lib/system/libcommonCrypto.dylib
0x00000001a7f82000 	/usr/lib/system/libcompiler_rt.dylib
0x00000001a7f79000 	/usr/lib/system/libcopyfile.dylib
0x000000019d2da000 	/usr/lib/system/libcorecrypto.dylib
0x000000019d37f000 	/usr/lib/system/libdispatch.dylib
0x000000019d547000 	/usr/lib/system/libdyld.dylib
0x00000001a7f91000 	/usr/lib/system/libkeymgr.dylib
0x00000001a7f3b000 	/usr/lib/system/libmacho.dylib
0x00000001a763b000 	/usr/lib/system/libquarantine.dylib
0x00000001a7f8e000 	/usr/lib/system/libremovefile.dylib
0x00000001a26d9000 	/usr/lib/system/libsystem_asl.dylib
0x000000019d284000 	/usr/lib/system/libsystem_blocks.dylib
0x000000019d405000 	/usr/lib/system/libsystem_c.dylib
0x00000001a7f86000 	/usr/lib/system/libsystem_collections.dylib
0x00000001a6afa000 	/usr/lib/system/libsystem_configuration.dylib
0x00000001a5d7e000 	/usr/lib/system/libsystem_containermanager.dylib
0x00000001a7ca2000 	/usr/lib/system/libsystem_coreservices.dylib
0x000000019fc6b000 	/usr/lib/system/libsystem_darwin.dylib
0x00000001a7f92000 	/usr/lib/system/libsystem_dnssd.dylib
0x000000019d402000 	/usr/lib/system/libsystem_featureflags.dylib
0x000000019d55c000 	/usr/lib/system/libsystem_info.dylib
0x00000001a7f03000 	/usr/lib/system/libsystem_m.dylib
0x000000019d354000 	/usr/lib/system/libsystem_malloc.dylib
0x00000001a266a000 	/usr/lib/system/libsystem_networkextension.dylib
0x00000001a00bf000 	/usr/lib/system/libsystem_notify.dylib
0x00000001ae1a5000 	/usr/lib/system/libsystem_product_info_filter.dylib
0x00000001a6aff000 	/usr/lib/system/libsystem_sandbox.dylib
0x00000001a7f8b000 	/usr/lib/system/libsystem_secinit.dylib
0x000000019d504000 	/usr/lib/system/libsystem_kernel.dylib
0x000000019d554000 	/usr/lib/system/libsystem_platform.dylib
0x000000019d53a000 	/usr/lib/system/libsystem_pthread.dylib
0x00000001a3e16000 	/usr/lib/system/libsystem_symptoms.dylib
0x000000019d2c0000 	/usr/lib/system/libsystem_trace.dylib
0x00000001a7f66000 	/usr/lib/system/libunwind.dylib
0x000000019d286000 	/usr/lib/system/libxpc.dylib
0x000000019d4ea000 	/usr/lib/libc++abi.dylib
0x000000019d3c6000 	/usr/lib/libobjc.A.dylib
0x00000001a7f71000 	/usr/lib/liboah.dylib
0x000000019d486000 	/usr/lib/libc++.1.dylib
0x00000001b3ba6000 	/System/Library/Frameworks/Cocoa.framework/Versions/A/Cocoa
0x00000001a011f000 	/System/Library/Frameworks/AppKit.framework/Versions/C/AppKit
0x00000001a3655000 	/System/Library/Frameworks/CoreData.framework/Versions/A/CoreData
0x000000019e47c000 	/System/Library/Frameworks/Foundation.framework/Versions/C/Foundation
0x00000001a0fd6000 	/System/Library/PrivateFrameworks/UIFoundation.framework/Versions/A/UIFoundation
0x00000001ade9f000 	/System/Library/PrivateFrameworks/RemoteViewServices.framework/Versions/A/RemoteViewServices
0x00000001a64b8000 	/System/Library/PrivateFrameworks/XCTTargetBootstrap.framework/Versions/A/XCTTargetBootstrap
0x00000001a9ca2000 	/System/Library/PrivateFrameworks/InternationalSupport.framework/Versions/A/InternationalSupport
0x00000001a9d2b000 	/System/Library/PrivateFrameworks/UserActivity.framework/Versions/A/UserActivity
0x00000001a91d0000 	/usr/lib/libspindump.dylib
0x00000001a1246000 	/System/Library/Frameworks/UniformTypeIdentifiers.framework/Versions/A/UniformTypeIdentifiers
0x00000001a4a45000 	/usr/lib/libapp_launch_measurement.dylib
0x00000001a3fbd000 	/System/Library/PrivateFrameworks/CoreAnalytics.framework/Versions/A/CoreAnalytics
0x00000001a4a48000 	/System/Library/PrivateFrameworks/CoreAutoLayout.framework/Versions/A/CoreAutoLayout
0x00000001a5dbb000 	/System/Library/Frameworks/Metal.framework/Versions/A/Metal
0x00000001a6b0a000 	/usr/lib/liblangid.dylib
0x00000001a64bc000 	/System/Library/PrivateFrameworks/CoreSVG.framework/Versions/A/CoreSVG
0x00000001a270d000 	/System/Library/PrivateFrameworks/SkyLight.framework/Versions/A/SkyLight
0x00000001a2ada000 	/System/Library/Frameworks/CoreGraphics.framework/Versions/A/CoreGraphics
0x00000001ae51d000 	/System/Library/Frameworks/Accelerate.framework/Versions/A/Accelerate
0x00000001a8c44000 	/System/Library/PrivateFrameworks/IconServices.framework/Versions/A/IconServices
0x00000001a5d9d000 	/System/Library/Frameworks/IOSurface.framework/Versions/A/IOSurface
0x00000001a3fed000 	/usr/lib/libDiagnosticMessagesClient.dylib
0x00000001b1966000 	/System/Library/Frameworks/ApplicationServices.framework/Versions/A/ApplicationServices
0x00000001a64a0000 	/System/Library/PrivateFrameworks/DFRFoundation.framework/Versions/A/DFRFoundation
0x000000019f9c0000 	/usr/lib/libicucore.A.dylib
0x00000001aaaa3000 	/System/Library/Frameworks/AudioToolbox.framework/Versions/A/AudioToolbox
0x00000001a9cae000 	/System/Library/PrivateFrameworks/DataDetectorsCore.framework/Versions/A/DataDetectorsCore
0x00000001bfdfc000 	/System/Library/PrivateFrameworks/TextInput.framework/Versions/A/TextInput
0x00000001a2684000 	/usr/lib/libMobileGestalt.dylib
0x00000001a6170000 	/System/Library/Frameworks/Carbon.framework/Versions/A/Frameworks/HIToolbox.framework/Versions/A/HIToolbox
0x00000001a444e000 	/System/Library/Frameworks/QuartzCore.framework/Versions/A/QuartzCore
0x000000019f63d000 	/System/Library/Frameworks/Security.framework/Versions/A/Security
0x00000001adedf000 	/System/Library/Frameworks/Carbon.framework/Versions/A/Frameworks/SpeechRecognition.framework/Versions/A/SpeechRecognition
0x00000001a479c000 	/System/Library/PrivateFrameworks/CoreUI.framework/Versions/A/CoreUI
0x000000019ef0e000 	/System/Library/Frameworks/CoreAudio.framework/Versions/A/CoreAudio
0x00000001a40e1000 	/System/Library/Frameworks/DiskArbitration.framework/Versions/A/DiskArbitration
0x00000001a95b5000 	/System/Library/PrivateFrameworks/MultitouchSupport.framework/Versions/A/MultitouchSupport
0x00000001a2682000 	/usr/lib/libenergytrace.dylib
0x000000019ffe9000 	/System/Library/Frameworks/IOKit.framework/Versions/A/IOKit
0x00000001ae2c8000 	/System/Library/Frameworks/CoreServices.framework/Versions/A/CoreServices
0x00000001a49d5000 	/System/Library/PrivateFrameworks/PerformanceAnalysis.framework/Versions/A/PerformanceAnalysis
0x00000001fe9a9000 	/System/Library/Frameworks/OpenGL.framework/Versions/A/OpenGL
0x00000001a755b000 	/System/Library/PrivateFrameworks/MobileKeyBag.framework/Versions/A/MobileKeyBag
0x00000001a30ea000 	/System/Library/Frameworks/ColorSync.framework/Versions/A/ColorSync
0x000000019d588000 	/System/Library/Frameworks/CoreFoundation.framework/Versions/A/CoreFoundation
0x00000001a673d000 	/System/Library/Frameworks/CoreImage.framework/Versions/A/CoreImage
0x000000019ed31000 	/System/Library/Frameworks/CoreText.framework/Versions/A/CoreText
0x00000001a64ec000 	/System/Library/Frameworks/ImageIO.framework/Versions/A/ImageIO
0x00000001a7fa7000 	/System/Library/PrivateFrameworks/SoftLinking.framework/Versions/A/SoftLinking
0x00000001a4a92000 	/usr/lib/libxml2.2.dylib
0x00000001a8240000 	/usr/lib/libcompression.dylib
0x00000001a9bfb000 	/System/Library/PrivateFrameworks/TextureIO.framework/Versions/A/TextureIO
0x00000001a895e000 	/usr/lib/libate.dylib
0x00000001a8826000 	/usr/lib/liblzma.5.dylib
0x000000019e170000 	/System/Library/Frameworks/SystemConfiguration.framework/Versions/A/SystemConfiguration
0x00000001a7fa3000 	/usr/lib/libfakelink.dylib
0x00000001a21b1000 	/System/Library/Frameworks/CFNetwork.framework/Versions/A/CFNetwork
0x00000001a80ea000 	/usr/lib/libarchive.2.dylib
0x00000001a6b06000 	/System/Library/PrivateFrameworks/AppleSystemInfo.framework/Versions/A/AppleSystemInfo
0x00000001a7666000 	/usr/lib/libbsm.0.dylib
0x00000001a16e9000 	/usr/lib/libnetwork.dylib
0x00000001a7f41000 	/usr/lib/system/libkxld.dylib
0x00000001a727d000 	/System/Library/PrivateFrameworks/IOMobileFramebuffer.framework/Versions/A/IOMobileFramebuffer
0x000000021a7da000 	/usr/lib/libCoreEntitlements.dylib
0x00000001a7c84000 	/System/Library/PrivateFrameworks/AppleFSCompression.framework/Versions/A/AppleFSCompression
0x00000001a764e000 	/usr/lib/libcoretls.dylib
0x00000001a883f000 	/usr/lib/libcoretls_cfhelpers.dylib
0x00000001a823b000 	/usr/lib/libpam.2.dylib
0x00000001a3a3e000 	/usr/lib/libsqlite3.dylib
0x00000001a88a7000 	/usr/lib/libxar.1.dylib
0x00000001a7c95000 	/usr/lib/libbz2.1.0.dylib
0x00000001a7fa8000 	/usr/lib/libpcap.A.dylib
0x00000001a3e0d000 	/usr/lib/libdns_services.dylib
0x00000001a820e000 	/usr/lib/libapple_nghttp2.dylib
0x00000001a7fe5000 	/usr/lib/libiconv.2.dylib
0x00000001a7f3a000 	/usr/lib/libcharset.1.dylib
0x00000001a4a11000 	/System/Library/Frameworks/CoreServices.framework/Versions/A/Frameworks/FSEvents.framework/Versions/A/FSEvents
0x000000019fc76000 	/System/Library/Frameworks/CoreServices.framework/Versions/A/Frameworks/CarbonCore.framework/Versions/A/CarbonCore
0x00000001a4044000 	/System/Library/Frameworks/CoreServices.framework/Versions/A/Frameworks/Metadata.framework/Versions/A/Metadata
0x00000001a7ca8000 	/System/Library/Frameworks/CoreServices.framework/Versions/A/Frameworks/OSServices.framework/Versions/A/OSServices
0x00000001a8170000 	/System/Library/Frameworks/CoreServices.framework/Versions/A/Frameworks/SearchKit.framework/Versions/A/SearchKit
0x00000001a3d9b000 	/System/Library/Frameworks/CoreServices.framework/Versions/A/Frameworks/AE.framework/Versions/A/AE
0x000000019dacc000 	/System/Library/Frameworks/CoreServices.framework/Versions/A/Frameworks/LaunchServices.framework/Versions/A/LaunchServices
0x00000001a87cf000 	/System/Library/Frameworks/CoreServices.framework/Versions/A/Frameworks/DictionaryServices.framework/Versions/A/DictionaryServices
0x00000001a4a1e000 	/System/Library/Frameworks/CoreServices.framework/Versions/A/Frameworks/SharedFileList.framework/Versions/A/SharedFileList
0x00000001a763e000 	/usr/lib/libCheckFix.dylib
0x00000001a26f1000 	/System/Library/PrivateFrameworks/TCC.framework/Versions/A/TCC
0x00000001a6b0c000 	/System/Library/PrivateFrameworks/CoreNLP.framework/Versions/A/CoreNLP
0x00000001a3ff0000 	/System/Library/PrivateFrameworks/MetadataUtilities.framework/Versions/A/MetadataUtilities
0x000000019e229000 	/usr/lib/libmecabra.dylib
0x00000001a7677000 	/usr/lib/libmecab.dylib
0x000000019e1f5000 	/usr/lib/libCRFSuite.dylib
0x00000001a76d5000 	/usr/lib/libgermantok.dylib
0x00000001a81e7000 	/usr/lib/libThaiTokenizer.dylib
0x00000001a40e9000 	/System/Library/Frameworks/Accelerate.framework/Versions/A/Frameworks/vImage.framework/Versions/A/vImage
0x00000001ae29f000 	/System/Library/Frameworks/Accelerate.framework/Versions/A/Frameworks/vecLib.framework/Versions/A/vecLib
0x00000001a88eb000 	/System/Library/Frameworks/Accelerate.framework/Versions/A/Frameworks/vecLib.framework/Versions/A/libvMisc.dylib
0x00000001a7187000 	/System/Library/Frameworks/Accelerate.framework/Versions/A/Frameworks/vecLib.framework/Versions/A/libvDSP.dylib
0x000000019de4f000 	/System/Library/Frameworks/Accelerate.framework/Versions/A/Frameworks/vecLib.framework/Versions/A/libBLAS.dylib
0x00000001a830f000 	/System/Library/Frameworks/Accelerate.framework/Versions/A/Frameworks/vecLib.framework/Versions/A/libLAPACK.dylib
0x00000001a76d8000 	/System/Library/Frameworks/Accelerate.framework/Versions/A/Frameworks/vecLib.framework/Versions/A/libLinearAlgebra.dylib
0x00000001a8226000 	/System/Library/Frameworks/Accelerate.framework/Versions/A/Frameworks/vecLib.framework/Versions/A/libSparseBLAS.dylib
0x00000001a830a000 	/System/Library/Frameworks/Accelerate.framework/Versions/A/Frameworks/vecLib.framework/Versions/A/libQuadrature.dylib
0x00000001a6c03000 	/System/Library/Frameworks/Accelerate.framework/Versions/A/Frameworks/vecLib.framework/Versions/A/libBNNS.dylib
0x000000019e10d000 	/System/Library/Frameworks/Accelerate.framework/Versions/A/Frameworks/vecLib.framework/Versions/A/libSparse.dylib
0x00000001a6bfb000 	/System/Library/PrivateFrameworks/LinguisticData.framework/Versions/A/LinguisticData
0x000000019e0c3000 	/System/Library/PrivateFrameworks/Lexicon.framework/Versions/A/Lexicon
0x00000001a88e3000 	/usr/lib/libChineseTokenizer.dylib
0x000000019e86a000 	/System/Library/PrivateFrameworks/LanguageModeling.framework/Versions/A/LanguageModeling
0x00000001a81e9000 	/System/Library/PrivateFrameworks/AppleSauce.framework/Versions/A/AppleSauce
0x00000001a726a000 	/System/Library/PrivateFrameworks/CoreEmoji.framework/Versions/A/CoreEmoji
0x00000001a80d8000 	/usr/lib/libcmph.dylib
0x00000001a49f1000 	/System/Library/Frameworks/OpenDirectory.framework/Versions/A/Frameworks/CFOpenDirectory.framework/Versions/A/CFOpenDirectory
0x00000001a49e1000 	/System/Library/Frameworks/OpenDirectory.framework/Versions/A/OpenDirectory
0x00000001a8841000 	/System/Library/PrivateFrameworks/APFS.framework/Versions/A/APFS
0x00000001a7596000 	/System/Library/Frameworks/SecurityFoundation.framework/Versions/A/SecurityFoundation
0x00000001a88b5000 	/usr/lib/libutil.dylib
0x000000019ffab000 	/System/Library/PrivateFrameworks/CoreServicesStore.framework/Versions/A/CoreServicesStore
0x00000001a88b9000 	/usr/lib/libxslt.1.dylib
0x00000001a762a000 	/System/Library/PrivateFrameworks/BackgroundTaskManagement.framework/Versions/A/BackgroundTaskManagement
0x00000001a9b1c000 	/System/Library/Frameworks/ImageIO.framework/Versions/A/Resources/libRadiance.dylib
0x00000001a9b25000 	/System/Library/Frameworks/ImageIO.framework/Versions/A/Resources/libJPEG.dylib
0x00000001a9a77000 	/System/Library/Frameworks/ImageIO.framework/Versions/A/Resources/libPng.dylib
0x00000001a9a99000 	/System/Library/Frameworks/ImageIO.framework/Versions/A/Resources/libTIFF.dylib
0x00000001a9b80000 	/System/Library/Frameworks/ImageIO.framework/Versions/A/Resources/libGIF.dylib
0x00000001a94c5000 	/System/Library/Frameworks/ImageIO.framework/Versions/A/Resources/libJP2.dylib
0x00000001a8c0a000 	/usr/lib/libexpat.1.dylib
0x00000001a9480000 	/System/Library/PrivateFrameworks/AppleJPEG.framework/Versions/A/AppleJPEG
0x00000001a602f000 	/System/Library/PrivateFrameworks/FontServices.framework/libFontParser.dylib
0x00000001a3d40000 	/System/Library/PrivateFrameworks/RunningBoardServices.framework/Versions/A/RunningBoardServices
0x00000001b421c000 	/System/Library/PrivateFrameworks/IOSurfaceAccelerator.framework/Versions/A/IOSurfaceAccelerator
0x00000001a95b1000 	/System/Library/PrivateFrameworks/WatchdogClient.framework/Versions/A/WatchdogClient
0x000000019e96e000 	/System/Library/Frameworks/CoreDisplay.framework/Versions/A/CoreDisplay
0x00000001a5f1d000 	/System/Library/Frameworks/CoreMedia.framework/Versions/A/CoreMedia
0x00000001a5db1000 	/System/Library/PrivateFrameworks/IOAccelerator.framework/Versions/A/IOAccelerator
0x00000001a4b7f000 	/System/Library/Frameworks/CoreVideo.framework/Versions/A/CoreVideo
0x00000001a8239000 	/System/Library/Frameworks/MetalPerformanceShaders.framework/Versions/A/MetalPerformanceShaders
0x00000001a95ee000 	/System/Library/Frameworks/VideoToolbox.framework/Versions/A/VideoToolbox
0x00000001a3c84000 	/System/Library/PrivateFrameworks/BaseBoard.framework/Versions/A/BaseBoard
0x00000001a3a23000 	/System/Library/PrivateFrameworks/ProtocolBuffer.framework/Versions/A/ProtocolBuffer
0x00000001a9b17000 	/System/Library/PrivateFrameworks/GPUWrangler.framework/Versions/A/GPUWrangler
0x00000001a9af6000 	/System/Library/PrivateFrameworks/IOPresentment.framework/Versions/A/IOPresentment
0x00000001a9b1f000 	/System/Library/PrivateFrameworks/DSExternalDisplay.framework/Versions/A/DSExternalDisplay
0x00000001fe99c000 	/System/Library/Frameworks/OpenGL.framework/Versions/A/Libraries/libCoreFSCache.dylib
0x0000000208187000 	/System/Library/PrivateFrameworks/GPUCompiler.framework/Versions/31001/Libraries/libGPUCompilerUtils.dylib
0x00000001a9b85000 	/System/Library/PrivateFrameworks/CMCaptureCore.framework/Versions/A/CMCaptureCore
0x00000001a91be000 	/System/Library/PrivateFrameworks/AppServerSupport.framework/Versions/A/AppServerSupport
0x00000001ab35e000 	/System/Library/PrivateFrameworks/perfdata.framework/Versions/A/perfdata
0x000000019ea8e000 	/System/Library/PrivateFrameworks/AudioToolboxCore.framework/Versions/A/AudioToolboxCore
0x00000001a5ef5000 	/System/Library/PrivateFrameworks/caulk.framework/Versions/A/caulk
0x00000001aac53000 	/usr/lib/libAudioStatistics.dylib
0x00000001bc570000 	/System/Library/PrivateFrameworks/SystemPolicy.framework/Versions/A/SystemPolicy
0x00000001aaeb3000 	/usr/lib/libSMC.dylib
0x00000001b3a88000 	/System/Library/Frameworks/CoreMIDI.framework/Versions/A/CoreMIDI
0x00000001a9a45000 	/usr/lib/libAudioToolboxUtility.dylib
0x00000001b899d000 	/System/Library/PrivateFrameworks/OSAServicesClient.framework/Versions/A/OSAServicesClient
0x00000001ab36b000 	/usr/lib/libperfcheck.dylib
0x00000001bd077000 	/usr/lib/libmis.dylib
0x00000001fe9fd000 	/System/Library/Frameworks/OpenGL.framework/Versions/A/Libraries/libGLU.dylib
0x00000001fe9bc000 	/System/Library/Frameworks/OpenGL.framework/Versions/A/Libraries/libGFXShared.dylib
0x00000001feba6000 	/System/Library/Frameworks/OpenGL.framework/Versions/A/Libraries/libGL.dylib
0x00000001fe9c5000 	/System/Library/Frameworks/OpenGL.framework/Versions/A/Libraries/libGLImage.dylib
0x00000001fe9b9000 	/System/Library/Frameworks/OpenGL.framework/Versions/A/Libraries/libCVMSPluginSupport.dylib
0x00000001fe9a3000 	/System/Library/Frameworks/OpenGL.framework/Versions/A/Libraries/libCoreVMClient.dylib
0x00000001a6a87000 	/System/Library/Frameworks/MetalPerformanceShaders.framework/Versions/A/Frameworks/MPSCore.framework/Versions/A/MPSCore
0x00000001a7bf7000 	/System/Library/Frameworks/MetalPerformanceShaders.framework/Versions/A/Frameworks/MPSImage.framework/Versions/A/MPSImage
0x00000001a76ed000 	/System/Library/Frameworks/MetalPerformanceShaders.framework/Versions/A/Frameworks/MPSNeuralNetwork.framework/Versions/A/MPSNeuralNetwork
0x00000001a7b2a000 	/System/Library/Frameworks/MetalPerformanceShaders.framework/Versions/A/Frameworks/MPSMatrix.framework/Versions/A/MPSMatrix
0x00000001a7905000 	/System/Library/Frameworks/MetalPerformanceShaders.framework/Versions/A/Frameworks/MPSRayIntersector.framework/Versions/A/MPSRayIntersector
0x00000001a7b5b000 	/System/Library/Frameworks/MetalPerformanceShaders.framework/Versions/A/Frameworks/MPSNDArray.framework/Versions/A/MPSNDArray
0x00000002006d4000 	/System/Library/Frameworks/MetalPerformanceShaders.framework/Versions/A/Frameworks/MPSFunctions.framework/Versions/A/MPSFunctions
0x000000019dd2d000 	/System/Library/PrivateFrameworks/MetalTools.framework/Versions/A/MetalTools
0x00000001a6b04000 	/System/Library/PrivateFrameworks/AggregateDictionary.framework/Versions/A/AggregateDictionary
0x00000001a89f0000 	/usr/lib/libIOReport.dylib
0x00000001b2a6f000 	/System/Library/PrivateFrameworks/ASEProcessing.framework/Versions/A/ASEProcessing
0x00000001a8d63000 	/System/Library/PrivateFrameworks/FaceCore.framework/Versions/A/FaceCore
0x00000001a8d55000 	/System/Library/PrivateFrameworks/GraphVisualizer.framework/Versions/A/GraphVisualizer
0x000000020809e000 	/System/Library/PrivateFrameworks/FontServices.framework/Versions/A/FontServices
0x00000001a9178000 	/System/Library/PrivateFrameworks/OTSVG.framework/Versions/A/OTSVG
0x00000001a474d000 	/System/Library/Frameworks/ApplicationServices.framework/Versions/A/Frameworks/ATS.framework/Versions/A/Resources/libFontRegistry.dylib
0x00000001a91c7000 	/System/Library/PrivateFrameworks/FontServices.framework/libhvf.dylib
0x000000020809f000 	/System/Library/PrivateFrameworks/FontServices.framework/libXTFontStaticRegistryData.dylib
0x00000001fed48000 	/System/Library/Frameworks/OpenCL.framework/Versions/A/OpenCL
0x00000001a8bbe000 	/System/Library/PrivateFrameworks/AppleVA.framework/Versions/A/AppleVA
0x00000001aac7b000 	/System/Library/Frameworks/ApplicationServices.framework/Versions/A/Frameworks/ATS.framework/Versions/A/ATS
0x00000001a31e7000 	/System/Library/Frameworks/ApplicationServices.framework/Versions/A/Frameworks/HIServices.framework/Versions/A/HIServices
0x00000001a9b8f000 	/System/Library/Frameworks/ApplicationServices.framework/Versions/A/Frameworks/PrintCore.framework/Versions/A/PrintCore
0x00000001ab006000 	/System/Library/Frameworks/ApplicationServices.framework/Versions/A/Frameworks/QD.framework/Versions/A/QD
0x00000001aaffe000 	/System/Library/Frameworks/ApplicationServices.framework/Versions/A/Frameworks/ColorSyncLegacy.framework/Versions/A/ColorSyncLegacy
0x00000001aac67000 	/System/Library/Frameworks/ApplicationServices.framework/Versions/A/Frameworks/SpeechSynthesis.framework/Versions/A/SpeechSynthesis
0x00000001a9b50000 	/System/Library/Frameworks/ApplicationServices.framework/Versions/A/Frameworks/ATSUI.framework/Versions/A/ATSUI
0x00000001aaf93000 	/usr/lib/libcups.2.dylib
0x00000001ab379000 	/System/Library/Frameworks/Kerberos.framework/Versions/A/Kerberos
0x00000001ab38a000 	/System/Library/Frameworks/GSS.framework/Versions/A/GSS
0x00000001aacea000 	/usr/lib/libresolv.9.dylib
0x00000001a91d5000 	/System/Library/PrivateFrameworks/Heimdal.framework/Versions/A/Heimdal
0x00000001b1cde000 	/System/Library/Frameworks/Kerberos.framework/Versions/A/Libraries/libHeimdalProxy.dylib
0x00000001a3e1f000 	/System/Library/Frameworks/Network.framework/Versions/A/Network
0x00000001a8c25000 	/usr/lib/libheimdal-asn1.dylib
0x00000001ab3d0000 	/System/Library/PrivateFrameworks/CommonAuth.framework/Versions/A/CommonAuth
0x00000001aabe1000 	/System/Library/PrivateFrameworks/AudioSession.framework/Versions/A/AudioSession
0x00000001a8cb6000 	/System/Library/PrivateFrameworks/MediaExperience.framework/Versions/A/MediaExperience
0x00000001aaa69000 	/System/Library/PrivateFrameworks/AudioSession.framework/libSessionUtility.dylib
0x00000001ab012000 	/System/Library/PrivateFrameworks/AudioResourceArbitration.framework/Versions/A/AudioResourceArbitration
0x00000001af11d000 	/System/Library/PrivateFrameworks/PowerLog.framework/Versions/A/PowerLog
0x00000001a8c2e000 	/System/Library/PrivateFrameworks/IconFoundation.framework/Versions/A/IconFoundation
0x00000001adecb000 	/System/Library/PrivateFrameworks/SpeechRecognitionCore.framework/Versions/A/SpeechRecognitionCore
0x00000001037ec000 	/Library/Java/JavaVirtualMachines/jdk-18.0.1.1.jdk/Contents/Home/lib/server/libjvm.dylib
0x00000001025c4000 	/Library/Java/JavaVirtualMachines/jdk-18.0.1.1.jdk/Contents/Home/lib/libjimage.dylib
0x00000001025f0000 	/Library/Java/JavaVirtualMachines/jdk-18.0.1.1.jdk/Contents/Home/lib/libinstrument.dylib
0x000000010263c000 	/Library/Java/JavaVirtualMachines/jdk-18.0.1.1.jdk/Contents/Home/lib/libjava.dylib
0x000000010279c000 	/Library/Java/JavaVirtualMachines/jdk-18.0.1.1.jdk/Contents/Home/lib/libnio.dylib
0x00000001027bc000 	/Library/Java/JavaVirtualMachines/jdk-18.0.1.1.jdk/Contents/Home/lib/libnet.dylib
0x0000000102624000 	/Library/Java/JavaVirtualMachines/jdk-18.0.1.1.jdk/Contents/Home/lib/libzip.dylib
0x0000000103700000 	/Users/niambashambu/Documents/Documents - nbash Macbook Air/Java/javafx-sdk-17.0.1/lib/libprism_es2.dylib
0x000000019ff6e000 	/System/Library/PrivateFrameworks/CoreServicesInternal.framework/Versions/A/CoreServicesInternal
0x00000001febb0000 	/System/Library/Frameworks/OpenGL.framework/Versions/A/Resources/GLEngine.bundle/GLEngine
0x00000001fea37000 	/System/Library/Frameworks/OpenGL.framework/Versions/A/Libraries/libGLProgrammability.dylib
0x0000000113d90000 	/System/Library/Extensions/AppleMetalOpenGLRenderer.bundle/Contents/MacOS/AppleMetalOpenGLRenderer
0x00000001fed1f000 	/System/Library/Frameworks/OpenGL.framework/Versions/A/Resources/GLRendererFloat.bundle/GLRendererFloat
0x00000001fedc0000 	/System/Library/Extensions/AGXMetal13_3.bundle/Contents/MacOS/AGXMetal13_3
0x00000001bd093000 	/System/Library/PrivateFrameworks/GPURawCounter.framework/Versions/A/GPURawCounter
0x00000001b7b21000 	/System/Library/PrivateFrameworks/IOGPU.framework/Versions/A/IOGPU
0x0000000113e28000 	/Users/niambashambu/Documents/Documents - nbash Macbook Air/Java/javafx-sdk-17.0.1/lib/libglass.dylib
0x00000001af371000 	/System/Library/Frameworks/FileProvider.framework/Versions/A/FileProvider
0x00000001a3bec000 	/System/Library/Frameworks/Accounts.framework/Versions/A/Accounts
0x00000001af4f1000 	/System/Library/PrivateFrameworks/GenerationalStorage.framework/Versions/A/GenerationalStorage
0x00000001b00a7000 	/System/Library/PrivateFrameworks/CoreSymbolication.framework/Versions/A/CoreSymbolication
0x00000001af111000 	/System/Library/PrivateFrameworks/SymptomDiagnosticReporter.framework/Versions/A/SymptomDiagnosticReporter
0x00000001a125a000 	/System/Library/PrivateFrameworks/DesktopServicesPriv.framework/Versions/A/DesktopServicesPriv
0x00000001a00ce000 	/usr/lib/libsandbox.1.dylib
0x00000001a4c0c000 	/System/Library/PrivateFrameworks/UserManagement.framework/Versions/A/UserManagement
0x00000001b0068000 	/System/Library/PrivateFrameworks/DebugSymbols.framework/Versions/A/DebugSymbols
0x00000001aaff1000 	/System/Library/PrivateFrameworks/NetAuth.framework/Versions/A/NetAuth
0x00000001abef4000 	/System/Library/PrivateFrameworks/Sharing.framework/Versions/A/Sharing
0x00000001a4bdc000 	/System/Library/PrivateFrameworks/login.framework/Versions/A/Frameworks/loginsupport.framework/Versions/A/loginsupport
0x00000001b1220000 	/System/Library/PrivateFrameworks/Apple80211.framework/Versions/A/Apple80211
0x00000001a7cdb000 	/System/Library/PrivateFrameworks/AuthKit.framework/Versions/A/AuthKit
0x00000001a7369000 	/System/Library/PrivateFrameworks/CoreUtils.framework/Versions/A/CoreUtils
0x00000001a7289000 	/System/Library/Frameworks/CoreWLAN.framework/Versions/A/CoreWLAN
0x00000001ac05e000 	/System/Library/Frameworks/IOBluetooth.framework/Versions/A/IOBluetooth
0x00000001b1280000 	/System/Library/PrivateFrameworks/CoreWiFi.framework/Versions/A/CoreWiFi
0x00000001afc4f000 	/System/Library/PrivateFrameworks/FrontBoardServices.framework/Versions/A/FrontBoardServices
0x00000001afce7000 	/System/Library/PrivateFrameworks/BoardServices.framework/Versions/A/BoardServices
0x00000001a7584000 	/System/Library/PrivateFrameworks/AssertionServices.framework/Versions/A/AssertionServices
0x00000001b13ee000 	/System/Library/PrivateFrameworks/BackBoardServices.framework/Versions/A/BackBoardServices
0x00000001ab463000 	/System/Library/PrivateFrameworks/CorePhoneNumbers.framework/Versions/A/CorePhoneNumbers
0x00000001af241000 	/System/Library/PrivateFrameworks/DiskManagement.framework/Versions/A/DiskManagement
0x00000001af144000 	/System/Library/PrivateFrameworks/AppleIDAuthSupport.framework/Versions/A/AppleIDAuthSupport
0x00000002029be000 	/System/Library/PrivateFrameworks/AAAFoundation.framework/Versions/A/AAAFoundation
0x00000001ab442000 	/System/Library/PrivateFrameworks/KeychainCircle.framework/Versions/A/KeychainCircle
0x00000001af20d000 	/System/Library/PrivateFrameworks/MediaKit.framework/Versions/A/MediaKit
0x00000001af151000 	/System/Library/Frameworks/DiscRecording.framework/Versions/A/DiscRecording
0x00000001a8b3a000 	/usr/lib/libCoreStorage.dylib
0x00000001b16ea000 	/usr/lib/libcsfde.dylib
0x00000001ac133000 	/System/Library/PrivateFrameworks/ProtectedCloudStorage.framework/Versions/A/ProtectedCloudStorage
0x00000001b16e2000 	/System/Library/PrivateFrameworks/EFILogin.framework/Versions/A/EFILogin
0x00000001af518000 	/System/Library/PrivateFrameworks/OctagonTrust.framework/Versions/A/OctagonTrust
0x00000002072ea000 	/System/Library/PrivateFrameworks/CoreUtilsExtras.framework/Versions/A/CoreUtilsExtras
0x00000001af086000 	/System/Library/Frameworks/CoreBluetooth.framework/Versions/A/CoreBluetooth
0x00000001b1d63000 	/System/Library/Frameworks/AudioUnit.framework/Versions/A/AudioUnit
0x00000001a8b32000 	/usr/lib/libMatch.1.dylib
0x00000001c1389000 	/System/Library/Frameworks/Accelerate.framework/Versions/A/Frameworks/vImage.framework/Versions/A/Libraries/libCGInterfaces.dylib
0x0000000113fd8000 	/usr/lib/libobjc-trampolines.dylib
0x00000001a48d9000 	/System/Library/PrivateFrameworks/ViewBridge.framework/Versions/A/ViewBridge
0x00000001a89f9000 	/System/Library/PrivateFrameworks/CrashReporterSupport.framework/Versions/A/CrashReporterSupport
0x00000001c8d52000 	/System/Library/PrivateFrameworks/OSAnalytics.framework/Versions/A/OSAnalytics
0x00000001d3d93000 	/System/Library/PrivateFrameworks/Symbolication.framework/Versions/A/Symbolication
0x00000001bd054000 	/System/Library/PrivateFrameworks/MallocStackLogging.framework/Versions/A/MallocStackLogging
0x00000001175b0000 	/Users/niambashambu/Documents/Documents - nbash Macbook Air/Java/javafx-sdk-17.0.1/lib/libjavafx_font.dylib
0x00000001a9283000 	/System/Library/PrivateFrameworks/login.framework/Versions/A/login
0x000000021a954000 	/usr/lib/libRosetta.dylib


VM Arguments:
jvm_args: -Djava.library.path=/Users/niambashambu/Documents/Documents - nbash Macbook Air/Java/javafx-sdk-17.0.1/lib -javaagent:/Applications/IntelliJ IDEA CE.app/Contents/lib/idea_rt.jar=64413:/Applications/IntelliJ IDEA CE.app/Contents/bin -Dfile.encoding=UTF-8 --module-path=/Users/niambashambu/Documents/Documents - nbash Macbook Air/Java/javafx-sdk-17.0.1/lib/javafx.media.jar:/Users/niambashambu/IdeaProjects/niamb2023_augustusb2023_Design_Project_1/out/production/src:/Users/niambashambu/Documents/Documents - nbash Macbook Air/Java/javafx-sdk-17.0.1/lib/javafx.fxml.jar:/Users/niambashambu/Documents/Documents - nbash Macbook Air/Java/javafx-sdk-17.0.1/lib/javafx.base.jar:/Users/niambashambu/Documents/Documents - nbash Macbook Air/Java/javafx-sdk-17.0.1/lib/javafx.controls.jar:/Users/niambashambu/Documents/Documents - nbash Macbook Air/Java/javafx-sdk-17.0.1/lib/javafx.graphics.jar -Djdk.module.main=niamb2023.augustusb2023.Design.Project 
java_command: niamb2023.augustusb2023.Design.Project/org.headroyce.dp1.Launcher
java_class_path (initial): /Users/niambashambu/Documents/Documents - nbash Macbook Air/Java/javafx-sdk-17.0.1/lib/javafx-swt.jar:/Users/niambashambu/Documents/Documents - nbash Macbook Air/Java/javafx-sdk-17.0.1/lib/javafx.web.jar:/Users/niambashambu/Documents/Documents - nbash Macbook Air/Java/javafx-sdk-17.0.1/lib/javafx.swing.jar
Launcher Type: SUN_STANDARD

[Global flags]
     intx CICompilerCount                          = 4                                         {product} {ergonomic}
     uint ConcGCThreads                            = 2                                         {product} {ergonomic}
     uint G1ConcRefinementThreads                  = 8                                         {product} {ergonomic}
   size_t G1HeapRegionSize                         = 1048576                                   {product} {ergonomic}
    uintx GCDrainStackTargetSize                   = 64                                        {product} {ergonomic}
   size_t InitialHeapSize                          = 134217728                                 {product} {ergonomic}
   size_t MarkStackSize                            = 4194304                                   {product} {ergonomic}
   size_t MaxHeapSize                              = 2147483648                                {product} {ergonomic}
   size_t MaxNewSize                               = 1287651328                                {product} {ergonomic}
   size_t MinHeapDeltaBytes                        = 1048576                                   {product} {ergonomic}
   size_t MinHeapSize                              = 8388608                                   {product} {ergonomic}
    uintx NonNMethodCodeHeapSize                   = 5839564                                {pd product} {ergonomic}
    uintx NonProfiledCodeHeapSize                  = 122909338                              {pd product} {ergonomic}
    uintx ProfiledCodeHeapSize                     = 122909338                              {pd product} {ergonomic}
    uintx ReservedCodeCacheSize                    = 251658240                              {pd product} {ergonomic}
     bool SegmentedCodeCache                       = true                                      {product} {ergonomic}
   size_t SoftMaxHeapSize                          = 2147483648                             {manageable} {ergonomic}
     bool UseCompressedClassPointers               = true                           {product lp64_product} {ergonomic}
     bool UseCompressedOops                        = true                           {product lp64_product} {ergonomic}
     bool UseG1GC                                  = true                                      {product} {ergonomic}
     bool UseNUMA                                  = false                                     {product} {ergonomic}
     bool UseNUMAInterleaving                      = false                                     {product} {ergonomic}

Logging:
Log output configuration:
 #0: stdout all=warning uptime,level,tags foldmultilines=false
 #1: stderr all=off uptime,level,tags foldmultilines=false

Environment Variables:
PATH=/usr/local/bin:/usr/bin:/bin:/usr/sbin:/sbin
SHELL=/bin/zsh
LC_CTYPE=en_US.UTF-8

Signal Handlers:
   SIGSEGV: _ZL13crash_handleriP9__siginfoPv in libjvm.dylib, mask=11100110000111110111111111111111, flags=SA_RESTART|SA_SIGINFO
    SIGBUS: _ZL13crash_handleriP9__siginfoPv in libjvm.dylib, mask=11100110000111110111111111111111, flags=SA_RESTART|SA_SIGINFO
    SIGFPE: _ZL13crash_handleriP9__siginfoPv in libjvm.dylib, mask=11100110000111110111111111111111, flags=SA_RESTART|SA_SIGINFO
   SIGPIPE: _ZL17javaSignalHandleriP9__siginfoPv in libjvm.dylib, mask=11100110000111110111111111111111, flags=SA_RESTART|SA_SIGINFO
   SIGXFSZ: _ZL17javaSignalHandleriP9__siginfoPv in libjvm.dylib, mask=11100110000111110111111111111111, flags=SA_RESTART|SA_SIGINFO
    SIGILL: _ZL13crash_handleriP9__siginfoPv in libjvm.dylib, mask=11100110000111110111111111111111, flags=SA_RESTART|SA_SIGINFO
   SIGUSR2: _ZL10SR_handleriP9__siginfoP17__darwin_ucontext in libjvm.dylib, mask=00100000000000000000000000000000, flags=SA_RESTART|SA_SIGINFO
    SIGHUP: _ZL11UserHandleriPvS_ in libjvm.dylib, mask=11100110000111110111111111111111, flags=SA_RESTART|SA_SIGINFO
    SIGINT: _ZL11UserHandleriPvS_ in libjvm.dylib, mask=11100110000111110111111111111111, flags=SA_RESTART|SA_SIGINFO
   SIGTERM: _ZL11UserHandleriPvS_ in libjvm.dylib, mask=11100110000111110111111111111111, flags=SA_RESTART|SA_SIGINFO
   SIGQUIT: _ZL11UserHandleriPvS_ in libjvm.dylib, mask=11100110000111110111111111111111, flags=SA_RESTART|SA_SIGINFO
   SIGTRAP: _ZL13crash_handleriP9__siginfoPv in libjvm.dylib, mask=11100110000111110111111111111111, flags=SA_RESTART|SA_SIGINFO


---------------  S Y S T E M  ---------------

OS:
uname: Darwin 21.3.0 Darwin Kernel Version 21.3.0: Wed Jan  5 21:37:58 PST 2022; root:xnu-8019.80.24~20/RELEASE_ARM64_T8101 arm64
OS uptime: 99 days 11:20 hours
rlimit (soft/hard): STACK 8176k/65520k , CORE 0k/infinity , NPROC 1333/2000 , NOFILE 10240/infinity , AS infinity/infinity , CPU infinity/infinity , DATA infinity/infinity , FSIZE infinity/infinity , MEMLOCK infinity/infinity , RSS infinity/infinity
load average: 3.75 3.80 3.38

CPU: total 8 (initial active 8) 0x61:0x0:0x1b588bb3:0, fp, simd, aes, pmull, crc, lse

Memory: 16k page, physical 8388608k(100752k free), swap 14680064k(1381376k free)

vm_info: Java HotSpot(TM) 64-Bit Server VM (18.0.1.1+2-6) for bsd-aarch64 JRE (18.0.1.1+2-6), built on Apr 25 2022 20:54:58 by "mach5one" with clang Apple LLVM 12.0.0 (clang-1200.0.32.29)

END.
