#
# A fatal error has been detected by the Java Runtime Environment:
#
#  SIGBUS (0xa) at pc=0x000000010a9614f0, pid=63915, tid=35851
#
# JRE version: Java(TM) SE Runtime Environment (18.0.1.1+2) (build 18.0.1.1+2-6)
# Java VM: Java HotSpot(TM) 64-Bit Server VM (18.0.1.1+2-6, mixed mode, sharing, tiered, compressed oops, compressed class ptrs, g1 gc, bsd-aarch64)
# Problematic frame:
# v  ~StubRoutines::SafeFetchN
#
# No core dump will be written. Core dumps have been disabled. To enable core dumping, try "ulimit -c unlimited" before starting Java again
#
# If you would like to submit a bug report, please visit:
#   https://bugreport.java.com/bugreport/crash.jsp
# The crash happened outside the Java Virtual Machine in native code.
# See problematic frame for where to report the bug.
#

---------------  S U M M A R Y ------------

Command Line: -Djava.library.path=/Users/niambashambu/Documents/Documents - nbash Macbook Air/Java/javafx-sdk-17.0.1/lib -javaagent:/Applications/IntelliJ IDEA CE.app/Contents/lib/idea_rt.jar=64455:/Applications/IntelliJ IDEA CE.app/Contents/bin -Dfile.encoding=UTF-8 --module-path=/Users/niambashambu/Documents/Documents - nbash Macbook Air/Java/javafx-sdk-17.0.1/lib/javafx.media.jar:/Users/niambashambu/IdeaProjects/niamb2023_augustusb2023_Design_Project_1/out/production/src:/Users/niambashambu/Documents/Documents - nbash Macbook Air/Java/javafx-sdk-17.0.1/lib/javafx.fxml.jar:/Users/niambashambu/Documents/Documents - nbash Macbook Air/Java/javafx-sdk-17.0.1/lib/javafx.base.jar:/Users/niambashambu/Documents/Documents - nbash Macbook Air/Java/javafx-sdk-17.0.1/lib/javafx.controls.jar:/Users/niambashambu/Documents/Documents - nbash Macbook Air/Java/javafx-sdk-17.0.1/lib/javafx.graphics.jar -Djdk.module.main=niamb2023.augustusb2023.Design.Project niamb2023.augustusb2023.Design.Project/org.headroyce.dp1.Launcher

Host: "MacBookAir10,1" arm64, 8 cores, 8G, Darwin 21.3.0, macOS 12.2 (21D49)
Time: Wed May 18 10:59:13 2022 PDT elapsed time: 60.278837 seconds (0d 0h 1m 0s)

---------------  T H R E A D  ---------------

Current thread (0x000000012e925a00):  JavaThread "InvokeLaterDispatcher" daemon [_thread_in_native, id=35851, stack(0x0000000171968000,0x0000000171b6b000)]

Stack: [0x0000000171968000,0x0000000171b6b000],  sp=0x0000000171b6a7f0,  free space=2057k
Native frames: (J=compiled Java code, j=interpreted, Vv=VM code, C=native code)
v  ~StubRoutines::SafeFetchN
V  [libjvm.dylib+0x7cb69c]  _ZN10OopStorage7releaseEPKP7oopDesc+0x20
V  [libjvm.dylib+0x4f3fd8]  jni_DeleteGlobalRef+0xc0
C  [libglass.dylib+0xab08]  -[GlassRunnable dealloc]+0x34
C  [Foundation+0x84c7c]  -[_NSThreadPerformInfo dealloc]+0x30
C  [Foundation+0x51578]  -[NSObject(NSThreadPerformAdditions) performSelectorOnMainThread:withObject:waitUntilDone:]+0x88
C  0x872b8001125d3dcc
J 3107 c1 com.sun.glass.ui.mac.MacApplication.submitForLaterInvocation(Ljava/lang/Runnable;)V javafx.graphics (6 bytes) @ 0x000000010b50ae58 [0x000000010b50adc0+0x0000000000000098]
C  0x00000007851102e8

Java frames: (J=compiled Java code, j=interpreted, Vv=VM code)
J 3226  com.sun.glass.ui.mac.MacApplication._submitForLaterInvocation(Ljava/lang/Runnable;)V javafx.graphics (0 bytes) @ 0x00000001125d3dcc [0x00000001125d3d40+0x000000000000008c]
J 3107 c1 com.sun.glass.ui.mac.MacApplication.submitForLaterInvocation(Ljava/lang/Runnable;)V javafx.graphics (6 bytes) @ 0x000000010b50ae58 [0x000000010b50adc0+0x0000000000000098]
j  com.sun.glass.ui.InvokeLaterDispatcher.run()V+82 javafx.graphics
v  ~StubRoutines::call_stub

siginfo: si_signo: 10 (SIGBUS), si_code: 1 (BUS_ADRALN), si_addr: 0x000000010a9614f0

Register to memory mapping:

 x0=0x000000013e706388 is a global jni handle
 x1=0x0 is NULL
 x2=0x0000000787f80c78 is an oop: com.sun.glass.ui.InvokeLaterDispatcher$Future 
{0x0000000787f80c78} - klass: 'com/sun/glass/ui/InvokeLaterDispatcher$Future'
 - ---- fields (total size 3 words):
 - private 'done' 'Z' @12  true
 - private final 'runnable' 'Ljava/lang/Runnable;' @16  a 'com/sun/javafx/application/PlatformImpl$$Lambda$89+0x0000000800c82cf8'{0x0000000787c05218} (f0f80a43)
 - final synthetic 'this$0' 'Lcom/sun/glass/ui/InvokeLaterDispatcher;' @20  a 'com/sun/glass/ui/InvokeLaterDispatcher'{0x00000007851102e8} (f0a2205d)
 x3=0x0 is NULL
 x4=0x00000000000130a8 is an unknown value
 x5=0x0 is NULL
 x6=0x0 is NULL
 x7=0x0 is NULL
 x8=0x000000010a9614ec is at begin+0 in a stub
StubRoutines::SafeFetchN [0x000000010a9614ec, 0x000000010a9614f8] (12 bytes)
 x9=0x0 is NULL
x10=0x2010000030300000 is an unknown value
x11=0x0000000000000007 is an unknown value
x12=0x0000000000000007 is an unknown value
x13=0x0000600000a92160 points into unknown readable memory: 0xc13500019e4cd738 | 38 d7 4c 9e 01 00 35 c1
x14=0x0000000000000001 is an unknown value
x15=0x000000011e3b5f98: OBJC_CLASS_$_GlassRunnable+0 in /Users/niambashambu/Documents/Documents - nbash Macbook Air/Java/javafx-sdk-17.0.1/lib/libglass.dylib at 0x000000011e370000
x16=0x000000019d53c094: pthread_getspecific+0 in /usr/lib/system/libsystem_pthread.dylib at 0x000000019d53a000
x17=0x0000600000fbccb0 points into unknown readable memory: 0xfffffffffffffffe | fe ff ff ff ff ff ff ff
x18=0x0 is NULL
x19=0x0000600000fb4f50 points into unknown readable memory: 0x00006000026b0060 | 60 00 6b 02 00 60 00 00
x20=0x000000013e706180 points into unknown readable memory: 0x0000000000000000 | 00 00 00 00 00 00 00 00
x21=0x000000013e706388 is a global jni handle
x22=0x000000012e925a00 is a thread
x23=0x0000000000000001 is an unknown value
x24=0x000000013e706340 is a global jni handle
x25=0x0000000102d06ca8: _ZN12StubRoutines17_safefetchN_entryE+0 in /Library/Java/JavaVirtualMachines/jdk-18.0.1.1.jdk/Contents/Home/lib/server/libjvm.dylib at 0x0000000102140000
x26=0x000000012a5221c0 is pointing into metadata
x27=0x0 is NULL
x28=0x000000012e925a00 is a thread


Registers:
 x0=0x000000013e706388  x1=0x0000000000000000  x2=0x0000000787f80c78  x3=0x0000000000000000
 x4=0x00000000000130a8  x5=0x0000000000000000  x6=0x0000000000000000  x7=0x0000000000000000
 x8=0x000000010a9614ec  x9=0x0000000000000000 x10=0x2010000030300000 x11=0x0000000000000007
x12=0x0000000000000007 x13=0x0000600000a92160 x14=0x0000000000000001 x15=0x000000011e3b5f98
x16=0x000000019d53c094 x17=0x0000600000fbccb0 x18=0x0000000000000000 x19=0x0000600000fb4f50
x20=0x000000013e706180 x21=0x000000013e706388 x22=0x000000012e925a00 x23=0x0000000000000001
x24=0x000000013e706340 x25=0x0000000102d06ca8 x26=0x000000012a5221c0 x27=0x0000000000000000
x28=0x000000012e925a00  fp=0x0000000171b6a830  lr=0x000000010290a490  sp=0x0000000171b6a7f0
pc=0x000000010a9614f0 cpsr=0x0000000060001000
Top of Stack: (sp=0x0000000171b6a7f0)
0x0000000171b6a7f0:   000000012a5221c0 0000000000000001
0x0000000171b6a800:   0000000800c2ae30 0000600002695270
0x0000000171b6a810:   0000000000000000 000000013e706370
0x0000000171b6a820:   000000013e706370 0000600000fb4f50
0x0000000171b6a830:   0000000171b6a870 000000010290b69c
0x0000000171b6a840:   0000000000000001 000000013e706370
0x0000000171b6a850:   0000000000000000 000000013e706370
0x0000000171b6a860:   0000000000000001 000000013f03e600
0x0000000171b6a870:   0000000171b6a8a0 0000000102633fd8
0x0000000171b6a880:   0000600002695290 00000001e7ab69e3
0x0000000171b6a890:   0000000000000000 0000600002695290
0x0000000171b6a8a0:   0000000171b6a8d0 000000011e37ab08
0x0000000171b6a8b0:   ba0133bea0dc0076 0000000000000000
0x0000000171b6a8c0:   0000000000000000 000060000310c980
0x0000000171b6a8d0:   0000000171b6a910 000000019e500c7c
0x0000000171b6a8e0:   0000000800c2ae30 0000600002695270
0x0000000171b6a8f0:   0000600002695290 ba0133bea0dc0076
0x0000000171b6a900:   0000000000000000 0000000000000000
0x0000000171b6a910:   0000000171b6a950 501400019e4cd578
0x0000000171b6a920:   0000000800c2ae30 000000010a9687c0
0x0000000171b6a930:   000000012a51fdd2 0000000102d0e760
0x0000000171b6a940:   0000000171b6aa30 00000000000000b9
0x0000000171b6a950:   0000000171b6a9b0 872b8001125d3dcc
0x0000000171b6a960:   00000007851290c8 0000000787f80c78
0x0000000171b6a970:   0000000171b6aad8 000000019d548530
0x0000000171b6a980:   000000012e925a00 0000000102ceaae8
0x0000000171b6a990:   0000000171b6aa40 0000000000000001
0x0000000171b6a9a0:   0000000171b6a9e0 0000000784d5eef0
0x0000000171b6a9b0:   0000000171b6aaa0 000000010b50ae58
0x0000000171b6a9c0:   0000000787f80c78 0000000787c05218
0x0000000171b6a9d0:   0000000171b6aa38 00000000000000b6
0x0000000171b6a9e0:   0000000171b6aaa0 e17e80010a9772a0 

Instructions: (pc=0x000000010a9614f0)
0x000000010a9613f0:   f2a059a9 f2c00029 6d425935 1e640886
0x000000010a961400:   0c402d31 1e6408c7 1f5654d0 1e6c1017
0x000000010a961410:   1f5050d0 1f504cd0 1f5048d0 1e650af6
0x000000010a961420:   1f50d8f6 1f5694d6 1f5158f6 1e762880
0x000000010a961430:   36000501 1e614000 14000026 2e251ca5
0x000000010a961440:   d2863009 f2a059a9 f2c00029 6d425d36
0x000000010a961450:   1e600806 0c402d32 1f5758c7 1e6c101a
0x000000010a961460:   1f4754c7 1e650805 1f4750c7 d2866668
0x000000010a961470:   f2a7fa68 1f474cc7 1e6608c0 1f4748c7
0x000000010a961480:   1e6e1019 eb08007f 540000ac 1f479400
0x000000010a961490:   1f460340 1e603b20 1400000e d2a7fd29
0x000000010a9614a0:   eb09007f 540000ac 51480069 d3607d29
0x000000010a9614b0:   9e670121 14000002 1e6a5001 1f679417
0x000000010a9614c0:   1f668742 1e613b23 1e773857 1e773860
0x000000010a9614d0:   a8c17ff3 910003bf a8c17bfd d65f03c0
0x000000010a9614e0:   b9400001 aa0103e0 d65f03c0 f9400001
0x000000010a9614f0:   aa0103e0 d65f03c0 00000000 00000000
0x000000010a961500:   00000000 00000000 00000000 00000000
0x000000010a961510:   00000000 00000000 00000000 00000000
0x000000010a961520:   00000000 00000000 00000000 00000000
0x000000010a961530:   00000000 00000000 00000000 00000000
0x000000010a961540:   00000000 00000000 00000000 00000000
0x000000010a961550:   00000000 00000000 00000000 00000000
0x000000010a961560:   00000000 00000000 00000000 00000000
0x000000010a961570:   00000000 00000000 00000000 00000000
0x000000010a961580:   00000000 00000000 00000000 00000000
0x000000010a961590:   00000000 00000000 00000000 00000000
0x000000010a9615a0:   00000000 00000000 00000000 00000000
0x000000010a9615b0:   00000000 00000000 00000000 00000000
0x000000010a9615c0:   00000000 00000000 00000000 00000000
0x000000010a9615d0:   00000000 00000000 00000000 00000000
0x000000010a9615e0:   00000000 00000000 00000000 00000000 


Stack slot to memory mapping:
stack at sp + 0 slots: 0x000000012a5221c0 is pointing into metadata
stack at sp + 1 slots: 0x0000000000000001 is an unknown value
stack at sp + 2 slots: 0x0000000800c2ae30 is a pointer to class: 
com.sun.glass.ui.mac.MacApplication {0x0000000800c2ae30}
 - instance size:     5
 - klass size:        133
 - access:            final synchronized 
 - state:             fully_initialized
 - name:              'com/sun/glass/ui/mac/MacApplication'
 - super:             'com/sun/glass/ui/Application'
 - sub:               
 - arrays:            NULL
 - methods:           Array<T>(0x000000012a4f5b90)
 - method ordering:   Array<T>(0x0000000800a849e8)
 - default_methods:   Array<T>(0x0000000000000000)
 - local interfaces:  Array<T>(0x000000012a4f9168)
 - trans. interfaces: Array<T>(0x000000012a4f9168)
 - constants:         constant pool [548]/operands[69] {0x000000012a4f8000} for 'com/sun/glass/ui/mac/MacApplication' cache=0x000000012a520000
 - class loader data:  loader data: 0x00006000015b95e0 for instance a 'jdk/internal/loader/ClassLoaders$AppClassLoader'{0x0000000785108338}
 - source file:       'MacApplication.java'
 - class annotations:       Array<T>(0x0000000000000000)
 - class type annotations:  Array<T>(0x0000000000000000)
 - field annotations:       Array<T>(0x0000000000000000)
 - field type annotations:  Array<T>(0x0000000000000000)
 - inner classes:     Array<T>(0x000000012a4fc030)
 - nest members:     Array<T>(0x000000012a4fc088)
 - permitted subclasses:     Array<T>(0x00000008005c8e08)
 - java mirror:       a 'java/lang/Class'{0x000000078511fee0} = 'com/sun/glass/ui/mac/MacApplication'
 - vtable length      72  (start addr: 0x0000000800c2afe8)
 - itable length      5 (start addr: 0x0000000800c2b228)
 - ---- static fields (1 words):
 - static final 'BROWSER_PARENT_ID' 'J' @112 
 - ---- non-static fields (7 words):
 - private 'initialActiveEventReceived' 'Z' @12 
 - private 'terminateWhenLastWindowClosed' 'Z' @13 
 - protected 'name' 'Ljava/lang/String;' @16 
 - private 'eventHandler' 'Lcom/sun/glass/ui/Application$EventHandler;' @20 
 - private 'initialOpenedFiles' '[Ljava/lang/String;' @24 
 - private 'isTaskbarApplication' 'Z' @14 
 - private 'firstDidResignActive' 'Z' @15 
 - private final 'invokeLaterDispatcher' 'Lcom/sun/glass/ui/InvokeLaterDispatcher;' @28 
 - private 'appleMenu' 'Lcom/sun/glass/ui/Menu;' @32 
 - private final 'reactivationLatch' 'Ljava/util/concurrent/CountDownLatch;' @36 
 - non-static oop maps: 16-36 
stack at sp + 3 slots: 0x0000600002695270 points into unknown readable memory: 0x01000001f664a0a1 | a1 a0 64 f6 01 00 00 01
stack at sp + 4 slots: 0x0 is NULL
stack at sp + 5 slots: 0x000000013e706370 is a global jni handle
stack at sp + 6 slots: 0x000000013e706370 is a global jni handle
stack at sp + 7 slots: 0x0000600000fb4f50 points into unknown readable memory: 0x00006000026b0060 | 60 00 6b 02 00 60 00 00

StubRoutines::SafeFetchN [0x000000010a9614ec, 0x000000010a9614f8] (12 bytes)
[MachCode]
  0x000000010a9614ec: 0100 40f9 | e003 01aa | c003 5fd6 
[/MachCode]

Compiled method (c1)   60346 3107       3       com.sun.glass.ui.mac.MacApplication::submitForLaterInvocation (6 bytes)
 total in heap  [0x000000010b50ac10,0x000000010b50afd8] = 968
 relocation     [0x000000010b50ad68,0x000000010b50ada0] = 56
 main code      [0x000000010b50adc0,0x000000010b50af00] = 320
 stub code      [0x000000010b50af00,0x000000010b50af58] = 88
 oops           [0x000000010b50af58,0x000000010b50af60] = 8
 metadata       [0x000000010b50af60,0x000000010b50af78] = 24
 scopes data    [0x000000010b50af78,0x000000010b50af90] = 24
 scopes pcs     [0x000000010b50af90,0x000000010b50afd0] = 64
 dependencies   [0x000000010b50afd0,0x000000010b50afd8] = 8

[Constant Pool (empty)]

[MachCode]
[Entry Point]
  # {method} {0x000000012a4fb1e0} 'submitForLaterInvocation' '(Ljava/lang/Runnable;)V' in 'com/sun/glass/ui/mac/MacApplication'
  # this:     c_rarg1:c_rarg1 
                        = 'com/sun/glass/ui/mac/MacApplication'
  # parm0:    c_rarg2:c_rarg2 
                        = 'java/lang/Runnable'
  #           [sp+0x40]  (sp of caller)
  0x000000010b50adc0: 2808 40b9 | 3f01 086b | c001 0054 

  0x000000010b50adcc: ;   {runtime_call ic_miss_stub}
  0x000000010b50adcc: 68a4 ffd0 | 0801 0091 | 0001 1fd6 | 1f20 03d5 | 1f20 03d5 | 1f20 03d5 | 1f20 03d5 | 1f20 03d5 
  0x000000010b50adec: 1f20 03d5 | 1f20 03d5 | 1f20 03d5 | 1f20 03d5 | 1f20 03d5 
[Verified Entry Point]
  0x000000010b50ae00: 1f20 03d5 | e953 40d1 | 3f01 00f9 | ff03 01d1 | fd7b 03a9 

  0x000000010b50ae14: ;   {metadata(method data for {method} {0x000000012a4fb1e0} 'submitForLaterInvocation' '(Ljava/lang/Runnable;)V' in 'com/sun/glass/ui/mac/MacApplication')}
  0x000000010b50ae14: 0043 9dd2 | 4057 a5f2 | 2000 c0f2 | 03ac 40b9 | 6308 0011 | 03ac 00b9 | 6324 1f12 | 7f00 0071 
  0x000000010b50ae34: e001 0054 | e003 01aa 

  0x000000010b50ae3c: ;   {metadata(method data for {method} {0x000000012a4fb1e0} 'submitForLaterInvocation' '(Ljava/lang/Runnable;)V' in 'com/sun/glass/ui/mac/MacApplication')}
  0x000000010b50ae3c: 0343 9dd2 | 4357 a5f2 | 2300 c0f2 | 6878 40f9 | 0805 0091 | 6878 00f9 

  0x000000010b50ae54: ; ImmutableOopMap {}
                      ;*invokevirtual _submitForLaterInvocation {reexecute=0 rethrow=0 return_oop=0}
                      ; - com.sun.glass.ui.mac.MacApplication::submitForLaterInvocation@2 (line 348)
                      ;   {optimized virtual_call}
  0x000000010b50ae54: c123 c395 | fd7b 43a9 | ff03 0191 

  0x000000010b50ae60: ;   {poll_return}
  0x000000010b50ae60: 889f 41f9 | ff63 28eb | 8801 0054 | c003 5fd6 

  0x000000010b50ae70: ;   {metadata({method} {0x000000012a4fb1e0} 'submitForLaterInvocation' '(Ljava/lang/Runnable;)V' in 'com/sun/glass/ui/mac/MacApplication')}
  0x000000010b50ae70: 083c 96d2 | e849 a5f2 | 2800 c0f2 | e807 00f9 | 0800 8092 | e803 00f9 

  0x000000010b50ae88: ;   {runtime_call counter_overflow Runtime1 stub}
  0x000000010b50ae88: 48aa ffd0 | 0801 2e91 

  0x000000010b50ae90: ; ImmutableOopMap {c_rarg1=Oop c_rarg2=Oop }
                      ;*synchronization entry
                      ; - com.sun.glass.ui.mac.MacApplication::submitForLaterInvocation@-1 (line 348)
  0x000000010b50ae90: 0001 3fd6 | e9ff ff17 

  0x000000010b50ae98: ;   {internal_word}
  0x000000010b50ae98: 48fe ff10 | 88ab 01f9 

  0x000000010b50aea0: ;   {runtime_call SafepointBlob}
  0x000000010b50aea0: a8a4 ff90 | 0801 1891 | 0001 1fd6 | 1f20 03d5 | 1f20 03d5 | 80e7 41f9 | 9fe7 01f9 | 9feb 01f9 
  0x000000010b50aec0: fd7b 43a9 | ff03 0191 

  0x000000010b50aec8: ;   {runtime_call unwind_exception Runtime1 stub}
  0x000000010b50aec8: a8a5 fff0 | 0801 2091 | 0001 1fd6 | 0000 0000 | 0000 0000 | 0000 0000 | 0000 0000 | 0000 0000 
  0x000000010b50aee8: 0000 0000 | 0000 0000 | 0000 0000 | 0000 0000 | 0000 0000 | 0000 0000 
[Stub Code]
  0x000000010b50af00: ;   {no_reloc}
  0x000000010b50af00: df3f 03d5 

  0x000000010b50af04: ;   {metadata({method} {0x000000012a4fb138} '_submitForLaterInvocation' '(Ljava/lang/Runnable;)V' in 'com/sun/glass/ui/mac/MacApplication')}
  0x000000010b50af04: 0c27 96d2 | ec49 a5f2 | 2c00 c0f2 | 0859 9ad2 | 2853 a1f2 | 2800 c0f2 | 0001 1fd6 

  0x000000010b50af20: ;   {trampoline_stub}
  0x000000010b50af20: 4800 0058 | 0001 1fd6 | 583d 5d12 | 0100 0000 
[Exception Handler]
  0x000000010b50af30: ;   {runtime_call handle_exception_from_callee Runtime1 stub}
  0x000000010b50af30: 28aa fff0 | 0801 1691 | 0001 3fd6 | c1d5 bbd4 | f723 b602 | 0100 0000 
[Deopt Handler Code]
  0x000000010b50af48: 1e00 0010 

  0x000000010b50af4c: ;   {runtime_call DeoptimizationBlob}
  0x000000010b50af4c: a8a4 ff90 | 0801 2591 | 0001 1fd6 
[/MachCode]


Compiled method (n/a)   60348 3226     n 0       com.sun.glass.ui.mac.MacApplication::_submitForLaterInvocation (native)
 total in heap  [0x00000001125d3b90,0x00000001125d3ee0] = 848
 relocation     [0x00000001125d3ce8,0x00000001125d3d10] = 40
 main code      [0x00000001125d3d40,0x00000001125d3ed0] = 400
 oops           [0x00000001125d3ed0,0x00000001125d3ed8] = 8
 metadata       [0x00000001125d3ed8,0x00000001125d3ee0] = 8

[Constant Pool (empty)]

[MachCode]
[Entry Point]
  # {method} {0x000000012a4fb138} '_submitForLaterInvocation' '(Ljava/lang/Runnable;)V' in 'com/sun/glass/ui/mac/MacApplication'
  # this:     c_rarg1:c_rarg1 
                        = 'com/sun/glass/ui/mac/MacApplication'
  # parm0:    c_rarg2:c_rarg2 
                        = 'java/lang/Runnable'
  #           [sp+0x60]  (sp of caller)
  0x00000001125d3d40: 2808 40b9 | 3f01 086b | 8000 0054 

  0x00000001125d3d4c: ;   {runtime_call ic_miss_stub}
  0x00000001125d3d4c: 281e fcb0 | 0801 0091 | 0001 1fd6 
[Verified Entry Point]
  0x00000001125d3d58: 1f20 03d5 | e953 40d1 | 3f01 00f9 | fd7b bfa9 | fd03 0091 | ff43 01d1 | e207 00f9 | 5f00 1feb 
  0x00000001125d3d78: e223 0091 | e203 829a | e103 00f9 | 3f00 1feb | e103 00d1 | e103 819a | e801 0010 | 883f 01f9 
  0x00000001125d3d98: e803 0091 | 883b 01f9 

  0x00000001125d3da0: ;   {external_word}
  0x00000001125d3da0: 2839 f8f0 | 08c9 4d39 | 4806 0035 | 8043 0a91 | e803 7eb2 | 89c3 0c91 | 28fd 9f88 

  0x00000001125d3dbc: ;   {runtime_call Java_com_sun_glass_ui_mac_MacApplication__1submitForLaterInvocation}
  0x00000001125d3dbc: 0841 9bd2 | e8c6 a3f2 | 2800 c0f2 | 0001 3fd6 | a800 80d2 | 8833 03b9 | bf3b 03d5 | 88e3 0c91 
  0x00000001125d3ddc: 08fd dfc8 | bf03 08eb | a803 0054 | 8823 43b9 | 6803 0035 | e803 7db2 | 89c3 0c91 | 28fd 9f88 
  0x00000001125d3dfc: 8883 4e39 | 1f09 0071 | 0002 0054 

  0x00000001125d3e08: ;   {external_word}
  0x00000001125d3e08: 2839 f8f0 | 08c9 4d39 | a804 0035 | 9f3b 01f9 | 9f3f 01f9 | 8283 41f9 | 5f80 00f9 | bf03 0091 
  0x00000001125d3e28: fd7b c1a8 | 8807 40f9 | 4800 00b5 | c003 5fd6 

  0x00000001125d3e38: ;   {runtime_call StubRoutines (1)}
  0x00000001125d3e38: 681c fcb0 | 0801 0291 | 0001 1fd6 

  0x00000001125d3e44: ;   {runtime_call _ZN13SharedRuntime20reguard_yellow_pagesEv}
  0x00000001125d3e44: 0887 85d2 | 4853 a0f2 | 2800 c0f2 | 0001 3fd6 | edff ff17 | e003 1caa 

  0x00000001125d3e5c: ;   {runtime_call _ZN10JavaThread40check_special_condition_for_native_transEPS_}
  0x00000001125d3e5c: 08b9 8ed2 | a854 a0f2 | 2800 c0f2 | 0001 3fd6 | e1ff ff17 | e10b bfa9 

  0x00000001125d3e74: ;   {metadata({method} {0x000000012a4fb138} '_submitForLaterInvocation' '(Ljava/lang/Runnable;)V' in 'com/sun/glass/ui/mac/MacApplication')}
  0x00000001125d3e74: 0127 96d2 | e149 a5f2 | 2100 c0f2 | e003 1caa | e833 bfa9 | 085e 81d2 | 4853 a0f2 | 2800 c0f2 
  0x00000001125d3e94: 0001 3fd6 | e833 c1a8 | e10b c1a8 | c3ff ff17 

  0x00000001125d3ea4: ;   {metadata({method} {0x000000012a4fb138} '_submitForLaterInvocation' '(Ljava/lang/Runnable;)V' in 'com/sun/glass/ui/mac/MacApplication')}
  0x00000001125d3ea4: 0127 96d2 | e149 a5f2 | 2100 c0f2 | e003 1caa | e833 bfa9 | 086e 81d2 | 4853 a0f2 | 2800 c0f2 
  0x00000001125d3ec4: 0001 3fd6 | e833 c1a8 | d2ff ff17 
[/MachCode]


---------------  P R O C E S S  ---------------

Threads class SMR info:
_java_thread_list=0x00006000025b4620, length=20, elements={
0x000000012e808600, 0x000000013f00ce00, 0x000000013e80c600, 0x000000013e80dc00,
0x0000000140015800, 0x000000012e008200, 0x000000011f80a400, 0x000000011f80aa00,
0x000000011f813000, 0x0000000140008e00, 0x000000012f040a00, 0x000000011f81da00,
0x0000000140018e00, 0x000000012e925a00, 0x000000013f03e600, 0x000000013e8cac00,
0x000000013e8b6a00, 0x000000013f128000, 0x000000013e8d7e00, 0x000000011f008a00
}

Java Threads: ( => current thread )
  0x000000012e808600 JavaThread "main" [_thread_blocked, id=10499, stack(0x000000016ef60000,0x000000016f163000)]
  0x000000013f00ce00 JavaThread "Reference Handler" daemon [_thread_blocked, id=15619, stack(0x000000016fdb4000,0x000000016ffb7000)]
  0x000000013e80c600 JavaThread "Finalizer" daemon [_thread_blocked, id=16131, stack(0x000000016ffc0000,0x00000001701c3000)]
  0x000000013e80dc00 JavaThread "Signal Dispatcher" daemon [_thread_blocked, id=42499, stack(0x00000001702e4000,0x00000001704e7000)]
  0x0000000140015800 JavaThread "Service Thread" daemon [_thread_blocked, id=23299, stack(0x00000001704f0000,0x00000001706f3000)]
  0x000000012e008200 JavaThread "Monitor Deflation Thread" daemon [_thread_blocked, id=41987, stack(0x00000001706fc000,0x00000001708ff000)]
  0x000000011f80a400 JavaThread "C2 CompilerThread0" daemon [_thread_blocked, id=23811, stack(0x0000000170908000,0x0000000170b0b000)]
  0x000000011f80aa00 JavaThread "C1 CompilerThread0" daemon [_thread_blocked, id=24067, stack(0x0000000170b14000,0x0000000170d17000)]
  0x000000011f813000 JavaThread "Sweeper thread" daemon [_thread_blocked, id=41219, stack(0x0000000170d20000,0x0000000170f23000)]
  0x0000000140008e00 JavaThread "Common-Cleaner" daemon [_thread_blocked, id=24323, stack(0x0000000170f2c000,0x000000017112f000)]
  0x000000012f040a00 JavaThread "Monitor Ctrl-Break" daemon [_thread_in_native, id=24579, stack(0x0000000171138000,0x000000017133b000)]
  0x000000011f81da00 JavaThread "Notification Thread" daemon [_thread_blocked, id=25091, stack(0x0000000171344000,0x0000000171547000)]
  0x0000000140018e00 JavaThread "QuantumRenderer-0" daemon [_thread_blocked, id=25859, stack(0x000000017175c000,0x000000017195f000)]
=>0x000000012e925a00 JavaThread "InvokeLaterDispatcher" daemon [_thread_in_native, id=35851, stack(0x0000000171968000,0x0000000171b6b000)]
  0x000000013f03e600 JavaThread "JavaFX Application Thread" [_thread_in_native, id=259, stack(0x000000016e6d8000,0x000000016eed4000)]
  0x000000013e8cac00 JavaThread "JavaFX-Launcher" [_thread_blocked, id=79891, stack(0x0000000171e98000,0x000000017209b000)]
  0x000000013e8b6a00 JavaThread "Attach Listener" daemon [_thread_blocked, id=59659, stack(0x0000000172ae0000,0x0000000172ce3000)]
  0x000000013f128000 JavaThread "Prism Font Disposer" daemon [_thread_blocked, id=59967, stack(0x0000000172cec000,0x0000000172eef000)]
  0x000000013e8d7e00 JavaThread "Cleaner-0" daemon [_thread_blocked, id=68363, stack(0x0000000172ef8000,0x00000001730fb000)]
  0x000000011f008a00 JavaThread "PulseTimer-CVDisplayLink thread" daemon [_thread_in_native, id=67603, stack(0x0000000171b74000,0x0000000171bf7000)]

Other Threads:
  0x000000013f804ec0 VMThread "VM Thread" [stack: 0x000000016fba8000,0x000000016fdab000] [id=14851]
  0x000000013f809ad0 WatcherThread "VM Periodic Task Thread" [stack: 0x0000000171550000,0x0000000171753000] [id=25347]
  0x000000011e606fe0 WorkerThread "GC Thread#0" [stack: 0x000000016f16c000,0x000000016f36f000] [id=19971]
  0x000000013e717060 WorkerThread "GC Thread#1" [stack: 0x00000001720a4000,0x00000001722a7000] [id=57091]
  0x000000013e717300 WorkerThread "GC Thread#2" [stack: 0x00000001722b0000,0x00000001724b3000] [id=57603]
  0x000000013e62b7f0 WorkerThread "GC Thread#3" [stack: 0x00000001724bc000,0x00000001726bf000] [id=77059]
  0x000000013e62ba90 WorkerThread "GC Thread#4" [stack: 0x00000001726c8000,0x00000001728cb000] [id=76547]
  0x000000013e62bf00 WorkerThread "GC Thread#5" [stack: 0x00000001728d4000,0x0000000172ad7000] [id=76035]
  0x000000011e683900 WorkerThread "GC Thread#6" [stack: 0x0000000173104000,0x0000000173307000] [id=1387]
  0x000000011e607680 ConcurrentGCThread "G1 Main Marker" [stack: 0x000000016f378000,0x000000016f57b000] [id=12547]
  0x000000011e607ef0 WorkerThread "G1 Conc#0" [stack: 0x000000016f584000,0x000000016f787000] [id=19203]
  0x000000011e614d50 ConcurrentGCThread "G1 Refine#0" [stack: 0x000000016f790000,0x000000016f993000] [id=13315]
  0x000000011e6155d0 ConcurrentGCThread "G1 Service" [stack: 0x000000016f99c000,0x000000016fb9f000] [id=18179]

Threads with active compile tasks:

VM state: not at safepoint (normal execution)

VM Mutex/Monitor currently owned by a thread: None

Heap address: 0x0000000780000000, size: 2048 MB, Compressed Oops mode: Zero based, Oop shift amount: 3

CDS archive(s) mapped at: [0x0000000800000000-0x0000000800ba8000-0x0000000800ba8000), size 12222464, SharedBaseAddress: 0x0000000800000000, ArchiveRelocationMode: 0.
Compressed class space mapped at: 0x0000000800c00000-0x0000000840c00000, reserved size: 1073741824
Narrow klass base: 0x0000000800000000, Narrow klass shift: 0, Narrow klass range: 0x100000000

GC Precious Log:
 CardTable entry size: 512
 Card Set container configuration: InlinePtr #cards 5 size 8 Array Of Cards #cards 12 size 40 Howl #buckets 4 coarsen threshold 1843 Howl Bitmap #cards 512 size 80 coarsen threshold 460 Card regions per heap region 1 cards per card region 2048
 CPUs: 8 total, 8 available
 Memory: 8192M
 Large Page Support: Disabled
 NUMA Support: Disabled
 Compressed Oops: Enabled (Zero based)
 Heap Region Size: 1M
 Heap Min Capacity: 8M
 Heap Initial Capacity: 128M
 Heap Max Capacity: 2G
 Pre-touch: Disabled
 Parallel Workers: 8
 Concurrent Workers: 2
 Concurrent Refinement Workers: 8
 Periodic GC: Disabled

Heap:
 garbage-first heap   total 133120K, used 12214K [0x0000000780000000, 0x0000000800000000)
  region size 1024K, 10 young (10240K), 6 survivors (6144K)
 Metaspace       used 13213K, committed 13568K, reserved 1114112K
  class space    used 1676K, committed 1856K, reserved 1048576K

Heap Regions: E=young(eden), S=young(survivor), O=old, HS=humongous(starts), HC=humongous(continues), CS=collection set, F=free, OA=open archive, CA=closed archive, TAMS=top-at-mark-start (previous, next)
|   0|0x0000000780000000, 0x0000000780100000, 0x0000000780100000|100%|HS|  |TAMS 0x0000000780000000, 0x0000000780000000| Complete 
|   1|0x0000000780100000, 0x0000000780200000, 0x0000000780200000|100%|HC|  |TAMS 0x0000000780100000, 0x0000000780100000| Complete 
|   2|0x0000000780200000, 0x0000000780205a00, 0x0000000780300000|  2%| O|  |TAMS 0x0000000780200000, 0x0000000780200000| Untracked 
|   3|0x0000000780300000, 0x0000000780300000, 0x0000000780400000|  0%| F|  |TAMS 0x0000000780300000, 0x0000000780300000| Untracked 
|   4|0x0000000780400000, 0x0000000780400000, 0x0000000780500000|  0%| F|  |TAMS 0x0000000780400000, 0x0000000780400000| Untracked 
|   5|0x0000000780500000, 0x0000000780500000, 0x0000000780600000|  0%| F|  |TAMS 0x0000000780500000, 0x0000000780500000| Untracked 
|   6|0x0000000780600000, 0x0000000780600000, 0x0000000780700000|  0%| F|  |TAMS 0x0000000780600000, 0x0000000780600000| Untracked 
|   7|0x0000000780700000, 0x0000000780700000, 0x0000000780800000|  0%| F|  |TAMS 0x0000000780700000, 0x0000000780700000| Untracked 
|   8|0x0000000780800000, 0x0000000780800000, 0x0000000780900000|  0%| F|  |TAMS 0x0000000780800000, 0x0000000780800000| Untracked 
|   9|0x0000000780900000, 0x0000000780900000, 0x0000000780a00000|  0%| F|  |TAMS 0x0000000780900000, 0x0000000780900000| Untracked 
|  10|0x0000000780a00000, 0x0000000780a00000, 0x0000000780b00000|  0%| F|  |TAMS 0x0000000780a00000, 0x0000000780a00000| Untracked 
|  11|0x0000000780b00000, 0x0000000780b00000, 0x0000000780c00000|  0%| F|  |TAMS 0x0000000780b00000, 0x0000000780b00000| Untracked 
|  12|0x0000000780c00000, 0x0000000780c00000, 0x0000000780d00000|  0%| F|  |TAMS 0x0000000780c00000, 0x0000000780c00000| Untracked 
|  13|0x0000000780d00000, 0x0000000780d00000, 0x0000000780e00000|  0%| F|  |TAMS 0x0000000780d00000, 0x0000000780d00000| Untracked 
|  14|0x0000000780e00000, 0x0000000780e00000, 0x0000000780f00000|  0%| F|  |TAMS 0x0000000780e00000, 0x0000000780e00000| Untracked 
|  15|0x0000000780f00000, 0x0000000780f00000, 0x0000000781000000|  0%| F|  |TAMS 0x0000000780f00000, 0x0000000780f00000| Untracked 
|  16|0x0000000781000000, 0x0000000781000000, 0x0000000781100000|  0%| F|  |TAMS 0x0000000781000000, 0x0000000781000000| Untracked 
|  17|0x0000000781100000, 0x0000000781100000, 0x0000000781200000|  0%| F|  |TAMS 0x0000000781100000, 0x0000000781100000| Untracked 
|  18|0x0000000781200000, 0x0000000781200000, 0x0000000781300000|  0%| F|  |TAMS 0x0000000781200000, 0x0000000781200000| Untracked 
|  19|0x0000000781300000, 0x0000000781300000, 0x0000000781400000|  0%| F|  |TAMS 0x0000000781300000, 0x0000000781300000| Untracked 
|  20|0x0000000781400000, 0x0000000781400000, 0x0000000781500000|  0%| F|  |TAMS 0x0000000781400000, 0x0000000781400000| Untracked 
|  21|0x0000000781500000, 0x0000000781500000, 0x0000000781600000|  0%| F|  |TAMS 0x0000000781500000, 0x0000000781500000| Untracked 
|  22|0x0000000781600000, 0x0000000781600000, 0x0000000781700000|  0%| F|  |TAMS 0x0000000781600000, 0x0000000781600000| Untracked 
|  23|0x0000000781700000, 0x0000000781700000, 0x0000000781800000|  0%| F|  |TAMS 0x0000000781700000, 0x0000000781700000| Untracked 
|  24|0x0000000781800000, 0x0000000781800000, 0x0000000781900000|  0%| F|  |TAMS 0x0000000781800000, 0x0000000781800000| Untracked 
|  25|0x0000000781900000, 0x0000000781900000, 0x0000000781a00000|  0%| F|  |TAMS 0x0000000781900000, 0x0000000781900000| Untracked 
|  26|0x0000000781a00000, 0x0000000781a00000, 0x0000000781b00000|  0%| F|  |TAMS 0x0000000781a00000, 0x0000000781a00000| Untracked 
|  27|0x0000000781b00000, 0x0000000781b00000, 0x0000000781c00000|  0%| F|  |TAMS 0x0000000781b00000, 0x0000000781b00000| Untracked 
|  28|0x0000000781c00000, 0x0000000781c00000, 0x0000000781d00000|  0%| F|  |TAMS 0x0000000781c00000, 0x0000000781c00000| Untracked 
|  29|0x0000000781d00000, 0x0000000781d00000, 0x0000000781e00000|  0%| F|  |TAMS 0x0000000781d00000, 0x0000000781d00000| Untracked 
|  30|0x0000000781e00000, 0x0000000781e00000, 0x0000000781f00000|  0%| F|  |TAMS 0x0000000781e00000, 0x0000000781e00000| Untracked 
|  31|0x0000000781f00000, 0x0000000781f00000, 0x0000000782000000|  0%| F|  |TAMS 0x0000000781f00000, 0x0000000781f00000| Untracked 
|  32|0x0000000782000000, 0x0000000782000000, 0x0000000782100000|  0%| F|  |TAMS 0x0000000782000000, 0x0000000782000000| Untracked 
|  33|0x0000000782100000, 0x0000000782100000, 0x0000000782200000|  0%| F|  |TAMS 0x0000000782100000, 0x0000000782100000| Untracked 
|  34|0x0000000782200000, 0x0000000782200000, 0x0000000782300000|  0%| F|  |TAMS 0x0000000782200000, 0x0000000782200000| Untracked 
|  35|0x0000000782300000, 0x0000000782300000, 0x0000000782400000|  0%| F|  |TAMS 0x0000000782300000, 0x0000000782300000| Untracked 
|  36|0x0000000782400000, 0x0000000782400000, 0x0000000782500000|  0%| F|  |TAMS 0x0000000782400000, 0x0000000782400000| Untracked 
|  37|0x0000000782500000, 0x0000000782500000, 0x0000000782600000|  0%| F|  |TAMS 0x0000000782500000, 0x0000000782500000| Untracked 
|  38|0x0000000782600000, 0x0000000782600000, 0x0000000782700000|  0%| F|  |TAMS 0x0000000782600000, 0x0000000782600000| Untracked 
|  39|0x0000000782700000, 0x0000000782700000, 0x0000000782800000|  0%| F|  |TAMS 0x0000000782700000, 0x0000000782700000| Untracked 
|  40|0x0000000782800000, 0x0000000782800000, 0x0000000782900000|  0%| F|  |TAMS 0x0000000782800000, 0x0000000782800000| Untracked 
|  41|0x0000000782900000, 0x0000000782900000, 0x0000000782a00000|  0%| F|  |TAMS 0x0000000782900000, 0x0000000782900000| Untracked 
|  42|0x0000000782a00000, 0x0000000782a00000, 0x0000000782b00000|  0%| F|  |TAMS 0x0000000782a00000, 0x0000000782a00000| Untracked 
|  43|0x0000000782b00000, 0x0000000782b00000, 0x0000000782c00000|  0%| F|  |TAMS 0x0000000782b00000, 0x0000000782b00000| Untracked 
|  44|0x0000000782c00000, 0x0000000782c00000, 0x0000000782d00000|  0%| F|  |TAMS 0x0000000782c00000, 0x0000000782c00000| Untracked 
|  45|0x0000000782d00000, 0x0000000782d00000, 0x0000000782e00000|  0%| F|  |TAMS 0x0000000782d00000, 0x0000000782d00000| Untracked 
|  46|0x0000000782e00000, 0x0000000782e00000, 0x0000000782f00000|  0%| F|  |TAMS 0x0000000782e00000, 0x0000000782e00000| Untracked 
|  47|0x0000000782f00000, 0x0000000782f00000, 0x0000000783000000|  0%| F|  |TAMS 0x0000000782f00000, 0x0000000782f00000| Untracked 
|  48|0x0000000783000000, 0x0000000783000000, 0x0000000783100000|  0%| F|  |TAMS 0x0000000783000000, 0x0000000783000000| Untracked 
|  49|0x0000000783100000, 0x0000000783100000, 0x0000000783200000|  0%| F|  |TAMS 0x0000000783100000, 0x0000000783100000| Untracked 
|  50|0x0000000783200000, 0x0000000783200000, 0x0000000783300000|  0%| F|  |TAMS 0x0000000783200000, 0x0000000783200000| Untracked 
|  51|0x0000000783300000, 0x0000000783300000, 0x0000000783400000|  0%| F|  |TAMS 0x0000000783300000, 0x0000000783300000| Untracked 
|  52|0x0000000783400000, 0x0000000783400000, 0x0000000783500000|  0%| F|  |TAMS 0x0000000783400000, 0x0000000783400000| Untracked 
|  53|0x0000000783500000, 0x0000000783500000, 0x0000000783600000|  0%| F|  |TAMS 0x0000000783500000, 0x0000000783500000| Untracked 
|  54|0x0000000783600000, 0x0000000783600000, 0x0000000783700000|  0%| F|  |TAMS 0x0000000783600000, 0x0000000783600000| Untracked 
|  55|0x0000000783700000, 0x0000000783700000, 0x0000000783800000|  0%| F|  |TAMS 0x0000000783700000, 0x0000000783700000| Untracked 
|  56|0x0000000783800000, 0x0000000783800000, 0x0000000783900000|  0%| F|  |TAMS 0x0000000783800000, 0x0000000783800000| Untracked 
|  57|0x0000000783900000, 0x0000000783900000, 0x0000000783a00000|  0%| F|  |TAMS 0x0000000783900000, 0x0000000783900000| Untracked 
|  58|0x0000000783a00000, 0x0000000783a00000, 0x0000000783b00000|  0%| F|  |TAMS 0x0000000783a00000, 0x0000000783a00000| Untracked 
|  59|0x0000000783b00000, 0x0000000783b00000, 0x0000000783c00000|  0%| F|  |TAMS 0x0000000783b00000, 0x0000000783b00000| Untracked 
|  60|0x0000000783c00000, 0x0000000783c00000, 0x0000000783d00000|  0%| F|  |TAMS 0x0000000783c00000, 0x0000000783c00000| Untracked 
|  61|0x0000000783d00000, 0x0000000783d00000, 0x0000000783e00000|  0%| F|  |TAMS 0x0000000783d00000, 0x0000000783d00000| Untracked 
|  62|0x0000000783e00000, 0x0000000783e00000, 0x0000000783f00000|  0%| F|  |TAMS 0x0000000783e00000, 0x0000000783e00000| Untracked 
|  63|0x0000000783f00000, 0x0000000783f00000, 0x0000000784000000|  0%| F|  |TAMS 0x0000000783f00000, 0x0000000783f00000| Untracked 
|  64|0x0000000784000000, 0x0000000784000000, 0x0000000784100000|  0%| F|  |TAMS 0x0000000784000000, 0x0000000784000000| Untracked 
|  65|0x0000000784100000, 0x0000000784100000, 0x0000000784200000|  0%| F|  |TAMS 0x0000000784100000, 0x0000000784100000| Untracked 
|  66|0x0000000784200000, 0x0000000784200000, 0x0000000784300000|  0%| F|  |TAMS 0x0000000784200000, 0x0000000784200000| Untracked 
|  67|0x0000000784300000, 0x0000000784300000, 0x0000000784400000|  0%| F|  |TAMS 0x0000000784300000, 0x0000000784300000| Untracked 
|  68|0x0000000784400000, 0x0000000784400000, 0x0000000784500000|  0%| F|  |TAMS 0x0000000784400000, 0x0000000784400000| Untracked 
|  69|0x0000000784500000, 0x0000000784500000, 0x0000000784600000|  0%| F|  |TAMS 0x0000000784500000, 0x0000000784500000| Untracked 
|  70|0x0000000784600000, 0x0000000784600000, 0x0000000784700000|  0%| F|  |TAMS 0x0000000784600000, 0x0000000784600000| Untracked 
|  71|0x0000000784700000, 0x0000000784700000, 0x0000000784800000|  0%| F|  |TAMS 0x0000000784700000, 0x0000000784700000| Untracked 
|  72|0x0000000784800000, 0x0000000784800000, 0x0000000784900000|  0%| F|  |TAMS 0x0000000784800000, 0x0000000784800000| Untracked 
|  73|0x0000000784900000, 0x0000000784900000, 0x0000000784a00000|  0%| F|  |TAMS 0x0000000784900000, 0x0000000784900000| Untracked 
|  74|0x0000000784a00000, 0x0000000784a00000, 0x0000000784b00000|  0%| F|  |TAMS 0x0000000784a00000, 0x0000000784a00000| Untracked 
|  75|0x0000000784b00000, 0x0000000784b00000, 0x0000000784c00000|  0%| F|  |TAMS 0x0000000784b00000, 0x0000000784b00000| Untracked 
|  76|0x0000000784c00000, 0x0000000784d00000, 0x0000000784d00000|100%| S|CS|TAMS 0x0000000784c00000, 0x0000000784c00000| Complete 
|  77|0x0000000784d00000, 0x0000000784e00000, 0x0000000784e00000|100%| S|CS|TAMS 0x0000000784d00000, 0x0000000784d00000| Complete 
|  78|0x0000000784e00000, 0x0000000784f00000, 0x0000000784f00000|100%| S|CS|TAMS 0x0000000784e00000, 0x0000000784e00000| Complete 
|  79|0x0000000784f00000, 0x0000000785000000, 0x0000000785000000|100%| S|CS|TAMS 0x0000000784f00000, 0x0000000784f00000| Complete 
|  80|0x0000000785000000, 0x0000000785100000, 0x0000000785100000|100%| S|CS|TAMS 0x0000000785000000, 0x0000000785000000| Complete 
|  81|0x0000000785100000, 0x0000000785200000, 0x0000000785200000|100%| S|CS|TAMS 0x0000000785100000, 0x0000000785100000| Complete 
|  82|0x0000000785200000, 0x0000000785200000, 0x0000000785300000|  0%| F|  |TAMS 0x0000000785200000, 0x0000000785200000| Untracked 
|  83|0x0000000785300000, 0x0000000785300000, 0x0000000785400000|  0%| F|  |TAMS 0x0000000785300000, 0x0000000785300000| Untracked 
|  84|0x0000000785400000, 0x0000000785400000, 0x0000000785500000|  0%| F|  |TAMS 0x0000000785400000, 0x0000000785400000| Untracked 
|  85|0x0000000785500000, 0x0000000785500000, 0x0000000785600000|  0%| F|  |TAMS 0x0000000785500000, 0x0000000785500000| Untracked 
|  86|0x0000000785600000, 0x0000000785600000, 0x0000000785700000|  0%| F|  |TAMS 0x0000000785600000, 0x0000000785600000| Untracked 
|  87|0x0000000785700000, 0x0000000785700000, 0x0000000785800000|  0%| F|  |TAMS 0x0000000785700000, 0x0000000785700000| Untracked 
|  88|0x0000000785800000, 0x0000000785800000, 0x0000000785900000|  0%| F|  |TAMS 0x0000000785800000, 0x0000000785800000| Untracked 
|  89|0x0000000785900000, 0x0000000785900000, 0x0000000785a00000|  0%| F|  |TAMS 0x0000000785900000, 0x0000000785900000| Untracked 
|  90|0x0000000785a00000, 0x0000000785a00000, 0x0000000785b00000|  0%| F|  |TAMS 0x0000000785a00000, 0x0000000785a00000| Untracked 
|  91|0x0000000785b00000, 0x0000000785b00000, 0x0000000785c00000|  0%| F|  |TAMS 0x0000000785b00000, 0x0000000785b00000| Untracked 
|  92|0x0000000785c00000, 0x0000000785c00000, 0x0000000785d00000|  0%| F|  |TAMS 0x0000000785c00000, 0x0000000785c00000| Untracked 
|  93|0x0000000785d00000, 0x0000000785d00000, 0x0000000785e00000|  0%| F|  |TAMS 0x0000000785d00000, 0x0000000785d00000| Untracked 
|  94|0x0000000785e00000, 0x0000000785e00000, 0x0000000785f00000|  0%| F|  |TAMS 0x0000000785e00000, 0x0000000785e00000| Untracked 
|  95|0x0000000785f00000, 0x0000000785f00000, 0x0000000786000000|  0%| F|  |TAMS 0x0000000785f00000, 0x0000000785f00000| Untracked 
|  96|0x0000000786000000, 0x0000000786000000, 0x0000000786100000|  0%| F|  |TAMS 0x0000000786000000, 0x0000000786000000| Untracked 
|  97|0x0000000786100000, 0x0000000786100000, 0x0000000786200000|  0%| F|  |TAMS 0x0000000786100000, 0x0000000786100000| Untracked 
|  98|0x0000000786200000, 0x0000000786200000, 0x0000000786300000|  0%| F|  |TAMS 0x0000000786200000, 0x0000000786200000| Untracked 
|  99|0x0000000786300000, 0x0000000786300000, 0x0000000786400000|  0%| F|  |TAMS 0x0000000786300000, 0x0000000786300000| Untracked 
| 100|0x0000000786400000, 0x0000000786400000, 0x0000000786500000|  0%| F|  |TAMS 0x0000000786400000, 0x0000000786400000| Untracked 
| 101|0x0000000786500000, 0x0000000786500000, 0x0000000786600000|  0%| F|  |TAMS 0x0000000786500000, 0x0000000786500000| Untracked 
| 102|0x0000000786600000, 0x0000000786600000, 0x0000000786700000|  0%| F|  |TAMS 0x0000000786600000, 0x0000000786600000| Untracked 
| 103|0x0000000786700000, 0x0000000786700000, 0x0000000786800000|  0%| F|  |TAMS 0x0000000786700000, 0x0000000786700000| Untracked 
| 104|0x0000000786800000, 0x0000000786800000, 0x0000000786900000|  0%| F|  |TAMS 0x0000000786800000, 0x0000000786800000| Untracked 
| 105|0x0000000786900000, 0x0000000786900000, 0x0000000786a00000|  0%| F|  |TAMS 0x0000000786900000, 0x0000000786900000| Untracked 
| 106|0x0000000786a00000, 0x0000000786a00000, 0x0000000786b00000|  0%| F|  |TAMS 0x0000000786a00000, 0x0000000786a00000| Untracked 
| 107|0x0000000786b00000, 0x0000000786b00000, 0x0000000786c00000|  0%| F|  |TAMS 0x0000000786b00000, 0x0000000786b00000| Untracked 
| 108|0x0000000786c00000, 0x0000000786c00000, 0x0000000786d00000|  0%| F|  |TAMS 0x0000000786c00000, 0x0000000786c00000| Untracked 
| 109|0x0000000786d00000, 0x0000000786d00000, 0x0000000786e00000|  0%| F|  |TAMS 0x0000000786d00000, 0x0000000786d00000| Untracked 
| 110|0x0000000786e00000, 0x0000000786e00000, 0x0000000786f00000|  0%| F|  |TAMS 0x0000000786e00000, 0x0000000786e00000| Untracked 
| 111|0x0000000786f00000, 0x0000000786f00000, 0x0000000787000000|  0%| F|  |TAMS 0x0000000786f00000, 0x0000000786f00000| Untracked 
| 112|0x0000000787000000, 0x0000000787000000, 0x0000000787100000|  0%| F|  |TAMS 0x0000000787000000, 0x0000000787000000| Untracked 
| 113|0x0000000787100000, 0x0000000787100000, 0x0000000787200000|  0%| F|  |TAMS 0x0000000787100000, 0x0000000787100000| Untracked 
| 114|0x0000000787200000, 0x0000000787200000, 0x0000000787300000|  0%| F|  |TAMS 0x0000000787200000, 0x0000000787200000| Untracked 
| 115|0x0000000787300000, 0x0000000787300000, 0x0000000787400000|  0%| F|  |TAMS 0x0000000787300000, 0x0000000787300000| Untracked 
| 116|0x0000000787400000, 0x0000000787400000, 0x0000000787500000|  0%| F|  |TAMS 0x0000000787400000, 0x0000000787400000| Untracked 
| 117|0x0000000787500000, 0x0000000787500000, 0x0000000787600000|  0%| F|  |TAMS 0x0000000787500000, 0x0000000787500000| Untracked 
| 118|0x0000000787600000, 0x0000000787600000, 0x0000000787700000|  0%| F|  |TAMS 0x0000000787600000, 0x0000000787600000| Untracked 
| 119|0x0000000787700000, 0x0000000787700000, 0x0000000787800000|  0%| F|  |TAMS 0x0000000787700000, 0x0000000787700000| Untracked 
| 120|0x0000000787800000, 0x0000000787800000, 0x0000000787900000|  0%| F|  |TAMS 0x0000000787800000, 0x0000000787800000| Untracked 
| 121|0x0000000787900000, 0x0000000787900000, 0x0000000787a00000|  0%| F|  |TAMS 0x0000000787900000, 0x0000000787900000| Untracked 
| 122|0x0000000787a00000, 0x0000000787a00000, 0x0000000787b00000|  0%| F|  |TAMS 0x0000000787a00000, 0x0000000787a00000| Untracked 
| 123|0x0000000787b00000, 0x0000000787b00000, 0x0000000787c00000|  0%| F|  |TAMS 0x0000000787b00000, 0x0000000787b00000| Untracked 
| 124|0x0000000787c00000, 0x0000000787cf81f0, 0x0000000787d00000| 96%| E|  |TAMS 0x0000000787c00000, 0x0000000787c00000| Complete 
| 125|0x0000000787d00000, 0x0000000787e00000, 0x0000000787e00000|100%| E|CS|TAMS 0x0000000787d00000, 0x0000000787d00000| Complete 
| 126|0x0000000787e00000, 0x0000000787f00000, 0x0000000787f00000|100%| E|CS|TAMS 0x0000000787e00000, 0x0000000787e00000| Complete 
| 127|0x0000000787f00000, 0x0000000788000000, 0x0000000788000000|100%| E|CS|TAMS 0x0000000787f00000, 0x0000000787f00000| Complete 
|2046|0x00000007ffe00000, 0x00000007ffe74000, 0x00000007fff00000| 45%|OA|  |TAMS 0x00000007ffe00000, 0x00000007ffe00000| Untracked 
|2047|0x00000007fff00000, 0x00000007fff74000, 0x0000000800000000| 45%|CA|  |TAMS 0x00000007fff00000, 0x00000007fff00000| Untracked 

Card table byte_map: [0x000000010183c000,0x0000000101c3c000] _byte_map_base: 0x00000000fdc3c000

Marking Bits (Prev, Next): (CMBitMap*) 0x000000012e83ec10, (CMBitMap*) 0x000000012e83ec50
 Prev Bits: [0x0000000119960000, 0x000000011b960000)
 Next Bits: [0x000000011b960000, 0x000000011d960000)

Polling page: 0x0000000100fb0000

Metaspace:

Usage:
  Non-class:     11.27 MB used.
      Class:      1.64 MB used.
       Both:     12.90 MB used.

Virtual space:
  Non-class space:       64.00 MB reserved,      11.44 MB ( 18%) committed,  1 nodes.
      Class space:        1.00 GB reserved,       1.81 MB ( <1%) committed,  1 nodes.
             Both:        1.06 GB reserved,      13.25 MB (  1%) committed. 

Chunk freelists:
   Non-Class:  3.59 MB
       Class:  2.05 MB
        Both:  5.64 MB

MaxMetaspaceSize: unlimited
CompressedClassSpaceSize: 1.00 GB
Initial GC threshold: 21.00 MB
Current GC threshold: 21.00 MB
CDS: on
MetaspaceReclaimPolicy: balanced
 - commit_granule_bytes: 65536.
 - commit_granule_words: 8192.
 - virtual_space_node_default_size: 8388608.
 - enlarge_chunks_in_place: 1.
 - new_chunks_are_fully_committed: 0.
 - uncommit_free_chunks: 1.
 - use_allocation_guard: 0.


Internal statistics:

num_allocs_failed_limit: 0.
num_arena_births: 238.
num_arena_deaths: 0.
num_vsnodes_births: 2.
num_vsnodes_deaths: 0.
num_space_committed: 212.
num_space_uncommitted: 0.
num_chunks_returned_to_freelist: 0.
num_chunks_taken_from_freelist: 676.
num_chunk_merges: 0.
num_chunk_splits: 479.
num_chunks_enlarged: 379.
num_inconsistent_stats: 0.

CodeHeap 'non-profiled nmethods': size=120032Kb used=1798Kb max_used=1798Kb free=118233Kb
 bounds [0x0000000112428000, 0x0000000112698000, 0x0000000119960000]
CodeHeap 'profiled nmethods': size=120016Kb used=6490Kb max_used=6490Kb free=113525Kb
 bounds [0x000000010aef4000, 0x000000010b554000, 0x0000000112428000]
CodeHeap 'non-nmethods': size=5712Kb used=1389Kb max_used=1512Kb free=4322Kb
 bounds [0x000000010a960000, 0x000000010abd0000, 0x000000010aef4000]
 total_blobs=3950 nmethods=3192 adapters=673
 compilation: enabled
              stopped_count=0, restarted_count=0
 full_count=0

Compilation events (20 events):
Event: 10.385 Thread 0x000000011f80aa00 3277       3       javafx.scene.Parent::setChildDirty (74 bytes)
Event: 10.390 Thread 0x000000011f80aa00 nmethod 3277 0x000000010b53c410 code [0x000000010b53c640, 0x000000010b53cd88]
Event: 10.390 Thread 0x000000011f80aa00 3279       1       javafx.scene.control.Control::isResizable (2 bytes)
Event: 10.391 Thread 0x000000011f80a400 nmethod 3283 0x00000001125e7a10 code [0x00000001125e7bc0, 0x00000001125e7d90]
Event: 10.391 Thread 0x000000011f80aa00 nmethod 3279 0x00000001125e7f10 code [0x00000001125e8080, 0x00000001125e8168]
Event: 59.298 Thread 0x000000011f80a400 3284       4       java.lang.Enum::valueOf (73 bytes)
Event: 59.299 Thread 0x000000011f80aa00 3285       3       java.util.HashSet::remove (20 bytes)
Event: 59.303 Thread 0x000000011f80aa00 nmethod 3285 0x000000010b53d010 code [0x000000010b53d1c0, 0x000000010b53d458]
Event: 59.304 Thread 0x000000011f80aa00 3286       3       java.util.HashMap::removeNode (291 bytes)
Event: 59.306 Thread 0x000000011f80aa00 nmethod 3286 0x000000010b53d590 code [0x000000010b53d900, 0x000000010b53edc8]
Event: 59.306 Thread 0x000000011f80aa00 3288       3       javafx.beans.binding.BooleanExpression::getValue (8 bytes)
Event: 59.307 Thread 0x000000011f80aa00 nmethod 3288 0x000000010b53f390 code [0x000000010b53f580, 0x000000010b53f898]
Event: 59.307 Thread 0x000000011f80aa00 3287       3       javafx.scene.paint.Stop::<init> (20 bytes)
Event: 59.307 Thread 0x000000011f80aa00 nmethod 3287 0x000000010b53f990 code [0x000000010b53fb40, 0x000000010b53fd28]
Event: 59.330 Thread 0x000000011f80a400 nmethod 3284 0x00000001125e8210 code [0x00000001125e84c0, 0x00000001125e8f00]
Event: 59.330 Thread 0x000000011f80a400 3289       4       java.lang.Boolean::valueOf (14 bytes)
Event: 59.330 Thread 0x000000011f80a400 nmethod 3289 0x00000001125e9790 code [0x00000001125e9900, 0x00000001125e99a0]
Event: 59.940 Thread 0x000000011f80aa00 3290       3       javafx.scene.Node::doComputeIntersects (133 bytes)
Event: 59.941 Thread 0x000000011f80aa00 nmethod 3290 0x000000010b53fe10 code [0x000000010b540080, 0x000000010b540778]
Event: 60.260 Thread 0x000000011f80aa00 3291   !   3       javafx.scene.CssStyleHelper::transitionToState (1031 bytes)

GC Heap History (4 events):
Event: 0.738 GC heap before
{Heap before GC invocations=0 (full 0):
 garbage-first heap   total 133120K, used 23456K [0x0000000780000000, 0x0000000800000000)
  region size 1024K, 23 young (23552K), 0 survivors (0K)
 Metaspace       used 5798K, committed 6016K, reserved 1114112K
  class space    used 714K, committed 832K, reserved 1048576K
}
Event: 0.742 GC heap after
{Heap after GC invocations=1 (full 0):
 garbage-first heap   total 133120K, used 3521K [0x0000000780000000, 0x0000000800000000)
  region size 1024K, 3 young (3072K), 3 survivors (3072K)
 Metaspace       used 5798K, committed 6016K, reserved 1114112K
  class space    used 714K, committed 832K, reserved 1048576K
}
Event: 8.509 GC heap before
{Heap before GC invocations=1 (full 0):
 garbage-first heap   total 133120K, used 48577K [0x0000000780000000, 0x0000000800000000)
  region size 1024K, 46 young (47104K), 3 survivors (3072K)
 Metaspace       used 13181K, committed 13440K, reserved 1114112K
  class space    used 1676K, committed 1856K, reserved 1048576K
}
Event: 8.515 GC heap after
{Heap after GC invocations=2 (full 0):
 garbage-first heap   total 133120K, used 9142K [0x0000000780000000, 0x0000000800000000)
  region size 1024K, 6 young (6144K), 6 survivors (6144K)
 Metaspace       used 13181K, committed 13440K, reserved 1114112K
  class space    used 1676K, committed 1856K, reserved 1048576K
}

Deoptimization events (20 events):
Event: 8.591 Thread 0x0000000140018e00 Uncommon trap: trap_request=0xffffffde fr.pc=0x00000001125dffd0 relative=0x0000000000000150
Event: 8.591 Thread 0x0000000140018e00 Uncommon trap: reason=class_check action=maybe_recompile pc=0x00000001125dffd0 method=java.lang.reflect.Array.newInstance(Ljava/lang/Class;I)Ljava/lang/Object; @ 2 c2
Event: 8.591 Thread 0x0000000140018e00 DEOPT PACKING pc=0x00000001125dffd0 sp=0x000000017195cee0
Event: 8.591 Thread 0x0000000140018e00 DEOPT UNPACKING pc=0x000000010a99ed1c sp=0x000000017195cdf0 mode 2
Event: 8.591 Thread 0x0000000140018e00 Uncommon trap: trap_request=0xffffffde fr.pc=0x00000001125dffd0 relative=0x0000000000000150
Event: 8.591 Thread 0x0000000140018e00 Uncommon trap: reason=class_check action=maybe_recompile pc=0x00000001125dffd0 method=java.lang.reflect.Array.newInstance(Ljava/lang/Class;I)Ljava/lang/Object; @ 2 c2
Event: 8.591 Thread 0x0000000140018e00 DEOPT PACKING pc=0x00000001125dffd0 sp=0x000000017195cee0
Event: 8.591 Thread 0x0000000140018e00 DEOPT UNPACKING pc=0x000000010a99ed1c sp=0x000000017195cdf0 mode 2
Event: 10.382 Thread 0x000000013f03e600 Uncommon trap: trap_request=0xffffffc6 fr.pc=0x0000000112594bc8 relative=0x0000000000000108
Event: 10.382 Thread 0x000000013f03e600 Uncommon trap: reason=bimorphic_or_optimized_type_check action=maybe_recompile pc=0x0000000112594bc8 method=com.sun.javafx.sg.prism.NGNode.geometryChanged()V @ 9 c2
Event: 10.382 Thread 0x000000013f03e600 DEOPT PACKING pc=0x0000000112594bc8 sp=0x000000016eecedd0
Event: 10.382 Thread 0x000000013f03e600 DEOPT UNPACKING pc=0x000000010a99ed1c sp=0x000000016eeced80 mode 2
Event: 59.299 Thread 0x000000013f03e600 Uncommon trap: trap_request=0xffffff45 fr.pc=0x00000001124ae4ac relative=0x000000000000016c
Event: 59.299 Thread 0x000000013f03e600 Uncommon trap: reason=unstable_if action=reinterpret pc=0x00000001124ae4ac method=java.util.WeakHashMap.expungeStaleEntries()V @ 9 c2
Event: 59.299 Thread 0x000000013f03e600 DEOPT PACKING pc=0x00000001124ae4ac sp=0x000000016eece010
Event: 59.299 Thread 0x000000013f03e600 DEOPT UNPACKING pc=0x000000010a99ed1c sp=0x000000016eecdf60 mode 2
Event: 59.304 Thread 0x000000013f03e600 Uncommon trap: trap_request=0xffffffc6 fr.pc=0x0000000112594bc8 relative=0x0000000000000108
Event: 59.304 Thread 0x000000013f03e600 Uncommon trap: reason=bimorphic_or_optimized_type_check action=maybe_recompile pc=0x0000000112594bc8 method=com.sun.javafx.sg.prism.NGNode.geometryChanged()V @ 9 c2
Event: 59.304 Thread 0x000000013f03e600 DEOPT PACKING pc=0x0000000112594bc8 sp=0x000000016eecedd0
Event: 59.304 Thread 0x000000013f03e600 DEOPT UNPACKING pc=0x000000010a99ed1c sp=0x000000016eeced80 mode 2

Classes loaded (20 events):
Event: 1.574 Loading class java/util/concurrent/ConcurrentLinkedQueue$Node
Event: 1.574 Loading class java/util/concurrent/ConcurrentLinkedQueue$Node done
Event: 1.575 Loading class jdk/internal/ref/CleanerImpl$InnocuousThreadFactory
Event: 1.575 Loading class jdk/internal/ref/CleanerImpl$InnocuousThreadFactory done
Event: 1.577 Loading class sun/misc/Unsafe
Event: 1.577 Loading class sun/misc/Unsafe done
Event: 1.578 Loading class java/lang/invoke/DirectMethodHandle$StaticAccessor
Event: 1.578 Loading class java/lang/invoke/DirectMethodHandle$StaticAccessor done
Event: 1.584 Loading class java/nio/DirectShortBufferU
Event: 1.584 Loading class java/nio/ShortBuffer
Event: 1.584 Loading class java/nio/ShortBuffer done
Event: 1.584 Loading class java/nio/DirectShortBufferU done
Event: 1.604 Loading class java/nio/FloatBuffer
Event: 1.604 Loading class java/nio/FloatBuffer done
Event: 1.604 Loading class java/nio/DoubleBuffer
Event: 1.604 Loading class java/nio/DoubleBuffer done
Event: 1.610 Loading class java/nio/DirectFloatBufferU
Event: 1.610 Loading class java/nio/DirectFloatBufferU done
Event: 7.889 Loading class jdk/internal/access/foreign/MemorySegmentProxy
Event: 7.890 Loading class jdk/internal/access/foreign/MemorySegmentProxy done

Classes unloaded (0 events):
No events

Classes redefined (0 events):
No events

Internal exceptions (20 events):
Event: 0.835 Thread 0x000000013f03e600 Implicit null exception at 0x0000000112471294 to 0x0000000112471658
Event: 0.835 Thread 0x000000013f03e600 Implicit null exception at 0x000000011246fc94 to 0x000000011247004c
Event: 1.263 Thread 0x000000013f03e600 Exception <a 'java/lang/NoSuchMethodError'{0x000000078707e688}: 'java.lang.Object java.lang.invoke.DirectMethodHandle$Holder.invokeInterface(java.lang.Object, java.lang.Object, java.lang.Object)'> (0x000000078707e688) 
thrown [open/src/hotspot/share/interpreter/linkResolver.cpp, line 766]
Event: 1.263 Thread 0x000000013f03e600 Exception <a 'java/lang/IncompatibleClassChangeError'{0x0000000787082008}: Found class java.lang.Object, but interface was expected> (0x0000000787082008) 
thrown [open/src/hotspot/share/interpreter/linkResolver.cpp, line 833]
Event: 1.323 Thread 0x000000013f03e600 Exception <a 'java/lang/NoSuchMethodError'{0x0000000786d3e1f0}: 'int java.lang.invoke.DirectMethodHandle$Holder.invokeSpecial(java.lang.Object, java.lang.Object, int)'> (0x0000000786d3e1f0) 
thrown [open/src/hotspot/share/interpreter/linkResolver.cpp, line 766]
Event: 1.324 Thread 0x000000013f03e600 Exception <a 'java/lang/NoSuchMethodError'{0x0000000786d4c740}: 'int java.lang.invoke.DirectMethodHandle$Holder.invokeSpecial(java.lang.Object, java.lang.Object, java.lang.Object, int)'> (0x0000000786d4c740) 
thrown [open/src/hotspot/share/interpreter/linkResolver.cpp, line 766]
Event: 1.325 Thread 0x000000013f03e600 Exception <a 'java/lang/NoSuchMethodError'{0x0000000786d5ef10}: 'java.lang.Object java.lang.invoke.DirectMethodHandle$Holder.invokeStatic(java.lang.Object, java.lang.Object, java.lang.Object, java.lang.Object, int)'> (0x0000000786d5ef10) 
thrown [open/src/hotspot/share/interpreter/linkResolver.cpp, line 766]
Event: 1.326 Thread 0x000000013f03e600 Exception <a 'java/lang/NoSuchMethodError'{0x0000000786d67998}: 'int java.lang.invoke.DirectMethodHandle$Holder.invokeSpecial(java.lang.Object, java.lang.Object, java.lang.Object)'> (0x0000000786d67998) 
thrown [open/src/hotspot/share/interpreter/linkResolver.cpp, line 766]
Event: 1.370 Thread 0x000000013f03e600 Exception <a 'java/lang/NoSuchMethodError'{0x0000000786c0b3e0}: 'java.lang.Object java.lang.invoke.DirectMethodHandle$Holder.newInvokeSpecial(java.lang.Object, java.lang.Object, int)'> (0x0000000786c0b3e0) 
thrown [open/src/hotspot/share/interpreter/linkResolver.cpp, line 766]
Event: 1.379 Thread 0x000000013f03e600 Exception <a 'sun/nio/fs/UnixException'{0x0000000786c1b830}> (0x0000000786c1b830) 
thrown [open/src/hotspot/share/prims/jni.cpp, line 516]
Event: 1.548 Thread 0x0000000140018e00 Exception <a 'java/lang/NoSuchMethodError'{0x0000000786b52a08}: 'int java.lang.invoke.DirectMethodHandle$Holder.invokeStaticInit(java.lang.Object, java.lang.Object)'> (0x0000000786b52a08) 
thrown [open/src/hotspot/share/interpreter/linkResolver.cpp, line 766]
Event: 2.127 Thread 0x000000013f03e600 Exception <a 'java/lang/NoSuchMethodError'{0x000000078649c2e8}: 'java.lang.Object java.lang.invoke.DirectMethodHandle$Holder.newInvokeSpecial(java.lang.Object, java.lang.Object, int, int, int, int, int, java.lang.Object)'> (0x000000078649c2e8) 
thrown [open/src/hotspot/share/interpreter/linkResolver.cpp, line 766]
Event: 2.128 Thread 0x000000013f03e600 Exception <a 'java/lang/NoSuchMethodError'{0x00000007864af2c8}: 'java.lang.Object java.lang.invoke.DirectMethodHandle$Holder.newInvokeSpecial(java.lang.Object, java.lang.Object, java.lang.Object, int, int, int, int, int)'> (0x00000007864af2c8) 
thrown [open/src/hotspot/share/interpreter/linkResolver.cpp, line 766]
Event: 2.128 Thread 0x000000013f03e600 Exception <a 'java/lang/NoSuchMethodError'{0x00000007864b6b30}: 'java.lang.Object java.lang.invoke.Invokers$Holder.linkToTargetMethod(java.lang.Object, java.lang.Object, int, int, int, int, int, java.lang.Object)'> (0x00000007864b6b30) 
thrown [open/src/hotspot/share/interpreter/linkResolver.cpp, line 766]
Event: 2.140 Thread 0x000000013f03e600 Exception <a 'java/lang/NoSuchMethodError'{0x00000007864cf190}: 'long java.lang.invoke.DirectMethodHandle$Holder.invokeStatic(java.lang.Object, java.lang.Object, java.lang.Object)'> (0x00000007864cf190) 
thrown [open/src/hotspot/share/interpreter/linkResolver.cpp, line 766]
Event: 2.140 Thread 0x000000013f03e600 Exception <a 'java/lang/NoSuchMethodError'{0x00000007864d2930}: 'long java.lang.invoke.DirectMethodHandle$Holder.invokeStaticInit(java.lang.Object, java.lang.Object, java.lang.Object)'> (0x00000007864d2930) 
thrown [open/src/hotspot/share/interpreter/linkResolver.cpp, line 766]
Event: 2.141 Thread 0x000000013f03e600 Exception <a 'java/lang/NoSuchMethodError'{0x00000007864eb070}: 'java.lang.Object java.lang.invoke.DirectMethodHandle$Holder.newInvokeSpecial(java.lang.Object, java.lang.Object, long)'> (0x00000007864eb070) 
thrown [open/src/hotspot/share/interpreter/linkResolver.cpp, line 766]
Event: 2.141 Thread 0x000000013f03e600 Exception <a 'java/lang/NoSuchMethodError'{0x00000007864ee940}: 'java.lang.Object java.lang.invoke.Invokers$Holder.linkToTargetMethod(java.lang.Object, long, java.lang.Object)'> (0x00000007864ee940) 
thrown [open/src/hotspot/share/interpreter/linkResolver.cpp, line 766]
Event: 5.089 Thread 0x000000013f03e600 Exception <a 'java/lang/NoSuchMethodError'{0x00000007863c9230}: 'java.lang.Object java.lang.invoke.DirectMethodHandle$Holder.invokeSpecial(java.lang.Object, java.lang.Object, double, double)'> (0x00000007863c9230) 
thrown [open/src/hotspot/share/interpreter/linkResolver.cpp, line 766]
Event: 8.515 Thread 0x0000000140018e00 Implicit null exception at 0x00000001125b8f10 to 0x00000001125b9424

VM Operations (20 events):
Event: 5.035 Executing VM operation: Cleanup
Event: 5.035 Executing VM operation: Cleanup done
Event: 6.037 Executing VM operation: Cleanup
Event: 6.038 Executing VM operation: Cleanup done
Event: 6.507 Executing VM operation: ICBufferFull
Event: 6.507 Executing VM operation: ICBufferFull done
Event: 6.939 Executing VM operation: ICBufferFull
Event: 6.939 Executing VM operation: ICBufferFull done
Event: 7.944 Executing VM operation: Cleanup
Event: 7.944 Executing VM operation: Cleanup done
Event: 8.509 Executing VM operation: G1CollectForAllocation
Event: 8.515 Executing VM operation: G1CollectForAllocation done
Event: 8.609 Executing VM operation: HandshakeAllThreads
Event: 8.609 Executing VM operation: HandshakeAllThreads done
Event: 9.614 Executing VM operation: Cleanup
Event: 9.615 Executing VM operation: Cleanup done
Event: 10.615 Executing VM operation: Cleanup
Event: 10.615 Executing VM operation: Cleanup done
Event: 59.839 Executing VM operation: Cleanup
Event: 59.839 Executing VM operation: Cleanup done

Events (20 events):
Event: 3.339 Protecting memory [0x0000000171b74000,0x0000000171b80000] with protection modes 3
Event: 3.339 Thread 0x000000013e8c6800 Thread exited: 0x000000013e8c6800
Event: 3.489 Protecting memory [0x0000000171b74000,0x0000000171b80000] with protection modes 0
Event: 3.489 Thread 0x000000011f852800 Thread added: 0x000000011f852800
Event: 4.206 Protecting memory [0x0000000171b74000,0x0000000171b80000] with protection modes 3
Event: 4.206 Thread 0x000000011f852800 Thread exited: 0x000000011f852800
Event: 5.106 Protecting memory [0x0000000171b74000,0x0000000171b80000] with protection modes 0
Event: 5.106 Thread 0x000000011f848c00 Thread added: 0x000000011f848c00
Event: 9.089 Protecting memory [0x0000000171b74000,0x0000000171b80000] with protection modes 3
Event: 9.089 Thread 0x000000011f848c00 Thread exited: 0x000000011f848c00
Event: 10.372 Protecting memory [0x0000000171b74000,0x0000000171b80000] with protection modes 0
Event: 10.372 Thread 0x000000013e902000 Thread added: 0x000000013e902000
Event: 10.656 Protecting memory [0x0000000171b74000,0x0000000171b80000] with protection modes 3
Event: 10.656 Thread 0x000000013e902000 Thread exited: 0x000000013e902000
Event: 59.292 Protecting memory [0x0000000171b74000,0x0000000171b80000] with protection modes 0
Event: 59.292 Thread 0x000000013e902000 Thread added: 0x000000013e902000
Event: 59.576 Protecting memory [0x0000000171b74000,0x0000000171b80000] with protection modes 3
Event: 59.576 Thread 0x000000013e902000 Thread exited: 0x000000013e902000
Event: 60.258 Protecting memory [0x0000000171b74000,0x0000000171b80000] with protection modes 0
Event: 60.258 Thread 0x000000011f008a00 Thread added: 0x000000011f008a00


Dynamic libraries:
0x0000000100f60000 	/Library/Java/JavaVirtualMachines/jdk-18.0.1.1.jdk/Contents/Home/lib/libjli.dylib
0x00000001a7ef1000 	/usr/lib/libz.1.dylib
0x00000001a7fa1000 	/usr/lib/libSystem.B.dylib
0x00000001a7f9b000 	/usr/lib/system/libcache.dylib
0x00000001a7f59000 	/usr/lib/system/libcommonCrypto.dylib
0x00000001a7f82000 	/usr/lib/system/libcompiler_rt.dylib
0x00000001a7f79000 	/usr/lib/system/libcopyfile.dylib
0x000000019d2da000 	/usr/lib/system/libcorecrypto.dylib
0x000000019d37f000 	/usr/lib/system/libdispatch.dylib
0x000000019d547000 	/usr/lib/system/libdyld.dylib
0x00000001a7f91000 	/usr/lib/system/libkeymgr.dylib
0x00000001a7f3b000 	/usr/lib/system/libmacho.dylib
0x00000001a763b000 	/usr/lib/system/libquarantine.dylib
0x00000001a7f8e000 	/usr/lib/system/libremovefile.dylib
0x00000001a26d9000 	/usr/lib/system/libsystem_asl.dylib
0x000000019d284000 	/usr/lib/system/libsystem_blocks.dylib
0x000000019d405000 	/usr/lib/system/libsystem_c.dylib
0x00000001a7f86000 	/usr/lib/system/libsystem_collections.dylib
0x00000001a6afa000 	/usr/lib/system/libsystem_configuration.dylib
0x00000001a5d7e000 	/usr/lib/system/libsystem_containermanager.dylib
0x00000001a7ca2000 	/usr/lib/system/libsystem_coreservices.dylib
0x000000019fc6b000 	/usr/lib/system/libsystem_darwin.dylib
0x00000001a7f92000 	/usr/lib/system/libsystem_dnssd.dylib
0x000000019d402000 	/usr/lib/system/libsystem_featureflags.dylib
0x000000019d55c000 	/usr/lib/system/libsystem_info.dylib
0x00000001a7f03000 	/usr/lib/system/libsystem_m.dylib
0x000000019d354000 	/usr/lib/system/libsystem_malloc.dylib
0x00000001a266a000 	/usr/lib/system/libsystem_networkextension.dylib
0x00000001a00bf000 	/usr/lib/system/libsystem_notify.dylib
0x00000001ae1a5000 	/usr/lib/system/libsystem_product_info_filter.dylib
0x00000001a6aff000 	/usr/lib/system/libsystem_sandbox.dylib
0x00000001a7f8b000 	/usr/lib/system/libsystem_secinit.dylib
0x000000019d504000 	/usr/lib/system/libsystem_kernel.dylib
0x000000019d554000 	/usr/lib/system/libsystem_platform.dylib
0x000000019d53a000 	/usr/lib/system/libsystem_pthread.dylib
0x00000001a3e16000 	/usr/lib/system/libsystem_symptoms.dylib
0x000000019d2c0000 	/usr/lib/system/libsystem_trace.dylib
0x00000001a7f66000 	/usr/lib/system/libunwind.dylib
0x000000019d286000 	/usr/lib/system/libxpc.dylib
0x000000019d4ea000 	/usr/lib/libc++abi.dylib
0x000000019d3c6000 	/usr/lib/libobjc.A.dylib
0x00000001a7f71000 	/usr/lib/liboah.dylib
0x000000019d486000 	/usr/lib/libc++.1.dylib
0x00000001b3ba6000 	/System/Library/Frameworks/Cocoa.framework/Versions/A/Cocoa
0x00000001a011f000 	/System/Library/Frameworks/AppKit.framework/Versions/C/AppKit
0x00000001a3655000 	/System/Library/Frameworks/CoreData.framework/Versions/A/CoreData
0x000000019e47c000 	/System/Library/Frameworks/Foundation.framework/Versions/C/Foundation
0x00000001a0fd6000 	/System/Library/PrivateFrameworks/UIFoundation.framework/Versions/A/UIFoundation
0x00000001ade9f000 	/System/Library/PrivateFrameworks/RemoteViewServices.framework/Versions/A/RemoteViewServices
0x00000001a64b8000 	/System/Library/PrivateFrameworks/XCTTargetBootstrap.framework/Versions/A/XCTTargetBootstrap
0x00000001a9ca2000 	/System/Library/PrivateFrameworks/InternationalSupport.framework/Versions/A/InternationalSupport
0x00000001a9d2b000 	/System/Library/PrivateFrameworks/UserActivity.framework/Versions/A/UserActivity
0x00000001a91d0000 	/usr/lib/libspindump.dylib
0x00000001a1246000 	/System/Library/Frameworks/UniformTypeIdentifiers.framework/Versions/A/UniformTypeIdentifiers
0x00000001a4a45000 	/usr/lib/libapp_launch_measurement.dylib
0x00000001a3fbd000 	/System/Library/PrivateFrameworks/CoreAnalytics.framework/Versions/A/CoreAnalytics
0x00000001a4a48000 	/System/Library/PrivateFrameworks/CoreAutoLayout.framework/Versions/A/CoreAutoLayout
0x00000001a5dbb000 	/System/Library/Frameworks/Metal.framework/Versions/A/Metal
0x00000001a6b0a000 	/usr/lib/liblangid.dylib
0x00000001a64bc000 	/System/Library/PrivateFrameworks/CoreSVG.framework/Versions/A/CoreSVG
0x00000001a270d000 	/System/Library/PrivateFrameworks/SkyLight.framework/Versions/A/SkyLight
0x00000001a2ada000 	/System/Library/Frameworks/CoreGraphics.framework/Versions/A/CoreGraphics
0x00000001ae51d000 	/System/Library/Frameworks/Accelerate.framework/Versions/A/Accelerate
0x00000001a8c44000 	/System/Library/PrivateFrameworks/IconServices.framework/Versions/A/IconServices
0x00000001a5d9d000 	/System/Library/Frameworks/IOSurface.framework/Versions/A/IOSurface
0x00000001a3fed000 	/usr/lib/libDiagnosticMessagesClient.dylib
0x00000001b1966000 	/System/Library/Frameworks/ApplicationServices.framework/Versions/A/ApplicationServices
0x00000001a64a0000 	/System/Library/PrivateFrameworks/DFRFoundation.framework/Versions/A/DFRFoundation
0x000000019f9c0000 	/usr/lib/libicucore.A.dylib
0x00000001aaaa3000 	/System/Library/Frameworks/AudioToolbox.framework/Versions/A/AudioToolbox
0x00000001a9cae000 	/System/Library/PrivateFrameworks/DataDetectorsCore.framework/Versions/A/DataDetectorsCore
0x00000001bfdfc000 	/System/Library/PrivateFrameworks/TextInput.framework/Versions/A/TextInput
0x00000001a2684000 	/usr/lib/libMobileGestalt.dylib
0x00000001a6170000 	/System/Library/Frameworks/Carbon.framework/Versions/A/Frameworks/HIToolbox.framework/Versions/A/HIToolbox
0x00000001a444e000 	/System/Library/Frameworks/QuartzCore.framework/Versions/A/QuartzCore
0x000000019f63d000 	/System/Library/Frameworks/Security.framework/Versions/A/Security
0x00000001adedf000 	/System/Library/Frameworks/Carbon.framework/Versions/A/Frameworks/SpeechRecognition.framework/Versions/A/SpeechRecognition
0x00000001a479c000 	/System/Library/PrivateFrameworks/CoreUI.framework/Versions/A/CoreUI
0x000000019ef0e000 	/System/Library/Frameworks/CoreAudio.framework/Versions/A/CoreAudio
0x00000001a40e1000 	/System/Library/Frameworks/DiskArbitration.framework/Versions/A/DiskArbitration
0x00000001a95b5000 	/System/Library/PrivateFrameworks/MultitouchSupport.framework/Versions/A/MultitouchSupport
0x00000001a2682000 	/usr/lib/libenergytrace.dylib
0x000000019ffe9000 	/System/Library/Frameworks/IOKit.framework/Versions/A/IOKit
0x00000001ae2c8000 	/System/Library/Frameworks/CoreServices.framework/Versions/A/CoreServices
0x00000001a49d5000 	/System/Library/PrivateFrameworks/PerformanceAnalysis.framework/Versions/A/PerformanceAnalysis
0x00000001fe9a9000 	/System/Library/Frameworks/OpenGL.framework/Versions/A/OpenGL
0x00000001a755b000 	/System/Library/PrivateFrameworks/MobileKeyBag.framework/Versions/A/MobileKeyBag
0x00000001a30ea000 	/System/Library/Frameworks/ColorSync.framework/Versions/A/ColorSync
0x000000019d588000 	/System/Library/Frameworks/CoreFoundation.framework/Versions/A/CoreFoundation
0x00000001a673d000 	/System/Library/Frameworks/CoreImage.framework/Versions/A/CoreImage
0x000000019ed31000 	/System/Library/Frameworks/CoreText.framework/Versions/A/CoreText
0x00000001a64ec000 	/System/Library/Frameworks/ImageIO.framework/Versions/A/ImageIO
0x00000001a7fa7000 	/System/Library/PrivateFrameworks/SoftLinking.framework/Versions/A/SoftLinking
0x00000001a4a92000 	/usr/lib/libxml2.2.dylib
0x00000001a8240000 	/usr/lib/libcompression.dylib
0x00000001a9bfb000 	/System/Library/PrivateFrameworks/TextureIO.framework/Versions/A/TextureIO
0x00000001a895e000 	/usr/lib/libate.dylib
0x00000001a8826000 	/usr/lib/liblzma.5.dylib
0x000000019e170000 	/System/Library/Frameworks/SystemConfiguration.framework/Versions/A/SystemConfiguration
0x00000001a7fa3000 	/usr/lib/libfakelink.dylib
0x00000001a21b1000 	/System/Library/Frameworks/CFNetwork.framework/Versions/A/CFNetwork
0x00000001a80ea000 	/usr/lib/libarchive.2.dylib
0x00000001a6b06000 	/System/Library/PrivateFrameworks/AppleSystemInfo.framework/Versions/A/AppleSystemInfo
0x00000001a7666000 	/usr/lib/libbsm.0.dylib
0x00000001a16e9000 	/usr/lib/libnetwork.dylib
0x00000001a7f41000 	/usr/lib/system/libkxld.dylib
0x00000001a727d000 	/System/Library/PrivateFrameworks/IOMobileFramebuffer.framework/Versions/A/IOMobileFramebuffer
0x000000021a7da000 	/usr/lib/libCoreEntitlements.dylib
0x00000001a7c84000 	/System/Library/PrivateFrameworks/AppleFSCompression.framework/Versions/A/AppleFSCompression
0x00000001a764e000 	/usr/lib/libcoretls.dylib
0x00000001a883f000 	/usr/lib/libcoretls_cfhelpers.dylib
0x00000001a823b000 	/usr/lib/libpam.2.dylib
0x00000001a3a3e000 	/usr/lib/libsqlite3.dylib
0x00000001a88a7000 	/usr/lib/libxar.1.dylib
0x00000001a7c95000 	/usr/lib/libbz2.1.0.dylib
0x00000001a7fa8000 	/usr/lib/libpcap.A.dylib
0x00000001a3e0d000 	/usr/lib/libdns_services.dylib
0x00000001a820e000 	/usr/lib/libapple_nghttp2.dylib
0x00000001a7fe5000 	/usr/lib/libiconv.2.dylib
0x00000001a7f3a000 	/usr/lib/libcharset.1.dylib
0x00000001a4a11000 	/System/Library/Frameworks/CoreServices.framework/Versions/A/Frameworks/FSEvents.framework/Versions/A/FSEvents
0x000000019fc76000 	/System/Library/Frameworks/CoreServices.framework/Versions/A/Frameworks/CarbonCore.framework/Versions/A/CarbonCore
0x00000001a4044000 	/System/Library/Frameworks/CoreServices.framework/Versions/A/Frameworks/Metadata.framework/Versions/A/Metadata
0x00000001a7ca8000 	/System/Library/Frameworks/CoreServices.framework/Versions/A/Frameworks/OSServices.framework/Versions/A/OSServices
0x00000001a8170000 	/System/Library/Frameworks/CoreServices.framework/Versions/A/Frameworks/SearchKit.framework/Versions/A/SearchKit
0x00000001a3d9b000 	/System/Library/Frameworks/CoreServices.framework/Versions/A/Frameworks/AE.framework/Versions/A/AE
0x000000019dacc000 	/System/Library/Frameworks/CoreServices.framework/Versions/A/Frameworks/LaunchServices.framework/Versions/A/LaunchServices
0x00000001a87cf000 	/System/Library/Frameworks/CoreServices.framework/Versions/A/Frameworks/DictionaryServices.framework/Versions/A/DictionaryServices
0x00000001a4a1e000 	/System/Library/Frameworks/CoreServices.framework/Versions/A/Frameworks/SharedFileList.framework/Versions/A/SharedFileList
0x00000001a763e000 	/usr/lib/libCheckFix.dylib
0x00000001a26f1000 	/System/Library/PrivateFrameworks/TCC.framework/Versions/A/TCC
0x00000001a6b0c000 	/System/Library/PrivateFrameworks/CoreNLP.framework/Versions/A/CoreNLP
0x00000001a3ff0000 	/System/Library/PrivateFrameworks/MetadataUtilities.framework/Versions/A/MetadataUtilities
0x000000019e229000 	/usr/lib/libmecabra.dylib
0x00000001a7677000 	/usr/lib/libmecab.dylib
0x000000019e1f5000 	/usr/lib/libCRFSuite.dylib
0x00000001a76d5000 	/usr/lib/libgermantok.dylib
0x00000001a81e7000 	/usr/lib/libThaiTokenizer.dylib
0x00000001a40e9000 	/System/Library/Frameworks/Accelerate.framework/Versions/A/Frameworks/vImage.framework/Versions/A/vImage
0x00000001ae29f000 	/System/Library/Frameworks/Accelerate.framework/Versions/A/Frameworks/vecLib.framework/Versions/A/vecLib
0x00000001a88eb000 	/System/Library/Frameworks/Accelerate.framework/Versions/A/Frameworks/vecLib.framework/Versions/A/libvMisc.dylib
0x00000001a7187000 	/System/Library/Frameworks/Accelerate.framework/Versions/A/Frameworks/vecLib.framework/Versions/A/libvDSP.dylib
0x000000019de4f000 	/System/Library/Frameworks/Accelerate.framework/Versions/A/Frameworks/vecLib.framework/Versions/A/libBLAS.dylib
0x00000001a830f000 	/System/Library/Frameworks/Accelerate.framework/Versions/A/Frameworks/vecLib.framework/Versions/A/libLAPACK.dylib
0x00000001a76d8000 	/System/Library/Frameworks/Accelerate.framework/Versions/A/Frameworks/vecLib.framework/Versions/A/libLinearAlgebra.dylib
0x00000001a8226000 	/System/Library/Frameworks/Accelerate.framework/Versions/A/Frameworks/vecLib.framework/Versions/A/libSparseBLAS.dylib
0x00000001a830a000 	/System/Library/Frameworks/Accelerate.framework/Versions/A/Frameworks/vecLib.framework/Versions/A/libQuadrature.dylib
0x00000001a6c03000 	/System/Library/Frameworks/Accelerate.framework/Versions/A/Frameworks/vecLib.framework/Versions/A/libBNNS.dylib
0x000000019e10d000 	/System/Library/Frameworks/Accelerate.framework/Versions/A/Frameworks/vecLib.framework/Versions/A/libSparse.dylib
0x00000001a6bfb000 	/System/Library/PrivateFrameworks/LinguisticData.framework/Versions/A/LinguisticData
0x000000019e0c3000 	/System/Library/PrivateFrameworks/Lexicon.framework/Versions/A/Lexicon
0x00000001a88e3000 	/usr/lib/libChineseTokenizer.dylib
0x000000019e86a000 	/System/Library/PrivateFrameworks/LanguageModeling.framework/Versions/A/LanguageModeling
0x00000001a81e9000 	/System/Library/PrivateFrameworks/AppleSauce.framework/Versions/A/AppleSauce
0x00000001a726a000 	/System/Library/PrivateFrameworks/CoreEmoji.framework/Versions/A/CoreEmoji
0x00000001a80d8000 	/usr/lib/libcmph.dylib
0x00000001a49f1000 	/System/Library/Frameworks/OpenDirectory.framework/Versions/A/Frameworks/CFOpenDirectory.framework/Versions/A/CFOpenDirectory
0x00000001a49e1000 	/System/Library/Frameworks/OpenDirectory.framework/Versions/A/OpenDirectory
0x00000001a8841000 	/System/Library/PrivateFrameworks/APFS.framework/Versions/A/APFS
0x00000001a7596000 	/System/Library/Frameworks/SecurityFoundation.framework/Versions/A/SecurityFoundation
0x00000001a88b5000 	/usr/lib/libutil.dylib
0x000000019ffab000 	/System/Library/PrivateFrameworks/CoreServicesStore.framework/Versions/A/CoreServicesStore
0x00000001a88b9000 	/usr/lib/libxslt.1.dylib
0x00000001a762a000 	/System/Library/PrivateFrameworks/BackgroundTaskManagement.framework/Versions/A/BackgroundTaskManagement
0x00000001a9b1c000 	/System/Library/Frameworks/ImageIO.framework/Versions/A/Resources/libRadiance.dylib
0x00000001a9b25000 	/System/Library/Frameworks/ImageIO.framework/Versions/A/Resources/libJPEG.dylib
0x00000001a9a77000 	/System/Library/Frameworks/ImageIO.framework/Versions/A/Resources/libPng.dylib
0x00000001a9a99000 	/System/Library/Frameworks/ImageIO.framework/Versions/A/Resources/libTIFF.dylib
0x00000001a9b80000 	/System/Library/Frameworks/ImageIO.framework/Versions/A/Resources/libGIF.dylib
0x00000001a94c5000 	/System/Library/Frameworks/ImageIO.framework/Versions/A/Resources/libJP2.dylib
0x00000001a8c0a000 	/usr/lib/libexpat.1.dylib
0x00000001a9480000 	/System/Library/PrivateFrameworks/AppleJPEG.framework/Versions/A/AppleJPEG
0x00000001a602f000 	/System/Library/PrivateFrameworks/FontServices.framework/libFontParser.dylib
0x00000001a3d40000 	/System/Library/PrivateFrameworks/RunningBoardServices.framework/Versions/A/RunningBoardServices
0x00000001b421c000 	/System/Library/PrivateFrameworks/IOSurfaceAccelerator.framework/Versions/A/IOSurfaceAccelerator
0x00000001a95b1000 	/System/Library/PrivateFrameworks/WatchdogClient.framework/Versions/A/WatchdogClient
0x000000019e96e000 	/System/Library/Frameworks/CoreDisplay.framework/Versions/A/CoreDisplay
0x00000001a5f1d000 	/System/Library/Frameworks/CoreMedia.framework/Versions/A/CoreMedia
0x00000001a5db1000 	/System/Library/PrivateFrameworks/IOAccelerator.framework/Versions/A/IOAccelerator
0x00000001a4b7f000 	/System/Library/Frameworks/CoreVideo.framework/Versions/A/CoreVideo
0x00000001a8239000 	/System/Library/Frameworks/MetalPerformanceShaders.framework/Versions/A/MetalPerformanceShaders
0x00000001a95ee000 	/System/Library/Frameworks/VideoToolbox.framework/Versions/A/VideoToolbox
0x00000001a3c84000 	/System/Library/PrivateFrameworks/BaseBoard.framework/Versions/A/BaseBoard
0x00000001a3a23000 	/System/Library/PrivateFrameworks/ProtocolBuffer.framework/Versions/A/ProtocolBuffer
0x00000001a9b17000 	/System/Library/PrivateFrameworks/GPUWrangler.framework/Versions/A/GPUWrangler
0x00000001a9af6000 	/System/Library/PrivateFrameworks/IOPresentment.framework/Versions/A/IOPresentment
0x00000001a9b1f000 	/System/Library/PrivateFrameworks/DSExternalDisplay.framework/Versions/A/DSExternalDisplay
0x00000001fe99c000 	/System/Library/Frameworks/OpenGL.framework/Versions/A/Libraries/libCoreFSCache.dylib
0x0000000208187000 	/System/Library/PrivateFrameworks/GPUCompiler.framework/Versions/31001/Libraries/libGPUCompilerUtils.dylib
0x00000001a9b85000 	/System/Library/PrivateFrameworks/CMCaptureCore.framework/Versions/A/CMCaptureCore
0x00000001a91be000 	/System/Library/PrivateFrameworks/AppServerSupport.framework/Versions/A/AppServerSupport
0x00000001ab35e000 	/System/Library/PrivateFrameworks/perfdata.framework/Versions/A/perfdata
0x000000019ea8e000 	/System/Library/PrivateFrameworks/AudioToolboxCore.framework/Versions/A/AudioToolboxCore
0x00000001a5ef5000 	/System/Library/PrivateFrameworks/caulk.framework/Versions/A/caulk
0x00000001aac53000 	/usr/lib/libAudioStatistics.dylib
0x00000001bc570000 	/System/Library/PrivateFrameworks/SystemPolicy.framework/Versions/A/SystemPolicy
0x00000001aaeb3000 	/usr/lib/libSMC.dylib
0x00000001b3a88000 	/System/Library/Frameworks/CoreMIDI.framework/Versions/A/CoreMIDI
0x00000001a9a45000 	/usr/lib/libAudioToolboxUtility.dylib
0x00000001b899d000 	/System/Library/PrivateFrameworks/OSAServicesClient.framework/Versions/A/OSAServicesClient
0x00000001ab36b000 	/usr/lib/libperfcheck.dylib
0x00000001bd077000 	/usr/lib/libmis.dylib
0x00000001fe9fd000 	/System/Library/Frameworks/OpenGL.framework/Versions/A/Libraries/libGLU.dylib
0x00000001fe9bc000 	/System/Library/Frameworks/OpenGL.framework/Versions/A/Libraries/libGFXShared.dylib
0x00000001feba6000 	/System/Library/Frameworks/OpenGL.framework/Versions/A/Libraries/libGL.dylib
0x00000001fe9c5000 	/System/Library/Frameworks/OpenGL.framework/Versions/A/Libraries/libGLImage.dylib
0x00000001fe9b9000 	/System/Library/Frameworks/OpenGL.framework/Versions/A/Libraries/libCVMSPluginSupport.dylib
0x00000001fe9a3000 	/System/Library/Frameworks/OpenGL.framework/Versions/A/Libraries/libCoreVMClient.dylib
0x00000001a6a87000 	/System/Library/Frameworks/MetalPerformanceShaders.framework/Versions/A/Frameworks/MPSCore.framework/Versions/A/MPSCore
0x00000001a7bf7000 	/System/Library/Frameworks/MetalPerformanceShaders.framework/Versions/A/Frameworks/MPSImage.framework/Versions/A/MPSImage
0x00000001a76ed000 	/System/Library/Frameworks/MetalPerformanceShaders.framework/Versions/A/Frameworks/MPSNeuralNetwork.framework/Versions/A/MPSNeuralNetwork
0x00000001a7b2a000 	/System/Library/Frameworks/MetalPerformanceShaders.framework/Versions/A/Frameworks/MPSMatrix.framework/Versions/A/MPSMatrix
0x00000001a7905000 	/System/Library/Frameworks/MetalPerformanceShaders.framework/Versions/A/Frameworks/MPSRayIntersector.framework/Versions/A/MPSRayIntersector
0x00000001a7b5b000 	/System/Library/Frameworks/MetalPerformanceShaders.framework/Versions/A/Frameworks/MPSNDArray.framework/Versions/A/MPSNDArray
0x00000002006d4000 	/System/Library/Frameworks/MetalPerformanceShaders.framework/Versions/A/Frameworks/MPSFunctions.framework/Versions/A/MPSFunctions
0x000000019dd2d000 	/System/Library/PrivateFrameworks/MetalTools.framework/Versions/A/MetalTools
0x00000001a6b04000 	/System/Library/PrivateFrameworks/AggregateDictionary.framework/Versions/A/AggregateDictionary
0x00000001a89f0000 	/usr/lib/libIOReport.dylib
0x00000001b2a6f000 	/System/Library/PrivateFrameworks/ASEProcessing.framework/Versions/A/ASEProcessing
0x00000001a8d63000 	/System/Library/PrivateFrameworks/FaceCore.framework/Versions/A/FaceCore
0x00000001a8d55000 	/System/Library/PrivateFrameworks/GraphVisualizer.framework/Versions/A/GraphVisualizer
0x000000020809e000 	/System/Library/PrivateFrameworks/FontServices.framework/Versions/A/FontServices
0x00000001a9178000 	/System/Library/PrivateFrameworks/OTSVG.framework/Versions/A/OTSVG
0x00000001a474d000 	/System/Library/Frameworks/ApplicationServices.framework/Versions/A/Frameworks/ATS.framework/Versions/A/Resources/libFontRegistry.dylib
0x00000001a91c7000 	/System/Library/PrivateFrameworks/FontServices.framework/libhvf.dylib
0x000000020809f000 	/System/Library/PrivateFrameworks/FontServices.framework/libXTFontStaticRegistryData.dylib
0x00000001fed48000 	/System/Library/Frameworks/OpenCL.framework/Versions/A/OpenCL
0x00000001a8bbe000 	/System/Library/PrivateFrameworks/AppleVA.framework/Versions/A/AppleVA
0x00000001aac7b000 	/System/Library/Frameworks/ApplicationServices.framework/Versions/A/Frameworks/ATS.framework/Versions/A/ATS
0x00000001a31e7000 	/System/Library/Frameworks/ApplicationServices.framework/Versions/A/Frameworks/HIServices.framework/Versions/A/HIServices
0x00000001a9b8f000 	/System/Library/Frameworks/ApplicationServices.framework/Versions/A/Frameworks/PrintCore.framework/Versions/A/PrintCore
0x00000001ab006000 	/System/Library/Frameworks/ApplicationServices.framework/Versions/A/Frameworks/QD.framework/Versions/A/QD
0x00000001aaffe000 	/System/Library/Frameworks/ApplicationServices.framework/Versions/A/Frameworks/ColorSyncLegacy.framework/Versions/A/ColorSyncLegacy
0x00000001aac67000 	/System/Library/Frameworks/ApplicationServices.framework/Versions/A/Frameworks/SpeechSynthesis.framework/Versions/A/SpeechSynthesis
0x00000001a9b50000 	/System/Library/Frameworks/ApplicationServices.framework/Versions/A/Frameworks/ATSUI.framework/Versions/A/ATSUI
0x00000001aaf93000 	/usr/lib/libcups.2.dylib
0x00000001ab379000 	/System/Library/Frameworks/Kerberos.framework/Versions/A/Kerberos
0x00000001ab38a000 	/System/Library/Frameworks/GSS.framework/Versions/A/GSS
0x00000001aacea000 	/usr/lib/libresolv.9.dylib
0x00000001a91d5000 	/System/Library/PrivateFrameworks/Heimdal.framework/Versions/A/Heimdal
0x00000001b1cde000 	/System/Library/Frameworks/Kerberos.framework/Versions/A/Libraries/libHeimdalProxy.dylib
0x00000001a3e1f000 	/System/Library/Frameworks/Network.framework/Versions/A/Network
0x00000001a8c25000 	/usr/lib/libheimdal-asn1.dylib
0x00000001ab3d0000 	/System/Library/PrivateFrameworks/CommonAuth.framework/Versions/A/CommonAuth
0x00000001aabe1000 	/System/Library/PrivateFrameworks/AudioSession.framework/Versions/A/AudioSession
0x00000001a8cb6000 	/System/Library/PrivateFrameworks/MediaExperience.framework/Versions/A/MediaExperience
0x00000001aaa69000 	/System/Library/PrivateFrameworks/AudioSession.framework/libSessionUtility.dylib
0x00000001ab012000 	/System/Library/PrivateFrameworks/AudioResourceArbitration.framework/Versions/A/AudioResourceArbitration
0x00000001af11d000 	/System/Library/PrivateFrameworks/PowerLog.framework/Versions/A/PowerLog
0x00000001a8c2e000 	/System/Library/PrivateFrameworks/IconFoundation.framework/Versions/A/IconFoundation
0x00000001adecb000 	/System/Library/PrivateFrameworks/SpeechRecognitionCore.framework/Versions/A/SpeechRecognitionCore
0x0000000102140000 	/Library/Java/JavaVirtualMachines/jdk-18.0.1.1.jdk/Contents/Home/lib/server/libjvm.dylib
0x0000000100fc4000 	/Library/Java/JavaVirtualMachines/jdk-18.0.1.1.jdk/Contents/Home/lib/libjimage.dylib
0x0000000100ff0000 	/Library/Java/JavaVirtualMachines/jdk-18.0.1.1.jdk/Contents/Home/lib/libinstrument.dylib
0x00000001011f0000 	/Library/Java/JavaVirtualMachines/jdk-18.0.1.1.jdk/Contents/Home/lib/libjava.dylib
0x00000001020a4000 	/Library/Java/JavaVirtualMachines/jdk-18.0.1.1.jdk/Contents/Home/lib/libnio.dylib
0x00000001020c4000 	/Library/Java/JavaVirtualMachines/jdk-18.0.1.1.jdk/Contents/Home/lib/libnet.dylib
0x0000000101024000 	/Library/Java/JavaVirtualMachines/jdk-18.0.1.1.jdk/Contents/Home/lib/libzip.dylib
0x00000001020e4000 	/Users/niambashambu/Documents/Documents - nbash Macbook Air/Java/javafx-sdk-17.0.1/lib/libprism_es2.dylib
0x000000019ff6e000 	/System/Library/PrivateFrameworks/CoreServicesInternal.framework/Versions/A/CoreServicesInternal
0x00000001febb0000 	/System/Library/Frameworks/OpenGL.framework/Versions/A/Resources/GLEngine.bundle/GLEngine
0x00000001fea37000 	/System/Library/Frameworks/OpenGL.framework/Versions/A/Libraries/libGLProgrammability.dylib
0x000000011e2d8000 	/System/Library/Extensions/AppleMetalOpenGLRenderer.bundle/Contents/MacOS/AppleMetalOpenGLRenderer
0x00000001fed1f000 	/System/Library/Frameworks/OpenGL.framework/Versions/A/Resources/GLRendererFloat.bundle/GLRendererFloat
0x00000001fedc0000 	/System/Library/Extensions/AGXMetal13_3.bundle/Contents/MacOS/AGXMetal13_3
0x00000001bd093000 	/System/Library/PrivateFrameworks/GPURawCounter.framework/Versions/A/GPURawCounter
0x00000001b7b21000 	/System/Library/PrivateFrameworks/IOGPU.framework/Versions/A/IOGPU
0x000000011e370000 	/Users/niambashambu/Documents/Documents - nbash Macbook Air/Java/javafx-sdk-17.0.1/lib/libglass.dylib
0x00000001af371000 	/System/Library/Frameworks/FileProvider.framework/Versions/A/FileProvider
0x00000001a3bec000 	/System/Library/Frameworks/Accounts.framework/Versions/A/Accounts
0x00000001af4f1000 	/System/Library/PrivateFrameworks/GenerationalStorage.framework/Versions/A/GenerationalStorage
0x00000001b00a7000 	/System/Library/PrivateFrameworks/CoreSymbolication.framework/Versions/A/CoreSymbolication
0x00000001af111000 	/System/Library/PrivateFrameworks/SymptomDiagnosticReporter.framework/Versions/A/SymptomDiagnosticReporter
0x00000001a125a000 	/System/Library/PrivateFrameworks/DesktopServicesPriv.framework/Versions/A/DesktopServicesPriv
0x00000001a00ce000 	/usr/lib/libsandbox.1.dylib
0x00000001a4c0c000 	/System/Library/PrivateFrameworks/UserManagement.framework/Versions/A/UserManagement
0x00000001b0068000 	/System/Library/PrivateFrameworks/DebugSymbols.framework/Versions/A/DebugSymbols
0x00000001aaff1000 	/System/Library/PrivateFrameworks/NetAuth.framework/Versions/A/NetAuth
0x00000001abef4000 	/System/Library/PrivateFrameworks/Sharing.framework/Versions/A/Sharing
0x00000001a4bdc000 	/System/Library/PrivateFrameworks/login.framework/Versions/A/Frameworks/loginsupport.framework/Versions/A/loginsupport
0x00000001b1220000 	/System/Library/PrivateFrameworks/Apple80211.framework/Versions/A/Apple80211
0x00000001a7cdb000 	/System/Library/PrivateFrameworks/AuthKit.framework/Versions/A/AuthKit
0x00000001a7369000 	/System/Library/PrivateFrameworks/CoreUtils.framework/Versions/A/CoreUtils
0x00000001a7289000 	/System/Library/Frameworks/CoreWLAN.framework/Versions/A/CoreWLAN
0x00000001ac05e000 	/System/Library/Frameworks/IOBluetooth.framework/Versions/A/IOBluetooth
0x00000001b1280000 	/System/Library/PrivateFrameworks/CoreWiFi.framework/Versions/A/CoreWiFi
0x00000001afc4f000 	/System/Library/PrivateFrameworks/FrontBoardServices.framework/Versions/A/FrontBoardServices
0x00000001afce7000 	/System/Library/PrivateFrameworks/BoardServices.framework/Versions/A/BoardServices
0x00000001a7584000 	/System/Library/PrivateFrameworks/AssertionServices.framework/Versions/A/AssertionServices
0x00000001b13ee000 	/System/Library/PrivateFrameworks/BackBoardServices.framework/Versions/A/BackBoardServices
0x00000001ab463000 	/System/Library/PrivateFrameworks/CorePhoneNumbers.framework/Versions/A/CorePhoneNumbers
0x00000001af241000 	/System/Library/PrivateFrameworks/DiskManagement.framework/Versions/A/DiskManagement
0x00000001af144000 	/System/Library/PrivateFrameworks/AppleIDAuthSupport.framework/Versions/A/AppleIDAuthSupport
0x00000002029be000 	/System/Library/PrivateFrameworks/AAAFoundation.framework/Versions/A/AAAFoundation
0x00000001ab442000 	/System/Library/PrivateFrameworks/KeychainCircle.framework/Versions/A/KeychainCircle
0x00000001af20d000 	/System/Library/PrivateFrameworks/MediaKit.framework/Versions/A/MediaKit
0x00000001af151000 	/System/Library/Frameworks/DiscRecording.framework/Versions/A/DiscRecording
0x00000001a8b3a000 	/usr/lib/libCoreStorage.dylib
0x00000001b16ea000 	/usr/lib/libcsfde.dylib
0x00000001ac133000 	/System/Library/PrivateFrameworks/ProtectedCloudStorage.framework/Versions/A/ProtectedCloudStorage
0x00000001b16e2000 	/System/Library/PrivateFrameworks/EFILogin.framework/Versions/A/EFILogin
0x00000001af518000 	/System/Library/PrivateFrameworks/OctagonTrust.framework/Versions/A/OctagonTrust
0x00000002072ea000 	/System/Library/PrivateFrameworks/CoreUtilsExtras.framework/Versions/A/CoreUtilsExtras
0x00000001af086000 	/System/Library/Frameworks/CoreBluetooth.framework/Versions/A/CoreBluetooth
0x00000001b1d63000 	/System/Library/Frameworks/AudioUnit.framework/Versions/A/AudioUnit
0x00000001a8b32000 	/usr/lib/libMatch.1.dylib
0x00000001c1389000 	/System/Library/Frameworks/Accelerate.framework/Versions/A/Frameworks/vImage.framework/Versions/A/Libraries/libCGInterfaces.dylib
0x000000011e5cc000 	/usr/lib/libobjc-trampolines.dylib
0x00000001a48d9000 	/System/Library/PrivateFrameworks/ViewBridge.framework/Versions/A/ViewBridge
0x00000001a89f9000 	/System/Library/PrivateFrameworks/CrashReporterSupport.framework/Versions/A/CrashReporterSupport
0x00000001c8d52000 	/System/Library/PrivateFrameworks/OSAnalytics.framework/Versions/A/OSAnalytics
0x00000001d3d93000 	/System/Library/PrivateFrameworks/Symbolication.framework/Versions/A/Symbolication
0x00000001bd054000 	/System/Library/PrivateFrameworks/MallocStackLogging.framework/Versions/A/MallocStackLogging
0x000000013c100000 	/Users/niambashambu/Documents/Documents - nbash Macbook Air/Java/javafx-sdk-17.0.1/lib/libjavafx_font.dylib
0x00000001a9283000 	/System/Library/PrivateFrameworks/login.framework/Versions/A/login
0x000000021a954000 	/usr/lib/libRosetta.dylib


VM Arguments:
jvm_args: -Djava.library.path=/Users/niambashambu/Documents/Documents - nbash Macbook Air/Java/javafx-sdk-17.0.1/lib -javaagent:/Applications/IntelliJ IDEA CE.app/Contents/lib/idea_rt.jar=64455:/Applications/IntelliJ IDEA CE.app/Contents/bin -Dfile.encoding=UTF-8 --module-path=/Users/niambashambu/Documents/Documents - nbash Macbook Air/Java/javafx-sdk-17.0.1/lib/javafx.media.jar:/Users/niambashambu/IdeaProjects/niamb2023_augustusb2023_Design_Project_1/out/production/src:/Users/niambashambu/Documents/Documents - nbash Macbook Air/Java/javafx-sdk-17.0.1/lib/javafx.fxml.jar:/Users/niambashambu/Documents/Documents - nbash Macbook Air/Java/javafx-sdk-17.0.1/lib/javafx.base.jar:/Users/niambashambu/Documents/Documents - nbash Macbook Air/Java/javafx-sdk-17.0.1/lib/javafx.controls.jar:/Users/niambashambu/Documents/Documents - nbash Macbook Air/Java/javafx-sdk-17.0.1/lib/javafx.graphics.jar -Djdk.module.main=niamb2023.augustusb2023.Design.Project 
java_command: niamb2023.augustusb2023.Design.Project/org.headroyce.dp1.Launcher
java_class_path (initial): /Users/niambashambu/Documents/Documents - nbash Macbook Air/Java/javafx-sdk-17.0.1/lib/javafx-swt.jar:/Users/niambashambu/Documents/Documents - nbash Macbook Air/Java/javafx-sdk-17.0.1/lib/javafx.web.jar:/Users/niambashambu/Documents/Documents - nbash Macbook Air/Java/javafx-sdk-17.0.1/lib/javafx.swing.jar
Launcher Type: SUN_STANDARD

[Global flags]
     intx CICompilerCount                          = 4                                         {product} {ergonomic}
     uint ConcGCThreads                            = 2                                         {product} {ergonomic}
     uint G1ConcRefinementThreads                  = 8                                         {product} {ergonomic}
   size_t G1HeapRegionSize                         = 1048576                                   {product} {ergonomic}
    uintx GCDrainStackTargetSize                   = 64                                        {product} {ergonomic}
   size_t InitialHeapSize                          = 134217728                                 {product} {ergonomic}
   size_t MarkStackSize                            = 4194304                                   {product} {ergonomic}
   size_t MaxHeapSize                              = 2147483648                                {product} {ergonomic}
   size_t MaxNewSize                               = 1287651328                                {product} {ergonomic}
   size_t MinHeapDeltaBytes                        = 1048576                                   {product} {ergonomic}
   size_t MinHeapSize                              = 8388608                                   {product} {ergonomic}
    uintx NonNMethodCodeHeapSize                   = 5839564                                {pd product} {ergonomic}
    uintx NonProfiledCodeHeapSize                  = 122909338                              {pd product} {ergonomic}
    uintx ProfiledCodeHeapSize                     = 122909338                              {pd product} {ergonomic}
    uintx ReservedCodeCacheSize                    = 251658240                              {pd product} {ergonomic}
     bool SegmentedCodeCache                       = true                                      {product} {ergonomic}
   size_t SoftMaxHeapSize                          = 2147483648                             {manageable} {ergonomic}
     bool UseCompressedClassPointers               = true                           {product lp64_product} {ergonomic}
     bool UseCompressedOops                        = true                           {product lp64_product} {ergonomic}
     bool UseG1GC                                  = true                                      {product} {ergonomic}
     bool UseNUMA                                  = false                                     {product} {ergonomic}
     bool UseNUMAInterleaving                      = false                                     {product} {ergonomic}

Logging:
Log output configuration:
 #0: stdout all=warning uptime,level,tags foldmultilines=false
 #1: stderr all=off uptime,level,tags foldmultilines=false

Environment Variables:
PATH=/usr/local/bin:/usr/bin:/bin:/usr/sbin:/sbin
SHELL=/bin/zsh
LC_CTYPE=en_US.UTF-8

Signal Handlers:
   SIGSEGV: _ZL13crash_handleriP9__siginfoPv in libjvm.dylib, mask=11100110000111110111111111111111, flags=SA_RESTART|SA_SIGINFO
    SIGBUS: _ZL13crash_handleriP9__siginfoPv in libjvm.dylib, mask=11100110000111110111111111111111, flags=SA_RESTART|SA_SIGINFO
    SIGFPE: _ZL13crash_handleriP9__siginfoPv in libjvm.dylib, mask=11100110000111110111111111111111, flags=SA_RESTART|SA_SIGINFO
   SIGPIPE: _ZL17javaSignalHandleriP9__siginfoPv in libjvm.dylib, mask=11100110000111110111111111111111, flags=SA_RESTART|SA_SIGINFO
   SIGXFSZ: _ZL17javaSignalHandleriP9__siginfoPv in libjvm.dylib, mask=11100110000111110111111111111111, flags=SA_RESTART|SA_SIGINFO
    SIGILL: _ZL13crash_handleriP9__siginfoPv in libjvm.dylib, mask=11100110000111110111111111111111, flags=SA_RESTART|SA_SIGINFO
   SIGUSR2: _ZL10SR_handleriP9__siginfoP17__darwin_ucontext in libjvm.dylib, mask=00100000000000000000000000000000, flags=SA_RESTART|SA_SIGINFO
    SIGHUP: _ZL11UserHandleriPvS_ in libjvm.dylib, mask=11100110000111110111111111111111, flags=SA_RESTART|SA_SIGINFO
    SIGINT: _ZL11UserHandleriPvS_ in libjvm.dylib, mask=11100110000111110111111111111111, flags=SA_RESTART|SA_SIGINFO
   SIGTERM: _ZL11UserHandleriPvS_ in libjvm.dylib, mask=11100110000111110111111111111111, flags=SA_RESTART|SA_SIGINFO
   SIGQUIT: _ZL11UserHandleriPvS_ in libjvm.dylib, mask=11100110000111110111111111111111, flags=SA_RESTART|SA_SIGINFO
   SIGTRAP: _ZL13crash_handleriP9__siginfoPv in libjvm.dylib, mask=11100110000111110111111111111111, flags=SA_RESTART|SA_SIGINFO


---------------  S Y S T E M  ---------------

OS:
uname: Darwin 21.3.0 Darwin Kernel Version 21.3.0: Wed Jan  5 21:37:58 PST 2022; root:xnu-8019.80.24~20/RELEASE_ARM64_T8101 arm64
OS uptime: 99 days 11:24 hours
rlimit (soft/hard): STACK 8176k/65520k , CORE 0k/infinity , NPROC 1333/2000 , NOFILE 10240/infinity , AS infinity/infinity , CPU infinity/infinity , DATA infinity/infinity , FSIZE infinity/infinity , MEMLOCK infinity/infinity , RSS infinity/infinity
load average: 2.78 3.33 3.30

CPU: total 8 (initial active 8) 0x61:0x0:0x1b588bb3:0, fp, simd, aes, pmull, crc, lse

Memory: 16k page, physical 8388608k(90464k free), swap 14680064k(1231104k free)

vm_info: Java HotSpot(TM) 64-Bit Server VM (18.0.1.1+2-6) for bsd-aarch64 JRE (18.0.1.1+2-6), built on Apr 25 2022 20:54:58 by "mach5one" with clang Apple LLVM 12.0.0 (clang-1200.0.32.29)

END.
