#
# A fatal error has been detected by the Java Runtime Environment:
#
#  SIGBUS (0xa) at pc=0x000000010c1854f0, pid=63752, tid=31243
#
# JRE version: Java(TM) SE Runtime Environment (18.0.1.1+2) (build 18.0.1.1+2-6)
# Java VM: Java HotSpot(TM) 64-Bit Server VM (18.0.1.1+2-6, mixed mode, sharing, tiered, compressed oops, compressed class ptrs, g1 gc, bsd-aarch64)
# Problematic frame:
# v  ~StubRoutines::SafeFetchN
#
# No core dump will be written. Core dumps have been disabled. To enable core dumping, try "ulimit -c unlimited" before starting Java again
#
# If you would like to submit a bug report, please visit:
#   https://bugreport.java.com/bugreport/crash.jsp
# The crash happened outside the Java Virtual Machine in native code.
# See problematic frame for where to report the bug.
#

---------------  S U M M A R Y ------------

Command Line: -Djava.library.path=/Users/niambashambu/Documents/Documents - nbash Macbook Air/Java/javafx-sdk-17.0.1/lib -javaagent:/Applications/IntelliJ IDEA CE.app/Contents/lib/idea_rt.jar=64428:/Applications/IntelliJ IDEA CE.app/Contents/bin -Dfile.encoding=UTF-8 --module-path=/Users/niambashambu/Documents/Documents - nbash Macbook Air/Java/javafx-sdk-17.0.1/lib/javafx.media.jar:/Users/niambashambu/IdeaProjects/niamb2023_augustusb2023_Design_Project_1/out/production/src:/Users/niambashambu/Documents/Documents - nbash Macbook Air/Java/javafx-sdk-17.0.1/lib/javafx.fxml.jar:/Users/niambashambu/Documents/Documents - nbash Macbook Air/Java/javafx-sdk-17.0.1/lib/javafx.base.jar:/Users/niambashambu/Documents/Documents - nbash Macbook Air/Java/javafx-sdk-17.0.1/lib/javafx.controls.jar:/Users/niambashambu/Documents/Documents - nbash Macbook Air/Java/javafx-sdk-17.0.1/lib/javafx.graphics.jar -Djdk.module.main=niamb2023.augustusb2023.Design.Project niamb2023.augustusb2023.Design.Project/org.headroyce.dp1.Launcher

Host: "MacBookAir10,1" arm64, 8 cores, 8G, Darwin 21.3.0, macOS 12.2 (21D49)
Time: Wed May 18 10:55:58 2022 PDT elapsed time: 1.492941 seconds (0d 0h 0m 1s)

---------------  T H R E A D  ---------------

Current thread (0x0000000144810600):  JavaThread "InvokeLaterDispatcher" daemon [_thread_in_native, id=31243, stack(0x0000000280210000,0x0000000280413000)]

Stack: [0x0000000280210000,0x0000000280413000],  sp=0x00000002804127d0,  free space=2057k
Native frames: (J=compiled Java code, j=interpreted, Vv=VM code, C=native code)
v  ~StubRoutines::SafeFetchN
V  [libjvm.dylib+0x7cb69c]  _ZN10OopStorage7releaseEPKP7oopDesc+0x20
V  [libjvm.dylib+0x4f3fd8]  jni_DeleteGlobalRef+0xc0
C  [libglass.dylib+0xab08]  -[GlassRunnable dealloc]+0x34
C  [Foundation+0x84c7c]  -[_NSThreadPerformInfo dealloc]+0x30
C  [Foundation+0x51578]  -[NSObject(NSThreadPerformAdditions) performSelectorOnMainThread:withObject:waitUntilDone:]+0x88
C  0xdc6980010c18d8ac
j  com.sun.glass.ui.mac.MacApplication.submitForLaterInvocation(Ljava/lang/Runnable;)V+2 javafx.graphics
j  com.sun.glass.ui.InvokeLaterDispatcher.run()V+82 javafx.graphics
v  ~StubRoutines::call_stub
V  [libjvm.dylib+0x49b554]  _ZN9JavaCalls11call_helperEP9JavaValueRK12methodHandleP17JavaCallArgumentsP10JavaThread+0x38c
V  [libjvm.dylib+0x49a570]  _ZN9JavaCalls12call_virtualEP9JavaValueP5KlassP6SymbolS5_P17JavaCallArgumentsP10JavaThread+0x11c
V  [libjvm.dylib+0x49a63c]  _ZN9JavaCalls12call_virtualEP9JavaValue6HandleP5KlassP6SymbolS6_P10JavaThread+0x64
V  [libjvm.dylib+0x54c7e8]  _ZL12thread_entryP10JavaThreadS0_+0x9c
V  [libjvm.dylib+0x916034]  _ZN10JavaThread17thread_main_innerEv+0xa0
V  [libjvm.dylib+0x914a94]  _ZN6Thread8call_runEv+0xe0
V  [libjvm.dylib+0x7d1e80]  _ZL19thread_native_entryP6Thread+0x158
C  [libsystem_pthread.dylib+0x7240]  _pthread_start+0x94

Java frames: (J=compiled Java code, j=interpreted, Vv=VM code)
j  com.sun.glass.ui.mac.MacApplication._submitForLaterInvocation(Ljava/lang/Runnable;)V+0 javafx.graphics
j  com.sun.glass.ui.mac.MacApplication.submitForLaterInvocation(Ljava/lang/Runnable;)V+2 javafx.graphics
j  com.sun.glass.ui.InvokeLaterDispatcher.run()V+82 javafx.graphics
v  ~StubRoutines::call_stub

siginfo: si_signo: 10 (SIGBUS), si_code: 1 (BUS_ADRALN), si_addr: 0x000000010c1854f0

Register to memory mapping:

 x0=0x0000000124605008 points into unknown readable memory: 0x0000000000000000 | 00 00 00 00 00 00 00 00
 x1=0x0 is NULL
 x2=0x0000000786d42568 is an oop: com.sun.glass.ui.InvokeLaterDispatcher$Future 
{0x0000000786d42568} - klass: 'com/sun/glass/ui/InvokeLaterDispatcher$Future'
 - ---- fields (total size 3 words):
 - private 'done' 'Z' @12  true
 - private final 'runnable' 'Ljava/lang/Runnable;' @16  a 'com/sun/javafx/tk/quantum/QuantumToolkit$$Lambda$82+0x0000000800c3add0'{0x0000000786812bd8} (f0d0257b)
 - final synthetic 'this$0' 'Lcom/sun/glass/ui/InvokeLaterDispatcher;' @20  a 'com/sun/glass/ui/InvokeLaterDispatcher'{0x0000000786815708} (f0d02ae1)
 x3=0x0 is NULL
 x4=0x00000000000130a8 is an unknown value
 x5=0x0 is NULL
 x6=0x0 is NULL
 x7=0x0 is NULL
 x8=0x000000010c1854ec is at begin+0 in a stub
StubRoutines::SafeFetchN [0x000000010c1854ec, 0x000000010c1854f8] (12 bytes)
 x9=0x0 is NULL
x10=0x2010000030300000 is an unknown value
x11=0x0000000000000007 is an unknown value
x12=0x0000000000000007 is an unknown value
x13=0x000060000060eb60 points into unknown readable memory: 0x5c1600019e4cd738 | 38 d7 4c 9e 01 00 16 5c
x14=0x0000000000000001 is an unknown value
x15=0x0000000123e45f98: OBJC_CLASS_$_GlassRunnable+0 in /Users/niambashambu/Documents/Documents - nbash Macbook Air/Java/javafx-sdk-17.0.1/lib/libglass.dylib at 0x0000000123e00000
x16=0x000000019d53c094: pthread_getspecific+0 in /usr/lib/system/libsystem_pthread.dylib at 0x000000019d53a000
x17=0x0000600000320bd0 points into unknown readable memory: 0xfffffffffffffffe | fe ff ff ff ff ff ff ff
x18=0x0 is NULL
x19=0x00006000003241c0 points into unknown readable memory: 0x0000600002a20060 | 60 00 a2 02 00 60 00 00
x20=0x0000000124604e00 points into unknown readable memory: 0x0000000000000000 | 00 00 00 00 00 00 00 00
x21=0x0000000124605008 points into unknown readable memory: 0x0000000000000000 | 00 00 00 00 00 00 00 00
x22=0x0000000144810600 is a thread
x23=0x0000000000000001 is an unknown value
x24=0x0000000124604fc0 is a global jni handle
x25=0x000000010452aca8: _ZN12StubRoutines17_safefetchN_entryE+0 in /Library/Java/JavaVirtualMachines/jdk-18.0.1.1.jdk/Contents/Home/lib/server/libjvm.dylib at 0x0000000103964000
x26=0x0000000130520000 is pointing into metadata
x27=0x0 is NULL
x28=0x0000000144810600 is a thread


Registers:
 x0=0x0000000124605008  x1=0x0000000000000000  x2=0x0000000786d42568  x3=0x0000000000000000
 x4=0x00000000000130a8  x5=0x0000000000000000  x6=0x0000000000000000  x7=0x0000000000000000
 x8=0x000000010c1854ec  x9=0x0000000000000000 x10=0x2010000030300000 x11=0x0000000000000007
x12=0x0000000000000007 x13=0x000060000060eb60 x14=0x0000000000000001 x15=0x0000000123e45f98
x16=0x000000019d53c094 x17=0x0000600000320bd0 x18=0x0000000000000000 x19=0x00006000003241c0
x20=0x0000000124604e00 x21=0x0000000124605008 x22=0x0000000144810600 x23=0x0000000000000001
x24=0x0000000124604fc0 x25=0x000000010452aca8 x26=0x0000000130520000 x27=0x0000000000000000
x28=0x0000000144810600  fp=0x0000000280412810  lr=0x000000010412e490  sp=0x00000002804127d0
pc=0x000000010c1854f0 cpsr=0x0000000060001000
Top of Stack: (sp=0x00000002804127d0)
0x00000002804127d0:   0000000130520000 0000000000000001
0x00000002804127e0:   00000002804129c8 0000600002a9f810
0x00000002804127f0:   0000000000000000 0000000124604fc0
0x0000000280412800:   0000000124604fc0 00006000003241c0
0x0000000280412810:   0000000280412850 000000010412f69c
0x0000000280412820:   0000000000000001 0000000124604fc0
0x0000000280412830:   0000000000000000 0000000124604fc0
0x0000000280412840:   0000000000000001 0000000146867a00
0x0000000280412850:   0000000280412880 0000000103e57fd8
0x0000000280412860:   0000600002a9f6a0 00000001e7ab69e3
0x0000000280412870:   0000000000000000 0000600002a9f6a0
0x0000000280412880:   00000002804128b0 0000000123e0ab08
0x0000000280412890:   33cd118fd84600d5 0000000000000000
0x00000002804128a0:   0000000000000000 0000600003d8e980
0x00000002804128b0:   00000002804128f0 000000019e500c7c
0x00000002804128c0:   00000002804129c8 0000600002a9f810
0x00000002804128d0:   0000600002a9f6a0 33cd118fd84600d5
0x00000002804128e0:   0000000000000000 0000000000000000
0x00000002804128f0:   0000000280412930 a23900019e4cd578
0x0000000280412900:   00000002804129c8 000000010c18c7c0
0x0000000280412910:   0000000000000000 0000000104532760
0x0000000280412920:   0000000280412940 000000010c18b730
0x0000000280412930:   00000002804129a0 dc6980010c18d8ac
0x0000000280412940:   0000000280412940 00000008007d02cd
0x0000000280412950:   0000000280412950 0000000000000000
0x0000000280412960:   00000002804129c8 0000000130520000
0x0000000280412970:   00000007868123c8 0000000000000000
0x0000000280412980:   0000000000000000 00000001304fb6e8
0x0000000280412990:   0000000000000000 00000002804129a0
0x00000002804129a0:   0000000280412a20 000000010c189fc8
0x00000002804129b0:   0000000000000000 0000000000000000
0x00000002804129c0:   0000000786d42568 0000000786812440 

Instructions: (pc=0x000000010c1854f0)
0x000000010c1853f0:   f2a089e9 f2c00029 6d425935 1e640886
0x000000010c185400:   0c402d31 1e6408c7 1f5654d0 1e6c1017
0x000000010c185410:   1f5050d0 1f504cd0 1f5048d0 1e650af6
0x000000010c185420:   1f50d8f6 1f5694d6 1f5158f6 1e762880
0x000000010c185430:   36000501 1e614000 14000026 2e251ca5
0x000000010c185440:   d28e3009 f2a089e9 f2c00029 6d425d36
0x000000010c185450:   1e600806 0c402d32 1f5758c7 1e6c101a
0x000000010c185460:   1f4754c7 1e650805 1f4750c7 d2866668
0x000000010c185470:   f2a7fa68 1f474cc7 1e6608c0 1f4748c7
0x000000010c185480:   1e6e1019 eb08007f 540000ac 1f479400
0x000000010c185490:   1f460340 1e603b20 1400000e d2a7fd29
0x000000010c1854a0:   eb09007f 540000ac 51480069 d3607d29
0x000000010c1854b0:   9e670121 14000002 1e6a5001 1f679417
0x000000010c1854c0:   1f668742 1e613b23 1e773857 1e773860
0x000000010c1854d0:   a8c17ff3 910003bf a8c17bfd d65f03c0
0x000000010c1854e0:   b9400001 aa0103e0 d65f03c0 f9400001
0x000000010c1854f0:   aa0103e0 d65f03c0 00000000 00000000
0x000000010c185500:   00000000 00000000 00000000 00000000
0x000000010c185510:   00000000 00000000 00000000 00000000
0x000000010c185520:   00000000 00000000 00000000 00000000
0x000000010c185530:   00000000 00000000 00000000 00000000
0x000000010c185540:   00000000 00000000 00000000 00000000
0x000000010c185550:   00000000 00000000 00000000 00000000
0x000000010c185560:   00000000 00000000 00000000 00000000
0x000000010c185570:   00000000 00000000 00000000 00000000
0x000000010c185580:   00000000 00000000 00000000 00000000
0x000000010c185590:   00000000 00000000 00000000 00000000
0x000000010c1855a0:   00000000 00000000 00000000 00000000
0x000000010c1855b0:   00000000 00000000 00000000 00000000
0x000000010c1855c0:   00000000 00000000 00000000 00000000
0x000000010c1855d0:   00000000 00000000 00000000 00000000
0x000000010c1855e0:   00000000 00000000 00000000 00000000 


Stack slot to memory mapping:
stack at sp + 0 slots: 0x0000000130520000 is pointing into metadata
stack at sp + 1 slots: 0x0000000000000001 is an unknown value
stack at sp + 2 slots: 0x00000002804129c8 is pointing into the stack for thread: 0x0000000144810600
stack at sp + 3 slots: 0x0000600002a9f810 points into unknown readable memory: 0x01000001f664a0a1 | a1 a0 64 f6 01 00 00 01
stack at sp + 4 slots: 0x0 is NULL
stack at sp + 5 slots: 0x0000000124604fc0 is a global jni handle
stack at sp + 6 slots: 0x0000000124604fc0 is a global jni handle
stack at sp + 7 slots: 0x00006000003241c0 points into unknown readable memory: 0x0000600002a20060 | 60 00 a2 02 00 60 00 00

StubRoutines::SafeFetchN [0x000000010c1854ec, 0x000000010c1854f8] (12 bytes)
[MachCode]
  0x000000010c1854ec: 0100 40f9 | e003 01aa | c003 5fd6 
[/MachCode]

---------------  P R O C E S S  ---------------

Threads class SMR info:
_java_thread_list=0x00006000028ece40, length=20, elements={
0x0000000146813e00, 0x0000000145823800, 0x0000000145008800, 0x0000000146817200,
0x0000000123008200, 0x0000000135008200, 0x0000000135008800, 0x0000000123008800,
0x000000013500b200, 0x0000000144813a00, 0x0000000145823e00, 0x0000000134843c00,
0x0000000145009a00, 0x0000000144810600, 0x0000000146867a00, 0x0000000145957400,
0x0000000146870000, 0x0000000146883000, 0x000000014580da00, 0x0000000144937000
}

Java Threads: ( => current thread )
  0x0000000146813e00 JavaThread "main" [_thread_blocked, id=9475, stack(0x000000016d7ec000,0x000000016d9ef000)]
  0x0000000145823800 JavaThread "Reference Handler" daemon [_thread_blocked, id=15619, stack(0x000000016e640000,0x000000016e843000)]
  0x0000000145008800 JavaThread "Finalizer" daemon [_thread_blocked, id=15107, stack(0x000000016e84c000,0x000000016ea4f000)]
  0x0000000146817200 JavaThread "Signal Dispatcher" daemon [_thread_blocked, id=22275, stack(0x000000016eb70000,0x000000016ed73000)]
  0x0000000123008200 JavaThread "Service Thread" daemon [_thread_blocked, id=22787, stack(0x000000016ed7c000,0x000000016ef7f000)]
  0x0000000135008200 JavaThread "Monitor Deflation Thread" daemon [_thread_blocked, id=23299, stack(0x000000016ef88000,0x000000016f18b000)]
  0x0000000135008800 JavaThread "C2 CompilerThread0" daemon [_thread_in_native, id=41731, stack(0x000000016f194000,0x000000016f397000)]
  0x0000000123008800 JavaThread "C1 CompilerThread0" daemon [_thread_blocked, id=23811, stack(0x000000016f3a0000,0x000000016f5a3000)]
  0x000000013500b200 JavaThread "Sweeper thread" daemon [_thread_blocked, id=24067, stack(0x000000016f5ac000,0x000000016f7af000)]
  0x0000000144813a00 JavaThread "Common-Cleaner" daemon [_thread_blocked, id=24579, stack(0x000000016f7b8000,0x000000016f9bb000)]
  0x0000000145823e00 JavaThread "Monitor Ctrl-Break" daemon [_thread_in_native, id=24835, stack(0x000000016f9c4000,0x000000016fbc7000)]
  0x0000000134843c00 JavaThread "Notification Thread" daemon [_thread_blocked, id=25091, stack(0x000000016fbd0000,0x000000016fdd3000)]
  0x0000000145009a00 JavaThread "QuantumRenderer-0" daemon [_thread_in_native, id=26115, stack(0x0000000280004000,0x0000000280207000)]
=>0x0000000144810600 JavaThread "InvokeLaterDispatcher" daemon [_thread_in_native, id=31243, stack(0x0000000280210000,0x0000000280413000)]
  0x0000000146867a00 JavaThread "JavaFX Application Thread" [_thread_in_vm, id=259, stack(0x000000016cf64000,0x000000016d760000)]
  0x0000000145957400 JavaThread "JavaFX-Launcher" [_thread_blocked, id=52995, stack(0x0000000280740000,0x0000000280943000)]
  0x0000000146870000 JavaThread "Prism Font Disposer" daemon [_thread_blocked, id=56399, stack(0x0000000285bc4000,0x0000000285dc7000)]
  0x0000000146883000 JavaThread "Attach Listener" daemon [_thread_blocked, id=57127, stack(0x0000000285dd0000,0x0000000285fd3000)]
  0x000000014580da00 JavaThread "Cleaner-0" daemon [_thread_blocked, id=72455, stack(0x0000000285fdc000,0x00000002861df000)]
  0x0000000144937000 JavaThread "PulseTimer-CVDisplayLink thread" daemon [_thread_in_native, id=78095, stack(0x000000028041c000,0x000000028049f000)]

Other Threads:
  0x00000001460070b0 VMThread "VM Thread" [stack: 0x000000016e434000,0x000000016e637000] [id=16387]
  0x0000000124605ec0 WatcherThread "VM Periodic Task Thread" [stack: 0x000000016fddc000,0x000000016ffdf000] [id=25603]
  0x0000000146106870 WorkerThread "GC Thread#0" [stack: 0x000000016d9f8000,0x000000016dbfb000] [id=20227]
  0x00000001347118e0 WorkerThread "GC Thread#1" [stack: 0x000000028094c000,0x0000000280b4f000] [id=73735]
  0x0000000124608c70 WorkerThread "GC Thread#2" [stack: 0x0000000280b58000,0x0000000280d5b000] [id=73219]
  0x0000000144627ad0 WorkerThread "GC Thread#3" [stack: 0x0000000280d64000,0x0000000280f67000] [id=72963]
  0x0000000144627ff0 WorkerThread "GC Thread#4" [stack: 0x0000000280f70000,0x0000000281173000] [id=54275]
  0x0000000144628460 WorkerThread "GC Thread#5" [stack: 0x000000028117c000,0x000000028137f000] [id=72707]
  0x0000000134704420 ConcurrentGCThread "G1 Main Marker" [stack: 0x000000016dc04000,0x000000016de07000] [id=19715]
  0x0000000134704c90 WorkerThread "G1 Conc#0" [stack: 0x000000016de10000,0x000000016e013000] [id=18947]
  0x0000000144709290 ConcurrentGCThread "G1 Refine#0" [stack: 0x000000016e01c000,0x000000016e21f000] [id=13059]
  0x0000000144709b10 ConcurrentGCThread "G1 Service" [stack: 0x000000016e228000,0x000000016e42b000] [id=17923]

Threads with active compile tasks:
C2 CompilerThread0     1500 1614 %     4       com.sun.marlin.Renderer::_endRendering @ 1910 (2473 bytes)

VM state: not at safepoint (normal execution)

VM Mutex/Monitor currently owned by a thread: None

Heap address: 0x0000000780000000, size: 2048 MB, Compressed Oops mode: Zero based, Oop shift amount: 3

CDS archive(s) mapped at: [0x0000000800000000-0x0000000800ba8000-0x0000000800ba8000), size 12222464, SharedBaseAddress: 0x0000000800000000, ArchiveRelocationMode: 0.
Compressed class space mapped at: 0x0000000800c00000-0x0000000840c00000, reserved size: 1073741824
Narrow klass base: 0x0000000800000000, Narrow klass shift: 0, Narrow klass range: 0x100000000

GC Precious Log:
 CardTable entry size: 512
 Card Set container configuration: InlinePtr #cards 5 size 8 Array Of Cards #cards 12 size 40 Howl #buckets 4 coarsen threshold 1843 Howl Bitmap #cards 512 size 80 coarsen threshold 460 Card regions per heap region 1 cards per card region 2048
 CPUs: 8 total, 8 available
 Memory: 8192M
 Large Page Support: Disabled
 NUMA Support: Disabled
 Compressed Oops: Enabled (Zero based)
 Heap Region Size: 1M
 Heap Min Capacity: 8M
 Heap Initial Capacity: 128M
 Heap Max Capacity: 2G
 Pre-touch: Disabled
 Parallel Workers: 8
 Concurrent Workers: 2
 Concurrent Refinement Workers: 8
 Periodic GC: Disabled

Heap:
 garbage-first heap   total 133120K, used 29937K [0x0000000780000000, 0x0000000800000000)
  region size 1024K, 28 young (28672K), 3 survivors (3072K)
 Metaspace       used 11738K, committed 12032K, reserved 1114112K
  class space    used 1617K, committed 1792K, reserved 1048576K

Heap Regions: E=young(eden), S=young(survivor), O=old, HS=humongous(starts), HC=humongous(continues), CS=collection set, F=free, OA=open archive, CA=closed archive, TAMS=top-at-mark-start (previous, next)
|   0|0x0000000780000000, 0x0000000780100000, 0x0000000780100000|100%|HS|  |TAMS 0x0000000780000000, 0x0000000780000000| Complete 
|   1|0x0000000780100000, 0x0000000780200000, 0x0000000780200000|100%|HC|  |TAMS 0x0000000780100000, 0x0000000780100000| Complete 
|   2|0x0000000780200000, 0x0000000780200000, 0x0000000780300000|  0%| F|  |TAMS 0x0000000780200000, 0x0000000780200000| Untracked 
|   3|0x0000000780300000, 0x0000000780300000, 0x0000000780400000|  0%| F|  |TAMS 0x0000000780300000, 0x0000000780300000| Untracked 
|   4|0x0000000780400000, 0x0000000780400000, 0x0000000780500000|  0%| F|  |TAMS 0x0000000780400000, 0x0000000780400000| Untracked 
|   5|0x0000000780500000, 0x0000000780500000, 0x0000000780600000|  0%| F|  |TAMS 0x0000000780500000, 0x0000000780500000| Untracked 
|   6|0x0000000780600000, 0x0000000780600000, 0x0000000780700000|  0%| F|  |TAMS 0x0000000780600000, 0x0000000780600000| Untracked 
|   7|0x0000000780700000, 0x0000000780700000, 0x0000000780800000|  0%| F|  |TAMS 0x0000000780700000, 0x0000000780700000| Untracked 
|   8|0x0000000780800000, 0x0000000780800000, 0x0000000780900000|  0%| F|  |TAMS 0x0000000780800000, 0x0000000780800000| Untracked 
|   9|0x0000000780900000, 0x0000000780900000, 0x0000000780a00000|  0%| F|  |TAMS 0x0000000780900000, 0x0000000780900000| Untracked 
|  10|0x0000000780a00000, 0x0000000780a00000, 0x0000000780b00000|  0%| F|  |TAMS 0x0000000780a00000, 0x0000000780a00000| Untracked 
|  11|0x0000000780b00000, 0x0000000780b00000, 0x0000000780c00000|  0%| F|  |TAMS 0x0000000780b00000, 0x0000000780b00000| Untracked 
|  12|0x0000000780c00000, 0x0000000780c00000, 0x0000000780d00000|  0%| F|  |TAMS 0x0000000780c00000, 0x0000000780c00000| Untracked 
|  13|0x0000000780d00000, 0x0000000780d00000, 0x0000000780e00000|  0%| F|  |TAMS 0x0000000780d00000, 0x0000000780d00000| Untracked 
|  14|0x0000000780e00000, 0x0000000780e00000, 0x0000000780f00000|  0%| F|  |TAMS 0x0000000780e00000, 0x0000000780e00000| Untracked 
|  15|0x0000000780f00000, 0x0000000780f00000, 0x0000000781000000|  0%| F|  |TAMS 0x0000000780f00000, 0x0000000780f00000| Untracked 
|  16|0x0000000781000000, 0x0000000781000000, 0x0000000781100000|  0%| F|  |TAMS 0x0000000781000000, 0x0000000781000000| Untracked 
|  17|0x0000000781100000, 0x0000000781100000, 0x0000000781200000|  0%| F|  |TAMS 0x0000000781100000, 0x0000000781100000| Untracked 
|  18|0x0000000781200000, 0x0000000781200000, 0x0000000781300000|  0%| F|  |TAMS 0x0000000781200000, 0x0000000781200000| Untracked 
|  19|0x0000000781300000, 0x0000000781300000, 0x0000000781400000|  0%| F|  |TAMS 0x0000000781300000, 0x0000000781300000| Untracked 
|  20|0x0000000781400000, 0x0000000781400000, 0x0000000781500000|  0%| F|  |TAMS 0x0000000781400000, 0x0000000781400000| Untracked 
|  21|0x0000000781500000, 0x0000000781500000, 0x0000000781600000|  0%| F|  |TAMS 0x0000000781500000, 0x0000000781500000| Untracked 
|  22|0x0000000781600000, 0x0000000781600000, 0x0000000781700000|  0%| F|  |TAMS 0x0000000781600000, 0x0000000781600000| Untracked 
|  23|0x0000000781700000, 0x0000000781700000, 0x0000000781800000|  0%| F|  |TAMS 0x0000000781700000, 0x0000000781700000| Untracked 
|  24|0x0000000781800000, 0x0000000781800000, 0x0000000781900000|  0%| F|  |TAMS 0x0000000781800000, 0x0000000781800000| Untracked 
|  25|0x0000000781900000, 0x0000000781900000, 0x0000000781a00000|  0%| F|  |TAMS 0x0000000781900000, 0x0000000781900000| Untracked 
|  26|0x0000000781a00000, 0x0000000781a00000, 0x0000000781b00000|  0%| F|  |TAMS 0x0000000781a00000, 0x0000000781a00000| Untracked 
|  27|0x0000000781b00000, 0x0000000781b00000, 0x0000000781c00000|  0%| F|  |TAMS 0x0000000781b00000, 0x0000000781b00000| Untracked 
|  28|0x0000000781c00000, 0x0000000781c00000, 0x0000000781d00000|  0%| F|  |TAMS 0x0000000781c00000, 0x0000000781c00000| Untracked 
|  29|0x0000000781d00000, 0x0000000781d00000, 0x0000000781e00000|  0%| F|  |TAMS 0x0000000781d00000, 0x0000000781d00000| Untracked 
|  30|0x0000000781e00000, 0x0000000781e00000, 0x0000000781f00000|  0%| F|  |TAMS 0x0000000781e00000, 0x0000000781e00000| Untracked 
|  31|0x0000000781f00000, 0x0000000781f00000, 0x0000000782000000|  0%| F|  |TAMS 0x0000000781f00000, 0x0000000781f00000| Untracked 
|  32|0x0000000782000000, 0x0000000782000000, 0x0000000782100000|  0%| F|  |TAMS 0x0000000782000000, 0x0000000782000000| Untracked 
|  33|0x0000000782100000, 0x0000000782100000, 0x0000000782200000|  0%| F|  |TAMS 0x0000000782100000, 0x0000000782100000| Untracked 
|  34|0x0000000782200000, 0x0000000782200000, 0x0000000782300000|  0%| F|  |TAMS 0x0000000782200000, 0x0000000782200000| Untracked 
|  35|0x0000000782300000, 0x0000000782300000, 0x0000000782400000|  0%| F|  |TAMS 0x0000000782300000, 0x0000000782300000| Untracked 
|  36|0x0000000782400000, 0x0000000782400000, 0x0000000782500000|  0%| F|  |TAMS 0x0000000782400000, 0x0000000782400000| Untracked 
|  37|0x0000000782500000, 0x0000000782500000, 0x0000000782600000|  0%| F|  |TAMS 0x0000000782500000, 0x0000000782500000| Untracked 
|  38|0x0000000782600000, 0x0000000782600000, 0x0000000782700000|  0%| F|  |TAMS 0x0000000782600000, 0x0000000782600000| Untracked 
|  39|0x0000000782700000, 0x0000000782700000, 0x0000000782800000|  0%| F|  |TAMS 0x0000000782700000, 0x0000000782700000| Untracked 
|  40|0x0000000782800000, 0x0000000782800000, 0x0000000782900000|  0%| F|  |TAMS 0x0000000782800000, 0x0000000782800000| Untracked 
|  41|0x0000000782900000, 0x0000000782900000, 0x0000000782a00000|  0%| F|  |TAMS 0x0000000782900000, 0x0000000782900000| Untracked 
|  42|0x0000000782a00000, 0x0000000782a00000, 0x0000000782b00000|  0%| F|  |TAMS 0x0000000782a00000, 0x0000000782a00000| Untracked 
|  43|0x0000000782b00000, 0x0000000782b00000, 0x0000000782c00000|  0%| F|  |TAMS 0x0000000782b00000, 0x0000000782b00000| Untracked 
|  44|0x0000000782c00000, 0x0000000782c00000, 0x0000000782d00000|  0%| F|  |TAMS 0x0000000782c00000, 0x0000000782c00000| Untracked 
|  45|0x0000000782d00000, 0x0000000782d00000, 0x0000000782e00000|  0%| F|  |TAMS 0x0000000782d00000, 0x0000000782d00000| Untracked 
|  46|0x0000000782e00000, 0x0000000782e00000, 0x0000000782f00000|  0%| F|  |TAMS 0x0000000782e00000, 0x0000000782e00000| Untracked 
|  47|0x0000000782f00000, 0x0000000782f00000, 0x0000000783000000|  0%| F|  |TAMS 0x0000000782f00000, 0x0000000782f00000| Untracked 
|  48|0x0000000783000000, 0x0000000783000000, 0x0000000783100000|  0%| F|  |TAMS 0x0000000783000000, 0x0000000783000000| Untracked 
|  49|0x0000000783100000, 0x0000000783100000, 0x0000000783200000|  0%| F|  |TAMS 0x0000000783100000, 0x0000000783100000| Untracked 
|  50|0x0000000783200000, 0x0000000783200000, 0x0000000783300000|  0%| F|  |TAMS 0x0000000783200000, 0x0000000783200000| Untracked 
|  51|0x0000000783300000, 0x0000000783300000, 0x0000000783400000|  0%| F|  |TAMS 0x0000000783300000, 0x0000000783300000| Untracked 
|  52|0x0000000783400000, 0x0000000783400000, 0x0000000783500000|  0%| F|  |TAMS 0x0000000783400000, 0x0000000783400000| Untracked 
|  53|0x0000000783500000, 0x0000000783500000, 0x0000000783600000|  0%| F|  |TAMS 0x0000000783500000, 0x0000000783500000| Untracked 
|  54|0x0000000783600000, 0x0000000783600000, 0x0000000783700000|  0%| F|  |TAMS 0x0000000783600000, 0x0000000783600000| Untracked 
|  55|0x0000000783700000, 0x0000000783700000, 0x0000000783800000|  0%| F|  |TAMS 0x0000000783700000, 0x0000000783700000| Untracked 
|  56|0x0000000783800000, 0x0000000783800000, 0x0000000783900000|  0%| F|  |TAMS 0x0000000783800000, 0x0000000783800000| Untracked 
|  57|0x0000000783900000, 0x0000000783900000, 0x0000000783a00000|  0%| F|  |TAMS 0x0000000783900000, 0x0000000783900000| Untracked 
|  58|0x0000000783a00000, 0x0000000783a00000, 0x0000000783b00000|  0%| F|  |TAMS 0x0000000783a00000, 0x0000000783a00000| Untracked 
|  59|0x0000000783b00000, 0x0000000783b00000, 0x0000000783c00000|  0%| F|  |TAMS 0x0000000783b00000, 0x0000000783b00000| Untracked 
|  60|0x0000000783c00000, 0x0000000783c00000, 0x0000000783d00000|  0%| F|  |TAMS 0x0000000783c00000, 0x0000000783c00000| Untracked 
|  61|0x0000000783d00000, 0x0000000783d00000, 0x0000000783e00000|  0%| F|  |TAMS 0x0000000783d00000, 0x0000000783d00000| Untracked 
|  62|0x0000000783e00000, 0x0000000783e00000, 0x0000000783f00000|  0%| F|  |TAMS 0x0000000783e00000, 0x0000000783e00000| Untracked 
|  63|0x0000000783f00000, 0x0000000783f00000, 0x0000000784000000|  0%| F|  |TAMS 0x0000000783f00000, 0x0000000783f00000| Untracked 
|  64|0x0000000784000000, 0x0000000784000000, 0x0000000784100000|  0%| F|  |TAMS 0x0000000784000000, 0x0000000784000000| Untracked 
|  65|0x0000000784100000, 0x0000000784100000, 0x0000000784200000|  0%| F|  |TAMS 0x0000000784100000, 0x0000000784100000| Untracked 
|  66|0x0000000784200000, 0x0000000784200000, 0x0000000784300000|  0%| F|  |TAMS 0x0000000784200000, 0x0000000784200000| Untracked 
|  67|0x0000000784300000, 0x0000000784300000, 0x0000000784400000|  0%| F|  |TAMS 0x0000000784300000, 0x0000000784300000| Untracked 
|  68|0x0000000784400000, 0x0000000784400000, 0x0000000784500000|  0%| F|  |TAMS 0x0000000784400000, 0x0000000784400000| Untracked 
|  69|0x0000000784500000, 0x0000000784500000, 0x0000000784600000|  0%| F|  |TAMS 0x0000000784500000, 0x0000000784500000| Untracked 
|  70|0x0000000784600000, 0x0000000784600000, 0x0000000784700000|  0%| F|  |TAMS 0x0000000784600000, 0x0000000784600000| Untracked 
|  71|0x0000000784700000, 0x0000000784700000, 0x0000000784800000|  0%| F|  |TAMS 0x0000000784700000, 0x0000000784700000| Untracked 
|  72|0x0000000784800000, 0x0000000784800000, 0x0000000784900000|  0%| F|  |TAMS 0x0000000784800000, 0x0000000784800000| Untracked 
|  73|0x0000000784900000, 0x0000000784900000, 0x0000000784a00000|  0%| F|  |TAMS 0x0000000784900000, 0x0000000784900000| Untracked 
|  74|0x0000000784a00000, 0x0000000784a00000, 0x0000000784b00000|  0%| F|  |TAMS 0x0000000784a00000, 0x0000000784a00000| Untracked 
|  75|0x0000000784b00000, 0x0000000784b00000, 0x0000000784c00000|  0%| F|  |TAMS 0x0000000784b00000, 0x0000000784b00000| Untracked 
|  76|0x0000000784c00000, 0x0000000784c00000, 0x0000000784d00000|  0%| F|  |TAMS 0x0000000784c00000, 0x0000000784c00000| Untracked 
|  77|0x0000000784d00000, 0x0000000784d00000, 0x0000000784e00000|  0%| F|  |TAMS 0x0000000784d00000, 0x0000000784d00000| Untracked 
|  78|0x0000000784e00000, 0x0000000784e00000, 0x0000000784f00000|  0%| F|  |TAMS 0x0000000784e00000, 0x0000000784e00000| Untracked 
|  79|0x0000000784f00000, 0x0000000784f00000, 0x0000000785000000|  0%| F|  |TAMS 0x0000000784f00000, 0x0000000784f00000| Untracked 
|  80|0x0000000785000000, 0x0000000785000000, 0x0000000785100000|  0%| F|  |TAMS 0x0000000785000000, 0x0000000785000000| Untracked 
|  81|0x0000000785100000, 0x0000000785100000, 0x0000000785200000|  0%| F|  |TAMS 0x0000000785100000, 0x0000000785100000| Untracked 
|  82|0x0000000785200000, 0x0000000785200000, 0x0000000785300000|  0%| F|  |TAMS 0x0000000785200000, 0x0000000785200000| Untracked 
|  83|0x0000000785300000, 0x0000000785300000, 0x0000000785400000|  0%| F|  |TAMS 0x0000000785300000, 0x0000000785300000| Untracked 
|  84|0x0000000785400000, 0x0000000785400000, 0x0000000785500000|  0%| F|  |TAMS 0x0000000785400000, 0x0000000785400000| Untracked 
|  85|0x0000000785500000, 0x0000000785500000, 0x0000000785600000|  0%| F|  |TAMS 0x0000000785500000, 0x0000000785500000| Untracked 
|  86|0x0000000785600000, 0x0000000785600000, 0x0000000785700000|  0%| F|  |TAMS 0x0000000785600000, 0x0000000785600000| Untracked 
|  87|0x0000000785700000, 0x0000000785700000, 0x0000000785800000|  0%| F|  |TAMS 0x0000000785700000, 0x0000000785700000| Untracked 
|  88|0x0000000785800000, 0x0000000785800000, 0x0000000785900000|  0%| F|  |TAMS 0x0000000785800000, 0x0000000785800000| Untracked 
|  89|0x0000000785900000, 0x0000000785900000, 0x0000000785a00000|  0%| F|  |TAMS 0x0000000785900000, 0x0000000785900000| Untracked 
|  90|0x0000000785a00000, 0x0000000785a00000, 0x0000000785b00000|  0%| F|  |TAMS 0x0000000785a00000, 0x0000000785a00000| Untracked 
|  91|0x0000000785b00000, 0x0000000785b00000, 0x0000000785c00000|  0%| F|  |TAMS 0x0000000785b00000, 0x0000000785b00000| Untracked 
|  92|0x0000000785c00000, 0x0000000785c00000, 0x0000000785d00000|  0%| F|  |TAMS 0x0000000785c00000, 0x0000000785c00000| Untracked 
|  93|0x0000000785d00000, 0x0000000785d00000, 0x0000000785e00000|  0%| F|  |TAMS 0x0000000785d00000, 0x0000000785d00000| Untracked 
|  94|0x0000000785e00000, 0x0000000785e00000, 0x0000000785f00000|  0%| F|  |TAMS 0x0000000785e00000, 0x0000000785e00000| Untracked 
|  95|0x0000000785f00000, 0x0000000785f00000, 0x0000000786000000|  0%| F|  |TAMS 0x0000000785f00000, 0x0000000785f00000| Untracked 
|  96|0x0000000786000000, 0x0000000786000000, 0x0000000786100000|  0%| F|  |TAMS 0x0000000786000000, 0x0000000786000000| Untracked 
|  97|0x0000000786100000, 0x0000000786100000, 0x0000000786200000|  0%| F|  |TAMS 0x0000000786100000, 0x0000000786100000| Untracked 
|  98|0x0000000786200000, 0x0000000786200000, 0x0000000786300000|  0%| F|  |TAMS 0x0000000786200000, 0x0000000786200000| Untracked 
|  99|0x0000000786300000, 0x0000000786300000, 0x0000000786400000|  0%| F|  |TAMS 0x0000000786300000, 0x0000000786300000| Untracked 
| 100|0x0000000786400000, 0x0000000786439250, 0x0000000786500000| 22%| E|  |TAMS 0x0000000786400000, 0x0000000786400000| Complete 
| 101|0x0000000786500000, 0x0000000786600000, 0x0000000786600000|100%| E|CS|TAMS 0x0000000786500000, 0x0000000786500000| Complete 
| 102|0x0000000786600000, 0x0000000786654568, 0x0000000786700000| 32%| S|CS|TAMS 0x0000000786600000, 0x0000000786600000| Complete 
| 103|0x0000000786700000, 0x0000000786800000, 0x0000000786800000|100%| S|CS|TAMS 0x0000000786700000, 0x0000000786700000| Complete 
| 104|0x0000000786800000, 0x0000000786900000, 0x0000000786900000|100%| S|CS|TAMS 0x0000000786800000, 0x0000000786800000| Complete 
| 105|0x0000000786900000, 0x0000000786a00000, 0x0000000786a00000|100%| E|CS|TAMS 0x0000000786900000, 0x0000000786900000| Complete 
| 106|0x0000000786a00000, 0x0000000786b00000, 0x0000000786b00000|100%| E|CS|TAMS 0x0000000786a00000, 0x0000000786a00000| Complete 
| 107|0x0000000786b00000, 0x0000000786c00000, 0x0000000786c00000|100%| E|CS|TAMS 0x0000000786b00000, 0x0000000786b00000| Complete 
| 108|0x0000000786c00000, 0x0000000786d00000, 0x0000000786d00000|100%| E|CS|TAMS 0x0000000786c00000, 0x0000000786c00000| Complete 
| 109|0x0000000786d00000, 0x0000000786e00000, 0x0000000786e00000|100%| E|CS|TAMS 0x0000000786d00000, 0x0000000786d00000| Complete 
| 110|0x0000000786e00000, 0x0000000786f00000, 0x0000000786f00000|100%| E|CS|TAMS 0x0000000786e00000, 0x0000000786e00000| Complete 
| 111|0x0000000786f00000, 0x0000000787000000, 0x0000000787000000|100%| E|CS|TAMS 0x0000000786f00000, 0x0000000786f00000| Complete 
| 112|0x0000000787000000, 0x0000000787100000, 0x0000000787100000|100%| E|CS|TAMS 0x0000000787000000, 0x0000000787000000| Complete 
| 113|0x0000000787100000, 0x0000000787200000, 0x0000000787200000|100%| E|CS|TAMS 0x0000000787100000, 0x0000000787100000| Complete 
| 114|0x0000000787200000, 0x0000000787300000, 0x0000000787300000|100%| E|CS|TAMS 0x0000000787200000, 0x0000000787200000| Complete 
| 115|0x0000000787300000, 0x0000000787400000, 0x0000000787400000|100%| E|CS|TAMS 0x0000000787300000, 0x0000000787300000| Complete 
| 116|0x0000000787400000, 0x0000000787500000, 0x0000000787500000|100%| E|CS|TAMS 0x0000000787400000, 0x0000000787400000| Complete 
| 117|0x0000000787500000, 0x0000000787600000, 0x0000000787600000|100%| E|CS|TAMS 0x0000000787500000, 0x0000000787500000| Complete 
| 118|0x0000000787600000, 0x0000000787700000, 0x0000000787700000|100%| E|CS|TAMS 0x0000000787600000, 0x0000000787600000| Complete 
| 119|0x0000000787700000, 0x0000000787800000, 0x0000000787800000|100%| E|CS|TAMS 0x0000000787700000, 0x0000000787700000| Complete 
| 120|0x0000000787800000, 0x0000000787900000, 0x0000000787900000|100%| E|CS|TAMS 0x0000000787800000, 0x0000000787800000| Complete 
| 121|0x0000000787900000, 0x0000000787a00000, 0x0000000787a00000|100%| E|CS|TAMS 0x0000000787900000, 0x0000000787900000| Complete 
| 122|0x0000000787a00000, 0x0000000787b00000, 0x0000000787b00000|100%| E|CS|TAMS 0x0000000787a00000, 0x0000000787a00000| Complete 
| 123|0x0000000787b00000, 0x0000000787c00000, 0x0000000787c00000|100%| E|CS|TAMS 0x0000000787b00000, 0x0000000787b00000| Complete 
| 124|0x0000000787c00000, 0x0000000787d00000, 0x0000000787d00000|100%| E|CS|TAMS 0x0000000787c00000, 0x0000000787c00000| Complete 
| 125|0x0000000787d00000, 0x0000000787e00000, 0x0000000787e00000|100%| E|CS|TAMS 0x0000000787d00000, 0x0000000787d00000| Complete 
| 126|0x0000000787e00000, 0x0000000787f00000, 0x0000000787f00000|100%| E|CS|TAMS 0x0000000787e00000, 0x0000000787e00000| Complete 
| 127|0x0000000787f00000, 0x0000000788000000, 0x0000000788000000|100%| E|CS|TAMS 0x0000000787f00000, 0x0000000787f00000| Complete 
|2046|0x00000007ffe00000, 0x00000007ffe74000, 0x00000007fff00000| 45%|OA|  |TAMS 0x00000007ffe00000, 0x00000007ffe00000| Untracked 
|2047|0x00000007fff00000, 0x00000007fff74000, 0x0000000800000000| 45%|CA|  |TAMS 0x00000007fff00000, 0x00000007fff00000| Untracked 

Card table byte_map: [0x0000000102fec000,0x00000001033ec000] _byte_map_base: 0x00000000ff3ec000

Marking Bits (Prev, Next): (CMBitMap*) 0x0000000134808610, (CMBitMap*) 0x0000000134808650
 Prev Bits: [0x000000011b184000, 0x000000011d184000)
 Next Bits: [0x000000011d184000, 0x000000011f184000)

Polling page: 0x0000000102824000

Metaspace:

Usage:
  Non-class:      9.88 MB used.
      Class:      1.58 MB used.
       Both:     11.46 MB used.

Virtual space:
  Non-class space:       64.00 MB reserved,      10.00 MB ( 16%) committed,  1 nodes.
      Class space:        1.00 GB reserved,       1.75 MB ( <1%) committed,  1 nodes.
             Both:        1.06 GB reserved,      11.75 MB (  1%) committed. 

Chunk freelists:
   Non-Class:  784.00 KB
       Class:  2.11 MB
        Both:  2.88 MB

MaxMetaspaceSize: unlimited
CompressedClassSpaceSize: 1.00 GB
Initial GC threshold: 21.00 MB
Current GC threshold: 21.00 MB
CDS: on
MetaspaceReclaimPolicy: balanced
 - commit_granule_bytes: 65536.
 - commit_granule_words: 8192.
 - virtual_space_node_default_size: 8388608.
 - enlarge_chunks_in_place: 1.
 - new_chunks_are_fully_committed: 0.
 - uncommit_free_chunks: 1.
 - use_allocation_guard: 0.


Internal statistics:

num_allocs_failed_limit: 0.
num_arena_births: 208.
num_arena_deaths: 0.
num_vsnodes_births: 2.
num_vsnodes_deaths: 0.
num_space_committed: 188.
num_space_uncommitted: 0.
num_chunks_returned_to_freelist: 0.
num_chunks_taken_from_freelist: 590.
num_chunk_merges: 0.
num_chunk_splits: 421.
num_chunks_enlarged: 327.
num_inconsistent_stats: 0.

CodeHeap 'non-profiled nmethods': size=120032Kb used=577Kb max_used=577Kb free=119454Kb
 bounds [0x0000000113c4c000, 0x0000000113ebc000, 0x000000011b184000]
CodeHeap 'profiled nmethods': size=120016Kb used=2993Kb max_used=2993Kb free=117022Kb
 bounds [0x000000010c718000, 0x000000010ca08000, 0x0000000113c4c000]
CodeHeap 'non-nmethods': size=5712Kb used=1368Kb max_used=1443Kb free=4343Kb
 bounds [0x000000010c184000, 0x000000010c3f4000, 0x000000010c718000]
 total_blobs=2316 nmethods=1576 adapters=657
 compilation: enabled
              stopped_count=0, restarted_count=0
 full_count=0

Compilation events (20 events):
Event: 1.490 Thread 0x0000000123008800 1594       1       com.sun.prism.impl.shape.MaskData::getWidth (5 bytes)
Event: 1.490 Thread 0x0000000123008800 nmethod 1594 0x0000000113cd6010 code [0x0000000113cd6180, 0x0000000113cd6268]
Event: 1.490 Thread 0x0000000123008800 1595       1       com.sun.prism.impl.shape.MaskData::getHeight (5 bytes)
Event: 1.490 Thread 0x0000000123008800 nmethod 1595 0x0000000113cd6310 code [0x0000000113cd6480, 0x0000000113cd6568]
Event: 1.490 Thread 0x0000000123008800 1597       1       com.sun.prism.impl.BaseTexture::getWrapMode (5 bytes)
Event: 1.490 Thread 0x0000000123008800 nmethod 1597 0x0000000113cd6610 code [0x0000000113cd6780, 0x0000000113cd6868]
Event: 1.490 Thread 0x0000000123008800 1599       1       com.sun.javafx.geom.transform.BaseTransform::getMzt (2 bytes)
Event: 1.490 Thread 0x0000000123008800 nmethod 1599 0x0000000113cd6910 code [0x0000000113cd6a80, 0x0000000113cd6b68]
Event: 1.490 Thread 0x0000000123008800 1601       1       com.sun.prism.impl.BaseGraphics::isState3D (5 bytes)
Event: 1.490 Thread 0x0000000123008800 nmethod 1601 0x0000000113cd6c10 code [0x0000000113cd6d80, 0x0000000113cd6e68]
Event: 1.490 Thread 0x0000000123008800 1598       1       com.sun.javafx.geom.transform.AffineBase::getMxt (5 bytes)
Event: 1.490 Thread 0x0000000123008800 nmethod 1598 0x0000000113cd6f10 code [0x0000000113cd7080, 0x0000000113cd7168]
Event: 1.490 Thread 0x0000000123008800 1602       3       com.sun.marlin.Renderer::_endRendering (2473 bytes)
Event: 1.491 Thread 0x0000000135008800 nmethod 1590 0x0000000113cd7210 code [0x0000000113cd7440, 0x0000000113cd7ca0]
Event: 1.491 Thread 0x0000000135008800 1591       4       com.sun.marlin.FloatMath::max (11 bytes)
Event: 1.491 Thread 0x0000000135008800 nmethod 1591 0x0000000113cd8510 code [0x0000000113cd8680, 0x0000000113cd8720]
Event: 1.491 Thread 0x0000000135008800 1593       4       com.sun.marlin.FloatMath::min (11 bytes)
Event: 1.491 Thread 0x0000000135008800 nmethod 1593 0x0000000113cd8810 code [0x0000000113cd8980, 0x0000000113cd8a20]
Event: 1.491 Thread 0x0000000135008800 1596       4       com.sun.marlin.FloatMath::ceil_int (29 bytes)
Event: 1.491 Thread 0x0000000135008800 nmethod 1596 0x0000000113cd8b10 code [0x0000000113cd8cc0, 0x0000000113cd8dc0]

GC Heap History (2 events):
Event: 0.649 GC heap before
{Heap before GC invocations=0 (full 0):
 garbage-first heap   total 133120K, used 23456K [0x0000000780000000, 0x0000000800000000)
  region size 1024K, 23 young (23552K), 0 survivors (0K)
 Metaspace       used 5812K, committed 6016K, reserved 1114112K
  class space    used 720K, committed 832K, reserved 1048576K
}
Event: 0.653 GC heap after
{Heap after GC invocations=1 (full 0):
 garbage-first heap   total 133120K, used 3313K [0x0000000780000000, 0x0000000800000000)
  region size 1024K, 3 young (3072K), 3 survivors (3072K)
 Metaspace       used 5812K, committed 6016K, reserved 1114112K
  class space    used 720K, committed 832K, reserved 1048576K
}

Deoptimization events (20 events):
Event: 1.198 Thread 0x0000000146883000 DEOPT PACKING pc=0x0000000113cbde44 sp=0x0000000285fd16c0
Event: 1.198 Thread 0x0000000146883000 DEOPT UNPACKING pc=0x000000010c1c2d1c sp=0x0000000285fd15d0 mode 2
Event: 1.204 Thread 0x0000000146883000 Uncommon trap: trap_request=0xffffff45 fr.pc=0x0000000113c5b8b8 relative=0x00000000000000f8
Event: 1.204 Thread 0x0000000146883000 Uncommon trap: reason=unstable_if action=reinterpret pc=0x0000000113c5b8b8 method=java.lang.StringLatin1.lastIndexOf([BI[BII)I @ 86 c2
Event: 1.204 Thread 0x0000000146883000 DEOPT PACKING pc=0x0000000113c5b8b8 sp=0x0000000285fd1740
Event: 1.204 Thread 0x0000000146883000 DEOPT UNPACKING pc=0x000000010c1c2d1c sp=0x0000000285fd16a0 mode 2
Event: 1.206 Thread 0x0000000146883000 DEOPT PACKING pc=0x000000010c9a87a4 sp=0x0000000285fd1d00
Event: 1.206 Thread 0x0000000146883000 DEOPT UNPACKING pc=0x000000010c1c2b7c sp=0x0000000285fd1a60 mode 3
Event: 1.216 Thread 0x0000000145009a00 Uncommon trap: trap_request=0xffffffc6 fr.pc=0x0000000113c8f308 relative=0x0000000000000288
Event: 1.216 Thread 0x0000000145009a00 Uncommon trap: reason=bimorphic_or_optimized_type_check action=maybe_recompile pc=0x0000000113c8f308 method=java.util.concurrent.ConcurrentHashMap.get(Ljava/lang/Object;)Ljava/lang/Object; @ 149 c2
Event: 1.216 Thread 0x0000000145009a00 DEOPT PACKING pc=0x0000000113c8f308 sp=0x00000002802053f0
Event: 1.216 Thread 0x0000000145009a00 DEOPT UNPACKING pc=0x000000010c1c2d1c sp=0x0000000280205360 mode 2
Event: 1.225 Thread 0x0000000145009a00 Uncommon trap: trap_request=0xffffffc6 fr.pc=0x0000000113c8f308 relative=0x0000000000000288
Event: 1.225 Thread 0x0000000145009a00 Uncommon trap: reason=bimorphic_or_optimized_type_check action=maybe_recompile pc=0x0000000113c8f308 method=java.util.concurrent.ConcurrentHashMap.get(Ljava/lang/Object;)Ljava/lang/Object; @ 149 c2
Event: 1.225 Thread 0x0000000145009a00 DEOPT PACKING pc=0x0000000113c8f308 sp=0x00000002802053f0
Event: 1.225 Thread 0x0000000145009a00 DEOPT UNPACKING pc=0x000000010c1c2d1c sp=0x0000000280205360 mode 2
Event: 1.485 Thread 0x0000000145009a00 DEOPT PACKING pc=0x000000010c9bab5c sp=0x00000002802051e0
Event: 1.485 Thread 0x0000000145009a00 DEOPT UNPACKING pc=0x000000010c1c2b7c sp=0x0000000280204e40 mode 0
Event: 1.489 Thread 0x0000000145009a00 DEOPT PACKING pc=0x000000010c9bab5c sp=0x00000002802051e0
Event: 1.489 Thread 0x0000000145009a00 DEOPT UNPACKING pc=0x000000010c1c2b7c sp=0x0000000280204e40 mode 0

Classes loaded (20 events):
Event: 1.190 Loading class sun/net/www/protocol/jrt/Handler
Event: 1.190 Loading class sun/net/www/protocol/jrt/Handler done
Event: 1.191 Loading class sun/util/cldr/CLDRTimeZoneNameProviderImpl
Event: 1.192 Loading class sun/util/locale/provider/TimeZoneNameProviderImpl
Event: 1.192 Loading class sun/util/locale/provider/TimeZoneNameProviderImpl done
Event: 1.192 Loading class sun/util/cldr/CLDRTimeZoneNameProviderImpl done
Event: 1.195 Loading class sun/util/locale/provider/BaseLocaleDataMetaInfo
Event: 1.197 Loading class sun/util/locale/provider/BaseLocaleDataMetaInfo done
Event: 1.199 Loading class sun/util/resources/cldr/TimeZoneNames
Event: 1.200 Loading class sun/util/resources/TimeZoneNamesBundle
Event: 1.201 Loading class sun/util/resources/OpenListResourceBundle
Event: 1.202 Loading class sun/util/resources/OpenListResourceBundle done
Event: 1.202 Loading class sun/util/resources/TimeZoneNamesBundle done
Event: 1.202 Loading class sun/util/resources/cldr/TimeZoneNames done
Event: 1.202 Loading class sun/util/resources/cldr/TimeZoneNames_en
Event: 1.204 Loading class sun/util/resources/cldr/TimeZoneNames_en done
Event: 1.204 Loading class sun/util/resources/cldr/TimeZoneNames_en_US
Event: 1.204 Loading class sun/util/resources/cldr/TimeZoneNames_en_US done
Event: 1.205 Loading class java/util/LinkedHashMap$LinkedKeySet
Event: 1.205 Loading class java/util/LinkedHashMap$LinkedKeySet done

Classes unloaded (0 events):
No events

Classes redefined (0 events):
No events

Internal exceptions (20 events):
Event: 0.165 Thread 0x0000000146813e00 Exception <a 'java/lang/NoSuchMethodError'{0x00000007876c9390}: 'void java.lang.invoke.DirectMethodHandle$Holder.invokeSpecial(java.lang.Object, java.lang.Object, java.lang.Object)'> (0x00000007876c9390) 
thrown [open/src/hotspot/share/interpreter/linkResolver.cpp, line 766]
Event: 0.317 Thread 0x0000000146813e00 Exception <a 'java/lang/NoSuchMethodError'{0x000000078751e178}: 'int java.lang.invoke.DirectMethodHandle$Holder.invokeStaticInit(java.lang.Object, java.lang.Object, java.lang.Object)'> (0x000000078751e178) 
thrown [open/src/hotspot/share/interpreter/linkResolver.cpp, line 766]
Event: 0.540 Thread 0x0000000146867a00 Exception <a 'java/lang/NoSuchMethodError'{0x0000000787083740}: 'void java.lang.invoke.DirectMethodHandle$Holder.invokeStaticInit(java.lang.Object)'> (0x0000000787083740) 
thrown [open/src/hotspot/share/interpreter/linkResolver.cpp, line 766]
Event: 0.542 Thread 0x0000000146813e00 Exception <a 'java/lang/NoSuchMethodError'{0x000000078734bbb0}: 'java.lang.Object java.lang.invoke.DirectMethodHandle$Holder.newInvokeSpecial(java.lang.Object, java.lang.Object, java.lang.Object, java.lang.Object, java.lang.Object, java.lang.Object)'> (0x000000078734bbb0) 
thrown [open/src/hotspot/share/interpreter/linkResolver.cpp, line 766]
Event: 0.574 Thread 0x0000000146813e00 Exception <a 'java/lang/NoSuchMethodError'{0x0000000786e10aa0}: 'java.lang.Object java.lang.invoke.DirectMethodHandle$Holder.newInvokeSpecial(java.lang.Object, java.lang.Object, java.lang.Object, java.lang.Object, java.lang.Object)'> (0x0000000786e10aa0) 
thrown [open/src/hotspot/share/interpreter/linkResolver.cpp, line 766]
Event: 0.621 Thread 0x0000000146867a00 Exception <a 'java/lang/NoSuchMethodError'{0x0000000786b60d00}: 'java.lang.Object java.lang.invoke.DirectMethodHandle$Holder.invokeStaticInit(java.lang.Object, java.lang.Object, java.lang.Object, java.lang.Object)'> (0x0000000786b60d00) 
thrown [open/src/hotspot/share/interpreter/linkResolver.cpp, line 766]
Event: 0.622 Thread 0x0000000146867a00 Exception <a 'java/lang/NullPointerException'{0x0000000786b6ca50}> (0x0000000786b6ca50) 
thrown [open/src/hotspot/share/interpreter/linkResolver.cpp, line 1357]
Event: 0.698 Thread 0x0000000146867a00 Exception <a 'java/lang/NoSuchMethodError'{0x0000000787904688}: 'void java.lang.invoke.DirectMethodHandle$Holder.invokeStaticInit(java.lang.Object, java.lang.Object)'> (0x0000000787904688) 
thrown [open/src/hotspot/share/interpreter/linkResolver.cpp, line 766]
Event: 0.714 Thread 0x0000000146867a00 Exception <a 'sun/nio/fs/UnixException'{0x00000007878eff40}> (0x00000007878eff40) 
thrown [open/src/hotspot/share/prims/jni.cpp, line 516]
Event: 0.718 Thread 0x0000000146867a00 Implicit null exception at 0x0000000113c6c53c to 0x0000000113c6c730
Event: 0.734 Thread 0x0000000146867a00 Implicit null exception at 0x0000000113c92d98 to 0x0000000113c930e0
Event: 0.979 Thread 0x0000000146867a00 Exception <a 'java/lang/NoSuchMethodError'{0x00000007871c7420}: 'java.lang.Object java.lang.invoke.DirectMethodHandle$Holder.invokeInterface(java.lang.Object, java.lang.Object, java.lang.Object)'> (0x00000007871c7420) 
thrown [open/src/hotspot/share/interpreter/linkResolver.cpp, line 766]
Event: 0.979 Thread 0x0000000146867a00 Exception <a 'java/lang/IncompatibleClassChangeError'{0x00000007871cada0}: Found class java.lang.Object, but interface was expected> (0x00000007871cada0) 
thrown [open/src/hotspot/share/interpreter/linkResolver.cpp, line 833]
Event: 1.018 Thread 0x0000000146867a00 Exception <a 'java/lang/NoSuchMethodError'{0x0000000786e59628}: 'int java.lang.invoke.DirectMethodHandle$Holder.invokeSpecial(java.lang.Object, java.lang.Object, int)'> (0x0000000786e59628) 
thrown [open/src/hotspot/share/interpreter/linkResolver.cpp, line 766]
Event: 1.019 Thread 0x0000000146867a00 Exception <a 'java/lang/NoSuchMethodError'{0x0000000786e61568}: 'int java.lang.invoke.DirectMethodHandle$Holder.invokeSpecial(java.lang.Object, java.lang.Object, java.lang.Object, int)'> (0x0000000786e61568) 
thrown [open/src/hotspot/share/interpreter/linkResolver.cpp, line 766]
Event: 1.019 Thread 0x0000000146867a00 Exception <a 'java/lang/NoSuchMethodError'{0x0000000786e73d38}: 'java.lang.Object java.lang.invoke.DirectMethodHandle$Holder.invokeStatic(java.lang.Object, java.lang.Object, java.lang.Object, java.lang.Object, int)'> (0x0000000786e73d38) 
thrown [open/src/hotspot/share/interpreter/linkResolver.cpp, line 766]
Event: 1.020 Thread 0x0000000146867a00 Exception <a 'java/lang/NoSuchMethodError'{0x0000000786e7c7c0}: 'int java.lang.invoke.DirectMethodHandle$Holder.invokeSpecial(java.lang.Object, java.lang.Object, java.lang.Object)'> (0x0000000786e7c7c0) 
thrown [open/src/hotspot/share/interpreter/linkResolver.cpp, line 766]
Event: 1.046 Thread 0x0000000146867a00 Exception <a 'java/lang/NoSuchMethodError'{0x0000000786d20468}: 'java.lang.Object java.lang.invoke.DirectMethodHandle$Holder.newInvokeSpecial(java.lang.Object, java.lang.Object, int)'> (0x0000000786d20468) 
thrown [open/src/hotspot/share/interpreter/linkResolver.cpp, line 766]
Event: 1.059 Thread 0x0000000146867a00 Exception <a 'sun/nio/fs/UnixException'{0x0000000786d308b8}> (0x0000000786d308b8) 
thrown [open/src/hotspot/share/prims/jni.cpp, line 516]
Event: 1.132 Thread 0x0000000145009a00 Exception <a 'java/lang/NoSuchMethodError'{0x0000000786ced680}: 'int java.lang.invoke.DirectMethodHandle$Holder.invokeStaticInit(java.lang.Object, java.lang.Object)'> (0x0000000786ced680) 
thrown [open/src/hotspot/share/interpreter/linkResolver.cpp, line 766]

VM Operations (18 events):
Event: 0.090 Executing VM operation: HandshakeAllThreads
Event: 0.090 Executing VM operation: HandshakeAllThreads done
Event: 0.090 Executing VM operation: HandshakeAllThreads
Event: 0.090 Executing VM operation: HandshakeAllThreads done
Event: 0.111 Executing VM operation: HandshakeAllThreads
Event: 0.111 Executing VM operation: HandshakeAllThreads done
Event: 0.318 Executing VM operation: ICBufferFull
Event: 0.318 Executing VM operation: ICBufferFull done
Event: 0.649 Executing VM operation: G1CollectForAllocation
Event: 0.653 Executing VM operation: G1CollectForAllocation done
Event: 0.672 Executing VM operation: HandshakeAllThreads
Event: 0.672 Executing VM operation: HandshakeAllThreads done
Event: 0.698 Executing VM operation: ICBufferFull
Event: 0.698 Executing VM operation: ICBufferFull done
Event: 0.970 Executing VM operation: HandshakeAllThreads
Event: 0.970 Executing VM operation: HandshakeAllThreads done
Event: 1.004 Executing VM operation: ICBufferFull
Event: 1.004 Executing VM operation: ICBufferFull done

Events (20 events):
Event: 0.412 Thread 0x0000000145938000 Thread added: 0x0000000145938000
Event: 0.412 Protecting memory [0x000000028041c000,0x0000000280428000] with protection modes 0
Event: 0.508 Protecting memory [0x000000028041c000,0x0000000280428000] with protection modes 3
Event: 0.508 Thread 0x0000000145938000 Thread exited: 0x0000000145938000
Event: 0.556 Protecting memory [0x000000028041c000,0x0000000280428000] with protection modes 0
Event: 0.556 Thread 0x0000000145901200 Thread added: 0x0000000145901200
Event: 0.574 Thread 0x0000000145957400 Thread added: 0x0000000145957400
Event: 0.574 Protecting memory [0x0000000280740000,0x000000028074c000] with protection modes 0
Event: 0.635 Loaded shared library /Users/niambashambu/Documents/Documents - nbash Macbook Air/Java/javafx-sdk-17.0.1/lib/libjavafx_font.dylib
Event: 0.714 Loaded shared library /Library/Java/JavaVirtualMachines/jdk-18.0.1.1.jdk/Contents/Home/lib/libjimage.dylib
Event: 0.976 Thread 0x0000000146870000 Thread added: 0x0000000146870000
Event: 0.976 Protecting memory [0x0000000285bc4000,0x0000000285bd0000] with protection modes 0
Event: 1.081 Thread 0x0000000146883000 Thread added: 0x0000000146883000
Event: 1.081 Protecting memory [0x0000000285dd0000,0x0000000285ddc000] with protection modes 0
Event: 1.143 Thread 0x000000014580da00 Thread added: 0x000000014580da00
Event: 1.143 Protecting memory [0x0000000285fdc000,0x0000000285fe8000] with protection modes 0
Event: 1.408 Protecting memory [0x000000028041c000,0x0000000280428000] with protection modes 3
Event: 1.408 Thread 0x0000000145901200 Thread exited: 0x0000000145901200
Event: 1.474 Protecting memory [0x000000028041c000,0x0000000280428000] with protection modes 0
Event: 1.474 Thread 0x0000000144937000 Thread added: 0x0000000144937000


Dynamic libraries:
0x00000001027d4000 	/Library/Java/JavaVirtualMachines/jdk-18.0.1.1.jdk/Contents/Home/lib/libjli.dylib
0x00000001a7ef1000 	/usr/lib/libz.1.dylib
0x00000001a7fa1000 	/usr/lib/libSystem.B.dylib
0x00000001a7f9b000 	/usr/lib/system/libcache.dylib
0x00000001a7f59000 	/usr/lib/system/libcommonCrypto.dylib
0x00000001a7f82000 	/usr/lib/system/libcompiler_rt.dylib
0x00000001a7f79000 	/usr/lib/system/libcopyfile.dylib
0x000000019d2da000 	/usr/lib/system/libcorecrypto.dylib
0x000000019d37f000 	/usr/lib/system/libdispatch.dylib
0x000000019d547000 	/usr/lib/system/libdyld.dylib
0x00000001a7f91000 	/usr/lib/system/libkeymgr.dylib
0x00000001a7f3b000 	/usr/lib/system/libmacho.dylib
0x00000001a763b000 	/usr/lib/system/libquarantine.dylib
0x00000001a7f8e000 	/usr/lib/system/libremovefile.dylib
0x00000001a26d9000 	/usr/lib/system/libsystem_asl.dylib
0x000000019d284000 	/usr/lib/system/libsystem_blocks.dylib
0x000000019d405000 	/usr/lib/system/libsystem_c.dylib
0x00000001a7f86000 	/usr/lib/system/libsystem_collections.dylib
0x00000001a6afa000 	/usr/lib/system/libsystem_configuration.dylib
0x00000001a5d7e000 	/usr/lib/system/libsystem_containermanager.dylib
0x00000001a7ca2000 	/usr/lib/system/libsystem_coreservices.dylib
0x000000019fc6b000 	/usr/lib/system/libsystem_darwin.dylib
0x00000001a7f92000 	/usr/lib/system/libsystem_dnssd.dylib
0x000000019d402000 	/usr/lib/system/libsystem_featureflags.dylib
0x000000019d55c000 	/usr/lib/system/libsystem_info.dylib
0x00000001a7f03000 	/usr/lib/system/libsystem_m.dylib
0x000000019d354000 	/usr/lib/system/libsystem_malloc.dylib
0x00000001a266a000 	/usr/lib/system/libsystem_networkextension.dylib
0x00000001a00bf000 	/usr/lib/system/libsystem_notify.dylib
0x00000001ae1a5000 	/usr/lib/system/libsystem_product_info_filter.dylib
0x00000001a6aff000 	/usr/lib/system/libsystem_sandbox.dylib
0x00000001a7f8b000 	/usr/lib/system/libsystem_secinit.dylib
0x000000019d504000 	/usr/lib/system/libsystem_kernel.dylib
0x000000019d554000 	/usr/lib/system/libsystem_platform.dylib
0x000000019d53a000 	/usr/lib/system/libsystem_pthread.dylib
0x00000001a3e16000 	/usr/lib/system/libsystem_symptoms.dylib
0x000000019d2c0000 	/usr/lib/system/libsystem_trace.dylib
0x00000001a7f66000 	/usr/lib/system/libunwind.dylib
0x000000019d286000 	/usr/lib/system/libxpc.dylib
0x000000019d4ea000 	/usr/lib/libc++abi.dylib
0x000000019d3c6000 	/usr/lib/libobjc.A.dylib
0x00000001a7f71000 	/usr/lib/liboah.dylib
0x000000019d486000 	/usr/lib/libc++.1.dylib
0x00000001b3ba6000 	/System/Library/Frameworks/Cocoa.framework/Versions/A/Cocoa
0x00000001a011f000 	/System/Library/Frameworks/AppKit.framework/Versions/C/AppKit
0x00000001a3655000 	/System/Library/Frameworks/CoreData.framework/Versions/A/CoreData
0x000000019e47c000 	/System/Library/Frameworks/Foundation.framework/Versions/C/Foundation
0x00000001a0fd6000 	/System/Library/PrivateFrameworks/UIFoundation.framework/Versions/A/UIFoundation
0x00000001ade9f000 	/System/Library/PrivateFrameworks/RemoteViewServices.framework/Versions/A/RemoteViewServices
0x00000001a64b8000 	/System/Library/PrivateFrameworks/XCTTargetBootstrap.framework/Versions/A/XCTTargetBootstrap
0x00000001a9ca2000 	/System/Library/PrivateFrameworks/InternationalSupport.framework/Versions/A/InternationalSupport
0x00000001a9d2b000 	/System/Library/PrivateFrameworks/UserActivity.framework/Versions/A/UserActivity
0x00000001a91d0000 	/usr/lib/libspindump.dylib
0x00000001a1246000 	/System/Library/Frameworks/UniformTypeIdentifiers.framework/Versions/A/UniformTypeIdentifiers
0x00000001a4a45000 	/usr/lib/libapp_launch_measurement.dylib
0x00000001a3fbd000 	/System/Library/PrivateFrameworks/CoreAnalytics.framework/Versions/A/CoreAnalytics
0x00000001a4a48000 	/System/Library/PrivateFrameworks/CoreAutoLayout.framework/Versions/A/CoreAutoLayout
0x00000001a5dbb000 	/System/Library/Frameworks/Metal.framework/Versions/A/Metal
0x00000001a6b0a000 	/usr/lib/liblangid.dylib
0x00000001a64bc000 	/System/Library/PrivateFrameworks/CoreSVG.framework/Versions/A/CoreSVG
0x00000001a270d000 	/System/Library/PrivateFrameworks/SkyLight.framework/Versions/A/SkyLight
0x00000001a2ada000 	/System/Library/Frameworks/CoreGraphics.framework/Versions/A/CoreGraphics
0x00000001ae51d000 	/System/Library/Frameworks/Accelerate.framework/Versions/A/Accelerate
0x00000001a8c44000 	/System/Library/PrivateFrameworks/IconServices.framework/Versions/A/IconServices
0x00000001a5d9d000 	/System/Library/Frameworks/IOSurface.framework/Versions/A/IOSurface
0x00000001a3fed000 	/usr/lib/libDiagnosticMessagesClient.dylib
0x00000001b1966000 	/System/Library/Frameworks/ApplicationServices.framework/Versions/A/ApplicationServices
0x00000001a64a0000 	/System/Library/PrivateFrameworks/DFRFoundation.framework/Versions/A/DFRFoundation
0x000000019f9c0000 	/usr/lib/libicucore.A.dylib
0x00000001aaaa3000 	/System/Library/Frameworks/AudioToolbox.framework/Versions/A/AudioToolbox
0x00000001a9cae000 	/System/Library/PrivateFrameworks/DataDetectorsCore.framework/Versions/A/DataDetectorsCore
0x00000001bfdfc000 	/System/Library/PrivateFrameworks/TextInput.framework/Versions/A/TextInput
0x00000001a2684000 	/usr/lib/libMobileGestalt.dylib
0x00000001a6170000 	/System/Library/Frameworks/Carbon.framework/Versions/A/Frameworks/HIToolbox.framework/Versions/A/HIToolbox
0x00000001a444e000 	/System/Library/Frameworks/QuartzCore.framework/Versions/A/QuartzCore
0x000000019f63d000 	/System/Library/Frameworks/Security.framework/Versions/A/Security
0x00000001adedf000 	/System/Library/Frameworks/Carbon.framework/Versions/A/Frameworks/SpeechRecognition.framework/Versions/A/SpeechRecognition
0x00000001a479c000 	/System/Library/PrivateFrameworks/CoreUI.framework/Versions/A/CoreUI
0x000000019ef0e000 	/System/Library/Frameworks/CoreAudio.framework/Versions/A/CoreAudio
0x00000001a40e1000 	/System/Library/Frameworks/DiskArbitration.framework/Versions/A/DiskArbitration
0x00000001a95b5000 	/System/Library/PrivateFrameworks/MultitouchSupport.framework/Versions/A/MultitouchSupport
0x00000001a2682000 	/usr/lib/libenergytrace.dylib
0x000000019ffe9000 	/System/Library/Frameworks/IOKit.framework/Versions/A/IOKit
0x00000001ae2c8000 	/System/Library/Frameworks/CoreServices.framework/Versions/A/CoreServices
0x00000001a49d5000 	/System/Library/PrivateFrameworks/PerformanceAnalysis.framework/Versions/A/PerformanceAnalysis
0x00000001fe9a9000 	/System/Library/Frameworks/OpenGL.framework/Versions/A/OpenGL
0x00000001a755b000 	/System/Library/PrivateFrameworks/MobileKeyBag.framework/Versions/A/MobileKeyBag
0x00000001a30ea000 	/System/Library/Frameworks/ColorSync.framework/Versions/A/ColorSync
0x000000019d588000 	/System/Library/Frameworks/CoreFoundation.framework/Versions/A/CoreFoundation
0x00000001a673d000 	/System/Library/Frameworks/CoreImage.framework/Versions/A/CoreImage
0x000000019ed31000 	/System/Library/Frameworks/CoreText.framework/Versions/A/CoreText
0x00000001a64ec000 	/System/Library/Frameworks/ImageIO.framework/Versions/A/ImageIO
0x00000001a7fa7000 	/System/Library/PrivateFrameworks/SoftLinking.framework/Versions/A/SoftLinking
0x00000001a4a92000 	/usr/lib/libxml2.2.dylib
0x00000001a8240000 	/usr/lib/libcompression.dylib
0x00000001a9bfb000 	/System/Library/PrivateFrameworks/TextureIO.framework/Versions/A/TextureIO
0x00000001a895e000 	/usr/lib/libate.dylib
0x00000001a8826000 	/usr/lib/liblzma.5.dylib
0x000000019e170000 	/System/Library/Frameworks/SystemConfiguration.framework/Versions/A/SystemConfiguration
0x00000001a7fa3000 	/usr/lib/libfakelink.dylib
0x00000001a21b1000 	/System/Library/Frameworks/CFNetwork.framework/Versions/A/CFNetwork
0x00000001a80ea000 	/usr/lib/libarchive.2.dylib
0x00000001a6b06000 	/System/Library/PrivateFrameworks/AppleSystemInfo.framework/Versions/A/AppleSystemInfo
0x00000001a7666000 	/usr/lib/libbsm.0.dylib
0x00000001a16e9000 	/usr/lib/libnetwork.dylib
0x00000001a7f41000 	/usr/lib/system/libkxld.dylib
0x00000001a727d000 	/System/Library/PrivateFrameworks/IOMobileFramebuffer.framework/Versions/A/IOMobileFramebuffer
0x000000021a7da000 	/usr/lib/libCoreEntitlements.dylib
0x00000001a7c84000 	/System/Library/PrivateFrameworks/AppleFSCompression.framework/Versions/A/AppleFSCompression
0x00000001a764e000 	/usr/lib/libcoretls.dylib
0x00000001a883f000 	/usr/lib/libcoretls_cfhelpers.dylib
0x00000001a823b000 	/usr/lib/libpam.2.dylib
0x00000001a3a3e000 	/usr/lib/libsqlite3.dylib
0x00000001a88a7000 	/usr/lib/libxar.1.dylib
0x00000001a7c95000 	/usr/lib/libbz2.1.0.dylib
0x00000001a7fa8000 	/usr/lib/libpcap.A.dylib
0x00000001a3e0d000 	/usr/lib/libdns_services.dylib
0x00000001a820e000 	/usr/lib/libapple_nghttp2.dylib
0x00000001a7fe5000 	/usr/lib/libiconv.2.dylib
0x00000001a7f3a000 	/usr/lib/libcharset.1.dylib
0x00000001a4a11000 	/System/Library/Frameworks/CoreServices.framework/Versions/A/Frameworks/FSEvents.framework/Versions/A/FSEvents
0x000000019fc76000 	/System/Library/Frameworks/CoreServices.framework/Versions/A/Frameworks/CarbonCore.framework/Versions/A/CarbonCore
0x00000001a4044000 	/System/Library/Frameworks/CoreServices.framework/Versions/A/Frameworks/Metadata.framework/Versions/A/Metadata
0x00000001a7ca8000 	/System/Library/Frameworks/CoreServices.framework/Versions/A/Frameworks/OSServices.framework/Versions/A/OSServices
0x00000001a8170000 	/System/Library/Frameworks/CoreServices.framework/Versions/A/Frameworks/SearchKit.framework/Versions/A/SearchKit
0x00000001a3d9b000 	/System/Library/Frameworks/CoreServices.framework/Versions/A/Frameworks/AE.framework/Versions/A/AE
0x000000019dacc000 	/System/Library/Frameworks/CoreServices.framework/Versions/A/Frameworks/LaunchServices.framework/Versions/A/LaunchServices
0x00000001a87cf000 	/System/Library/Frameworks/CoreServices.framework/Versions/A/Frameworks/DictionaryServices.framework/Versions/A/DictionaryServices
0x00000001a4a1e000 	/System/Library/Frameworks/CoreServices.framework/Versions/A/Frameworks/SharedFileList.framework/Versions/A/SharedFileList
0x00000001a763e000 	/usr/lib/libCheckFix.dylib
0x00000001a26f1000 	/System/Library/PrivateFrameworks/TCC.framework/Versions/A/TCC
0x00000001a6b0c000 	/System/Library/PrivateFrameworks/CoreNLP.framework/Versions/A/CoreNLP
0x00000001a3ff0000 	/System/Library/PrivateFrameworks/MetadataUtilities.framework/Versions/A/MetadataUtilities
0x000000019e229000 	/usr/lib/libmecabra.dylib
0x00000001a7677000 	/usr/lib/libmecab.dylib
0x000000019e1f5000 	/usr/lib/libCRFSuite.dylib
0x00000001a76d5000 	/usr/lib/libgermantok.dylib
0x00000001a81e7000 	/usr/lib/libThaiTokenizer.dylib
0x00000001a40e9000 	/System/Library/Frameworks/Accelerate.framework/Versions/A/Frameworks/vImage.framework/Versions/A/vImage
0x00000001ae29f000 	/System/Library/Frameworks/Accelerate.framework/Versions/A/Frameworks/vecLib.framework/Versions/A/vecLib
0x00000001a88eb000 	/System/Library/Frameworks/Accelerate.framework/Versions/A/Frameworks/vecLib.framework/Versions/A/libvMisc.dylib
0x00000001a7187000 	/System/Library/Frameworks/Accelerate.framework/Versions/A/Frameworks/vecLib.framework/Versions/A/libvDSP.dylib
0x000000019de4f000 	/System/Library/Frameworks/Accelerate.framework/Versions/A/Frameworks/vecLib.framework/Versions/A/libBLAS.dylib
0x00000001a830f000 	/System/Library/Frameworks/Accelerate.framework/Versions/A/Frameworks/vecLib.framework/Versions/A/libLAPACK.dylib
0x00000001a76d8000 	/System/Library/Frameworks/Accelerate.framework/Versions/A/Frameworks/vecLib.framework/Versions/A/libLinearAlgebra.dylib
0x00000001a8226000 	/System/Library/Frameworks/Accelerate.framework/Versions/A/Frameworks/vecLib.framework/Versions/A/libSparseBLAS.dylib
0x00000001a830a000 	/System/Library/Frameworks/Accelerate.framework/Versions/A/Frameworks/vecLib.framework/Versions/A/libQuadrature.dylib
0x00000001a6c03000 	/System/Library/Frameworks/Accelerate.framework/Versions/A/Frameworks/vecLib.framework/Versions/A/libBNNS.dylib
0x000000019e10d000 	/System/Library/Frameworks/Accelerate.framework/Versions/A/Frameworks/vecLib.framework/Versions/A/libSparse.dylib
0x00000001a6bfb000 	/System/Library/PrivateFrameworks/LinguisticData.framework/Versions/A/LinguisticData
0x000000019e0c3000 	/System/Library/PrivateFrameworks/Lexicon.framework/Versions/A/Lexicon
0x00000001a88e3000 	/usr/lib/libChineseTokenizer.dylib
0x000000019e86a000 	/System/Library/PrivateFrameworks/LanguageModeling.framework/Versions/A/LanguageModeling
0x00000001a81e9000 	/System/Library/PrivateFrameworks/AppleSauce.framework/Versions/A/AppleSauce
0x00000001a726a000 	/System/Library/PrivateFrameworks/CoreEmoji.framework/Versions/A/CoreEmoji
0x00000001a80d8000 	/usr/lib/libcmph.dylib
0x00000001a49f1000 	/System/Library/Frameworks/OpenDirectory.framework/Versions/A/Frameworks/CFOpenDirectory.framework/Versions/A/CFOpenDirectory
0x00000001a49e1000 	/System/Library/Frameworks/OpenDirectory.framework/Versions/A/OpenDirectory
0x00000001a8841000 	/System/Library/PrivateFrameworks/APFS.framework/Versions/A/APFS
0x00000001a7596000 	/System/Library/Frameworks/SecurityFoundation.framework/Versions/A/SecurityFoundation
0x00000001a88b5000 	/usr/lib/libutil.dylib
0x000000019ffab000 	/System/Library/PrivateFrameworks/CoreServicesStore.framework/Versions/A/CoreServicesStore
0x00000001a88b9000 	/usr/lib/libxslt.1.dylib
0x00000001a762a000 	/System/Library/PrivateFrameworks/BackgroundTaskManagement.framework/Versions/A/BackgroundTaskManagement
0x00000001a9b1c000 	/System/Library/Frameworks/ImageIO.framework/Versions/A/Resources/libRadiance.dylib
0x00000001a9b25000 	/System/Library/Frameworks/ImageIO.framework/Versions/A/Resources/libJPEG.dylib
0x00000001a9a77000 	/System/Library/Frameworks/ImageIO.framework/Versions/A/Resources/libPng.dylib
0x00000001a9a99000 	/System/Library/Frameworks/ImageIO.framework/Versions/A/Resources/libTIFF.dylib
0x00000001a9b80000 	/System/Library/Frameworks/ImageIO.framework/Versions/A/Resources/libGIF.dylib
0x00000001a94c5000 	/System/Library/Frameworks/ImageIO.framework/Versions/A/Resources/libJP2.dylib
0x00000001a8c0a000 	/usr/lib/libexpat.1.dylib
0x00000001a9480000 	/System/Library/PrivateFrameworks/AppleJPEG.framework/Versions/A/AppleJPEG
0x00000001a602f000 	/System/Library/PrivateFrameworks/FontServices.framework/libFontParser.dylib
0x00000001a3d40000 	/System/Library/PrivateFrameworks/RunningBoardServices.framework/Versions/A/RunningBoardServices
0x00000001b421c000 	/System/Library/PrivateFrameworks/IOSurfaceAccelerator.framework/Versions/A/IOSurfaceAccelerator
0x00000001a95b1000 	/System/Library/PrivateFrameworks/WatchdogClient.framework/Versions/A/WatchdogClient
0x000000019e96e000 	/System/Library/Frameworks/CoreDisplay.framework/Versions/A/CoreDisplay
0x00000001a5f1d000 	/System/Library/Frameworks/CoreMedia.framework/Versions/A/CoreMedia
0x00000001a5db1000 	/System/Library/PrivateFrameworks/IOAccelerator.framework/Versions/A/IOAccelerator
0x00000001a4b7f000 	/System/Library/Frameworks/CoreVideo.framework/Versions/A/CoreVideo
0x00000001a8239000 	/System/Library/Frameworks/MetalPerformanceShaders.framework/Versions/A/MetalPerformanceShaders
0x00000001a95ee000 	/System/Library/Frameworks/VideoToolbox.framework/Versions/A/VideoToolbox
0x00000001a3c84000 	/System/Library/PrivateFrameworks/BaseBoard.framework/Versions/A/BaseBoard
0x00000001a3a23000 	/System/Library/PrivateFrameworks/ProtocolBuffer.framework/Versions/A/ProtocolBuffer
0x00000001a9b17000 	/System/Library/PrivateFrameworks/GPUWrangler.framework/Versions/A/GPUWrangler
0x00000001a9af6000 	/System/Library/PrivateFrameworks/IOPresentment.framework/Versions/A/IOPresentment
0x00000001a9b1f000 	/System/Library/PrivateFrameworks/DSExternalDisplay.framework/Versions/A/DSExternalDisplay
0x00000001fe99c000 	/System/Library/Frameworks/OpenGL.framework/Versions/A/Libraries/libCoreFSCache.dylib
0x0000000208187000 	/System/Library/PrivateFrameworks/GPUCompiler.framework/Versions/31001/Libraries/libGPUCompilerUtils.dylib
0x00000001a9b85000 	/System/Library/PrivateFrameworks/CMCaptureCore.framework/Versions/A/CMCaptureCore
0x00000001a91be000 	/System/Library/PrivateFrameworks/AppServerSupport.framework/Versions/A/AppServerSupport
0x00000001ab35e000 	/System/Library/PrivateFrameworks/perfdata.framework/Versions/A/perfdata
0x000000019ea8e000 	/System/Library/PrivateFrameworks/AudioToolboxCore.framework/Versions/A/AudioToolboxCore
0x00000001a5ef5000 	/System/Library/PrivateFrameworks/caulk.framework/Versions/A/caulk
0x00000001aac53000 	/usr/lib/libAudioStatistics.dylib
0x00000001bc570000 	/System/Library/PrivateFrameworks/SystemPolicy.framework/Versions/A/SystemPolicy
0x00000001aaeb3000 	/usr/lib/libSMC.dylib
0x00000001b3a88000 	/System/Library/Frameworks/CoreMIDI.framework/Versions/A/CoreMIDI
0x00000001a9a45000 	/usr/lib/libAudioToolboxUtility.dylib
0x00000001b899d000 	/System/Library/PrivateFrameworks/OSAServicesClient.framework/Versions/A/OSAServicesClient
0x00000001ab36b000 	/usr/lib/libperfcheck.dylib
0x00000001bd077000 	/usr/lib/libmis.dylib
0x00000001fe9fd000 	/System/Library/Frameworks/OpenGL.framework/Versions/A/Libraries/libGLU.dylib
0x00000001fe9bc000 	/System/Library/Frameworks/OpenGL.framework/Versions/A/Libraries/libGFXShared.dylib
0x00000001feba6000 	/System/Library/Frameworks/OpenGL.framework/Versions/A/Libraries/libGL.dylib
0x00000001fe9c5000 	/System/Library/Frameworks/OpenGL.framework/Versions/A/Libraries/libGLImage.dylib
0x00000001fe9b9000 	/System/Library/Frameworks/OpenGL.framework/Versions/A/Libraries/libCVMSPluginSupport.dylib
0x00000001fe9a3000 	/System/Library/Frameworks/OpenGL.framework/Versions/A/Libraries/libCoreVMClient.dylib
0x00000001a6a87000 	/System/Library/Frameworks/MetalPerformanceShaders.framework/Versions/A/Frameworks/MPSCore.framework/Versions/A/MPSCore
0x00000001a7bf7000 	/System/Library/Frameworks/MetalPerformanceShaders.framework/Versions/A/Frameworks/MPSImage.framework/Versions/A/MPSImage
0x00000001a76ed000 	/System/Library/Frameworks/MetalPerformanceShaders.framework/Versions/A/Frameworks/MPSNeuralNetwork.framework/Versions/A/MPSNeuralNetwork
0x00000001a7b2a000 	/System/Library/Frameworks/MetalPerformanceShaders.framework/Versions/A/Frameworks/MPSMatrix.framework/Versions/A/MPSMatrix
0x00000001a7905000 	/System/Library/Frameworks/MetalPerformanceShaders.framework/Versions/A/Frameworks/MPSRayIntersector.framework/Versions/A/MPSRayIntersector
0x00000001a7b5b000 	/System/Library/Frameworks/MetalPerformanceShaders.framework/Versions/A/Frameworks/MPSNDArray.framework/Versions/A/MPSNDArray
0x00000002006d4000 	/System/Library/Frameworks/MetalPerformanceShaders.framework/Versions/A/Frameworks/MPSFunctions.framework/Versions/A/MPSFunctions
0x000000019dd2d000 	/System/Library/PrivateFrameworks/MetalTools.framework/Versions/A/MetalTools
0x00000001a6b04000 	/System/Library/PrivateFrameworks/AggregateDictionary.framework/Versions/A/AggregateDictionary
0x00000001a89f0000 	/usr/lib/libIOReport.dylib
0x00000001b2a6f000 	/System/Library/PrivateFrameworks/ASEProcessing.framework/Versions/A/ASEProcessing
0x00000001a8d63000 	/System/Library/PrivateFrameworks/FaceCore.framework/Versions/A/FaceCore
0x00000001a8d55000 	/System/Library/PrivateFrameworks/GraphVisualizer.framework/Versions/A/GraphVisualizer
0x000000020809e000 	/System/Library/PrivateFrameworks/FontServices.framework/Versions/A/FontServices
0x00000001a9178000 	/System/Library/PrivateFrameworks/OTSVG.framework/Versions/A/OTSVG
0x00000001a474d000 	/System/Library/Frameworks/ApplicationServices.framework/Versions/A/Frameworks/ATS.framework/Versions/A/Resources/libFontRegistry.dylib
0x00000001a91c7000 	/System/Library/PrivateFrameworks/FontServices.framework/libhvf.dylib
0x000000020809f000 	/System/Library/PrivateFrameworks/FontServices.framework/libXTFontStaticRegistryData.dylib
0x00000001fed48000 	/System/Library/Frameworks/OpenCL.framework/Versions/A/OpenCL
0x00000001a8bbe000 	/System/Library/PrivateFrameworks/AppleVA.framework/Versions/A/AppleVA
0x00000001aac7b000 	/System/Library/Frameworks/ApplicationServices.framework/Versions/A/Frameworks/ATS.framework/Versions/A/ATS
0x00000001a31e7000 	/System/Library/Frameworks/ApplicationServices.framework/Versions/A/Frameworks/HIServices.framework/Versions/A/HIServices
0x00000001a9b8f000 	/System/Library/Frameworks/ApplicationServices.framework/Versions/A/Frameworks/PrintCore.framework/Versions/A/PrintCore
0x00000001ab006000 	/System/Library/Frameworks/ApplicationServices.framework/Versions/A/Frameworks/QD.framework/Versions/A/QD
0x00000001aaffe000 	/System/Library/Frameworks/ApplicationServices.framework/Versions/A/Frameworks/ColorSyncLegacy.framework/Versions/A/ColorSyncLegacy
0x00000001aac67000 	/System/Library/Frameworks/ApplicationServices.framework/Versions/A/Frameworks/SpeechSynthesis.framework/Versions/A/SpeechSynthesis
0x00000001a9b50000 	/System/Library/Frameworks/ApplicationServices.framework/Versions/A/Frameworks/ATSUI.framework/Versions/A/ATSUI
0x00000001aaf93000 	/usr/lib/libcups.2.dylib
0x00000001ab379000 	/System/Library/Frameworks/Kerberos.framework/Versions/A/Kerberos
0x00000001ab38a000 	/System/Library/Frameworks/GSS.framework/Versions/A/GSS
0x00000001aacea000 	/usr/lib/libresolv.9.dylib
0x00000001a91d5000 	/System/Library/PrivateFrameworks/Heimdal.framework/Versions/A/Heimdal
0x00000001b1cde000 	/System/Library/Frameworks/Kerberos.framework/Versions/A/Libraries/libHeimdalProxy.dylib
0x00000001a3e1f000 	/System/Library/Frameworks/Network.framework/Versions/A/Network
0x00000001a8c25000 	/usr/lib/libheimdal-asn1.dylib
0x00000001ab3d0000 	/System/Library/PrivateFrameworks/CommonAuth.framework/Versions/A/CommonAuth
0x00000001aabe1000 	/System/Library/PrivateFrameworks/AudioSession.framework/Versions/A/AudioSession
0x00000001a8cb6000 	/System/Library/PrivateFrameworks/MediaExperience.framework/Versions/A/MediaExperience
0x00000001aaa69000 	/System/Library/PrivateFrameworks/AudioSession.framework/libSessionUtility.dylib
0x00000001ab012000 	/System/Library/PrivateFrameworks/AudioResourceArbitration.framework/Versions/A/AudioResourceArbitration
0x00000001af11d000 	/System/Library/PrivateFrameworks/PowerLog.framework/Versions/A/PowerLog
0x00000001a8c2e000 	/System/Library/PrivateFrameworks/IconFoundation.framework/Versions/A/IconFoundation
0x00000001adecb000 	/System/Library/PrivateFrameworks/SpeechRecognitionCore.framework/Versions/A/SpeechRecognitionCore
0x0000000103964000 	/Library/Java/JavaVirtualMachines/jdk-18.0.1.1.jdk/Contents/Home/lib/server/libjvm.dylib
0x0000000102838000 	/Library/Java/JavaVirtualMachines/jdk-18.0.1.1.jdk/Contents/Home/lib/libjimage.dylib
0x0000000102864000 	/Library/Java/JavaVirtualMachines/jdk-18.0.1.1.jdk/Contents/Home/lib/libinstrument.dylib
0x00000001028b0000 	/Library/Java/JavaVirtualMachines/jdk-18.0.1.1.jdk/Contents/Home/lib/libjava.dylib
0x0000000102924000 	/Library/Java/JavaVirtualMachines/jdk-18.0.1.1.jdk/Contents/Home/lib/libnio.dylib
0x0000000103854000 	/Library/Java/JavaVirtualMachines/jdk-18.0.1.1.jdk/Contents/Home/lib/libnet.dylib
0x0000000102898000 	/Library/Java/JavaVirtualMachines/jdk-18.0.1.1.jdk/Contents/Home/lib/libzip.dylib
0x0000000102944000 	/Users/niambashambu/Documents/Documents - nbash Macbook Air/Java/javafx-sdk-17.0.1/lib/libprism_es2.dylib
0x000000019ff6e000 	/System/Library/PrivateFrameworks/CoreServicesInternal.framework/Versions/A/CoreServicesInternal
0x00000001febb0000 	/System/Library/Frameworks/OpenGL.framework/Versions/A/Resources/GLEngine.bundle/GLEngine
0x00000001fea37000 	/System/Library/Frameworks/OpenGL.framework/Versions/A/Libraries/libGLProgrammability.dylib
0x0000000122f00000 	/System/Library/Extensions/AppleMetalOpenGLRenderer.bundle/Contents/MacOS/AppleMetalOpenGLRenderer
0x00000001fed1f000 	/System/Library/Frameworks/OpenGL.framework/Versions/A/Resources/GLRendererFloat.bundle/GLRendererFloat
0x00000001fedc0000 	/System/Library/Extensions/AGXMetal13_3.bundle/Contents/MacOS/AGXMetal13_3
0x00000001bd093000 	/System/Library/PrivateFrameworks/GPURawCounter.framework/Versions/A/GPURawCounter
0x00000001b7b21000 	/System/Library/PrivateFrameworks/IOGPU.framework/Versions/A/IOGPU
0x0000000123e00000 	/Users/niambashambu/Documents/Documents - nbash Macbook Air/Java/javafx-sdk-17.0.1/lib/libglass.dylib
0x00000001af371000 	/System/Library/Frameworks/FileProvider.framework/Versions/A/FileProvider
0x00000001a3bec000 	/System/Library/Frameworks/Accounts.framework/Versions/A/Accounts
0x00000001af4f1000 	/System/Library/PrivateFrameworks/GenerationalStorage.framework/Versions/A/GenerationalStorage
0x00000001b00a7000 	/System/Library/PrivateFrameworks/CoreSymbolication.framework/Versions/A/CoreSymbolication
0x00000001af111000 	/System/Library/PrivateFrameworks/SymptomDiagnosticReporter.framework/Versions/A/SymptomDiagnosticReporter
0x00000001a125a000 	/System/Library/PrivateFrameworks/DesktopServicesPriv.framework/Versions/A/DesktopServicesPriv
0x00000001a00ce000 	/usr/lib/libsandbox.1.dylib
0x00000001a4c0c000 	/System/Library/PrivateFrameworks/UserManagement.framework/Versions/A/UserManagement
0x00000001b0068000 	/System/Library/PrivateFrameworks/DebugSymbols.framework/Versions/A/DebugSymbols
0x00000001aaff1000 	/System/Library/PrivateFrameworks/NetAuth.framework/Versions/A/NetAuth
0x00000001abef4000 	/System/Library/PrivateFrameworks/Sharing.framework/Versions/A/Sharing
0x00000001a4bdc000 	/System/Library/PrivateFrameworks/login.framework/Versions/A/Frameworks/loginsupport.framework/Versions/A/loginsupport
0x00000001b1220000 	/System/Library/PrivateFrameworks/Apple80211.framework/Versions/A/Apple80211
0x00000001a7cdb000 	/System/Library/PrivateFrameworks/AuthKit.framework/Versions/A/AuthKit
0x00000001a7369000 	/System/Library/PrivateFrameworks/CoreUtils.framework/Versions/A/CoreUtils
0x00000001a7289000 	/System/Library/Frameworks/CoreWLAN.framework/Versions/A/CoreWLAN
0x00000001ac05e000 	/System/Library/Frameworks/IOBluetooth.framework/Versions/A/IOBluetooth
0x00000001b1280000 	/System/Library/PrivateFrameworks/CoreWiFi.framework/Versions/A/CoreWiFi
0x00000001afc4f000 	/System/Library/PrivateFrameworks/FrontBoardServices.framework/Versions/A/FrontBoardServices
0x00000001afce7000 	/System/Library/PrivateFrameworks/BoardServices.framework/Versions/A/BoardServices
0x00000001a7584000 	/System/Library/PrivateFrameworks/AssertionServices.framework/Versions/A/AssertionServices
0x00000001b13ee000 	/System/Library/PrivateFrameworks/BackBoardServices.framework/Versions/A/BackBoardServices
0x00000001ab463000 	/System/Library/PrivateFrameworks/CorePhoneNumbers.framework/Versions/A/CorePhoneNumbers
0x00000001af241000 	/System/Library/PrivateFrameworks/DiskManagement.framework/Versions/A/DiskManagement
0x00000001af144000 	/System/Library/PrivateFrameworks/AppleIDAuthSupport.framework/Versions/A/AppleIDAuthSupport
0x00000002029be000 	/System/Library/PrivateFrameworks/AAAFoundation.framework/Versions/A/AAAFoundation
0x00000001ab442000 	/System/Library/PrivateFrameworks/KeychainCircle.framework/Versions/A/KeychainCircle
0x00000001af20d000 	/System/Library/PrivateFrameworks/MediaKit.framework/Versions/A/MediaKit
0x00000001af151000 	/System/Library/Frameworks/DiscRecording.framework/Versions/A/DiscRecording
0x00000001a8b3a000 	/usr/lib/libCoreStorage.dylib
0x00000001b16ea000 	/usr/lib/libcsfde.dylib
0x00000001ac133000 	/System/Library/PrivateFrameworks/ProtectedCloudStorage.framework/Versions/A/ProtectedCloudStorage
0x00000001b16e2000 	/System/Library/PrivateFrameworks/EFILogin.framework/Versions/A/EFILogin
0x00000001af518000 	/System/Library/PrivateFrameworks/OctagonTrust.framework/Versions/A/OctagonTrust
0x00000002072ea000 	/System/Library/PrivateFrameworks/CoreUtilsExtras.framework/Versions/A/CoreUtilsExtras
0x00000001af086000 	/System/Library/Frameworks/CoreBluetooth.framework/Versions/A/CoreBluetooth
0x00000001b1d63000 	/System/Library/Frameworks/AudioUnit.framework/Versions/A/AudioUnit
0x00000001a8b32000 	/usr/lib/libMatch.1.dylib
0x00000001c1389000 	/System/Library/Frameworks/Accelerate.framework/Versions/A/Frameworks/vImage.framework/Versions/A/Libraries/libCGInterfaces.dylib
0x00000001247c8000 	/usr/lib/libobjc-trampolines.dylib
0x00000001a48d9000 	/System/Library/PrivateFrameworks/ViewBridge.framework/Versions/A/ViewBridge
0x00000001a89f9000 	/System/Library/PrivateFrameworks/CrashReporterSupport.framework/Versions/A/CrashReporterSupport
0x00000001c8d52000 	/System/Library/PrivateFrameworks/OSAnalytics.framework/Versions/A/OSAnalytics
0x00000001d3d93000 	/System/Library/PrivateFrameworks/Symbolication.framework/Versions/A/Symbolication
0x00000001bd054000 	/System/Library/PrivateFrameworks/MallocStackLogging.framework/Versions/A/MallocStackLogging
0x00000001267c8000 	/Users/niambashambu/Documents/Documents - nbash Macbook Air/Java/javafx-sdk-17.0.1/lib/libjavafx_font.dylib
0x00000001a9283000 	/System/Library/PrivateFrameworks/login.framework/Versions/A/login


VM Arguments:
jvm_args: -Djava.library.path=/Users/niambashambu/Documents/Documents - nbash Macbook Air/Java/javafx-sdk-17.0.1/lib -javaagent:/Applications/IntelliJ IDEA CE.app/Contents/lib/idea_rt.jar=64428:/Applications/IntelliJ IDEA CE.app/Contents/bin -Dfile.encoding=UTF-8 --module-path=/Users/niambashambu/Documents/Documents - nbash Macbook Air/Java/javafx-sdk-17.0.1/lib/javafx.media.jar:/Users/niambashambu/IdeaProjects/niamb2023_augustusb2023_Design_Project_1/out/production/src:/Users/niambashambu/Documents/Documents - nbash Macbook Air/Java/javafx-sdk-17.0.1/lib/javafx.fxml.jar:/Users/niambashambu/Documents/Documents - nbash Macbook Air/Java/javafx-sdk-17.0.1/lib/javafx.base.jar:/Users/niambashambu/Documents/Documents - nbash Macbook Air/Java/javafx-sdk-17.0.1/lib/javafx.controls.jar:/Users/niambashambu/Documents/Documents - nbash Macbook Air/Java/javafx-sdk-17.0.1/lib/javafx.graphics.jar -Djdk.module.main=niamb2023.augustusb2023.Design.Project 
java_command: niamb2023.augustusb2023.Design.Project/org.headroyce.dp1.Launcher
java_class_path (initial): /Users/niambashambu/Documents/Documents - nbash Macbook Air/Java/javafx-sdk-17.0.1/lib/javafx-swt.jar:/Users/niambashambu/Documents/Documents - nbash Macbook Air/Java/javafx-sdk-17.0.1/lib/javafx.web.jar:/Users/niambashambu/Documents/Documents - nbash Macbook Air/Java/javafx-sdk-17.0.1/lib/javafx.swing.jar
Launcher Type: SUN_STANDARD

[Global flags]
     intx CICompilerCount                          = 4                                         {product} {ergonomic}
     uint ConcGCThreads                            = 2                                         {product} {ergonomic}
     uint G1ConcRefinementThreads                  = 8                                         {product} {ergonomic}
   size_t G1HeapRegionSize                         = 1048576                                   {product} {ergonomic}
    uintx GCDrainStackTargetSize                   = 64                                        {product} {ergonomic}
   size_t InitialHeapSize                          = 134217728                                 {product} {ergonomic}
   size_t MarkStackSize                            = 4194304                                   {product} {ergonomic}
   size_t MaxHeapSize                              = 2147483648                                {product} {ergonomic}
   size_t MaxNewSize                               = 1287651328                                {product} {ergonomic}
   size_t MinHeapDeltaBytes                        = 1048576                                   {product} {ergonomic}
   size_t MinHeapSize                              = 8388608                                   {product} {ergonomic}
    uintx NonNMethodCodeHeapSize                   = 5839564                                {pd product} {ergonomic}
    uintx NonProfiledCodeHeapSize                  = 122909338                              {pd product} {ergonomic}
    uintx ProfiledCodeHeapSize                     = 122909338                              {pd product} {ergonomic}
    uintx ReservedCodeCacheSize                    = 251658240                              {pd product} {ergonomic}
     bool SegmentedCodeCache                       = true                                      {product} {ergonomic}
   size_t SoftMaxHeapSize                          = 2147483648                             {manageable} {ergonomic}
     bool UseCompressedClassPointers               = true                           {product lp64_product} {ergonomic}
     bool UseCompressedOops                        = true                           {product lp64_product} {ergonomic}
     bool UseG1GC                                  = true                                      {product} {ergonomic}
     bool UseNUMA                                  = false                                     {product} {ergonomic}
     bool UseNUMAInterleaving                      = false                                     {product} {ergonomic}

Logging:
Log output configuration:
 #0: stdout all=warning uptime,level,tags foldmultilines=false
 #1: stderr all=off uptime,level,tags foldmultilines=false

Environment Variables:
PATH=/usr/local/bin:/usr/bin:/bin:/usr/sbin:/sbin
SHELL=/bin/zsh
LC_CTYPE=en_US.UTF-8

Signal Handlers:
   SIGSEGV: _ZL13crash_handleriP9__siginfoPv in libjvm.dylib, mask=11100110000111110111111111111111, flags=SA_RESTART|SA_SIGINFO
    SIGBUS: _ZL13crash_handleriP9__siginfoPv in libjvm.dylib, mask=11100110000111110111111111111111, flags=SA_RESTART|SA_SIGINFO
    SIGFPE: _ZL13crash_handleriP9__siginfoPv in libjvm.dylib, mask=11100110000111110111111111111111, flags=SA_RESTART|SA_SIGINFO
   SIGPIPE: _ZL17javaSignalHandleriP9__siginfoPv in libjvm.dylib, mask=11100110000111110111111111111111, flags=SA_RESTART|SA_SIGINFO
   SIGXFSZ: _ZL17javaSignalHandleriP9__siginfoPv in libjvm.dylib, mask=11100110000111110111111111111111, flags=SA_RESTART|SA_SIGINFO
    SIGILL: _ZL13crash_handleriP9__siginfoPv in libjvm.dylib, mask=11100110000111110111111111111111, flags=SA_RESTART|SA_SIGINFO
   SIGUSR2: _ZL10SR_handleriP9__siginfoP17__darwin_ucontext in libjvm.dylib, mask=00100000000000000000000000000000, flags=SA_RESTART|SA_SIGINFO
    SIGHUP: _ZL11UserHandleriPvS_ in libjvm.dylib, mask=11100110000111110111111111111111, flags=SA_RESTART|SA_SIGINFO
    SIGINT: _ZL11UserHandleriPvS_ in libjvm.dylib, mask=11100110000111110111111111111111, flags=SA_RESTART|SA_SIGINFO
   SIGTERM: _ZL11UserHandleriPvS_ in libjvm.dylib, mask=11100110000111110111111111111111, flags=SA_RESTART|SA_SIGINFO
   SIGQUIT: _ZL11UserHandleriPvS_ in libjvm.dylib, mask=11100110000111110111111111111111, flags=SA_RESTART|SA_SIGINFO
   SIGTRAP: _ZL13crash_handleriP9__siginfoPv in libjvm.dylib, mask=11100110000111110111111111111111, flags=SA_RESTART|SA_SIGINFO


---------------  S Y S T E M  ---------------

OS:
uname: Darwin 21.3.0 Darwin Kernel Version 21.3.0: Wed Jan  5 21:37:58 PST 2022; root:xnu-8019.80.24~20/RELEASE_ARM64_T8101 arm64
OS uptime: 99 days 11:21 hours
rlimit (soft/hard): STACK 8176k/65520k , CORE 0k/infinity , NPROC 1333/2000 , NOFILE 10240/infinity , AS infinity/infinity , CPU infinity/infinity , DATA infinity/infinity , FSIZE infinity/infinity , MEMLOCK infinity/infinity , RSS infinity/infinity
load average: 4.11 3.87 3.44

CPU: total 8 (initial active 8) 0x61:0x0:0x1b588bb3:0, fp, simd, aes, pmull, crc, lse

Memory: 16k page, physical 8388608k(93888k free), swap 14680064k(1171712k free)

vm_info: Java HotSpot(TM) 64-Bit Server VM (18.0.1.1+2-6) for bsd-aarch64 JRE (18.0.1.1+2-6), built on Apr 25 2022 20:54:58 by "mach5one" with clang Apple LLVM 12.0.0 (clang-1200.0.32.29)

END.
