#
# A fatal error has been detected by the Java Runtime Environment:
#
#  SIGBUS (0xa) at pc=0x000000010e2654f0, pid=63644, tid=33803
#
# JRE version: Java(TM) SE Runtime Environment (18.0.1.1+2) (build 18.0.1.1+2-6)
# Java VM: Java HotSpot(TM) 64-Bit Server VM (18.0.1.1+2-6, mixed mode, sharing, tiered, compressed oops, compressed class ptrs, g1 gc, bsd-aarch64)
# Problematic frame:
# v  ~StubRoutines::SafeFetchN
#
# No core dump will be written. Core dumps have been disabled. To enable core dumping, try "ulimit -c unlimited" before starting Java again
#
# If you would like to submit a bug report, please visit:
#   https://bugreport.java.com/bugreport/crash.jsp
# The crash happened outside the Java Virtual Machine in native code.
# See problematic frame for where to report the bug.
#

---------------  S U M M A R Y ------------

Command Line: -Djava.library.path=/Users/niambashambu/Documents/Documents - nbash Macbook Air/Java/javafx-sdk-17.0.1/lib -javaagent:/Applications/IntelliJ IDEA CE.app/Contents/lib/idea_rt.jar=64408:/Applications/IntelliJ IDEA CE.app/Contents/bin -Dfile.encoding=UTF-8 --module-path=/Users/niambashambu/Documents/Documents - nbash Macbook Air/Java/javafx-sdk-17.0.1/lib/javafx.media.jar:/Users/niambashambu/IdeaProjects/niamb2023_augustusb2023_Design_Project_1/out/production/src:/Users/niambashambu/Documents/Documents - nbash Macbook Air/Java/javafx-sdk-17.0.1/lib/javafx.fxml.jar:/Users/niambashambu/Documents/Documents - nbash Macbook Air/Java/javafx-sdk-17.0.1/lib/javafx.base.jar:/Users/niambashambu/Documents/Documents - nbash Macbook Air/Java/javafx-sdk-17.0.1/lib/javafx.controls.jar:/Users/niambashambu/Documents/Documents - nbash Macbook Air/Java/javafx-sdk-17.0.1/lib/javafx.graphics.jar -Djdk.module.main=niamb2023.augustusb2023.Design.Project niamb2023.augustusb2023.Design.Project/org.headroyce.dp1.Launcher

Host: "MacBookAir10,1" arm64, 8 cores, 8G, Darwin 21.3.0, macOS 12.2 (21D49)
Time: Wed May 18 10:54:36 2022 PDT elapsed time: 3.605733 seconds (0d 0h 0m 3s)

---------------  T H R E A D  ---------------

Current thread (0x000000015385b800):  JavaThread "InvokeLaterDispatcher" daemon [_thread_in_native, id=33803, stack(0x000000016e034000,0x000000016e237000)]

Stack: [0x000000016e034000,0x000000016e237000],  sp=0x000000016e2367d0,  free space=2057k
Native frames: (J=compiled Java code, j=interpreted, Vv=VM code, C=native code)
v  ~StubRoutines::SafeFetchN
V  [libjvm.dylib+0x7cb69c]  _ZN10OopStorage7releaseEPKP7oopDesc+0x20
V  [libjvm.dylib+0x4f3fd8]  jni_DeleteGlobalRef+0xc0
C  [libglass.dylib+0xab08]  -[GlassRunnable dealloc]+0x34
C  [Foundation+0x84c7c]  -[_NSThreadPerformInfo dealloc]+0x30
C  [Foundation+0x51578]  -[NSObject(NSThreadPerformAdditions) performSelectorOnMainThread:withObject:waitUntilDone:]+0x88
C  0x5a4900010e26d8ac
j  com.sun.glass.ui.mac.MacApplication.submitForLaterInvocation(Ljava/lang/Runnable;)V+2 javafx.graphics
j  com.sun.glass.ui.InvokeLaterDispatcher.run()V+82 javafx.graphics
v  ~StubRoutines::call_stub
V  [libjvm.dylib+0x49b554]  _ZN9JavaCalls11call_helperEP9JavaValueRK12methodHandleP17JavaCallArgumentsP10JavaThread+0x38c
V  [libjvm.dylib+0x49a570]  _ZN9JavaCalls12call_virtualEP9JavaValueP5KlassP6SymbolS5_P17JavaCallArgumentsP10JavaThread+0x11c
V  [libjvm.dylib+0x49a63c]  _ZN9JavaCalls12call_virtualEP9JavaValue6HandleP5KlassP6SymbolS6_P10JavaThread+0x64
V  [libjvm.dylib+0x54c7e8]  _ZL12thread_entryP10JavaThreadS0_+0x9c
V  [libjvm.dylib+0x916034]  _ZN10JavaThread17thread_main_innerEv+0xa0
V  [libjvm.dylib+0x914a94]  _ZN6Thread8call_runEv+0xe0
V  [libjvm.dylib+0x7d1e80]  _ZL19thread_native_entryP6Thread+0x158
C  [libsystem_pthread.dylib+0x7240]  _pthread_start+0x94

Java frames: (J=compiled Java code, j=interpreted, Vv=VM code)
j  com.sun.glass.ui.mac.MacApplication._submitForLaterInvocation(Ljava/lang/Runnable;)V+0 javafx.graphics
j  com.sun.glass.ui.mac.MacApplication.submitForLaterInvocation(Ljava/lang/Runnable;)V+2 javafx.graphics
j  com.sun.glass.ui.InvokeLaterDispatcher.run()V+82 javafx.graphics
v  ~StubRoutines::call_stub

siginfo: si_signo: 10 (SIGBUS), si_code: 1 (BUS_ADRALN), si_addr: 0x000000010e2654f0

Register to memory mapping:

 x0=0x00000001536067c8 is a global jni handle
 x1=0x0 is NULL
 x2=0x0000000786d429e8 is an oop: com.sun.glass.ui.InvokeLaterDispatcher$Future 
{0x0000000786d429e8} - klass: 'com/sun/glass/ui/InvokeLaterDispatcher$Future'
 - ---- fields (total size 3 words):
 - private 'done' 'Z' @12  true
 - private final 'runnable' 'Ljava/lang/Runnable;' @16  a 'com/sun/javafx/application/PlatformImpl$$Lambda$89+0x0000000800c832d8'{0x00000007863a7e78} (f0c74fcf)
 - final synthetic 'this$0' 'Lcom/sun/glass/ui/InvokeLaterDispatcher;' @20  a 'com/sun/glass/ui/InvokeLaterDispatcher'{0x0000000786806c88} (f0d00d91)
 x3=0x0 is NULL
 x4=0x00000000000130a8 is an unknown value
 x5=0x0 is NULL
 x6=0x0 is NULL
 x7=0x0 is NULL
 x8=0x000000010e2654ec is at begin+0 in a stub
StubRoutines::SafeFetchN [0x000000010e2654ec, 0x000000010e2654f8] (12 bytes)
 x9=0x0 is NULL
x10=0x2010000030300000 is an unknown value
x11=0x0000000000000007 is an unknown value
x12=0x0000000000000007 is an unknown value
x13=0x0000600000c46060 points into unknown readable memory: 0xeb6880019e4cd738 | 38 d7 4c 9e 01 80 68 eb
x14=0x0000000000000001 is an unknown value
x15=0x0000000131d51f98: OBJC_CLASS_$_GlassRunnable+0 in /Users/niambashambu/Documents/Documents - nbash Macbook Air/Java/javafx-sdk-17.0.1/lib/libglass.dylib at 0x0000000131d0c000
x16=0x000000019d53c094: pthread_getspecific+0 in /usr/lib/system/libsystem_pthread.dylib at 0x000000019d53a000
x17=0x000060000096e0d0 points into unknown readable memory: 0xfffffffffffffffe | fe ff ff ff ff ff ff ff
x18=0x0 is NULL
x19=0x000060000097c0e0 points into unknown readable memory: 0x000060000207c0d0 | d0 c0 07 02 00 60 00 00
x20=0x00000001536065c0 points into unknown readable memory: 0x0000000000000000 | 00 00 00 00 00 00 00 00
x21=0x00000001536067c8 is a global jni handle
x22=0x000000015385b800 is a thread
x23=0x0000000000000001 is an unknown value
x24=0x0000000153606780 is a global jni handle
x25=0x000000010660aca8: _ZN12StubRoutines17_safefetchN_entryE+0 in /Library/Java/JavaVirtualMachines/jdk-18.0.1.1.jdk/Contents/Home/lib/server/libjvm.dylib at 0x0000000105a44000
x26=0x0000000123920000 is pointing into metadata
x27=0x0 is NULL
x28=0x000000015385b800 is a thread


Registers:
 x0=0x00000001536067c8  x1=0x0000000000000000  x2=0x0000000786d429e8  x3=0x0000000000000000
 x4=0x00000000000130a8  x5=0x0000000000000000  x6=0x0000000000000000  x7=0x0000000000000000
 x8=0x000000010e2654ec  x9=0x0000000000000000 x10=0x2010000030300000 x11=0x0000000000000007
x12=0x0000000000000007 x13=0x0000600000c46060 x14=0x0000000000000001 x15=0x0000000131d51f98
x16=0x000000019d53c094 x17=0x000060000096e0d0 x18=0x0000000000000000 x19=0x000060000097c0e0
x20=0x00000001536065c0 x21=0x00000001536067c8 x22=0x000000015385b800 x23=0x0000000000000001
x24=0x0000000153606780 x25=0x000000010660aca8 x26=0x0000000123920000 x27=0x0000000000000000
x28=0x000000015385b800  fp=0x000000016e236810  lr=0x000000010620e490  sp=0x000000016e2367d0
pc=0x000000010e2654f0 cpsr=0x0000000060001000
Top of Stack: (sp=0x000000016e2367d0)
0x000000016e2367d0:   0000000123920000 0000000000000001
0x000000016e2367e0:   000000016e2369c8 0000600002070f70
0x000000016e2367f0:   0000000000000000 00000001536067b8
0x000000016e236800:   00000001536067b8 000060000097c0e0
0x000000016e236810:   000000016e236850 000000010620f69c
0x000000016e236820:   0000000000000001 00000001536067b8
0x000000016e236830:   0000000000000000 00000001536067b8
0x000000016e236840:   0000000000000001 000000015404e800
0x000000016e236850:   000000016e236880 0000000105f37fd8
0x000000016e236860:   0000600002070f60 00000001e7ab69e3
0x000000016e236870:   0000000000000000 0000600002070f60
0x000000016e236880:   000000016e2368b0 0000000131d16b08
0x000000016e236890:   8f8f100a9353004f 0000000000000000
0x000000016e2368a0:   0000000000000000 000060000377dbc0
0x000000016e2368b0:   000000016e2368f0 000000019e500c7c
0x000000016e2368c0:   000000016e2369c8 0000600002070f70
0x000000016e2368d0:   0000600002070f60 8f8f100a9353004f
0x000000016e2368e0:   0000000000000000 0000000000000000
0x000000016e2368f0:   000000016e236930 a55800019e4cd578
0x000000016e236900:   000000016e2369c8 000000010e26c7c0
0x000000016e236910:   0000000000000000 0000000106612760
0x000000016e236920:   000000016e236940 000000010e26b730
0x000000016e236930:   000000016e2369a0 5a4900010e26d8ac
0x000000016e236940:   000000016e236940 00000008007d02cd
0x000000016e236950:   000000016e236950 0000000000000000
0x000000016e236960:   000000016e2369c8 0000000123920000
0x000000016e236970:   000000078686adb8 0000000000000000
0x000000016e236980:   0000000000000000 00000001238fb138
0x000000016e236990:   0000000000000000 000000016e2369a0
0x000000016e2369a0:   000000016e236a20 000000010e269fc8
0x000000016e2369b0:   0000000000000000 0000000000000000
0x000000016e2369c0:   0000000786d429e8 000000078686ae30 

Instructions: (pc=0x000000010e2654f0)
0x000000010e2653f0:   f2a0cba9 f2c00029 6d425935 1e640886
0x000000010e265400:   0c402d31 1e6408c7 1f5654d0 1e6c1017
0x000000010e265410:   1f5050d0 1f504cd0 1f5048d0 1e650af6
0x000000010e265420:   1f50d8f6 1f5694d6 1f5158f6 1e762880
0x000000010e265430:   36000501 1e614000 14000026 2e251ca5
0x000000010e265440:   d28e3009 f2a0cba9 f2c00029 6d425d36
0x000000010e265450:   1e600806 0c402d32 1f5758c7 1e6c101a
0x000000010e265460:   1f4754c7 1e650805 1f4750c7 d2866668
0x000000010e265470:   f2a7fa68 1f474cc7 1e6608c0 1f4748c7
0x000000010e265480:   1e6e1019 eb08007f 540000ac 1f479400
0x000000010e265490:   1f460340 1e603b20 1400000e d2a7fd29
0x000000010e2654a0:   eb09007f 540000ac 51480069 d3607d29
0x000000010e2654b0:   9e670121 14000002 1e6a5001 1f679417
0x000000010e2654c0:   1f668742 1e613b23 1e773857 1e773860
0x000000010e2654d0:   a8c17ff3 910003bf a8c17bfd d65f03c0
0x000000010e2654e0:   b9400001 aa0103e0 d65f03c0 f9400001
0x000000010e2654f0:   aa0103e0 d65f03c0 00000000 00000000
0x000000010e265500:   00000000 00000000 00000000 00000000
0x000000010e265510:   00000000 00000000 00000000 00000000
0x000000010e265520:   00000000 00000000 00000000 00000000
0x000000010e265530:   00000000 00000000 00000000 00000000
0x000000010e265540:   00000000 00000000 00000000 00000000
0x000000010e265550:   00000000 00000000 00000000 00000000
0x000000010e265560:   00000000 00000000 00000000 00000000
0x000000010e265570:   00000000 00000000 00000000 00000000
0x000000010e265580:   00000000 00000000 00000000 00000000
0x000000010e265590:   00000000 00000000 00000000 00000000
0x000000010e2655a0:   00000000 00000000 00000000 00000000
0x000000010e2655b0:   00000000 00000000 00000000 00000000
0x000000010e2655c0:   00000000 00000000 00000000 00000000
0x000000010e2655d0:   00000000 00000000 00000000 00000000
0x000000010e2655e0:   00000000 00000000 00000000 00000000 


Stack slot to memory mapping:
stack at sp + 0 slots: 0x0000000123920000 is pointing into metadata
stack at sp + 1 slots: 0x0000000000000001 is an unknown value
stack at sp + 2 slots: 0x000000016e2369c8 is pointing into the stack for thread: 0x000000015385b800
stack at sp + 3 slots: 0x0000600002070f70 points into unknown readable memory: 0x01000001f664a0a1 | a1 a0 64 f6 01 00 00 01
stack at sp + 4 slots: 0x0 is NULL
stack at sp + 5 slots: 0x00000001536067b8 is a global jni handle
stack at sp + 6 slots: 0x00000001536067b8 is a global jni handle
stack at sp + 7 slots: 0x000060000097c0e0 points into unknown readable memory: 0x000060000207c0d0 | d0 c0 07 02 00 60 00 00

StubRoutines::SafeFetchN [0x000000010e2654ec, 0x000000010e2654f8] (12 bytes)
[MachCode]
  0x000000010e2654ec: 0100 40f9 | e003 01aa | c003 5fd6 
[/MachCode]

---------------  P R O C E S S  ---------------

Threads class SMR info:
_java_thread_list=0x000060000227fdc0, length=20, elements={
0x0000000154009000, 0x0000000154844400, 0x000000015480d600, 0x0000000154811000,
0x0000000154811600, 0x0000000153812000, 0x0000000133819c00, 0x0000000154845000,
0x0000000132808200, 0x0000000154052000, 0x000000015483f400, 0x0000000154848800,
0x0000000154957800, 0x000000015385b800, 0x000000015404e800, 0x0000000154084c00,
0x0000000133974a00, 0x000000015409fa00, 0x00000001541a2800, 0x000000013280a800
}

Java Threads: ( => current thread )
  0x0000000154009000 JavaThread "main" [_thread_blocked, id=5891, stack(0x000000016b62c000,0x000000016b82f000)]
  0x0000000154844400 JavaThread "Reference Handler" daemon [_thread_blocked, id=15875, stack(0x000000016c480000,0x000000016c683000)]
  0x000000015480d600 JavaThread "Finalizer" daemon [_thread_blocked, id=16387, stack(0x000000016c68c000,0x000000016c88f000)]
  0x0000000154811000 JavaThread "Signal Dispatcher" daemon [_thread_blocked, id=42499, stack(0x000000016c9b0000,0x000000016cbb3000)]
  0x0000000154811600 JavaThread "Service Thread" daemon [_thread_blocked, id=41987, stack(0x000000016cbbc000,0x000000016cdbf000)]
  0x0000000153812000 JavaThread "Monitor Deflation Thread" daemon [_thread_blocked, id=41731, stack(0x000000016cdc8000,0x000000016cfcb000)]
  0x0000000133819c00 JavaThread "C2 CompilerThread0" daemon [_thread_in_native, id=23555, stack(0x000000016cfd4000,0x000000016d1d7000)]
  0x0000000154845000 JavaThread "C1 CompilerThread0" daemon [_thread_blocked, id=41475, stack(0x000000016d1e0000,0x000000016d3e3000)]
  0x0000000132808200 JavaThread "Sweeper thread" daemon [_thread_blocked, id=24323, stack(0x000000016d3ec000,0x000000016d5ef000)]
  0x0000000154052000 JavaThread "Common-Cleaner" daemon [_thread_blocked, id=40963, stack(0x000000016d5f8000,0x000000016d7fb000)]
  0x000000015483f400 JavaThread "Monitor Ctrl-Break" daemon [_thread_in_native, id=24579, stack(0x000000016d804000,0x000000016da07000)]
  0x0000000154848800 JavaThread "Notification Thread" daemon [_thread_blocked, id=40451, stack(0x000000016da10000,0x000000016dc13000)]
  0x0000000154957800 JavaThread "QuantumRenderer-0" daemon [_thread_blocked, id=39683, stack(0x000000016de28000,0x000000016e02b000)]
=>0x000000015385b800 JavaThread "InvokeLaterDispatcher" daemon [_thread_in_native, id=33803, stack(0x000000016e034000,0x000000016e237000)]
  0x000000015404e800 JavaThread "JavaFX Application Thread" [_thread_in_vm, id=259, stack(0x000000016ada4000,0x000000016b5a0000)]
  0x0000000154084c00 JavaThread "JavaFX-Launcher" [_thread_blocked, id=78879, stack(0x000000016e4d8000,0x000000016e6db000)]
  0x0000000133974a00 JavaThread "Prism Font Disposer" daemon [_thread_blocked, id=74447, stack(0x000000016f120000,0x000000016f323000)]
  0x000000015409fa00 JavaThread "Cleaner-0" daemon [_thread_blocked, id=75539, stack(0x000000016f32c000,0x000000016f52f000)]
  0x00000001541a2800 JavaThread "Attach Listener" daemon [_thread_blocked, id=1283, stack(0x000000016f538000,0x000000016f73b000)]
  0x000000013280a800 JavaThread "PulseTimer-CVDisplayLink thread" daemon [_thread_in_native, id=79123, stack(0x000000016e240000,0x000000016e2c3000)]

Other Threads:
  0x0000000155006c40 VMThread "VM Thread" [stack: 0x000000016c274000,0x000000016c477000] [id=17667]
  0x000000014361a740 WatcherThread "VM Periodic Task Thread" [stack: 0x000000016dc1c000,0x000000016de1f000] [id=40195]
  0x0000000153707070 WorkerThread "GC Thread#0" [stack: 0x000000016b838000,0x000000016ba3b000] [id=12547]
  0x000000015372f820 WorkerThread "GC Thread#1" [stack: 0x000000016e6e4000,0x000000016e8e7000] [id=56835]
  0x000000015372fc90 WorkerThread "GC Thread#2" [stack: 0x000000016e8f0000,0x000000016eaf3000] [id=57091]
  0x0000000153730100 WorkerThread "GC Thread#3" [stack: 0x000000016eafc000,0x000000016ecff000] [id=76547]
  0x00000001536282a0 WorkerThread "GC Thread#4" [stack: 0x000000016ed08000,0x000000016ef0b000] [id=76291]
  0x0000000153628860 WorkerThread "GC Thread#5" [stack: 0x000000016ef14000,0x000000016f117000] [id=75779]
  0x0000000153707710 ConcurrentGCThread "G1 Main Marker" [stack: 0x000000016ba44000,0x000000016bc47000] [id=12803]
  0x0000000155004670 WorkerThread "G1 Conc#0" [stack: 0x000000016bc50000,0x000000016be53000] [id=13315]
  0x0000000143611280 ConcurrentGCThread "G1 Refine#0" [stack: 0x000000016be5c000,0x000000016c05f000] [id=13827]
  0x0000000143611b00 ConcurrentGCThread "G1 Service" [stack: 0x000000016c068000,0x000000016c26b000] [id=14083]

Threads with active compile tasks:
C2 CompilerThread0     3622 2138 %     4       com.sun.marlin.Renderer::_endRendering @ 763 (2473 bytes)

VM state: not at safepoint (normal execution)

VM Mutex/Monitor currently owned by a thread: None

Heap address: 0x0000000780000000, size: 2048 MB, Compressed Oops mode: Zero based, Oop shift amount: 3

CDS archive(s) mapped at: [0x0000000800000000-0x0000000800ba8000-0x0000000800ba8000), size 12222464, SharedBaseAddress: 0x0000000800000000, ArchiveRelocationMode: 0.
Compressed class space mapped at: 0x0000000800c00000-0x0000000840c00000, reserved size: 1073741824
Narrow klass base: 0x0000000800000000, Narrow klass shift: 0, Narrow klass range: 0x100000000

GC Precious Log:
 CardTable entry size: 512
 Card Set container configuration: InlinePtr #cards 5 size 8 Array Of Cards #cards 12 size 40 Howl #buckets 4 coarsen threshold 1843 Howl Bitmap #cards 512 size 80 coarsen threshold 460 Card regions per heap region 1 cards per card region 2048
 CPUs: 8 total, 8 available
 Memory: 8192M
 Large Page Support: Disabled
 NUMA Support: Disabled
 Compressed Oops: Enabled (Zero based)
 Heap Region Size: 1M
 Heap Min Capacity: 8M
 Heap Initial Capacity: 128M
 Heap Max Capacity: 2G
 Pre-touch: Disabled
 Parallel Workers: 8
 Concurrent Workers: 2
 Concurrent Refinement Workers: 8
 Periodic GC: Disabled

Heap:
 garbage-first heap   total 133120K, used 31007K [0x0000000780000000, 0x0000000800000000)
  region size 1024K, 29 young (29696K), 3 survivors (3072K)
 Metaspace       used 12362K, committed 12608K, reserved 1114112K
  class space    used 1657K, committed 1792K, reserved 1048576K

Heap Regions: E=young(eden), S=young(survivor), O=old, HS=humongous(starts), HC=humongous(continues), CS=collection set, F=free, OA=open archive, CA=closed archive, TAMS=top-at-mark-start (previous, next)
|   0|0x0000000780000000, 0x0000000780100000, 0x0000000780100000|100%|HS|  |TAMS 0x0000000780000000, 0x0000000780000000| Complete 
|   1|0x0000000780100000, 0x0000000780200000, 0x0000000780200000|100%|HC|  |TAMS 0x0000000780100000, 0x0000000780100000| Complete 
|   2|0x0000000780200000, 0x0000000780200000, 0x0000000780300000|  0%| F|  |TAMS 0x0000000780200000, 0x0000000780200000| Untracked 
|   3|0x0000000780300000, 0x0000000780300000, 0x0000000780400000|  0%| F|  |TAMS 0x0000000780300000, 0x0000000780300000| Untracked 
|   4|0x0000000780400000, 0x0000000780400000, 0x0000000780500000|  0%| F|  |TAMS 0x0000000780400000, 0x0000000780400000| Untracked 
|   5|0x0000000780500000, 0x0000000780500000, 0x0000000780600000|  0%| F|  |TAMS 0x0000000780500000, 0x0000000780500000| Untracked 
|   6|0x0000000780600000, 0x0000000780600000, 0x0000000780700000|  0%| F|  |TAMS 0x0000000780600000, 0x0000000780600000| Untracked 
|   7|0x0000000780700000, 0x0000000780700000, 0x0000000780800000|  0%| F|  |TAMS 0x0000000780700000, 0x0000000780700000| Untracked 
|   8|0x0000000780800000, 0x0000000780800000, 0x0000000780900000|  0%| F|  |TAMS 0x0000000780800000, 0x0000000780800000| Untracked 
|   9|0x0000000780900000, 0x0000000780900000, 0x0000000780a00000|  0%| F|  |TAMS 0x0000000780900000, 0x0000000780900000| Untracked 
|  10|0x0000000780a00000, 0x0000000780a00000, 0x0000000780b00000|  0%| F|  |TAMS 0x0000000780a00000, 0x0000000780a00000| Untracked 
|  11|0x0000000780b00000, 0x0000000780b00000, 0x0000000780c00000|  0%| F|  |TAMS 0x0000000780b00000, 0x0000000780b00000| Untracked 
|  12|0x0000000780c00000, 0x0000000780c00000, 0x0000000780d00000|  0%| F|  |TAMS 0x0000000780c00000, 0x0000000780c00000| Untracked 
|  13|0x0000000780d00000, 0x0000000780d00000, 0x0000000780e00000|  0%| F|  |TAMS 0x0000000780d00000, 0x0000000780d00000| Untracked 
|  14|0x0000000780e00000, 0x0000000780e00000, 0x0000000780f00000|  0%| F|  |TAMS 0x0000000780e00000, 0x0000000780e00000| Untracked 
|  15|0x0000000780f00000, 0x0000000780f00000, 0x0000000781000000|  0%| F|  |TAMS 0x0000000780f00000, 0x0000000780f00000| Untracked 
|  16|0x0000000781000000, 0x0000000781000000, 0x0000000781100000|  0%| F|  |TAMS 0x0000000781000000, 0x0000000781000000| Untracked 
|  17|0x0000000781100000, 0x0000000781100000, 0x0000000781200000|  0%| F|  |TAMS 0x0000000781100000, 0x0000000781100000| Untracked 
|  18|0x0000000781200000, 0x0000000781200000, 0x0000000781300000|  0%| F|  |TAMS 0x0000000781200000, 0x0000000781200000| Untracked 
|  19|0x0000000781300000, 0x0000000781300000, 0x0000000781400000|  0%| F|  |TAMS 0x0000000781300000, 0x0000000781300000| Untracked 
|  20|0x0000000781400000, 0x0000000781400000, 0x0000000781500000|  0%| F|  |TAMS 0x0000000781400000, 0x0000000781400000| Untracked 
|  21|0x0000000781500000, 0x0000000781500000, 0x0000000781600000|  0%| F|  |TAMS 0x0000000781500000, 0x0000000781500000| Untracked 
|  22|0x0000000781600000, 0x0000000781600000, 0x0000000781700000|  0%| F|  |TAMS 0x0000000781600000, 0x0000000781600000| Untracked 
|  23|0x0000000781700000, 0x0000000781700000, 0x0000000781800000|  0%| F|  |TAMS 0x0000000781700000, 0x0000000781700000| Untracked 
|  24|0x0000000781800000, 0x0000000781800000, 0x0000000781900000|  0%| F|  |TAMS 0x0000000781800000, 0x0000000781800000| Untracked 
|  25|0x0000000781900000, 0x0000000781900000, 0x0000000781a00000|  0%| F|  |TAMS 0x0000000781900000, 0x0000000781900000| Untracked 
|  26|0x0000000781a00000, 0x0000000781a00000, 0x0000000781b00000|  0%| F|  |TAMS 0x0000000781a00000, 0x0000000781a00000| Untracked 
|  27|0x0000000781b00000, 0x0000000781b00000, 0x0000000781c00000|  0%| F|  |TAMS 0x0000000781b00000, 0x0000000781b00000| Untracked 
|  28|0x0000000781c00000, 0x0000000781c00000, 0x0000000781d00000|  0%| F|  |TAMS 0x0000000781c00000, 0x0000000781c00000| Untracked 
|  29|0x0000000781d00000, 0x0000000781d00000, 0x0000000781e00000|  0%| F|  |TAMS 0x0000000781d00000, 0x0000000781d00000| Untracked 
|  30|0x0000000781e00000, 0x0000000781e00000, 0x0000000781f00000|  0%| F|  |TAMS 0x0000000781e00000, 0x0000000781e00000| Untracked 
|  31|0x0000000781f00000, 0x0000000781f00000, 0x0000000782000000|  0%| F|  |TAMS 0x0000000781f00000, 0x0000000781f00000| Untracked 
|  32|0x0000000782000000, 0x0000000782000000, 0x0000000782100000|  0%| F|  |TAMS 0x0000000782000000, 0x0000000782000000| Untracked 
|  33|0x0000000782100000, 0x0000000782100000, 0x0000000782200000|  0%| F|  |TAMS 0x0000000782100000, 0x0000000782100000| Untracked 
|  34|0x0000000782200000, 0x0000000782200000, 0x0000000782300000|  0%| F|  |TAMS 0x0000000782200000, 0x0000000782200000| Untracked 
|  35|0x0000000782300000, 0x0000000782300000, 0x0000000782400000|  0%| F|  |TAMS 0x0000000782300000, 0x0000000782300000| Untracked 
|  36|0x0000000782400000, 0x0000000782400000, 0x0000000782500000|  0%| F|  |TAMS 0x0000000782400000, 0x0000000782400000| Untracked 
|  37|0x0000000782500000, 0x0000000782500000, 0x0000000782600000|  0%| F|  |TAMS 0x0000000782500000, 0x0000000782500000| Untracked 
|  38|0x0000000782600000, 0x0000000782600000, 0x0000000782700000|  0%| F|  |TAMS 0x0000000782600000, 0x0000000782600000| Untracked 
|  39|0x0000000782700000, 0x0000000782700000, 0x0000000782800000|  0%| F|  |TAMS 0x0000000782700000, 0x0000000782700000| Untracked 
|  40|0x0000000782800000, 0x0000000782800000, 0x0000000782900000|  0%| F|  |TAMS 0x0000000782800000, 0x0000000782800000| Untracked 
|  41|0x0000000782900000, 0x0000000782900000, 0x0000000782a00000|  0%| F|  |TAMS 0x0000000782900000, 0x0000000782900000| Untracked 
|  42|0x0000000782a00000, 0x0000000782a00000, 0x0000000782b00000|  0%| F|  |TAMS 0x0000000782a00000, 0x0000000782a00000| Untracked 
|  43|0x0000000782b00000, 0x0000000782b00000, 0x0000000782c00000|  0%| F|  |TAMS 0x0000000782b00000, 0x0000000782b00000| Untracked 
|  44|0x0000000782c00000, 0x0000000782c00000, 0x0000000782d00000|  0%| F|  |TAMS 0x0000000782c00000, 0x0000000782c00000| Untracked 
|  45|0x0000000782d00000, 0x0000000782d00000, 0x0000000782e00000|  0%| F|  |TAMS 0x0000000782d00000, 0x0000000782d00000| Untracked 
|  46|0x0000000782e00000, 0x0000000782e00000, 0x0000000782f00000|  0%| F|  |TAMS 0x0000000782e00000, 0x0000000782e00000| Untracked 
|  47|0x0000000782f00000, 0x0000000782f00000, 0x0000000783000000|  0%| F|  |TAMS 0x0000000782f00000, 0x0000000782f00000| Untracked 
|  48|0x0000000783000000, 0x0000000783000000, 0x0000000783100000|  0%| F|  |TAMS 0x0000000783000000, 0x0000000783000000| Untracked 
|  49|0x0000000783100000, 0x0000000783100000, 0x0000000783200000|  0%| F|  |TAMS 0x0000000783100000, 0x0000000783100000| Untracked 
|  50|0x0000000783200000, 0x0000000783200000, 0x0000000783300000|  0%| F|  |TAMS 0x0000000783200000, 0x0000000783200000| Untracked 
|  51|0x0000000783300000, 0x0000000783300000, 0x0000000783400000|  0%| F|  |TAMS 0x0000000783300000, 0x0000000783300000| Untracked 
|  52|0x0000000783400000, 0x0000000783400000, 0x0000000783500000|  0%| F|  |TAMS 0x0000000783400000, 0x0000000783400000| Untracked 
|  53|0x0000000783500000, 0x0000000783500000, 0x0000000783600000|  0%| F|  |TAMS 0x0000000783500000, 0x0000000783500000| Untracked 
|  54|0x0000000783600000, 0x0000000783600000, 0x0000000783700000|  0%| F|  |TAMS 0x0000000783600000, 0x0000000783600000| Untracked 
|  55|0x0000000783700000, 0x0000000783700000, 0x0000000783800000|  0%| F|  |TAMS 0x0000000783700000, 0x0000000783700000| Untracked 
|  56|0x0000000783800000, 0x0000000783800000, 0x0000000783900000|  0%| F|  |TAMS 0x0000000783800000, 0x0000000783800000| Untracked 
|  57|0x0000000783900000, 0x0000000783900000, 0x0000000783a00000|  0%| F|  |TAMS 0x0000000783900000, 0x0000000783900000| Untracked 
|  58|0x0000000783a00000, 0x0000000783a00000, 0x0000000783b00000|  0%| F|  |TAMS 0x0000000783a00000, 0x0000000783a00000| Untracked 
|  59|0x0000000783b00000, 0x0000000783b00000, 0x0000000783c00000|  0%| F|  |TAMS 0x0000000783b00000, 0x0000000783b00000| Untracked 
|  60|0x0000000783c00000, 0x0000000783c00000, 0x0000000783d00000|  0%| F|  |TAMS 0x0000000783c00000, 0x0000000783c00000| Untracked 
|  61|0x0000000783d00000, 0x0000000783d00000, 0x0000000783e00000|  0%| F|  |TAMS 0x0000000783d00000, 0x0000000783d00000| Untracked 
|  62|0x0000000783e00000, 0x0000000783e00000, 0x0000000783f00000|  0%| F|  |TAMS 0x0000000783e00000, 0x0000000783e00000| Untracked 
|  63|0x0000000783f00000, 0x0000000783f00000, 0x0000000784000000|  0%| F|  |TAMS 0x0000000783f00000, 0x0000000783f00000| Untracked 
|  64|0x0000000784000000, 0x0000000784000000, 0x0000000784100000|  0%| F|  |TAMS 0x0000000784000000, 0x0000000784000000| Untracked 
|  65|0x0000000784100000, 0x0000000784100000, 0x0000000784200000|  0%| F|  |TAMS 0x0000000784100000, 0x0000000784100000| Untracked 
|  66|0x0000000784200000, 0x0000000784200000, 0x0000000784300000|  0%| F|  |TAMS 0x0000000784200000, 0x0000000784200000| Untracked 
|  67|0x0000000784300000, 0x0000000784300000, 0x0000000784400000|  0%| F|  |TAMS 0x0000000784300000, 0x0000000784300000| Untracked 
|  68|0x0000000784400000, 0x0000000784400000, 0x0000000784500000|  0%| F|  |TAMS 0x0000000784400000, 0x0000000784400000| Untracked 
|  69|0x0000000784500000, 0x0000000784500000, 0x0000000784600000|  0%| F|  |TAMS 0x0000000784500000, 0x0000000784500000| Untracked 
|  70|0x0000000784600000, 0x0000000784600000, 0x0000000784700000|  0%| F|  |TAMS 0x0000000784600000, 0x0000000784600000| Untracked 
|  71|0x0000000784700000, 0x0000000784700000, 0x0000000784800000|  0%| F|  |TAMS 0x0000000784700000, 0x0000000784700000| Untracked 
|  72|0x0000000784800000, 0x0000000784800000, 0x0000000784900000|  0%| F|  |TAMS 0x0000000784800000, 0x0000000784800000| Untracked 
|  73|0x0000000784900000, 0x0000000784900000, 0x0000000784a00000|  0%| F|  |TAMS 0x0000000784900000, 0x0000000784900000| Untracked 
|  74|0x0000000784a00000, 0x0000000784a00000, 0x0000000784b00000|  0%| F|  |TAMS 0x0000000784a00000, 0x0000000784a00000| Untracked 
|  75|0x0000000784b00000, 0x0000000784b00000, 0x0000000784c00000|  0%| F|  |TAMS 0x0000000784b00000, 0x0000000784b00000| Untracked 
|  76|0x0000000784c00000, 0x0000000784c00000, 0x0000000784d00000|  0%| F|  |TAMS 0x0000000784c00000, 0x0000000784c00000| Untracked 
|  77|0x0000000784d00000, 0x0000000784d00000, 0x0000000784e00000|  0%| F|  |TAMS 0x0000000784d00000, 0x0000000784d00000| Untracked 
|  78|0x0000000784e00000, 0x0000000784e00000, 0x0000000784f00000|  0%| F|  |TAMS 0x0000000784e00000, 0x0000000784e00000| Untracked 
|  79|0x0000000784f00000, 0x0000000784f00000, 0x0000000785000000|  0%| F|  |TAMS 0x0000000784f00000, 0x0000000784f00000| Untracked 
|  80|0x0000000785000000, 0x0000000785000000, 0x0000000785100000|  0%| F|  |TAMS 0x0000000785000000, 0x0000000785000000| Untracked 
|  81|0x0000000785100000, 0x0000000785100000, 0x0000000785200000|  0%| F|  |TAMS 0x0000000785100000, 0x0000000785100000| Untracked 
|  82|0x0000000785200000, 0x0000000785200000, 0x0000000785300000|  0%| F|  |TAMS 0x0000000785200000, 0x0000000785200000| Untracked 
|  83|0x0000000785300000, 0x0000000785300000, 0x0000000785400000|  0%| F|  |TAMS 0x0000000785300000, 0x0000000785300000| Untracked 
|  84|0x0000000785400000, 0x0000000785400000, 0x0000000785500000|  0%| F|  |TAMS 0x0000000785400000, 0x0000000785400000| Untracked 
|  85|0x0000000785500000, 0x0000000785500000, 0x0000000785600000|  0%| F|  |TAMS 0x0000000785500000, 0x0000000785500000| Untracked 
|  86|0x0000000785600000, 0x0000000785600000, 0x0000000785700000|  0%| F|  |TAMS 0x0000000785600000, 0x0000000785600000| Untracked 
|  87|0x0000000785700000, 0x0000000785700000, 0x0000000785800000|  0%| F|  |TAMS 0x0000000785700000, 0x0000000785700000| Untracked 
|  88|0x0000000785800000, 0x0000000785800000, 0x0000000785900000|  0%| F|  |TAMS 0x0000000785800000, 0x0000000785800000| Untracked 
|  89|0x0000000785900000, 0x0000000785900000, 0x0000000785a00000|  0%| F|  |TAMS 0x0000000785900000, 0x0000000785900000| Untracked 
|  90|0x0000000785a00000, 0x0000000785a00000, 0x0000000785b00000|  0%| F|  |TAMS 0x0000000785a00000, 0x0000000785a00000| Untracked 
|  91|0x0000000785b00000, 0x0000000785b00000, 0x0000000785c00000|  0%| F|  |TAMS 0x0000000785b00000, 0x0000000785b00000| Untracked 
|  92|0x0000000785c00000, 0x0000000785c00000, 0x0000000785d00000|  0%| F|  |TAMS 0x0000000785c00000, 0x0000000785c00000| Untracked 
|  93|0x0000000785d00000, 0x0000000785d00000, 0x0000000785e00000|  0%| F|  |TAMS 0x0000000785d00000, 0x0000000785d00000| Untracked 
|  94|0x0000000785e00000, 0x0000000785e00000, 0x0000000785f00000|  0%| F|  |TAMS 0x0000000785e00000, 0x0000000785e00000| Untracked 
|  95|0x0000000785f00000, 0x0000000785f00000, 0x0000000786000000|  0%| F|  |TAMS 0x0000000785f00000, 0x0000000785f00000| Untracked 
|  96|0x0000000786000000, 0x0000000786000000, 0x0000000786100000|  0%| F|  |TAMS 0x0000000786000000, 0x0000000786000000| Untracked 
|  97|0x0000000786100000, 0x0000000786100000, 0x0000000786200000|  0%| F|  |TAMS 0x0000000786100000, 0x0000000786100000| Untracked 
|  98|0x0000000786200000, 0x0000000786200000, 0x0000000786300000|  0%| F|  |TAMS 0x0000000786200000, 0x0000000786200000| Untracked 
|  99|0x0000000786300000, 0x0000000786400000, 0x0000000786400000|100%| E|  |TAMS 0x0000000786300000, 0x0000000786300000| Complete 
| 100|0x0000000786400000, 0x0000000786500000, 0x0000000786500000|100%| E|CS|TAMS 0x0000000786400000, 0x0000000786400000| Complete 
| 101|0x0000000786500000, 0x0000000786600000, 0x0000000786600000|100%| E|CS|TAMS 0x0000000786500000, 0x0000000786500000| Complete 
| 102|0x0000000786600000, 0x000000078665ffe8, 0x0000000786700000| 37%| S|CS|TAMS 0x0000000786600000, 0x0000000786600000| Complete 
| 103|0x0000000786700000, 0x0000000786800000, 0x0000000786800000|100%| S|CS|TAMS 0x0000000786700000, 0x0000000786700000| Complete 
| 104|0x0000000786800000, 0x0000000786900000, 0x0000000786900000|100%| S|CS|TAMS 0x0000000786800000, 0x0000000786800000| Complete 
| 105|0x0000000786900000, 0x0000000786a00000, 0x0000000786a00000|100%| E|CS|TAMS 0x0000000786900000, 0x0000000786900000| Complete 
| 106|0x0000000786a00000, 0x0000000786b00000, 0x0000000786b00000|100%| E|CS|TAMS 0x0000000786a00000, 0x0000000786a00000| Complete 
| 107|0x0000000786b00000, 0x0000000786c00000, 0x0000000786c00000|100%| E|CS|TAMS 0x0000000786b00000, 0x0000000786b00000| Complete 
| 108|0x0000000786c00000, 0x0000000786d00000, 0x0000000786d00000|100%| E|CS|TAMS 0x0000000786c00000, 0x0000000786c00000| Complete 
| 109|0x0000000786d00000, 0x0000000786e00000, 0x0000000786e00000|100%| E|CS|TAMS 0x0000000786d00000, 0x0000000786d00000| Complete 
| 110|0x0000000786e00000, 0x0000000786f00000, 0x0000000786f00000|100%| E|CS|TAMS 0x0000000786e00000, 0x0000000786e00000| Complete 
| 111|0x0000000786f00000, 0x0000000787000000, 0x0000000787000000|100%| E|CS|TAMS 0x0000000786f00000, 0x0000000786f00000| Complete 
| 112|0x0000000787000000, 0x0000000787100000, 0x0000000787100000|100%| E|CS|TAMS 0x0000000787000000, 0x0000000787000000| Complete 
| 113|0x0000000787100000, 0x0000000787200000, 0x0000000787200000|100%| E|CS|TAMS 0x0000000787100000, 0x0000000787100000| Complete 
| 114|0x0000000787200000, 0x0000000787300000, 0x0000000787300000|100%| E|CS|TAMS 0x0000000787200000, 0x0000000787200000| Complete 
| 115|0x0000000787300000, 0x0000000787400000, 0x0000000787400000|100%| E|CS|TAMS 0x0000000787300000, 0x0000000787300000| Complete 
| 116|0x0000000787400000, 0x0000000787500000, 0x0000000787500000|100%| E|CS|TAMS 0x0000000787400000, 0x0000000787400000| Complete 
| 117|0x0000000787500000, 0x0000000787600000, 0x0000000787600000|100%| E|CS|TAMS 0x0000000787500000, 0x0000000787500000| Complete 
| 118|0x0000000787600000, 0x0000000787700000, 0x0000000787700000|100%| E|CS|TAMS 0x0000000787600000, 0x0000000787600000| Complete 
| 119|0x0000000787700000, 0x0000000787800000, 0x0000000787800000|100%| E|CS|TAMS 0x0000000787700000, 0x0000000787700000| Complete 
| 120|0x0000000787800000, 0x0000000787900000, 0x0000000787900000|100%| E|CS|TAMS 0x0000000787800000, 0x0000000787800000| Complete 
| 121|0x0000000787900000, 0x0000000787a00000, 0x0000000787a00000|100%| E|CS|TAMS 0x0000000787900000, 0x0000000787900000| Complete 
| 122|0x0000000787a00000, 0x0000000787b00000, 0x0000000787b00000|100%| E|CS|TAMS 0x0000000787a00000, 0x0000000787a00000| Complete 
| 123|0x0000000787b00000, 0x0000000787c00000, 0x0000000787c00000|100%| E|CS|TAMS 0x0000000787b00000, 0x0000000787b00000| Complete 
| 124|0x0000000787c00000, 0x0000000787d00000, 0x0000000787d00000|100%| E|CS|TAMS 0x0000000787c00000, 0x0000000787c00000| Complete 
| 125|0x0000000787d00000, 0x0000000787e00000, 0x0000000787e00000|100%| E|CS|TAMS 0x0000000787d00000, 0x0000000787d00000| Complete 
| 126|0x0000000787e00000, 0x0000000787f00000, 0x0000000787f00000|100%| E|CS|TAMS 0x0000000787e00000, 0x0000000787e00000| Complete 
| 127|0x0000000787f00000, 0x0000000788000000, 0x0000000788000000|100%| E|CS|TAMS 0x0000000787f00000, 0x0000000787f00000| Complete 
|2046|0x00000007ffe00000, 0x00000007ffe74000, 0x00000007fff00000| 45%|OA|  |TAMS 0x00000007ffe00000, 0x00000007ffe00000| Untracked 
|2047|0x00000007fff00000, 0x00000007fff74000, 0x0000000800000000| 45%|CA|  |TAMS 0x00000007fff00000, 0x00000007fff00000| Untracked 

Card table byte_map: [0x0000000105174000,0x0000000105574000] _byte_map_base: 0x0000000101574000

Marking Bits (Prev, Next): (CMBitMap*) 0x000000015403a210, (CMBitMap*) 0x000000015403a250
 Prev Bits: [0x000000011d264000, 0x000000011f264000)
 Next Bits: [0x000000011f264000, 0x0000000121264000)

Polling page: 0x00000001048e4000

Metaspace:

Usage:
  Non-class:     10.45 MB used.
      Class:      1.62 MB used.
       Both:     12.07 MB used.

Virtual space:
  Non-class space:       64.00 MB reserved,      10.56 MB ( 17%) committed,  1 nodes.
      Class space:        1.00 GB reserved,       1.75 MB ( <1%) committed,  1 nodes.
             Both:        1.06 GB reserved,      12.31 MB (  1%) committed. 

Chunk freelists:
   Non-Class:  272.00 KB
       Class:  2.07 MB
        Both:  2.34 MB

MaxMetaspaceSize: unlimited
CompressedClassSpaceSize: 1.00 GB
Initial GC threshold: 21.00 MB
Current GC threshold: 21.00 MB
CDS: on
MetaspaceReclaimPolicy: balanced
 - commit_granule_bytes: 65536.
 - commit_granule_words: 8192.
 - virtual_space_node_default_size: 8388608.
 - enlarge_chunks_in_place: 1.
 - new_chunks_are_fully_committed: 0.
 - uncommit_free_chunks: 1.
 - use_allocation_guard: 0.


Internal statistics:

num_allocs_failed_limit: 0.
num_arena_births: 232.
num_arena_deaths: 0.
num_vsnodes_births: 2.
num_vsnodes_deaths: 0.
num_space_committed: 197.
num_space_uncommitted: 0.
num_chunks_returned_to_freelist: 0.
num_chunks_taken_from_freelist: 641.
num_chunk_merges: 0.
num_chunk_splits: 454.
num_chunks_enlarged: 354.
num_inconsistent_stats: 0.

CodeHeap 'non-profiled nmethods': size=120032Kb used=878Kb max_used=878Kb free=119153Kb
 bounds [0x0000000115d2c000, 0x0000000115f9c000, 0x000000011d264000]
CodeHeap 'profiled nmethods': size=120016Kb used=3930Kb max_used=3930Kb free=116086Kb
 bounds [0x000000010e7f8000, 0x000000010ebd8000, 0x0000000115d2c000]
CodeHeap 'non-nmethods': size=5712Kb used=1381Kb max_used=1445Kb free=4330Kb
 bounds [0x000000010e264000, 0x000000010e4d4000, 0x000000010e7f8000]
 total_blobs=2859 nmethods=2103 adapters=672
 compilation: enabled
              stopped_count=0, restarted_count=0
 full_count=0

Compilation events (20 events):
Event: 3.277 Thread 0x0000000154845000 nmethod 2125 0x000000010ebbcc90 code [0x000000010ebbce80, 0x000000010ebbcfa8]
Event: 3.300 Thread 0x0000000154845000 2126       3       java.util.WeakHashMap$HashIterator::<init> (41 bytes)
Event: 3.300 Thread 0x0000000154845000 nmethod 2126 0x000000010ebbd010 code [0x000000010ebbd200, 0x000000010ebbd658]
Event: 3.583 Thread 0x0000000154845000 2127       3       java.util.HashMap$KeySet::iterator (12 bytes)
Event: 3.584 Thread 0x0000000154845000 nmethod 2127 0x000000010ebbd810 code [0x000000010ebbd9c0, 0x000000010ebbdc18]
Event: 3.584 Thread 0x0000000154845000 2128       3       java.util.HashMap$KeyIterator::<init> (6 bytes)
Event: 3.584 Thread 0x0000000154845000 nmethod 2128 0x000000010ebbdd10 code [0x000000010ebbdec0, 0x000000010ebbe058]
Event: 3.601 Thread 0x0000000154845000 2129       3       com.sun.javafx.scene.NodeHelper::geomChangedImpl (10 bytes)
Event: 3.602 Thread 0x0000000154845000 nmethod 2129 0x000000010ebbe110 code [0x000000010ebbe2c0, 0x000000010ebbe518]
Event: 3.602 Thread 0x0000000154845000 2130       3       javafx.scene.Node$1::doGeomChanged (5 bytes)
Event: 3.602 Thread 0x0000000154845000 nmethod 2130 0x000000010ebbe690 code [0x000000010ebbe840, 0x000000010ebbe9d8]
Event: 3.602 Thread 0x0000000154845000 2131       3       javafx.scene.Node::doGeomChanged (45 bytes)
Event: 3.603 Thread 0x0000000154845000 nmethod 2131 0x000000010ebbea90 code [0x000000010ebbedc0, 0x000000010ebbfc48]
Event: 3.603 Thread 0x0000000133819c00 2135       4       com.sun.javafx.collections.ObservableListWrapper::size (10 bytes)
Event: 3.603 Thread 0x0000000154845000 2132       3       com.sun.javafx.scene.NodeHelper::notifyLayoutBoundsChanged (9 bytes)
Event: 3.603 Thread 0x0000000154845000 nmethod 2132 0x000000010ebc0090 code [0x000000010ebc0240, 0x000000010ebc0488]
Event: 3.603 Thread 0x0000000154845000 2133       3       javafx.scene.Node::transformedBoundsChanged (43 bytes)
Event: 3.604 Thread 0x0000000133819c00 nmethod 2135 0x0000000115e07510 code [0x0000000115e076c0, 0x0000000115e077c0]
Event: 3.604 Thread 0x0000000154845000 nmethod 2133 0x000000010ebc0590 code [0x000000010ebc0980, 0x000000010ebc22b8]
Event: 3.604 Thread 0x0000000154845000 2134       3       javafx.scene.Node::notifyParentOfBoundsChange (29 bytes)

GC Heap History (2 events):
Event: 0.441 GC heap before
{Heap before GC invocations=0 (full 0):
 garbage-first heap   total 133120K, used 23456K [0x0000000780000000, 0x0000000800000000)
  region size 1024K, 23 young (23552K), 0 survivors (0K)
 Metaspace       used 5788K, committed 6016K, reserved 1114112K
  class space    used 714K, committed 832K, reserved 1048576K
}
Event: 0.443 GC heap after
{Heap after GC invocations=1 (full 0):
 garbage-first heap   total 133120K, used 3359K [0x0000000780000000, 0x0000000800000000)
  region size 1024K, 3 young (3072K), 3 survivors (3072K)
 Metaspace       used 5788K, committed 6016K, reserved 1114112K
  class space    used 714K, committed 832K, reserved 1048576K
}

Deoptimization events (20 events):
Event: 1.180 Thread 0x00000001541a2800 Uncommon trap: trap_request=0xffffff45 fr.pc=0x0000000115d3fd44 relative=0x0000000000000104
Event: 1.180 Thread 0x00000001541a2800 Uncommon trap: reason=unstable_if action=reinterpret pc=0x0000000115d3fd44 method=java.lang.StringLatin1.lastIndexOf([BI[BII)I @ 86 c2
Event: 1.180 Thread 0x00000001541a2800 DEOPT PACKING pc=0x0000000115d3fd44 sp=0x000000016f739730
Event: 1.180 Thread 0x00000001541a2800 DEOPT UNPACKING pc=0x000000010e2a2d1c sp=0x000000016f739690 mode 2
Event: 1.181 Thread 0x00000001541a2800 DEOPT PACKING pc=0x000000010ea2c858 sp=0x000000016f739880
Event: 1.181 Thread 0x00000001541a2800 DEOPT UNPACKING pc=0x000000010e2a2b7c sp=0x000000016f7395d0 mode 3
Event: 1.401 Thread 0x0000000154957800 DEOPT PACKING pc=0x000000010eabbaa0 sp=0x000000016e029400
Event: 1.401 Thread 0x0000000154957800 DEOPT UNPACKING pc=0x000000010e2a2b7c sp=0x000000016e029000 mode 0
Event: 1.668 Thread 0x0000000154957800 DEOPT PACKING pc=0x000000010eab7160 sp=0x000000016e029520
Event: 1.668 Thread 0x0000000154957800 DEOPT UNPACKING pc=0x000000010e2a2b7c sp=0x000000016e029140 mode 0
Event: 2.052 Thread 0x0000000154957800 Uncommon trap: trap_request=0xffffff45 fr.pc=0x0000000115dc0dc8 relative=0x0000000000001e48
Event: 2.052 Thread 0x0000000154957800 Uncommon trap: reason=unstable_if action=reinterpret pc=0x0000000115dc0dc8 method=com.sun.marlin.Renderer._endRendering(IILcom/sun/marlin/MarlinAlphaConsumer;)V @ 1978 c2
Event: 2.052 Thread 0x0000000154957800 DEOPT PACKING pc=0x0000000115dc0dc8 sp=0x000000016e0294b0
Event: 2.052 Thread 0x0000000154957800 DEOPT UNPACKING pc=0x000000010e2a2d1c sp=0x000000016e0292f0 mode 2
Event: 2.056 Thread 0x0000000154957800 DEOPT PACKING pc=0x000000010eaac2e4 sp=0x000000016e0294e0
Event: 2.056 Thread 0x0000000154957800 DEOPT UNPACKING pc=0x000000010e2a2b7c sp=0x000000016e029180 mode 0
Event: 2.058 Thread 0x0000000154957800 Uncommon trap: trap_request=0xffffff45 fr.pc=0x0000000115daaf30 relative=0x00000000000020f0
Event: 2.058 Thread 0x0000000154957800 Uncommon trap: reason=unstable_if action=reinterpret pc=0x0000000115daaf30 method=com.sun.marlin.Renderer._endRendering(IILcom/sun/marlin/MarlinAlphaConsumer;)V @ 1978 c2
Event: 2.058 Thread 0x0000000154957800 DEOPT PACKING pc=0x0000000115daaf30 sp=0x000000016e029440
Event: 2.058 Thread 0x0000000154957800 DEOPT UNPACKING pc=0x000000010e2a2d1c sp=0x000000016e0292f0 mode 2

Classes loaded (20 events):
Event: 1.177 Loading class sun/net/www/protocol/jrt/Handler
Event: 1.177 Loading class sun/net/www/protocol/jrt/Handler done
Event: 1.177 Loading class sun/util/cldr/CLDRTimeZoneNameProviderImpl
Event: 1.177 Loading class sun/util/locale/provider/TimeZoneNameProviderImpl
Event: 1.177 Loading class sun/util/locale/provider/TimeZoneNameProviderImpl done
Event: 1.177 Loading class sun/util/cldr/CLDRTimeZoneNameProviderImpl done
Event: 1.178 Loading class sun/util/locale/provider/BaseLocaleDataMetaInfo
Event: 1.179 Loading class sun/util/locale/provider/BaseLocaleDataMetaInfo done
Event: 1.179 Loading class sun/util/resources/cldr/TimeZoneNames
Event: 1.179 Loading class sun/util/resources/TimeZoneNamesBundle
Event: 1.180 Loading class sun/util/resources/OpenListResourceBundle
Event: 1.180 Loading class sun/util/resources/OpenListResourceBundle done
Event: 1.180 Loading class sun/util/resources/TimeZoneNamesBundle done
Event: 1.180 Loading class sun/util/resources/cldr/TimeZoneNames done
Event: 1.180 Loading class sun/util/resources/cldr/TimeZoneNames_en
Event: 1.180 Loading class sun/util/resources/cldr/TimeZoneNames_en done
Event: 1.180 Loading class sun/util/resources/cldr/TimeZoneNames_en_US
Event: 1.180 Loading class sun/util/resources/cldr/TimeZoneNames_en_US done
Event: 1.181 Loading class java/util/LinkedHashMap$LinkedKeySet
Event: 1.181 Loading class java/util/LinkedHashMap$LinkedKeySet done

Classes unloaded (0 events):
No events

Classes redefined (0 events):
No events

Internal exceptions (20 events):
Event: 0.526 Thread 0x000000015404e800 Exception <a 'sun/nio/fs/UnixException'{0x00000007878ff1c8}> (0x00000007878ff1c8) 
thrown [open/src/hotspot/share/prims/jni.cpp, line 516]
Event: 0.530 Thread 0x000000015404e800 Implicit null exception at 0x0000000115d50a3c to 0x0000000115d50c30
Event: 0.544 Thread 0x000000015404e800 Implicit null exception at 0x0000000115d72dd4 to 0x0000000115d72fd0
Event: 0.544 Thread 0x000000015404e800 Implicit null exception at 0x0000000115d70fd4 to 0x0000000115d711c4
Event: 0.745 Thread 0x000000015404e800 Exception <a 'java/lang/NoSuchMethodError'{0x00000007871a4f78}: 'java.lang.Object java.lang.invoke.DirectMethodHandle$Holder.invokeInterface(java.lang.Object, java.lang.Object, java.lang.Object)'> (0x00000007871a4f78) 
thrown [open/src/hotspot/share/interpreter/linkResolver.cpp, line 766]
Event: 0.746 Thread 0x000000015404e800 Exception <a 'java/lang/IncompatibleClassChangeError'{0x00000007871a88f8}: Found class java.lang.Object, but interface was expected> (0x00000007871a88f8) 
thrown [open/src/hotspot/share/interpreter/linkResolver.cpp, line 833]
Event: 0.777 Thread 0x000000015404e800 Exception <a 'java/lang/NoSuchMethodError'{0x0000000786e3e7d8}: 'int java.lang.invoke.DirectMethodHandle$Holder.invokeSpecial(java.lang.Object, java.lang.Object, int)'> (0x0000000786e3e7d8) 
thrown [open/src/hotspot/share/interpreter/linkResolver.cpp, line 766]
Event: 0.777 Thread 0x000000015404e800 Exception <a 'java/lang/NoSuchMethodError'{0x0000000786e4d058}: 'int java.lang.invoke.DirectMethodHandle$Holder.invokeSpecial(java.lang.Object, java.lang.Object, java.lang.Object, int)'> (0x0000000786e4d058) 
thrown [open/src/hotspot/share/interpreter/linkResolver.cpp, line 766]
Event: 0.778 Thread 0x000000015404e800 Exception <a 'java/lang/NoSuchMethodError'{0x0000000786e5f828}: 'java.lang.Object java.lang.invoke.DirectMethodHandle$Holder.invokeStatic(java.lang.Object, java.lang.Object, java.lang.Object, java.lang.Object, int)'> (0x0000000786e5f828) 
thrown [open/src/hotspot/share/interpreter/linkResolver.cpp, line 766]
Event: 0.778 Thread 0x000000015404e800 Exception <a 'java/lang/NoSuchMethodError'{0x0000000786e682b0}: 'int java.lang.invoke.DirectMethodHandle$Holder.invokeSpecial(java.lang.Object, java.lang.Object, java.lang.Object)'> (0x0000000786e682b0) 
thrown [open/src/hotspot/share/interpreter/linkResolver.cpp, line 766]
Event: 0.792 Thread 0x000000015404e800 Exception <a 'java/lang/NoSuchMethodError'{0x0000000786d11f10}: 'java.lang.Object java.lang.invoke.DirectMethodHandle$Holder.newInvokeSpecial(java.lang.Object, java.lang.Object, int)'> (0x0000000786d11f10) 
thrown [open/src/hotspot/share/interpreter/linkResolver.cpp, line 766]
Event: 0.795 Thread 0x000000015404e800 Exception <a 'sun/nio/fs/UnixException'{0x0000000786d22360}> (0x0000000786d22360) 
thrown [open/src/hotspot/share/prims/jni.cpp, line 516]
Event: 0.844 Thread 0x0000000154957800 Exception <a 'java/lang/NoSuchMethodError'{0x0000000786c945c0}: 'int java.lang.invoke.DirectMethodHandle$Holder.invokeStaticInit(java.lang.Object, java.lang.Object)'> (0x0000000786c945c0) 
thrown [open/src/hotspot/share/interpreter/linkResolver.cpp, line 766]
Event: 1.554 Thread 0x000000015404e800 Exception <a 'java/lang/NoSuchMethodError'{0x0000000786469a50}: 'java.lang.Object java.lang.invoke.DirectMethodHandle$Holder.newInvokeSpecial(java.lang.Object, java.lang.Object, int, int, int, int, int, java.lang.Object)'> (0x0000000786469a50) 
thrown [open/src/hotspot/share/interpreter/linkResolver.cpp, line 766]
Event: 1.554 Thread 0x000000015404e800 Exception <a 'java/lang/NoSuchMethodError'{0x000000078647ca30}: 'java.lang.Object java.lang.invoke.DirectMethodHandle$Holder.newInvokeSpecial(java.lang.Object, java.lang.Object, java.lang.Object, int, int, int, int, int)'> (0x000000078647ca30) 
thrown [open/src/hotspot/share/interpreter/linkResolver.cpp, line 766]
Event: 1.555 Thread 0x000000015404e800 Exception <a 'java/lang/NoSuchMethodError'{0x00000007864846a8}: 'java.lang.Object java.lang.invoke.Invokers$Holder.linkToTargetMethod(java.lang.Object, java.lang.Object, int, int, int, int, int, java.lang.Object)'> (0x00000007864846a8) 
thrown [open/src/hotspot/share/interpreter/linkResolver.cpp, line 766]
Event: 1.567 Thread 0x000000015404e800 Exception <a 'java/lang/NoSuchMethodError'{0x000000078649c690}: 'long java.lang.invoke.DirectMethodHandle$Holder.invokeStatic(java.lang.Object, java.lang.Object, java.lang.Object)'> (0x000000078649c690) 
thrown [open/src/hotspot/share/interpreter/linkResolver.cpp, line 766]
Event: 1.567 Thread 0x000000015404e800 Exception <a 'java/lang/NoSuchMethodError'{0x000000078649fe30}: 'long java.lang.invoke.DirectMethodHandle$Holder.invokeStaticInit(java.lang.Object, java.lang.Object, java.lang.Object)'> (0x000000078649fe30) 
thrown [open/src/hotspot/share/interpreter/linkResolver.cpp, line 766]
Event: 1.568 Thread 0x000000015404e800 Exception <a 'java/lang/NoSuchMethodError'{0x00000007864b8570}: 'java.lang.Object java.lang.invoke.DirectMethodHandle$Holder.newInvokeSpecial(java.lang.Object, java.lang.Object, long)'> (0x00000007864b8570) 
thrown [open/src/hotspot/share/interpreter/linkResolver.cpp, line 766]
Event: 1.568 Thread 0x000000015404e800 Exception <a 'java/lang/NoSuchMethodError'{0x00000007864bbe40}: 'java.lang.Object java.lang.invoke.Invokers$Holder.linkToTargetMethod(java.lang.Object, long, java.lang.Object)'> (0x00000007864bbe40) 
thrown [open/src/hotspot/share/interpreter/linkResolver.cpp, line 766]

VM Operations (20 events):
Event: 0.093 Executing VM operation: HandshakeAllThreads
Event: 0.093 Executing VM operation: HandshakeAllThreads done
Event: 0.333 Executing VM operation: ICBufferFull
Event: 0.333 Executing VM operation: ICBufferFull done
Event: 0.441 Executing VM operation: G1CollectForAllocation
Event: 0.444 Executing VM operation: G1CollectForAllocation done
Event: 0.478 Executing VM operation: HandshakeAllThreads
Event: 0.478 Executing VM operation: HandshakeAllThreads done
Event: 0.538 Executing VM operation: ICBufferFull
Event: 0.538 Executing VM operation: ICBufferFull done
Event: 0.738 Executing VM operation: HandshakeAllThreads
Event: 0.738 Executing VM operation: HandshakeAllThreads done
Event: 0.771 Executing VM operation: ICBufferFull
Event: 0.772 Executing VM operation: ICBufferFull done
Event: 1.283 Executing VM operation: ICBufferFull
Event: 1.283 Executing VM operation: ICBufferFull done
Event: 2.288 Executing VM operation: Cleanup
Event: 2.289 Executing VM operation: Cleanup done
Event: 3.291 Executing VM operation: Cleanup
Event: 3.291 Executing VM operation: Cleanup done

Events (20 events):
Event: 0.873 Thread 0x000000015409fa00 Thread added: 0x000000015409fa00
Event: 0.873 Protecting memory [0x000000016f32c000,0x000000016f338000] with protection modes 0
Event: 1.068 Thread 0x00000001541a2800 Thread added: 0x00000001541a2800
Event: 1.068 Protecting memory [0x000000016f538000,0x000000016f544000] with protection modes 0
Event: 1.116 Protecting memory [0x000000016e240000,0x000000016e24c000] with protection modes 3
Event: 1.116 Thread 0x0000000153892800 Thread exited: 0x0000000153892800
Event: 1.283 Protecting memory [0x000000016e240000,0x000000016e24c000] with protection modes 0
Event: 1.283 Thread 0x0000000153937800 Thread added: 0x0000000153937800
Event: 1.966 Protecting memory [0x000000016e240000,0x000000016e24c000] with protection modes 3
Event: 1.966 Thread 0x0000000153937800 Thread exited: 0x0000000153937800
Event: 2.050 Protecting memory [0x000000016e240000,0x000000016e24c000] with protection modes 0
Event: 2.050 Thread 0x0000000133008800 Thread added: 0x0000000133008800
Event: 2.833 Protecting memory [0x000000016e240000,0x000000016e24c000] with protection modes 3
Event: 2.833 Thread 0x0000000133008800 Thread exited: 0x0000000133008800
Event: 2.966 Protecting memory [0x000000016e240000,0x000000016e24c000] with protection modes 0
Event: 2.966 Thread 0x0000000132048800 Thread added: 0x0000000132048800
Event: 3.567 Protecting memory [0x000000016e240000,0x000000016e24c000] with protection modes 3
Event: 3.567 Thread 0x0000000132048800 Thread exited: 0x0000000132048800
Event: 3.600 Protecting memory [0x000000016e240000,0x000000016e24c000] with protection modes 0
Event: 3.600 Thread 0x000000013280a800 Thread added: 0x000000013280a800


Dynamic libraries:
0x0000000104894000 	/Library/Java/JavaVirtualMachines/jdk-18.0.1.1.jdk/Contents/Home/lib/libjli.dylib
0x00000001a7ef1000 	/usr/lib/libz.1.dylib
0x00000001a7fa1000 	/usr/lib/libSystem.B.dylib
0x00000001a7f9b000 	/usr/lib/system/libcache.dylib
0x00000001a7f59000 	/usr/lib/system/libcommonCrypto.dylib
0x00000001a7f82000 	/usr/lib/system/libcompiler_rt.dylib
0x00000001a7f79000 	/usr/lib/system/libcopyfile.dylib
0x000000019d2da000 	/usr/lib/system/libcorecrypto.dylib
0x000000019d37f000 	/usr/lib/system/libdispatch.dylib
0x000000019d547000 	/usr/lib/system/libdyld.dylib
0x00000001a7f91000 	/usr/lib/system/libkeymgr.dylib
0x00000001a7f3b000 	/usr/lib/system/libmacho.dylib
0x00000001a763b000 	/usr/lib/system/libquarantine.dylib
0x00000001a7f8e000 	/usr/lib/system/libremovefile.dylib
0x00000001a26d9000 	/usr/lib/system/libsystem_asl.dylib
0x000000019d284000 	/usr/lib/system/libsystem_blocks.dylib
0x000000019d405000 	/usr/lib/system/libsystem_c.dylib
0x00000001a7f86000 	/usr/lib/system/libsystem_collections.dylib
0x00000001a6afa000 	/usr/lib/system/libsystem_configuration.dylib
0x00000001a5d7e000 	/usr/lib/system/libsystem_containermanager.dylib
0x00000001a7ca2000 	/usr/lib/system/libsystem_coreservices.dylib
0x000000019fc6b000 	/usr/lib/system/libsystem_darwin.dylib
0x00000001a7f92000 	/usr/lib/system/libsystem_dnssd.dylib
0x000000019d402000 	/usr/lib/system/libsystem_featureflags.dylib
0x000000019d55c000 	/usr/lib/system/libsystem_info.dylib
0x00000001a7f03000 	/usr/lib/system/libsystem_m.dylib
0x000000019d354000 	/usr/lib/system/libsystem_malloc.dylib
0x00000001a266a000 	/usr/lib/system/libsystem_networkextension.dylib
0x00000001a00bf000 	/usr/lib/system/libsystem_notify.dylib
0x00000001ae1a5000 	/usr/lib/system/libsystem_product_info_filter.dylib
0x00000001a6aff000 	/usr/lib/system/libsystem_sandbox.dylib
0x00000001a7f8b000 	/usr/lib/system/libsystem_secinit.dylib
0x000000019d504000 	/usr/lib/system/libsystem_kernel.dylib
0x000000019d554000 	/usr/lib/system/libsystem_platform.dylib
0x000000019d53a000 	/usr/lib/system/libsystem_pthread.dylib
0x00000001a3e16000 	/usr/lib/system/libsystem_symptoms.dylib
0x000000019d2c0000 	/usr/lib/system/libsystem_trace.dylib
0x00000001a7f66000 	/usr/lib/system/libunwind.dylib
0x000000019d286000 	/usr/lib/system/libxpc.dylib
0x000000019d4ea000 	/usr/lib/libc++abi.dylib
0x000000019d3c6000 	/usr/lib/libobjc.A.dylib
0x00000001a7f71000 	/usr/lib/liboah.dylib
0x000000019d486000 	/usr/lib/libc++.1.dylib
0x00000001b3ba6000 	/System/Library/Frameworks/Cocoa.framework/Versions/A/Cocoa
0x00000001a011f000 	/System/Library/Frameworks/AppKit.framework/Versions/C/AppKit
0x00000001a3655000 	/System/Library/Frameworks/CoreData.framework/Versions/A/CoreData
0x000000019e47c000 	/System/Library/Frameworks/Foundation.framework/Versions/C/Foundation
0x00000001a0fd6000 	/System/Library/PrivateFrameworks/UIFoundation.framework/Versions/A/UIFoundation
0x00000001ade9f000 	/System/Library/PrivateFrameworks/RemoteViewServices.framework/Versions/A/RemoteViewServices
0x00000001a64b8000 	/System/Library/PrivateFrameworks/XCTTargetBootstrap.framework/Versions/A/XCTTargetBootstrap
0x00000001a9ca2000 	/System/Library/PrivateFrameworks/InternationalSupport.framework/Versions/A/InternationalSupport
0x00000001a9d2b000 	/System/Library/PrivateFrameworks/UserActivity.framework/Versions/A/UserActivity
0x00000001a91d0000 	/usr/lib/libspindump.dylib
0x00000001a1246000 	/System/Library/Frameworks/UniformTypeIdentifiers.framework/Versions/A/UniformTypeIdentifiers
0x00000001a4a45000 	/usr/lib/libapp_launch_measurement.dylib
0x00000001a3fbd000 	/System/Library/PrivateFrameworks/CoreAnalytics.framework/Versions/A/CoreAnalytics
0x00000001a4a48000 	/System/Library/PrivateFrameworks/CoreAutoLayout.framework/Versions/A/CoreAutoLayout
0x00000001a5dbb000 	/System/Library/Frameworks/Metal.framework/Versions/A/Metal
0x00000001a6b0a000 	/usr/lib/liblangid.dylib
0x00000001a64bc000 	/System/Library/PrivateFrameworks/CoreSVG.framework/Versions/A/CoreSVG
0x00000001a270d000 	/System/Library/PrivateFrameworks/SkyLight.framework/Versions/A/SkyLight
0x00000001a2ada000 	/System/Library/Frameworks/CoreGraphics.framework/Versions/A/CoreGraphics
0x00000001ae51d000 	/System/Library/Frameworks/Accelerate.framework/Versions/A/Accelerate
0x00000001a8c44000 	/System/Library/PrivateFrameworks/IconServices.framework/Versions/A/IconServices
0x00000001a5d9d000 	/System/Library/Frameworks/IOSurface.framework/Versions/A/IOSurface
0x00000001a3fed000 	/usr/lib/libDiagnosticMessagesClient.dylib
0x00000001b1966000 	/System/Library/Frameworks/ApplicationServices.framework/Versions/A/ApplicationServices
0x00000001a64a0000 	/System/Library/PrivateFrameworks/DFRFoundation.framework/Versions/A/DFRFoundation
0x000000019f9c0000 	/usr/lib/libicucore.A.dylib
0x00000001aaaa3000 	/System/Library/Frameworks/AudioToolbox.framework/Versions/A/AudioToolbox
0x00000001a9cae000 	/System/Library/PrivateFrameworks/DataDetectorsCore.framework/Versions/A/DataDetectorsCore
0x00000001bfdfc000 	/System/Library/PrivateFrameworks/TextInput.framework/Versions/A/TextInput
0x00000001a2684000 	/usr/lib/libMobileGestalt.dylib
0x00000001a6170000 	/System/Library/Frameworks/Carbon.framework/Versions/A/Frameworks/HIToolbox.framework/Versions/A/HIToolbox
0x00000001a444e000 	/System/Library/Frameworks/QuartzCore.framework/Versions/A/QuartzCore
0x000000019f63d000 	/System/Library/Frameworks/Security.framework/Versions/A/Security
0x00000001adedf000 	/System/Library/Frameworks/Carbon.framework/Versions/A/Frameworks/SpeechRecognition.framework/Versions/A/SpeechRecognition
0x00000001a479c000 	/System/Library/PrivateFrameworks/CoreUI.framework/Versions/A/CoreUI
0x000000019ef0e000 	/System/Library/Frameworks/CoreAudio.framework/Versions/A/CoreAudio
0x00000001a40e1000 	/System/Library/Frameworks/DiskArbitration.framework/Versions/A/DiskArbitration
0x00000001a95b5000 	/System/Library/PrivateFrameworks/MultitouchSupport.framework/Versions/A/MultitouchSupport
0x00000001a2682000 	/usr/lib/libenergytrace.dylib
0x000000019ffe9000 	/System/Library/Frameworks/IOKit.framework/Versions/A/IOKit
0x00000001ae2c8000 	/System/Library/Frameworks/CoreServices.framework/Versions/A/CoreServices
0x00000001a49d5000 	/System/Library/PrivateFrameworks/PerformanceAnalysis.framework/Versions/A/PerformanceAnalysis
0x00000001fe9a9000 	/System/Library/Frameworks/OpenGL.framework/Versions/A/OpenGL
0x00000001a755b000 	/System/Library/PrivateFrameworks/MobileKeyBag.framework/Versions/A/MobileKeyBag
0x00000001a30ea000 	/System/Library/Frameworks/ColorSync.framework/Versions/A/ColorSync
0x000000019d588000 	/System/Library/Frameworks/CoreFoundation.framework/Versions/A/CoreFoundation
0x00000001a673d000 	/System/Library/Frameworks/CoreImage.framework/Versions/A/CoreImage
0x000000019ed31000 	/System/Library/Frameworks/CoreText.framework/Versions/A/CoreText
0x00000001a64ec000 	/System/Library/Frameworks/ImageIO.framework/Versions/A/ImageIO
0x00000001a7fa7000 	/System/Library/PrivateFrameworks/SoftLinking.framework/Versions/A/SoftLinking
0x00000001a4a92000 	/usr/lib/libxml2.2.dylib
0x00000001a8240000 	/usr/lib/libcompression.dylib
0x00000001a9bfb000 	/System/Library/PrivateFrameworks/TextureIO.framework/Versions/A/TextureIO
0x00000001a895e000 	/usr/lib/libate.dylib
0x00000001a8826000 	/usr/lib/liblzma.5.dylib
0x000000019e170000 	/System/Library/Frameworks/SystemConfiguration.framework/Versions/A/SystemConfiguration
0x00000001a7fa3000 	/usr/lib/libfakelink.dylib
0x00000001a21b1000 	/System/Library/Frameworks/CFNetwork.framework/Versions/A/CFNetwork
0x00000001a80ea000 	/usr/lib/libarchive.2.dylib
0x00000001a6b06000 	/System/Library/PrivateFrameworks/AppleSystemInfo.framework/Versions/A/AppleSystemInfo
0x00000001a7666000 	/usr/lib/libbsm.0.dylib
0x00000001a16e9000 	/usr/lib/libnetwork.dylib
0x00000001a7f41000 	/usr/lib/system/libkxld.dylib
0x00000001a727d000 	/System/Library/PrivateFrameworks/IOMobileFramebuffer.framework/Versions/A/IOMobileFramebuffer
0x000000021a7da000 	/usr/lib/libCoreEntitlements.dylib
0x00000001a7c84000 	/System/Library/PrivateFrameworks/AppleFSCompression.framework/Versions/A/AppleFSCompression
0x00000001a764e000 	/usr/lib/libcoretls.dylib
0x00000001a883f000 	/usr/lib/libcoretls_cfhelpers.dylib
0x00000001a823b000 	/usr/lib/libpam.2.dylib
0x00000001a3a3e000 	/usr/lib/libsqlite3.dylib
0x00000001a88a7000 	/usr/lib/libxar.1.dylib
0x00000001a7c95000 	/usr/lib/libbz2.1.0.dylib
0x00000001a7fa8000 	/usr/lib/libpcap.A.dylib
0x00000001a3e0d000 	/usr/lib/libdns_services.dylib
0x00000001a820e000 	/usr/lib/libapple_nghttp2.dylib
0x00000001a7fe5000 	/usr/lib/libiconv.2.dylib
0x00000001a7f3a000 	/usr/lib/libcharset.1.dylib
0x00000001a4a11000 	/System/Library/Frameworks/CoreServices.framework/Versions/A/Frameworks/FSEvents.framework/Versions/A/FSEvents
0x000000019fc76000 	/System/Library/Frameworks/CoreServices.framework/Versions/A/Frameworks/CarbonCore.framework/Versions/A/CarbonCore
0x00000001a4044000 	/System/Library/Frameworks/CoreServices.framework/Versions/A/Frameworks/Metadata.framework/Versions/A/Metadata
0x00000001a7ca8000 	/System/Library/Frameworks/CoreServices.framework/Versions/A/Frameworks/OSServices.framework/Versions/A/OSServices
0x00000001a8170000 	/System/Library/Frameworks/CoreServices.framework/Versions/A/Frameworks/SearchKit.framework/Versions/A/SearchKit
0x00000001a3d9b000 	/System/Library/Frameworks/CoreServices.framework/Versions/A/Frameworks/AE.framework/Versions/A/AE
0x000000019dacc000 	/System/Library/Frameworks/CoreServices.framework/Versions/A/Frameworks/LaunchServices.framework/Versions/A/LaunchServices
0x00000001a87cf000 	/System/Library/Frameworks/CoreServices.framework/Versions/A/Frameworks/DictionaryServices.framework/Versions/A/DictionaryServices
0x00000001a4a1e000 	/System/Library/Frameworks/CoreServices.framework/Versions/A/Frameworks/SharedFileList.framework/Versions/A/SharedFileList
0x00000001a763e000 	/usr/lib/libCheckFix.dylib
0x00000001a26f1000 	/System/Library/PrivateFrameworks/TCC.framework/Versions/A/TCC
0x00000001a6b0c000 	/System/Library/PrivateFrameworks/CoreNLP.framework/Versions/A/CoreNLP
0x00000001a3ff0000 	/System/Library/PrivateFrameworks/MetadataUtilities.framework/Versions/A/MetadataUtilities
0x000000019e229000 	/usr/lib/libmecabra.dylib
0x00000001a7677000 	/usr/lib/libmecab.dylib
0x000000019e1f5000 	/usr/lib/libCRFSuite.dylib
0x00000001a76d5000 	/usr/lib/libgermantok.dylib
0x00000001a81e7000 	/usr/lib/libThaiTokenizer.dylib
0x00000001a40e9000 	/System/Library/Frameworks/Accelerate.framework/Versions/A/Frameworks/vImage.framework/Versions/A/vImage
0x00000001ae29f000 	/System/Library/Frameworks/Accelerate.framework/Versions/A/Frameworks/vecLib.framework/Versions/A/vecLib
0x00000001a88eb000 	/System/Library/Frameworks/Accelerate.framework/Versions/A/Frameworks/vecLib.framework/Versions/A/libvMisc.dylib
0x00000001a7187000 	/System/Library/Frameworks/Accelerate.framework/Versions/A/Frameworks/vecLib.framework/Versions/A/libvDSP.dylib
0x000000019de4f000 	/System/Library/Frameworks/Accelerate.framework/Versions/A/Frameworks/vecLib.framework/Versions/A/libBLAS.dylib
0x00000001a830f000 	/System/Library/Frameworks/Accelerate.framework/Versions/A/Frameworks/vecLib.framework/Versions/A/libLAPACK.dylib
0x00000001a76d8000 	/System/Library/Frameworks/Accelerate.framework/Versions/A/Frameworks/vecLib.framework/Versions/A/libLinearAlgebra.dylib
0x00000001a8226000 	/System/Library/Frameworks/Accelerate.framework/Versions/A/Frameworks/vecLib.framework/Versions/A/libSparseBLAS.dylib
0x00000001a830a000 	/System/Library/Frameworks/Accelerate.framework/Versions/A/Frameworks/vecLib.framework/Versions/A/libQuadrature.dylib
0x00000001a6c03000 	/System/Library/Frameworks/Accelerate.framework/Versions/A/Frameworks/vecLib.framework/Versions/A/libBNNS.dylib
0x000000019e10d000 	/System/Library/Frameworks/Accelerate.framework/Versions/A/Frameworks/vecLib.framework/Versions/A/libSparse.dylib
0x00000001a6bfb000 	/System/Library/PrivateFrameworks/LinguisticData.framework/Versions/A/LinguisticData
0x000000019e0c3000 	/System/Library/PrivateFrameworks/Lexicon.framework/Versions/A/Lexicon
0x00000001a88e3000 	/usr/lib/libChineseTokenizer.dylib
0x000000019e86a000 	/System/Library/PrivateFrameworks/LanguageModeling.framework/Versions/A/LanguageModeling
0x00000001a81e9000 	/System/Library/PrivateFrameworks/AppleSauce.framework/Versions/A/AppleSauce
0x00000001a726a000 	/System/Library/PrivateFrameworks/CoreEmoji.framework/Versions/A/CoreEmoji
0x00000001a80d8000 	/usr/lib/libcmph.dylib
0x00000001a49f1000 	/System/Library/Frameworks/OpenDirectory.framework/Versions/A/Frameworks/CFOpenDirectory.framework/Versions/A/CFOpenDirectory
0x00000001a49e1000 	/System/Library/Frameworks/OpenDirectory.framework/Versions/A/OpenDirectory
0x00000001a8841000 	/System/Library/PrivateFrameworks/APFS.framework/Versions/A/APFS
0x00000001a7596000 	/System/Library/Frameworks/SecurityFoundation.framework/Versions/A/SecurityFoundation
0x00000001a88b5000 	/usr/lib/libutil.dylib
0x000000019ffab000 	/System/Library/PrivateFrameworks/CoreServicesStore.framework/Versions/A/CoreServicesStore
0x00000001a88b9000 	/usr/lib/libxslt.1.dylib
0x00000001a762a000 	/System/Library/PrivateFrameworks/BackgroundTaskManagement.framework/Versions/A/BackgroundTaskManagement
0x00000001a9b1c000 	/System/Library/Frameworks/ImageIO.framework/Versions/A/Resources/libRadiance.dylib
0x00000001a9b25000 	/System/Library/Frameworks/ImageIO.framework/Versions/A/Resources/libJPEG.dylib
0x00000001a9a77000 	/System/Library/Frameworks/ImageIO.framework/Versions/A/Resources/libPng.dylib
0x00000001a9a99000 	/System/Library/Frameworks/ImageIO.framework/Versions/A/Resources/libTIFF.dylib
0x00000001a9b80000 	/System/Library/Frameworks/ImageIO.framework/Versions/A/Resources/libGIF.dylib
0x00000001a94c5000 	/System/Library/Frameworks/ImageIO.framework/Versions/A/Resources/libJP2.dylib
0x00000001a8c0a000 	/usr/lib/libexpat.1.dylib
0x00000001a9480000 	/System/Library/PrivateFrameworks/AppleJPEG.framework/Versions/A/AppleJPEG
0x00000001a602f000 	/System/Library/PrivateFrameworks/FontServices.framework/libFontParser.dylib
0x00000001a3d40000 	/System/Library/PrivateFrameworks/RunningBoardServices.framework/Versions/A/RunningBoardServices
0x00000001b421c000 	/System/Library/PrivateFrameworks/IOSurfaceAccelerator.framework/Versions/A/IOSurfaceAccelerator
0x00000001a95b1000 	/System/Library/PrivateFrameworks/WatchdogClient.framework/Versions/A/WatchdogClient
0x000000019e96e000 	/System/Library/Frameworks/CoreDisplay.framework/Versions/A/CoreDisplay
0x00000001a5f1d000 	/System/Library/Frameworks/CoreMedia.framework/Versions/A/CoreMedia
0x00000001a5db1000 	/System/Library/PrivateFrameworks/IOAccelerator.framework/Versions/A/IOAccelerator
0x00000001a4b7f000 	/System/Library/Frameworks/CoreVideo.framework/Versions/A/CoreVideo
0x00000001a8239000 	/System/Library/Frameworks/MetalPerformanceShaders.framework/Versions/A/MetalPerformanceShaders
0x00000001a95ee000 	/System/Library/Frameworks/VideoToolbox.framework/Versions/A/VideoToolbox
0x00000001a3c84000 	/System/Library/PrivateFrameworks/BaseBoard.framework/Versions/A/BaseBoard
0x00000001a3a23000 	/System/Library/PrivateFrameworks/ProtocolBuffer.framework/Versions/A/ProtocolBuffer
0x00000001a9b17000 	/System/Library/PrivateFrameworks/GPUWrangler.framework/Versions/A/GPUWrangler
0x00000001a9af6000 	/System/Library/PrivateFrameworks/IOPresentment.framework/Versions/A/IOPresentment
0x00000001a9b1f000 	/System/Library/PrivateFrameworks/DSExternalDisplay.framework/Versions/A/DSExternalDisplay
0x00000001fe99c000 	/System/Library/Frameworks/OpenGL.framework/Versions/A/Libraries/libCoreFSCache.dylib
0x0000000208187000 	/System/Library/PrivateFrameworks/GPUCompiler.framework/Versions/31001/Libraries/libGPUCompilerUtils.dylib
0x00000001a9b85000 	/System/Library/PrivateFrameworks/CMCaptureCore.framework/Versions/A/CMCaptureCore
0x00000001a91be000 	/System/Library/PrivateFrameworks/AppServerSupport.framework/Versions/A/AppServerSupport
0x00000001ab35e000 	/System/Library/PrivateFrameworks/perfdata.framework/Versions/A/perfdata
0x000000019ea8e000 	/System/Library/PrivateFrameworks/AudioToolboxCore.framework/Versions/A/AudioToolboxCore
0x00000001a5ef5000 	/System/Library/PrivateFrameworks/caulk.framework/Versions/A/caulk
0x00000001aac53000 	/usr/lib/libAudioStatistics.dylib
0x00000001bc570000 	/System/Library/PrivateFrameworks/SystemPolicy.framework/Versions/A/SystemPolicy
0x00000001aaeb3000 	/usr/lib/libSMC.dylib
0x00000001b3a88000 	/System/Library/Frameworks/CoreMIDI.framework/Versions/A/CoreMIDI
0x00000001a9a45000 	/usr/lib/libAudioToolboxUtility.dylib
0x00000001b899d000 	/System/Library/PrivateFrameworks/OSAServicesClient.framework/Versions/A/OSAServicesClient
0x00000001ab36b000 	/usr/lib/libperfcheck.dylib
0x00000001bd077000 	/usr/lib/libmis.dylib
0x00000001fe9fd000 	/System/Library/Frameworks/OpenGL.framework/Versions/A/Libraries/libGLU.dylib
0x00000001fe9bc000 	/System/Library/Frameworks/OpenGL.framework/Versions/A/Libraries/libGFXShared.dylib
0x00000001feba6000 	/System/Library/Frameworks/OpenGL.framework/Versions/A/Libraries/libGL.dylib
0x00000001fe9c5000 	/System/Library/Frameworks/OpenGL.framework/Versions/A/Libraries/libGLImage.dylib
0x00000001fe9b9000 	/System/Library/Frameworks/OpenGL.framework/Versions/A/Libraries/libCVMSPluginSupport.dylib
0x00000001fe9a3000 	/System/Library/Frameworks/OpenGL.framework/Versions/A/Libraries/libCoreVMClient.dylib
0x00000001a6a87000 	/System/Library/Frameworks/MetalPerformanceShaders.framework/Versions/A/Frameworks/MPSCore.framework/Versions/A/MPSCore
0x00000001a7bf7000 	/System/Library/Frameworks/MetalPerformanceShaders.framework/Versions/A/Frameworks/MPSImage.framework/Versions/A/MPSImage
0x00000001a76ed000 	/System/Library/Frameworks/MetalPerformanceShaders.framework/Versions/A/Frameworks/MPSNeuralNetwork.framework/Versions/A/MPSNeuralNetwork
0x00000001a7b2a000 	/System/Library/Frameworks/MetalPerformanceShaders.framework/Versions/A/Frameworks/MPSMatrix.framework/Versions/A/MPSMatrix
0x00000001a7905000 	/System/Library/Frameworks/MetalPerformanceShaders.framework/Versions/A/Frameworks/MPSRayIntersector.framework/Versions/A/MPSRayIntersector
0x00000001a7b5b000 	/System/Library/Frameworks/MetalPerformanceShaders.framework/Versions/A/Frameworks/MPSNDArray.framework/Versions/A/MPSNDArray
0x00000002006d4000 	/System/Library/Frameworks/MetalPerformanceShaders.framework/Versions/A/Frameworks/MPSFunctions.framework/Versions/A/MPSFunctions
0x000000019dd2d000 	/System/Library/PrivateFrameworks/MetalTools.framework/Versions/A/MetalTools
0x00000001a6b04000 	/System/Library/PrivateFrameworks/AggregateDictionary.framework/Versions/A/AggregateDictionary
0x00000001a89f0000 	/usr/lib/libIOReport.dylib
0x00000001b2a6f000 	/System/Library/PrivateFrameworks/ASEProcessing.framework/Versions/A/ASEProcessing
0x00000001a8d63000 	/System/Library/PrivateFrameworks/FaceCore.framework/Versions/A/FaceCore
0x00000001a8d55000 	/System/Library/PrivateFrameworks/GraphVisualizer.framework/Versions/A/GraphVisualizer
0x000000020809e000 	/System/Library/PrivateFrameworks/FontServices.framework/Versions/A/FontServices
0x00000001a9178000 	/System/Library/PrivateFrameworks/OTSVG.framework/Versions/A/OTSVG
0x00000001a474d000 	/System/Library/Frameworks/ApplicationServices.framework/Versions/A/Frameworks/ATS.framework/Versions/A/Resources/libFontRegistry.dylib
0x00000001a91c7000 	/System/Library/PrivateFrameworks/FontServices.framework/libhvf.dylib
0x000000020809f000 	/System/Library/PrivateFrameworks/FontServices.framework/libXTFontStaticRegistryData.dylib
0x00000001fed48000 	/System/Library/Frameworks/OpenCL.framework/Versions/A/OpenCL
0x00000001a8bbe000 	/System/Library/PrivateFrameworks/AppleVA.framework/Versions/A/AppleVA
0x00000001aac7b000 	/System/Library/Frameworks/ApplicationServices.framework/Versions/A/Frameworks/ATS.framework/Versions/A/ATS
0x00000001a31e7000 	/System/Library/Frameworks/ApplicationServices.framework/Versions/A/Frameworks/HIServices.framework/Versions/A/HIServices
0x00000001a9b8f000 	/System/Library/Frameworks/ApplicationServices.framework/Versions/A/Frameworks/PrintCore.framework/Versions/A/PrintCore
0x00000001ab006000 	/System/Library/Frameworks/ApplicationServices.framework/Versions/A/Frameworks/QD.framework/Versions/A/QD
0x00000001aaffe000 	/System/Library/Frameworks/ApplicationServices.framework/Versions/A/Frameworks/ColorSyncLegacy.framework/Versions/A/ColorSyncLegacy
0x00000001aac67000 	/System/Library/Frameworks/ApplicationServices.framework/Versions/A/Frameworks/SpeechSynthesis.framework/Versions/A/SpeechSynthesis
0x00000001a9b50000 	/System/Library/Frameworks/ApplicationServices.framework/Versions/A/Frameworks/ATSUI.framework/Versions/A/ATSUI
0x00000001aaf93000 	/usr/lib/libcups.2.dylib
0x00000001ab379000 	/System/Library/Frameworks/Kerberos.framework/Versions/A/Kerberos
0x00000001ab38a000 	/System/Library/Frameworks/GSS.framework/Versions/A/GSS
0x00000001aacea000 	/usr/lib/libresolv.9.dylib
0x00000001a91d5000 	/System/Library/PrivateFrameworks/Heimdal.framework/Versions/A/Heimdal
0x00000001b1cde000 	/System/Library/Frameworks/Kerberos.framework/Versions/A/Libraries/libHeimdalProxy.dylib
0x00000001a3e1f000 	/System/Library/Frameworks/Network.framework/Versions/A/Network
0x00000001a8c25000 	/usr/lib/libheimdal-asn1.dylib
0x00000001ab3d0000 	/System/Library/PrivateFrameworks/CommonAuth.framework/Versions/A/CommonAuth
0x00000001aabe1000 	/System/Library/PrivateFrameworks/AudioSession.framework/Versions/A/AudioSession
0x00000001a8cb6000 	/System/Library/PrivateFrameworks/MediaExperience.framework/Versions/A/MediaExperience
0x00000001aaa69000 	/System/Library/PrivateFrameworks/AudioSession.framework/libSessionUtility.dylib
0x00000001ab012000 	/System/Library/PrivateFrameworks/AudioResourceArbitration.framework/Versions/A/AudioResourceArbitration
0x00000001af11d000 	/System/Library/PrivateFrameworks/PowerLog.framework/Versions/A/PowerLog
0x00000001a8c2e000 	/System/Library/PrivateFrameworks/IconFoundation.framework/Versions/A/IconFoundation
0x00000001adecb000 	/System/Library/PrivateFrameworks/SpeechRecognitionCore.framework/Versions/A/SpeechRecognitionCore
0x0000000105a44000 	/Library/Java/JavaVirtualMachines/jdk-18.0.1.1.jdk/Contents/Home/lib/server/libjvm.dylib
0x00000001048f8000 	/Library/Java/JavaVirtualMachines/jdk-18.0.1.1.jdk/Contents/Home/lib/libjimage.dylib
0x0000000104924000 	/Library/Java/JavaVirtualMachines/jdk-18.0.1.1.jdk/Contents/Home/lib/libinstrument.dylib
0x0000000104b28000 	/Library/Java/JavaVirtualMachines/jdk-18.0.1.1.jdk/Contents/Home/lib/libjava.dylib
0x00000001059dc000 	/Library/Java/JavaVirtualMachines/jdk-18.0.1.1.jdk/Contents/Home/lib/libnio.dylib
0x00000001059fc000 	/Library/Java/JavaVirtualMachines/jdk-18.0.1.1.jdk/Contents/Home/lib/libnet.dylib
0x0000000104b0c000 	/Library/Java/JavaVirtualMachines/jdk-18.0.1.1.jdk/Contents/Home/lib/libzip.dylib
0x0000000105a1c000 	/Users/niambashambu/Documents/Documents - nbash Macbook Air/Java/javafx-sdk-17.0.1/lib/libprism_es2.dylib
0x000000019ff6e000 	/System/Library/PrivateFrameworks/CoreServicesInternal.framework/Versions/A/CoreServicesInternal
0x00000001febb0000 	/System/Library/Frameworks/OpenGL.framework/Versions/A/Resources/GLEngine.bundle/GLEngine
0x00000001fea37000 	/System/Library/Frameworks/OpenGL.framework/Versions/A/Libraries/libGLProgrammability.dylib
0x0000000123304000 	/System/Library/Extensions/AppleMetalOpenGLRenderer.bundle/Contents/MacOS/AppleMetalOpenGLRenderer
0x00000001fed1f000 	/System/Library/Frameworks/OpenGL.framework/Versions/A/Resources/GLRendererFloat.bundle/GLRendererFloat
0x00000001fedc0000 	/System/Library/Extensions/AGXMetal13_3.bundle/Contents/MacOS/AGXMetal13_3
0x00000001bd093000 	/System/Library/PrivateFrameworks/GPURawCounter.framework/Versions/A/GPURawCounter
0x00000001b7b21000 	/System/Library/PrivateFrameworks/IOGPU.framework/Versions/A/IOGPU
0x0000000131d0c000 	/Users/niambashambu/Documents/Documents - nbash Macbook Air/Java/javafx-sdk-17.0.1/lib/libglass.dylib
0x00000001af371000 	/System/Library/Frameworks/FileProvider.framework/Versions/A/FileProvider
0x00000001a3bec000 	/System/Library/Frameworks/Accounts.framework/Versions/A/Accounts
0x00000001af4f1000 	/System/Library/PrivateFrameworks/GenerationalStorage.framework/Versions/A/GenerationalStorage
0x00000001b00a7000 	/System/Library/PrivateFrameworks/CoreSymbolication.framework/Versions/A/CoreSymbolication
0x00000001af111000 	/System/Library/PrivateFrameworks/SymptomDiagnosticReporter.framework/Versions/A/SymptomDiagnosticReporter
0x00000001a125a000 	/System/Library/PrivateFrameworks/DesktopServicesPriv.framework/Versions/A/DesktopServicesPriv
0x00000001a00ce000 	/usr/lib/libsandbox.1.dylib
0x00000001a4c0c000 	/System/Library/PrivateFrameworks/UserManagement.framework/Versions/A/UserManagement
0x00000001b0068000 	/System/Library/PrivateFrameworks/DebugSymbols.framework/Versions/A/DebugSymbols
0x00000001aaff1000 	/System/Library/PrivateFrameworks/NetAuth.framework/Versions/A/NetAuth
0x00000001abef4000 	/System/Library/PrivateFrameworks/Sharing.framework/Versions/A/Sharing
0x00000001a4bdc000 	/System/Library/PrivateFrameworks/login.framework/Versions/A/Frameworks/loginsupport.framework/Versions/A/loginsupport
0x00000001b1220000 	/System/Library/PrivateFrameworks/Apple80211.framework/Versions/A/Apple80211
0x00000001a7cdb000 	/System/Library/PrivateFrameworks/AuthKit.framework/Versions/A/AuthKit
0x00000001a7369000 	/System/Library/PrivateFrameworks/CoreUtils.framework/Versions/A/CoreUtils
0x00000001a7289000 	/System/Library/Frameworks/CoreWLAN.framework/Versions/A/CoreWLAN
0x00000001ac05e000 	/System/Library/Frameworks/IOBluetooth.framework/Versions/A/IOBluetooth
0x00000001b1280000 	/System/Library/PrivateFrameworks/CoreWiFi.framework/Versions/A/CoreWiFi
0x00000001afc4f000 	/System/Library/PrivateFrameworks/FrontBoardServices.framework/Versions/A/FrontBoardServices
0x00000001afce7000 	/System/Library/PrivateFrameworks/BoardServices.framework/Versions/A/BoardServices
0x00000001a7584000 	/System/Library/PrivateFrameworks/AssertionServices.framework/Versions/A/AssertionServices
0x00000001b13ee000 	/System/Library/PrivateFrameworks/BackBoardServices.framework/Versions/A/BackBoardServices
0x00000001ab463000 	/System/Library/PrivateFrameworks/CorePhoneNumbers.framework/Versions/A/CorePhoneNumbers
0x00000001af241000 	/System/Library/PrivateFrameworks/DiskManagement.framework/Versions/A/DiskManagement
0x00000001af144000 	/System/Library/PrivateFrameworks/AppleIDAuthSupport.framework/Versions/A/AppleIDAuthSupport
0x00000002029be000 	/System/Library/PrivateFrameworks/AAAFoundation.framework/Versions/A/AAAFoundation
0x00000001ab442000 	/System/Library/PrivateFrameworks/KeychainCircle.framework/Versions/A/KeychainCircle
0x00000001af20d000 	/System/Library/PrivateFrameworks/MediaKit.framework/Versions/A/MediaKit
0x00000001af151000 	/System/Library/Frameworks/DiscRecording.framework/Versions/A/DiscRecording
0x00000001a8b3a000 	/usr/lib/libCoreStorage.dylib
0x00000001b16ea000 	/usr/lib/libcsfde.dylib
0x00000001ac133000 	/System/Library/PrivateFrameworks/ProtectedCloudStorage.framework/Versions/A/ProtectedCloudStorage
0x00000001b16e2000 	/System/Library/PrivateFrameworks/EFILogin.framework/Versions/A/EFILogin
0x00000001af518000 	/System/Library/PrivateFrameworks/OctagonTrust.framework/Versions/A/OctagonTrust
0x00000002072ea000 	/System/Library/PrivateFrameworks/CoreUtilsExtras.framework/Versions/A/CoreUtilsExtras
0x00000001af086000 	/System/Library/Frameworks/CoreBluetooth.framework/Versions/A/CoreBluetooth
0x00000001b1d63000 	/System/Library/Frameworks/AudioUnit.framework/Versions/A/AudioUnit
0x00000001a8b32000 	/usr/lib/libMatch.1.dylib
0x00000001c1389000 	/System/Library/Frameworks/Accelerate.framework/Versions/A/Frameworks/vImage.framework/Versions/A/Libraries/libCGInterfaces.dylib
0x0000000131fcc000 	/usr/lib/libobjc-trampolines.dylib
0x00000001a48d9000 	/System/Library/PrivateFrameworks/ViewBridge.framework/Versions/A/ViewBridge
0x0000000137900000 	/Users/niambashambu/Documents/Documents - nbash Macbook Air/Java/javafx-sdk-17.0.1/lib/libjavafx_font.dylib
0x00000001a9283000 	/System/Library/PrivateFrameworks/login.framework/Versions/A/login
0x000000021a954000 	/usr/lib/libRosetta.dylib


VM Arguments:
jvm_args: -Djava.library.path=/Users/niambashambu/Documents/Documents - nbash Macbook Air/Java/javafx-sdk-17.0.1/lib -javaagent:/Applications/IntelliJ IDEA CE.app/Contents/lib/idea_rt.jar=64408:/Applications/IntelliJ IDEA CE.app/Contents/bin -Dfile.encoding=UTF-8 --module-path=/Users/niambashambu/Documents/Documents - nbash Macbook Air/Java/javafx-sdk-17.0.1/lib/javafx.media.jar:/Users/niambashambu/IdeaProjects/niamb2023_augustusb2023_Design_Project_1/out/production/src:/Users/niambashambu/Documents/Documents - nbash Macbook Air/Java/javafx-sdk-17.0.1/lib/javafx.fxml.jar:/Users/niambashambu/Documents/Documents - nbash Macbook Air/Java/javafx-sdk-17.0.1/lib/javafx.base.jar:/Users/niambashambu/Documents/Documents - nbash Macbook Air/Java/javafx-sdk-17.0.1/lib/javafx.controls.jar:/Users/niambashambu/Documents/Documents - nbash Macbook Air/Java/javafx-sdk-17.0.1/lib/javafx.graphics.jar -Djdk.module.main=niamb2023.augustusb2023.Design.Project 
java_command: niamb2023.augustusb2023.Design.Project/org.headroyce.dp1.Launcher
java_class_path (initial): /Users/niambashambu/Documents/Documents - nbash Macbook Air/Java/javafx-sdk-17.0.1/lib/javafx-swt.jar:/Users/niambashambu/Documents/Documents - nbash Macbook Air/Java/javafx-sdk-17.0.1/lib/javafx.web.jar:/Users/niambashambu/Documents/Documents - nbash Macbook Air/Java/javafx-sdk-17.0.1/lib/javafx.swing.jar
Launcher Type: SUN_STANDARD

[Global flags]
     intx CICompilerCount                          = 4                                         {product} {ergonomic}
     uint ConcGCThreads                            = 2                                         {product} {ergonomic}
     uint G1ConcRefinementThreads                  = 8                                         {product} {ergonomic}
   size_t G1HeapRegionSize                         = 1048576                                   {product} {ergonomic}
    uintx GCDrainStackTargetSize                   = 64                                        {product} {ergonomic}
   size_t InitialHeapSize                          = 134217728                                 {product} {ergonomic}
   size_t MarkStackSize                            = 4194304                                   {product} {ergonomic}
   size_t MaxHeapSize                              = 2147483648                                {product} {ergonomic}
   size_t MaxNewSize                               = 1287651328                                {product} {ergonomic}
   size_t MinHeapDeltaBytes                        = 1048576                                   {product} {ergonomic}
   size_t MinHeapSize                              = 8388608                                   {product} {ergonomic}
    uintx NonNMethodCodeHeapSize                   = 5839564                                {pd product} {ergonomic}
    uintx NonProfiledCodeHeapSize                  = 122909338                              {pd product} {ergonomic}
    uintx ProfiledCodeHeapSize                     = 122909338                              {pd product} {ergonomic}
    uintx ReservedCodeCacheSize                    = 251658240                              {pd product} {ergonomic}
     bool SegmentedCodeCache                       = true                                      {product} {ergonomic}
   size_t SoftMaxHeapSize                          = 2147483648                             {manageable} {ergonomic}
     bool UseCompressedClassPointers               = true                           {product lp64_product} {ergonomic}
     bool UseCompressedOops                        = true                           {product lp64_product} {ergonomic}
     bool UseG1GC                                  = true                                      {product} {ergonomic}
     bool UseNUMA                                  = false                                     {product} {ergonomic}
     bool UseNUMAInterleaving                      = false                                     {product} {ergonomic}

Logging:
Log output configuration:
 #0: stdout all=warning uptime,level,tags foldmultilines=false
 #1: stderr all=off uptime,level,tags foldmultilines=false

Environment Variables:
PATH=/usr/local/bin:/usr/bin:/bin:/usr/sbin:/sbin
SHELL=/bin/zsh
LC_CTYPE=en_US.UTF-8

Signal Handlers:
   SIGSEGV: _ZL13crash_handleriP9__siginfoPv in libjvm.dylib, mask=11100110000111110111111111111111, flags=SA_RESTART|SA_SIGINFO
    SIGBUS: _ZL13crash_handleriP9__siginfoPv in libjvm.dylib, mask=11100110000111110111111111111111, flags=SA_RESTART|SA_SIGINFO
    SIGFPE: _ZL13crash_handleriP9__siginfoPv in libjvm.dylib, mask=11100110000111110111111111111111, flags=SA_RESTART|SA_SIGINFO
   SIGPIPE: _ZL17javaSignalHandleriP9__siginfoPv in libjvm.dylib, mask=11100110000111110111111111111111, flags=SA_RESTART|SA_SIGINFO
   SIGXFSZ: _ZL17javaSignalHandleriP9__siginfoPv in libjvm.dylib, mask=11100110000111110111111111111111, flags=SA_RESTART|SA_SIGINFO
    SIGILL: _ZL13crash_handleriP9__siginfoPv in libjvm.dylib, mask=11100110000111110111111111111111, flags=SA_RESTART|SA_SIGINFO
   SIGUSR2: _ZL10SR_handleriP9__siginfoP17__darwin_ucontext in libjvm.dylib, mask=00100000000000000000000000000000, flags=SA_RESTART|SA_SIGINFO
    SIGHUP: _ZL11UserHandleriPvS_ in libjvm.dylib, mask=11100110000111110111111111111111, flags=SA_RESTART|SA_SIGINFO
    SIGINT: _ZL11UserHandleriPvS_ in libjvm.dylib, mask=11100110000111110111111111111111, flags=SA_RESTART|SA_SIGINFO
   SIGTERM: _ZL11UserHandleriPvS_ in libjvm.dylib, mask=11100110000111110111111111111111, flags=SA_RESTART|SA_SIGINFO
   SIGQUIT: _ZL11UserHandleriPvS_ in libjvm.dylib, mask=11100110000111110111111111111111, flags=SA_RESTART|SA_SIGINFO
   SIGTRAP: _ZL13crash_handleriP9__siginfoPv in libjvm.dylib, mask=11100110000111110111111111111111, flags=SA_RESTART|SA_SIGINFO


---------------  S Y S T E M  ---------------

OS:
uname: Darwin 21.3.0 Darwin Kernel Version 21.3.0: Wed Jan  5 21:37:58 PST 2022; root:xnu-8019.80.24~20/RELEASE_ARM64_T8101 arm64
OS uptime: 99 days 11:20 hours
rlimit (soft/hard): STACK 8176k/65520k , CORE 0k/infinity , NPROC 1333/2000 , NOFILE 10240/infinity , AS infinity/infinity , CPU infinity/infinity , DATA infinity/infinity , FSIZE infinity/infinity , MEMLOCK infinity/infinity , RSS infinity/infinity
load average: 3.79 3.81 3.38

CPU: total 8 (initial active 8) 0x61:0x0:0x1b588bb3:0, fp, simd, aes, pmull, crc, lse

Memory: 16k page, physical 8388608k(134144k free), swap 14680064k(1207552k free)

vm_info: Java HotSpot(TM) 64-Bit Server VM (18.0.1.1+2-6) for bsd-aarch64 JRE (18.0.1.1+2-6), built on Apr 25 2022 20:54:58 by "mach5one" with clang Apple LLVM 12.0.0 (clang-1200.0.32.29)

END.
